BD_Cycles!0!1584979863.11!1584979863.046853
rateGroup3Comp_RgMaxTime!146!1584979863.11!1584979863.046992
PR_NumPings!0!1584979863.11!1584979863.047043
SendState!SEND_IDLE!1584979863.11!1584979863.048018
rateGroup2Comp_RgMaxTime!1177!1584979863.11!1584979863.048023
rateGroup1Comp_RgMaxTime!1221!1584979863.11!1584979863.048067
BD_Cycles!1!1584979864.08!1584979864.048031
BD_Cycles!2!1584979865.07!1584979865.048312
SendState!SEND_IDLE!1584979865.07!1584979865.048334
BD_Cycles!3!1584979866.07!1584979866.049229
BD_Cycles!4!1584979867.07!1584979867.050140
PR_NumPings!1!1584979867.07!1584979867.050229
SendState!SEND_IDLE!1584979867.07!1584979867.050237
BD_Cycles!5!1584979868.06!1584979868.051092
BD_Cycles!6!1584979869.07!1584979869.051306
SendState!SEND_IDLE!1584979869.07!1584979869.051329
BD_Cycles!7!1584979870.07!1584979870.051849
BD_Cycles!8!1584979871.07!1584979871.054364
PR_NumPings!2!1584979871.07!1584979871.054454
SendState!SEND_IDLE!1584979871.07!1584979871.054463
BD_Cycles!9!1584979872.07!1584979872.055033
BD_Cycles!10!1584979873.08!1584979873.055432
SendState!SEND_IDLE!1584979873.08!1584979873.055470
CommandErrors!1!1584979873.08!1584979872.201783
BD_Cycles!11!1584979874.07!1584979874.055743
BD_Cycles!12!1584979875.1!1584979875.056426
PR_NumPings!3!1584979875.32!1584979875.056528
SendState!SEND_IDLE!1584979875.46!1584979875.056538
BD_Cycles!13!1584979876.07!1584979876.056624
BD_Cycles!15!1584979878.07!1584979878.057767
SendState!SEND_IDLE!1584979878.07!1584979877.057670
BD_Cycles!17!1584979880.07!1584979880.058210
SendState!SEND_IDLE!1584979880.08!1584979879.058026
PR_NumPings!4!1584979880.08!1584979879.058119
BD_Cycles!18!1584979882.07!1584979881.060134
SendState!SEND_IDLE!1584979882.07!1584979881.060124
BD_Cycles!19!1584979883.07!1584979882.060356
BD_Cycles!20!1584979884.07!1584979883.061251
SendState!SEND_IDLE!1584979884.08!1584979883.061109
PR_NumPings!5!1584979884.08!1584979883.061237
rateGroup3Comp_RgMaxTime!586!1584979884.08!1584979883.061188
BD_Cycles!21!1584979885.08!1584979884.062438
BD_Cycles!22!1584979886.08!1584979885.063264
SendState!SEND_IDLE!1584979886.08!1584979885.062995
BD_Cycles!23!1584979887.07!1584979886.065395
BD_Cycles!24!1584979888.08!1584979887.066155
SendState!SEND_IDLE!1584979888.08!1584979887.065953
PR_NumPings!6!1584979888.08!1584979887.066130
CommandErrors!2!1584979888.08!1584979887.473692
BD_Cycles!25!1584979889.08!1584979888.066900
BD_Cycles!26!1584979890.11!1584979889.067383
SendState!SEND_IDLE!1584979890.12!1584979889.067372
BD_Cycles!27!1584979891.1!1584979890.069529
BD_Cycles!28!1584979892.1!1584979891.070576
SendState!SEND_IDLE!1584979892.12!1584979891.070478
PR_NumPings!7!1584979892.12!1584979891.070562
BD_Cycles!29!1584979893.12!1584979892.071530
