BD_Cycles!0!1584937178.22!1584937178.122433
rateGroup3Comp_RgMaxTime!4389!1584937178.23!1584937178.126818
PR_NumPings!0!1584937178.23!1584937178.126865
SendState!SEND_IDLE!1584937178.23!1584937178.127561
rateGroup2Comp_RgMaxTime!5138!1584937178.23!1584937178.127566
rateGroup1Comp_RgMaxTime!5494!1584937178.26!1584937178.127922
BD_Cycles!1!1584937179.17!1584937179.123124
BD_Cycles!2!1584937180.18!1584937180.124221
SendState!SEND_IDLE!1584937180.18!1584937180.124295
BD_Cycles!3!1584937181.18!1584937181.124652
BD_Cycles!4!1584937182.17!1584937182.127878
PR_NumPings!1!1584937182.28!1584937182.127846
SendState!SEND_IDLE!1584937182.59!1584937182.127688
BD_Cycles!5!1584937183.19!1584937183.128260
BD_Cycles!6!1584937184.15!1584937184.128417
SendState!SEND_IDLE!1584937184.15!1584937184.128399
BD_Cycles!7!1584937185.15!1584937185.128741
BD_Cycles!8!1584937186.15!1584937186.130838
PR_NumPings!2!1584937186.15!1584937186.130123
SendState!SEND_IDLE!1584937186.15!1584937186.129090
BD_Cycles!9!1584937187.15!1584937187.132312
CommandErrors!1!1584937187.16!1584937186.557006
BD_Cycles!10!1584937188.17!1584937188.135106
SendState!SEND_IDLE!1584937188.2!1584937188.135093
BD_Cycles!11!1584937189.18!1584937189.135569
BD_Cycles!12!1584937190.2!1584937190.138067
PR_NumPings!3!1584937190.2!1584937190.138036
SendState!SEND_IDLE!1584937190.2!1584937190.137654
BD_Cycles!13!1584937191.16!1584937191.138670
BD_Cycles!14!1584937192.16!1584937192.138835
SendState!SEND_IDLE!1584937192.16!1584937192.138821
BD_Cycles!15!1584937193.16!1584937193.139889
