BD_Cycles!0!1584911033.37!1584911033.321170
rateGroup3Comp_RgMaxTime!63!1584911033.47!1584911033.321231
PR_NumPings!0!1584911033.47!1584911033.321259
SendState!SEND_IDLE!1584911033.47!1584911033.321281
rateGroup2Comp_RgMaxTime!115!1584911033.47!1584911033.321282
rateGroup1Comp_RgMaxTime!133!1584911033.48!1584911033.321300
BD_Cycles!1!1584911034.42!1584911034.321277
BD_Cycles!2!1584911035.35!1584911035.322887
SendState!SEND_IDLE!1584911035.35!1584911035.322908
BD_Cycles!3!1584911036.34!1584911036.329150
BD_Cycles!4!1584911037.34!1584911037.329249
rateGroup3Comp_RgMaxTime!100!1584911037.34!1584911037.329308
PR_NumPings!1!1584911037.34!1584911037.329343
SendState!SEND_IDLE!1584911037.34!1584911037.329356
rateGroup2Comp_RgMaxTime!150!1584911037.35!1584911037.329357
rateGroup1Comp_RgMaxTime!160!1584911037.35!1584911037.329368
BD_Cycles!5!1584911038.34!1584911038.329396
BD_Cycles!6!1584911039.34!1584911039.332113
SendState!SEND_IDLE!1584911039.34!1584911039.332129
BD_Cycles!7!1584911040.34!1584911040.334245
BD_Cycles!8!1584911041.35!1584911041.334802
PR_NumPings!2!1584911041.35!1584911041.334888
SendState!SEND_IDLE!1584911041.35!1584911041.334896
BD_Cycles!9!1584911042.35!1584911042.336237
BD_Cycles!10!1584911043.35!1584911043.337363
SendState!SEND_IDLE!1584911043.35!1584911043.337379
CommandsDispatched!1!1584911043.35!1584911042.764464
BD_Cycles!11!1584911044.35!1584911044.337591
BD_Cycles!12!1584911045.35!1584911045.337828
rateGroup3Comp_RgMaxTime!351!1584911045.35!1584911045.338157
PR_NumPings!3!1584911045.35!1584911045.338358
SendState!SEND_IDLE!1584911045.36!1584911045.338380
rateGroup2Comp_RgMaxTime!577!1584911045.36!1584911045.338382
rateGroup1Comp_RgMaxTime!600!1584911045.36!1584911045.338405
BD_Cycles!13!1584911046.35!1584911046.338842
BD_Cycles!14!1584911047.35!1584911047.341408
SendState!SEND_IDLE!1584911047.35!1584911047.341424
BD_Cycles!15!1584911048.35!1584911048.341467
BD_Cycles!16!1584911049.37!1584911049.343921
SendState!SEND_IDLE!1584911049.47!1584911049.343937
BD_Cycles!17!1584911050.39!1584911050.344341
PR_NumPings!4!1584911050.39!1584911049.344057
BD_Cycles!18!1584911051.39!1584911051.344529
SendState!SEND_IDLE!1584911051.4!1584911051.344544
BD_Cycles!19!1584911052.4!1584911052.345085
BD_Cycles!20!1584911053.4!1584911053.346322
PR_NumPings!5!1584911053.4!1584911053.346461
SendState!SEND_IDLE!1584911053.4!1584911053.346346
CommandsDispatched!2!1584911053.4!1584911053.171861
CommandErrors!1!1584911053.4!1584911053.171865
BD_Cycles!21!1584911054.4!1584911054.348108
BD_Cycles!22!1584911055.4!1584911055.348203
SendState!SEND_IDLE!1584911055.4!1584911055.348231
BD_Cycles!23!1584911056.4!1584911056.348854
BD_Cycles!24!1584911057.4!1584911057.352749
PR_NumPings!6!1584911057.41!1584911057.352851
SendState!SEND_IDLE!1584911057.41!1584911057.352767
BD_Cycles!25!1584911058.4!1584911058.354238
BD_Cycles!26!1584911059.39!1584911059.354601
SendState!SEND_IDLE!1584911059.39!1584911059.354617
BD_Cycles!27!1584911060.37!1584911060.355111
BD_Cycles!28!1584911061.38!1584911061.357546
PR_NumPings!7!1584911061.39!1584911061.357640
SendState!SEND_IDLE!1584911061.39!1584911061.357562
BD_Cycles!29!1584911062.37!1584911062.358732
BD_Cycles!30!1584911063.37!1584911063.359967
SendState!SEND_IDLE!1584911063.37!1584911063.359983
BD_Cycles!31!1584911064.37!1584911064.361259
BD_Cycles!32!1584911065.37!1584911065.362654
PR_NumPings!8!1584911065.38!1584911065.362749
SendState!SEND_IDLE!1584911065.38!1584911065.362670
BD_Cycles!33!1584911066.38!1584911066.363163
BD_Cycles!35!1584911068.39!1584911068.366326
SendState!SEND_IDLE!1584911068.39!1584911067.364859
BD_Cycles!37!1584911070.39!1584911070.366881
PR_NumPings!9!1584911070.39!1584911069.366640
SendState!SEND_IDLE!1584911070.39!1584911069.366538
BD_Cycles!39!1584911072.4!1584911072.370396
SendState!SEND_IDLE!1584911072.4!1584911071.367216
BD_Cycles!41!1584911074.38!1584911074.372071
PR_NumPings!10!1584911074.39!1584911073.370742
SendState!SEND_IDLE!1584911074.39!1584911073.370645
BD_Cycles!43!1584911076.39!1584911076.373350
SendState!SEND_IDLE!1584911076.39!1584911075.372952
BD_Cycles!44!1584911078.4!1584911077.374225
PR_NumPings!11!1584911078.4!1584911077.374299
SendState!SEND_IDLE!1584911078.4!1584911077.374209
BD_Cycles!45!1584911079.4!1584911078.375385
BD_Cycles!46!1584911080.4!1584911079.375526
SendState!SEND_IDLE!1584911080.4!1584911079.375517
BD_Cycles!47!1584911081.39!1584911080.376482
BD_Cycles!49!1584911082.39!1584911082.378108
PR_NumPings!12!1584911082.39!1584911081.377970
SendState!SEND_IDLE!1584911082.39!1584911081.377554
rateGroup3Comp_RgMaxTime!676!1584911082.4!1584911081.377988
