BD_Cycles!0!1584910825.93!1584910825.879966
rateGroup3Comp_RgMaxTime!1010!1584910825.93!1584910825.880975
PR_NumPings!0!1584910825.94!1584910825.880999
SendState!SEND_IDLE!1584910825.95!1584910825.881008
rateGroup2Comp_RgMaxTime!1046!1584910825.97!1584910825.881010
rateGroup1Comp_RgMaxTime!1065!1584910825.97!1584910825.881029
BD_Cycles!1!1584910826.9!1584910826.881328
BD_Cycles!2!1584910827.9!1584910827.881502
SendState!SEND_IDLE!1584910827.9!1584910827.881526
BD_Cycles!3!1584910828.9!1584910828.882025
BD_Cycles!4!1584910829.9!1584910829.884662
PR_NumPings!1!1584910829.9!1584910829.884759
SendState!SEND_IDLE!1584910829.9!1584910829.884678
BD_Cycles!5!1584910830.89!1584910830.888681
BD_Cycles!6!1584910831.91!1584910831.890279
SendState!SEND_IDLE!1584910831.91!1584910831.890295
BD_Cycles!7!1584910832.9!1584910832.890377
BD_Cycles!8!1584910833.9!1584910833.892389
PR_NumPings!2!1584910833.9!1584910833.892487
SendState!SEND_IDLE!1584910833.9!1584910833.892406
BD_Cycles!9!1584910834.9!1584910834.893821
BD_Cycles!10!1584910835.9!1584910835.895266
SendState!SEND_IDLE!1584910835.9!1584910835.895284
BD_Cycles!11!1584910836.9!1584910836.896233
BD_Cycles!12!1584910837.91!1584910837.897210
PR_NumPings!3!1584910837.91!1584910837.897308
SendState!SEND_IDLE!1584910837.91!1584910837.897229
CommandsDispatched!1!1584910837.91!1584910837.418417
BD_Cycles!13!1584910838.92!1584910838.898202
BD_Cycles!14!1584910839.92!1584910839.898805
SendState!SEND_IDLE!1584910839.92!1584910839.898824
BD_Cycles!15!1584910840.92!1584910840.900377
BD_Cycles!16!1584910841.93!1584910841.901401
PR_NumPings!4!1584910842.13!1584910841.901505
SendState!SEND_IDLE!1584910842.13!1584910841.901421
BD_Cycles!17!1584910842.93!1584910842.902415
BD_Cycles!18!1584910843.94!1584910843.903608
SendState!SEND_IDLE!1584910843.94!1584910843.903624
BD_Cycles!19!1584910844.94!1584910844.905019
BD_Cycles!20!1584910845.93!1584910845.905485
PR_NumPings!5!1584910845.94!1584910845.905618
SendState!SEND_IDLE!1584910845.94!1584910845.905510
BD_Cycles!21!1584910846.94!1584910846.906757
CommandsDispatched!2!1584910846.94!1584910845.964635
CommandErrors!1!1584910846.94!1584910845.964650
BD_Cycles!22!1584910847.94!1584910847.908082
SendState!SEND_IDLE!1584910847.95!1584910847.908098
BD_Cycles!23!1584910848.92!1584910848.909230
BD_Cycles!24!1584910849.93!1584910849.909630
PR_NumPings!6!1584910849.93!1584910849.909719
SendState!SEND_IDLE!1584910849.93!1584910849.909647
BD_Cycles!25!1584910850.93!1584910850.910546
BD_Cycles!26!1584910851.95!1584910851.911610
SendState!SEND_IDLE!1584910851.95!1584910851.911651
