Hit Ctrl-C to quit
EVENT: (121) (2:1585159033,248229) DIAGNOSTIC: (CMDDISP) OpCodeRegistered : Opcode 0x0051 registered to port 6 slot 0
EVENT: (121) (2:1585159033,248245) DIAGNOSTIC: (CMDDISP) OpCodeRegistered : Opcode 0x0052 registered to port 6 slot 1
EVENT: (121) (2:1585159033,248253) DIAGNOSTIC: (CMDDISP) OpCodeRegistered : Opcode 0x0053 registered to port 6 slot 2
EVENT: (121) (2:1585159033,248260) DIAGNOSTIC: (CMDDISP) OpCodeRegistered : Opcode 0x0054 registered to port 6 slot 3
EVENT: (121) (2:1585159033,248266) DIAGNOSTIC: (CMDDISP) OpCodeRegistered : Opcode 0x005B registered to port 6 slot 4
EVENT: (121) (2:1585159033,248274) DIAGNOSTIC: (CMDDISP) OpCodeRegistered : Opcode 0x005C registered to port 6 slot 5
EVENT: (121) (2:1585159033,248280) DIAGNOSTIC: (CMDDISP) OpCodeRegistered : Opcode 0x005D registered to port 6 slot 6
EVENT: (121) (2:1585159033,248286) DIAGNOSTIC: (CMDDISP) OpCodeRegistered : Opcode 0x005E registered to port 6 slot 7
EVENT: (121) (2:1585159033,248293) DIAGNOSTIC: (CMDDISP) OpCodeRegistered : Opcode 0x0065 registered to port 10 slot 8
EVENT: (121) (2:1585159033,248300) DIAGNOSTIC: (CMDDISP) OpCodeRegistered : Opcode 0x0066 registered to port 10 slot 9
EVENT: (121) (2:1585159033,248306) DIAGNOSTIC: (CMDDISP) OpCodeRegistered : Opcode 0x0067 registered to port 10 slot 10
EVENT: (121) (2:1585159033,248313) DIAGNOSTIC: (CMDDISP) OpCodeRegistered : Opcode 0x0068 registered to port 10 slot 11
EVENT: (121) (2:1585159033,248319) DIAGNOSTIC: (CMDDISP) OpCodeRegistered : Opcode 0x021D registered to port 13 slot 12
EVENT: (121) (2:1585159033,248326) DIAGNOSTIC: (CMDDISP) OpCodeRegistered : Opcode 0x021E registered to port 13 slot 13
EVENT: (121) (2:1585159033,248332) DIAGNOSTIC: (CMDDISP) OpCodeRegistered : Opcode 0x021F registered to port 13 slot 14
EVENT: (121) (2:1585159033,248339) DIAGNOSTIC: (CMDDISP) OpCodeRegistered : Opcode 0x0220 registered to port 13 slot 15
EVENT: (121) (2:1585159033,248345) DIAGNOSTIC: (CMDDISP) OpCodeRegistered : Opcode 0x0221 registered to port 13 slot 16
EVENT: (121) (2:1585159033,248352) DIAGNOSTIC: (CMDDISP) OpCodeRegistered : Opcode 0x0222 registered to port 13 slot 17
EVENT: (121) (2:1585159033,248358) DIAGNOSTIC: (CMDDISP) OpCodeRegistered : Opcode 0x0223 registered to port 13 slot 18
EVENT: (121) (2:1585159033,248365) DIAGNOSTIC: (CMDDISP) OpCodeRegistered : Opcode 0x0079 registered to port 7 slot 19
EVENT: (121) (2:1585159033,248371) DIAGNOSTIC: (CMDDISP) OpCodeRegistered : Opcode 0x007A registered to port 7 slot 20
EVENT: (121) (2:1585159033,248378) DIAGNOSTIC: (CMDDISP) OpCodeRegistered : Opcode 0x007B registered to port 7 slot 21
EVENT: (121) (2:1585159033,248384) DIAGNOSTIC: (CMDDISP) OpCodeRegistered : Opcode 0x007C registered to port 7 slot 22
EVENT: (121) (2:1585159033,248391) DIAGNOSTIC: (CMDDISP) OpCodeRegistered : Opcode 0x01A5 registered to port 0 slot 23
EVENT: (121) (2:1585159033,248397) DIAGNOSTIC: (CMDDISP) OpCodeRegistered : Opcode 0x01A6 registered to port 0 slot 24
EVENT: (121) (2:1585159033,248404) DIAGNOSTIC: (CMDDISP) OpCodeRegistered : Opcode 0x01A7 registered to port 0 slot 25
EVENT: (121) (2:1585159033,248410) DIAGNOSTIC: (CMDDISP) OpCodeRegistered : Opcode 0x01A8 registered to port 0 slot 26
EVENT: (121) (2:1585159033,248417) DIAGNOSTIC: (CMDDISP) OpCodeRegistered : Opcode 0x01A9 registered to port 0 slot 27
EVENT: (121) (2:1585159033,248423) DIAGNOSTIC: (CMDDISP) OpCodeRegistered : Opcode 0x008D registered to port 12 slot 28
EVENT: (121) (2:1585159033,248430) DIAGNOSTIC: (CMDDISP) OpCodeRegistered : Opcode 0x01F5 registered to port 5 slot 29
EVENT: (121) (2:1585159033,248437) DIAGNOSTIC: (CMDDISP) OpCodeRegistered : Opcode 0x01F6 registered to port 5 slot 30
EVENT: (121) (2:1585159033,248443) DIAGNOSTIC: (CMDDISP) OpCodeRegistered : Opcode 0x00B5 registered to port 2 slot 31
EVENT: (121) (2:1585159033,248450) DIAGNOSTIC: (CMDDISP) OpCodeRegistered : Opcode 0x00B6 registered to port 2 slot 32
EVENT: (121) (2:1585159033,248456) DIAGNOSTIC: (CMDDISP) OpCodeRegistered : Opcode 0x00B7 registered to port 2 slot 33
EVENT: (121) (2:1585159033,248463) DIAGNOSTIC: (CMDDISP) OpCodeRegistered : Opcode 0x00DD registered to port 1 slot 34
EVENT: (121) (2:1585159033,248469) DIAGNOSTIC: (CMDDISP) OpCodeRegistered : Opcode 0x00DE registered to port 1 slot 35
EVENT: (121) (2:1585159033,248475) DIAGNOSTIC: (CMDDISP) OpCodeRegistered : Opcode 0x00DF registered to port 1 slot 36
EVENT: (121) (2:1585159033,248482) DIAGNOSTIC: (CMDDISP) OpCodeRegistered : Opcode 0x00C9 registered to port 8 slot 37
EVENT: (121) (2:1585159033,248488) DIAGNOSTIC: (CMDDISP) OpCodeRegistered : Opcode 0x00CA registered to port 8 slot 38
EVENT: (121) (2:1585159033,248494) DIAGNOSTIC: (CMDDISP) OpCodeRegistered : Opcode 0x00CB registered to port 8 slot 39
EVENT: (121) (2:1585159033,248500) DIAGNOSTIC: (CMDDISP) OpCodeRegistered : Opcode 0x0141 registered to port 3 slot 40
EVENT: (121) (2:1585159033,248507) DIAGNOSTIC: (CMDDISP) OpCodeRegistered : Opcode 0x0142 registered to port 3 slot 41
EVENT: (121) (2:1585159033,248513) DIAGNOSTIC: (CMDDISP) OpCodeRegistered : Opcode 0x0143 registered to port 3 slot 42
EVENT: (121) (2:1585159033,248520) DIAGNOSTIC: (CMDDISP) OpCodeRegistered : Opcode 0x0119 registered to port 11 slot 43
EVENT: (121) (2:1585159033,248526) DIAGNOSTIC: (CMDDISP) OpCodeRegistered : Opcode 0x011A registered to port 11 slot 44
EVENT: (121) (2:1585159033,248533) DIAGNOSTIC: (CMDDISP) OpCodeRegistered : Opcode 0x011B registered to port 11 slot 45
EVENT: (121) (2:1585159033,248540) DIAGNOSTIC: (CMDDISP) OpCodeRegistered : Opcode 0x0169 registered to port 9 slot 46
EVENT: (121) (2:1585159033,248546) DIAGNOSTIC: (CMDDISP) OpCodeRegistered : Opcode 0x016A registered to port 9 slot 47
EVENT: (121) (2:1585159033,248553) DIAGNOSTIC: (CMDDISP) OpCodeRegistered : Opcode 0x016B registered to port 9 slot 48
EVENT: (121) (2:1585159033,248559) DIAGNOSTIC: (CMDDISP) OpCodeRegistered : Opcode 0x0029 registered to port 4 slot 49
EVENT: (121) (2:1585159033,248566) DIAGNOSTIC: (CMDDISP) OpCodeRegistered : Opcode 0x07D0 registered to port 20 slot 50
EVENT: (121) (2:1585159033,248572) DIAGNOSTIC: (CMDDISP) OpCodeRegistered : Opcode 0x0834 registered to port 22 slot 51
EVENT: (148) (2:1585159033,248602) ACTIVITY_HI: (PRM) PrmFileLoadComplete : Parameter file load completed. Read 4 records.
EVENT: (381) (2:1585159033,248843) WARNING_LO: (SGIF) NoConnectionToServer : Unable to connect to the socket server on port 50000
EVENT: (382) (2:1585159033,248965) ACTIVITY_HI: (SGIF) ConnectedToServer : Connection made to the socket server on port 50000
EVENT: (241) (2:1585159033,249886) DIAGNOSTIC: (RG3) RateGroupStarted : Rate group started.
EVENT: (161) (2:1585159033,249904) DIAGNOSTIC: (RG2) RateGroupStarted : Rate group started.
EVENT: (21) (2:1585159033,251194) DIAGNOSTIC: (RG1) RateGroupStarted : Rate group started.
EVENT: (122) (2:1585159047,649994) COMMAND: (CMDDISP) OpCodeDispatched : Opcode 0x07D0 dispatched to port 20
EVENT: (123) (2:1585159047,650067) COMMAND: (CMDDISP) OpCodeCompleted : Opcode 0x07D0 completed
EVENT: (122) (2:1585159065,374279) COMMAND: (CMDDISP) OpCodeDispatched : Opcode 0x0834 dispatched to port 22
EVENT: (2002) (2:1585159065,374345) ACTIVITY_LO: (manager) MGR_MSG_BLCKD : Mgr Msg Blckd: %b
EVENT: (2001) (2:1585159065,374363) ACTIVITY_LO: (manager) MGR_MSG_SENT : Mgr Msg Sent: %b
EVENT: (123) (2:1585159065,374390) COMMAND: (CMDDISP) OpCodeCompleted : Opcode 0x0834 completed
EVENT: (122) (2:1585159095,44894) COMMAND: (CMDDISP) OpCodeDispatched : Opcode 0x0834 dispatched to port 22
EVENT: (2002) (2:1585159095,44957) ACTIVITY_LO: (manager) MGR_MSG_BLCKD : Mgr Msg Blckd: %b
EVENT: (2001) (2:1585159095,44965) ACTIVITY_LO: (manager) MGR_MSG_SENT : Mgr Msg Sent: %b
EVENT: (123) (2:1585159095,44988) COMMAND: (CMDDISP) OpCodeCompleted : Opcode 0x0834 completed
EVENT: (122) (2:1585159100,353871) COMMAND: (CMDDISP) OpCodeDispatched : Opcode 0x0834 dispatched to port 22
EVENT: (2002) (2:1585159100,353936) ACTIVITY_LO: (manager) MGR_MSG_BLCKD : Mgr Msg Blckd: %b
EVENT: (2001) (2:1585159100,353945) ACTIVITY_LO: (manager) MGR_MSG_SENT : Mgr Msg Sent: %b
EVENT: (123) (2:1585159100,353967) COMMAND: (CMDDISP) OpCodeCompleted : Opcode 0x0834 completed
