BD_Cycles!0!1584921534.81!1584921534.681010
rateGroup3Comp_RgMaxTime!302!1584921534.83!1584921534.681310
PR_NumPings!0!1584921534.84!1584921534.681346
SendState!SEND_IDLE!1584921534.85!1584921534.681857
rateGroup2Comp_RgMaxTime!853!1584921534.85!1584921534.681860
rateGroup1Comp_RgMaxTime!880!1584921534.85!1584921534.681887
BD_Cycles!1!1584921535.77!1584921535.681281
BD_Cycles!2!1584921536.74!1584921536.681779
SendState!SEND_IDLE!1584921536.74!1584921536.681803
BD_Cycles!3!1584921537.7!1584921537.682081
BD_Cycles!4!1584921538.7!1584921538.683354
PR_NumPings!1!1584921538.7!1584921538.683448
SendState!SEND_IDLE!1584921538.71!1584921538.683457
BD_Cycles!5!1584921539.7!1584921539.684192
BD_Cycles!6!1584921540.71!1584921540.684297
SendState!SEND_IDLE!1584921540.71!1584921540.684324
CommandErrors!1!1584921540.71!1584921540.256207
BD_Cycles!7!1584921541.71!1584921541.685071
BD_Cycles!8!1584921542.71!1584921542.685376
PR_NumPings!2!1584921542.71!1584921542.685472
SendState!SEND_IDLE!1584921542.71!1584921542.685481
BD_Cycles!9!1584921543.71!1584921543.688722
BD_Cycles!10!1584921544.71!1584921544.688908
SendState!SEND_IDLE!1584921544.71!1584921544.688927
BD_Cycles!11!1584921545.72!1584921545.689108
BD_Cycles!12!1584921546.72!1584921546.692047
PR_NumPings!3!1584921546.72!1584921546.692137
SendState!SEND_IDLE!1584921546.75!1584921546.692145
BD_Cycles!13!1584921547.72!1584921547.692127
BD_Cycles!14!1584921548.7!1584921548.692254
SendState!SEND_IDLE!1584921548.7!1584921548.692276
BD_Cycles!15!1584921549.71!1584921549.692539
BD_Cycles!16!1584921550.72!1584921550.695853
