BD_Cycles!0!1584936868.51!1584936868.436914
rateGroup3Comp_RgMaxTime!4266!1584936868.56!1584936868.441178
PR_NumPings!0!1584936868.57!1584936868.441234
SendState!SEND_IDLE!1584936868.57!1584936868.443303
rateGroup2Comp_RgMaxTime!6398!1584936868.57!1584936868.443308
rateGroup1Comp_RgMaxTime!6435!1584936868.57!1584936868.443345
BD_Cycles!1!1584936869.51!1584936869.442636
BD_Cycles!2!1584936870.5!1584936870.447690
SendState!SEND_IDLE!1584936870.5!1584936870.447712
BD_Cycles!3!1584936871.5!1584936871.449914
BD_Cycles!4!1584936872.5!1584936872.450234
PR_NumPings!1!1584936872.5!1584936872.450340
SendState!SEND_IDLE!1584936872.5!1584936872.450355
BD_Cycles!5!1584936873.49!1584936873.453353
CommandErrors!1!1584936873.49!1584936872.671731
BD_Cycles!6!1584936874.48!1584936874.453499
SendState!SEND_IDLE!1584936874.48!1584936874.453540
BD_Cycles!7!1584936875.48!1584936875.453719
BD_Cycles!8!1584936876.48!1584936876.453856
PR_NumPings!2!1584936876.48!1584936876.453956
SendState!SEND_IDLE!1584936876.48!1584936876.453966
BD_Cycles!9!1584936877.48!1584936877.454929
