BD_Cycles!0!1584935060.14!1584935060.039850
rateGroup3Comp_RgMaxTime!584!1584935060.17!1584935060.040426
PR_NumPings!0!1584935060.19!1584935060.040472
SendState!SEND_IDLE!1584935060.19!1584935060.042350
rateGroup2Comp_RgMaxTime!2513!1584935060.19!1584935060.042355
rateGroup1Comp_RgMaxTime!2559!1584935060.2!1584935060.042401
BD_Cycles!1!1584935061.13!1584935061.040064
BD_Cycles!2!1584935062.11!1584935062.042653
SendState!SEND_IDLE!1584935062.38!1584935062.042676
BD_Cycles!3!1584935063.1!1584935063.044779
BD_Cycles!4!1584935064.08!1584935064.045279
PR_NumPings!1!1584935064.08!1584935064.045475
SendState!SEND_IDLE!1584935064.08!1584935064.045507
BD_Cycles!5!1584935065.09!1584935065.045915
BD_Cycles!6!1584935066.09!1584935066.046177
SendState!SEND_IDLE!1584935066.09!1584935066.046195
BD_Cycles!7!1584935067.09!1584935067.048504
BD_Cycles!8!1584935068.09!1584935068.051212
PR_NumPings!2!1584935068.09!1584935068.051317
SendState!SEND_IDLE!1584935068.09!1584935068.051229
CommandErrors!1!1584935068.09!1584935067.686580
BD_Cycles!9!1584935069.08!1584935069.052264
BD_Cycles!10!1584935070.08!1584935070.053410
SendState!SEND_IDLE!1584935070.08!1584935070.053429
BD_Cycles!11!1584935071.08!1584935071.054561
BD_Cycles!12!1584935072.09!1584935072.055034
PR_NumPings!3!1584935072.09!1584935072.055269
SendState!SEND_IDLE!1584935072.09!1584935072.055060
BD_Cycles!13!1584935073.07!1584935073.055859
BD_Cycles!14!1584935074.08!1584935074.057031
SendState!SEND_IDLE!1584935074.08!1584935074.059239
BD_Cycles!15!1584935076.08!1584935075.058770
