BD_Cycles!0!1584933760.49!1584933760.437529
rateGroup3Comp_RgMaxTime!69!1584933760.52!1584933760.437588
PR_NumPings!0!1584933760.52!1584933760.437726
SendState!SEND_IDLE!1584933760.52!1584933760.437742
rateGroup2Comp_RgMaxTime!226!1584933760.52!1584933760.437745
rateGroup1Comp_RgMaxTime!240!1584933760.52!1584933760.437758
CommandErrors!1!1584933761.48!1584933760.905882
BD_Cycles!1!1584933761.48!1584933761.437621
BD_Cycles!2!1584933762.46!1584933762.437777
SendState!SEND_IDLE!1584933762.46!1584933762.437803
BD_Cycles!3!1584933763.47!1584933763.441555
BD_Cycles!4!1584933764.47!1584933764.441854
rateGroup3Comp_RgMaxTime!76!1584933764.48!1584933764.441913
PR_NumPings!1!1584933764.49!1584933764.441952
SendState!SEND_IDLE!1584933764.49!1584933764.441964
BD_Cycles!5!1584933765.49!1584933765.442962
BD_Cycles!6!1584933766.49!1584933766.444313
SendState!SEND_IDLE!1584933766.49!1584933766.444333
BD_Cycles!7!1584933767.46!1584933767.444769
BD_Cycles!8!1584933768.46!1584933768.444848
rateGroup3Comp_RgMaxTime!77!1584933768.46!1584933768.444907
PR_NumPings!2!1584933768.46!1584933768.444942
SendState!SEND_IDLE!1584933768.46!1584933768.444954
BD_Cycles!9!1584933769.46!1584933769.446227
BD_Cycles!10!1584933770.47!1584933770.446421
SendState!SEND_IDLE!1584933770.56!1584933770.446443
BD_Cycles!11!1584933771.46!1584933771.447246
BD_Cycles!12!1584933772.47!1584933772.449415
rateGroup3Comp_RgMaxTime!127!1584933772.47!1584933772.449521
PR_NumPings!3!1584933772.47!1584933772.449570
SendState!SEND_IDLE!1584933772.47!1584933772.449439
rateGroup1Comp_RgMaxTime!445!1584933772.47!1584933772.449839
CommandErrors!2!1584933772.48!1584933772.111721
BD_Cycles!13!1584933773.48!1584933773.451915
BD_Cycles!14!1584933774.48!1584933774.452982
SendState!SEND_IDLE!1584933774.48!1584933774.453007
BD_Cycles!15!1584933775.49!1584933775.454118
SendState!SEND_IDLE!1584933776.46!1584933776.455160
BD_Cycles!17!1584933777.48!1584933777.456353
rateGroup3Comp_RgMaxTime!145!1584933777.48!1584933776.455270
PR_NumPings!4!1584933777.48!1584933776.455297
BD_Cycles!18!1584933779.48!1584933778.456838
SendState!SEND_IDLE!1584933779.48!1584933778.456821
BD_Cycles!19!1584933780.47!1584933779.458337
BD_Cycles!20!1584933781.47!1584933780.459561
PR_NumPings!5!1584933781.47!1584933780.459540
SendState!SEND_IDLE!1584933781.47!1584933780.459461
BD_Cycles!21!1584933782.48!1584933781.459779
BD_Cycles!22!1584933783.48!1584933782.461771
SendState!SEND_IDLE!1584933783.48!1584933782.461761
BD_Cycles!23!1584933784.48!1584933783.462593
BD_Cycles!24!1584933785.51!1584933784.463183
rateGroup3Comp_RgMaxTime!175!1584933785.51!1584933784.463112
PR_NumPings!6!1584933785.51!1584933784.463148
SendState!SEND_IDLE!1584933785.51!1584933784.463041
BD_Cycles!25!1584933786.51!1584933785.463418
BD_Cycles!26!1584933787.52!1584933786.463778
SendState!SEND_IDLE!1584933787.52!1584933786.463767
BD_Cycles!27!1584933788.51!1584933787.465494
BD_Cycles!28!1584933789.52!1584933788.467230
rateGroup3Comp_RgMaxTime!1261!1584933789.53!1584933788.467105
PR_NumPings!7!1584933789.53!1584933788.467178
SendState!SEND_IDLE!1584933789.53!1584933788.466488
rateGroup2Comp_RgMaxTime!653!1584933789.53!1584933788.466497
BD_Cycles!29!1584933790.53!1584933789.468040
rateGroup1Comp_RgMaxTime!1130!1584933790.53!1584933790.471102
BD_Cycles!31!1584933791.5!1584933791.472323
SendState!SEND_IDLE!1584933791.5!1584933790.471995
rateGroup2Comp_RgMaxTime!2042!1584933791.5!1584933790.472009
BD_Cycles!33!1584933793.48!1584933793.473706
PR_NumPings!8!1584933793.49!1584933792.472784
SendState!SEND_IDLE!1584933793.49!1584933792.472700
