rateGroup1Comp_RgMaxTime!42!1584935110.9!1584935110.865286
SendState!SEND_IDLE!1584935111.91!1584935110.865377
rateGroup2Comp_RgMaxTime!137!1584935111.91!1584935110.865379
rateGroup3Comp_RgMaxTime!200!1584935111.91!1584935110.865442
PR_NumPings!0!1584935111.92!1584935110.865487
BD_Cycles!0!1584935111.98!1584935110.865512
rateGroup1Comp_RgMaxTime!356!1584935112.91!1584935112.869691
BD_Cycles!1!1584935113.03!1584935111.866510
SendState!SEND_IDLE!1584935113.92!1584935112.869797
rateGroup2Comp_RgMaxTime!466!1584935113.92!1584935112.869799
BD_Cycles!2!1584935113.93!1584935112.869808
BD_Cycles!3!1584935114.94!1584935113.869985
SendState!SEND_IDLE!1584935115.91!1584935114.871541
rateGroup3Comp_RgMaxTime!482!1584935115.91!1584935114.871735
PR_NumPings!1!1584935115.91!1584935114.871963
BD_Cycles!4!1584935115.91!1584935114.872002
CommandErrors!1!1584935115.91!1584935114.951097
BD_Cycles!5!1584935116.92!1584935115.872328
SendState!SEND_IDLE!1584935117.9!1584935116.874481
BD_Cycles!6!1584935117.9!1584935116.874490
BD_Cycles!7!1584935118.89!1584935117.875373
SendState!SEND_IDLE!1584935119.9!1584935118.876028
PR_NumPings!2!1584935119.9!1584935118.876104
BD_Cycles!8!1584935119.9!1584935118.876123
BD_Cycles!9!1584935120.9!1584935119.882458
SendState!SEND_IDLE!1584935121.91!1584935120.883450
BD_Cycles!10!1584935121.91!1584935120.883502
BD_Cycles!11!1584935122.92!1584935121.885576
