Hit Ctrl-C to quit
EVENT: (121) (2:1584924216,606124) DIAGNOSTIC: (CMDDISP) OpCodeRegistered : Opcode 0x0051 registered to port 6 slot 0
EVENT: (121) (2:1584924216,609365) DIAGNOSTIC: (CMDDISP) OpCodeRegistered : Opcode 0x0052 registered to port 6 slot 1
EVENT: (121) (2:1584924216,609539) DIAGNOSTIC: (CMDDISP) OpCodeRegistered : Opcode 0x0053 registered to port 6 slot 2
EVENT: (121) (2:1584924216,609555) DIAGNOSTIC: (CMDDISP) OpCodeRegistered : Opcode 0x0054 registered to port 6 slot 3
EVENT: (121) (2:1584924216,609565) DIAGNOSTIC: (CMDDISP) OpCodeRegistered : Opcode 0x005B registered to port 6 slot 4
EVENT: (121) (2:1584924216,609575) DIAGNOSTIC: (CMDDISP) OpCodeRegistered : Opcode 0x005C registered to port 6 slot 5
EVENT: (121) (2:1584924216,609584) DIAGNOSTIC: (CMDDISP) OpCodeRegistered : Opcode 0x005D registered to port 6 slot 6
EVENT: (121) (2:1584924216,609592) DIAGNOSTIC: (CMDDISP) OpCodeRegistered : Opcode 0x005E registered to port 6 slot 7
EVENT: (121) (2:1584924216,609601) DIAGNOSTIC: (CMDDISP) OpCodeRegistered : Opcode 0x0065 registered to port 10 slot 8
EVENT: (121) (2:1584924216,609609) DIAGNOSTIC: (CMDDISP) OpCodeRegistered : Opcode 0x0066 registered to port 10 slot 9
EVENT: (121) (2:1584924216,609617) DIAGNOSTIC: (CMDDISP) OpCodeRegistered : Opcode 0x0067 registered to port 10 slot 10
EVENT: (121) (2:1584924216,609625) DIAGNOSTIC: (CMDDISP) OpCodeRegistered : Opcode 0x0068 registered to port 10 slot 11
EVENT: (121) (2:1584924216,609633) DIAGNOSTIC: (CMDDISP) OpCodeRegistered : Opcode 0x021D registered to port 13 slot 12
EVENT: (121) (2:1584924216,609641) DIAGNOSTIC: (CMDDISP) OpCodeRegistered : Opcode 0x021E registered to port 13 slot 13
EVENT: (121) (2:1584924216,609649) DIAGNOSTIC: (CMDDISP) OpCodeRegistered : Opcode 0x021F registered to port 13 slot 14
EVENT: (121) (2:1584924216,609657) DIAGNOSTIC: (CMDDISP) OpCodeRegistered : Opcode 0x0220 registered to port 13 slot 15
EVENT: (121) (2:1584924216,609664) DIAGNOSTIC: (CMDDISP) OpCodeRegistered : Opcode 0x0221 registered to port 13 slot 16
EVENT: (121) (2:1584924216,609672) DIAGNOSTIC: (CMDDISP) OpCodeRegistered : Opcode 0x0222 registered to port 13 slot 17
EVENT: (121) (2:1584924216,609759) DIAGNOSTIC: (CMDDISP) OpCodeRegistered : Opcode 0x0223 registered to port 13 slot 18
EVENT: (121) (2:1584924216,609770) DIAGNOSTIC: (CMDDISP) OpCodeRegistered : Opcode 0x0079 registered to port 7 slot 19
EVENT: (121) (2:1584924216,609778) DIAGNOSTIC: (CMDDISP) OpCodeRegistered : Opcode 0x007A registered to port 7 slot 20
EVENT: (121) (2:1584924216,609786) DIAGNOSTIC: (CMDDISP) OpCodeRegistered : Opcode 0x007B registered to port 7 slot 21
EVENT: (121) (2:1584924216,609793) DIAGNOSTIC: (CMDDISP) OpCodeRegistered : Opcode 0x007C registered to port 7 slot 22
EVENT: (121) (2:1584924216,609800) DIAGNOSTIC: (CMDDISP) OpCodeRegistered : Opcode 0x01A5 registered to port 0 slot 23
EVENT: (121) (2:1584924216,609808) DIAGNOSTIC: (CMDDISP) OpCodeRegistered : Opcode 0x01A6 registered to port 0 slot 24
EVENT: (121) (2:1584924216,609815) DIAGNOSTIC: (CMDDISP) OpCodeRegistered : Opcode 0x01A7 registered to port 0 slot 25
EVENT: (121) (2:1584924216,609823) DIAGNOSTIC: (CMDDISP) OpCodeRegistered : Opcode 0x01A8 registered to port 0 slot 26
EVENT: (121) (2:1584924216,609830) DIAGNOSTIC: (CMDDISP) OpCodeRegistered : Opcode 0x01A9 registered to port 0 slot 27
EVENT: (121) (2:1584924216,609837) DIAGNOSTIC: (CMDDISP) OpCodeRegistered : Opcode 0x008D registered to port 12 slot 28
EVENT: (121) (2:1584924216,609907) DIAGNOSTIC: (CMDDISP) OpCodeRegistered : Opcode 0x01F5 registered to port 5 slot 29
EVENT: (121) (2:1584924216,609918) DIAGNOSTIC: (CMDDISP) OpCodeRegistered : Opcode 0x01F6 registered to port 5 slot 30
EVENT: (121) (2:1584924216,609926) DIAGNOSTIC: (CMDDISP) OpCodeRegistered : Opcode 0x00B5 registered to port 2 slot 31
EVENT: (121) (2:1584924216,609933) DIAGNOSTIC: (CMDDISP) OpCodeRegistered : Opcode 0x00B6 registered to port 2 slot 32
EVENT: (121) (2:1584924216,609940) DIAGNOSTIC: (CMDDISP) OpCodeRegistered : Opcode 0x00B7 registered to port 2 slot 33
EVENT: (121) (2:1584924216,609948) DIAGNOSTIC: (CMDDISP) OpCodeRegistered : Opcode 0x00DD registered to port 1 slot 34
EVENT: (121) (2:1584924216,609955) DIAGNOSTIC: (CMDDISP) OpCodeRegistered : Opcode 0x00DE registered to port 1 slot 35
EVENT: (121) (2:1584924216,609962) DIAGNOSTIC: (CMDDISP) OpCodeRegistered : Opcode 0x00DF registered to port 1 slot 36
EVENT: (121) (2:1584924216,610022) DIAGNOSTIC: (CMDDISP) OpCodeRegistered : Opcode 0x00C9 registered to port 8 slot 37
EVENT: (121) (2:1584924216,610133) DIAGNOSTIC: (CMDDISP) OpCodeRegistered : Opcode 0x00CA registered to port 8 slot 38
EVENT: (121) (2:1584924216,610143) DIAGNOSTIC: (CMDDISP) OpCodeRegistered : Opcode 0x00CB registered to port 8 slot 39
EVENT: (121) (2:1584924216,610150) DIAGNOSTIC: (CMDDISP) OpCodeRegistered : Opcode 0x0141 registered to port 3 slot 40
EVENT: (121) (2:1584924216,610158) DIAGNOSTIC: (CMDDISP) OpCodeRegistered : Opcode 0x0142 registered to port 3 slot 41
EVENT: (121) (2:1584924216,610165) DIAGNOSTIC: (CMDDISP) OpCodeRegistered : Opcode 0x0143 registered to port 3 slot 42
EVENT: (121) (2:1584924216,610215) DIAGNOSTIC: (CMDDISP) OpCodeRegistered : Opcode 0x0119 registered to port 11 slot 43
EVENT: (121) (2:1584924216,610224) DIAGNOSTIC: (CMDDISP) OpCodeRegistered : Opcode 0x011A registered to port 11 slot 44
EVENT: (121) (2:1584924216,610231) DIAGNOSTIC: (CMDDISP) OpCodeRegistered : Opcode 0x011B registered to port 11 slot 45
EVENT: (121) (2:1584924216,610238) DIAGNOSTIC: (CMDDISP) OpCodeRegistered : Opcode 0x0169 registered to port 9 slot 46
EVENT: (121) (2:1584924216,610245) DIAGNOSTIC: (CMDDISP) OpCodeRegistered : Opcode 0x016A registered to port 9 slot 47
EVENT: (121) (2:1584924216,610251) DIAGNOSTIC: (CMDDISP) OpCodeRegistered : Opcode 0x016B registered to port 9 slot 48
EVENT: (121) (2:1584924216,610259) DIAGNOSTIC: (CMDDISP) OpCodeRegistered : Opcode 0x0029 registered to port 4 slot 49
EVENT: (121) (2:1584924216,610305) DIAGNOSTIC: (CMDDISP) OpCodeRegistered : Opcode 0x03E8 registered to port 20 slot 50
EVENT: (121) (2:1584924216,610314) DIAGNOSTIC: (CMDDISP) OpCodeRegistered : Opcode 0x044C registered to port 22 slot 51
EVENT: (148) (2:1584924216,610356) ACTIVITY_HI: (PRM) PrmFileLoadComplete : Parameter file load completed. Read 4 records.
EVENT: (381) (2:1584924216,610757) WARNING_LO: (SGIF) NoConnectionToServer : Unable to connect to the socket server on port 50000
EVENT: (382) (2:1584924216,614171) ACTIVITY_HI: (SGIF) ConnectedToServer : Connection made to the socket server on port 50000
EVENT: (241) (2:1584924216,615143) DIAGNOSTIC: (RG3) RateGroupStarted : Rate group started.
EVENT: (161) (2:1584924216,615163) DIAGNOSTIC: (RG2) RateGroupStarted : Rate group started.
EVENT: (21) (2:1584924216,617018) DIAGNOSTIC: (RG1) RateGroupStarted : Rate group started.
EVENT: (126) (2:1584924220,193839) WARNING_HI: (CMDDISP) InvalidCommand : Invalid opcode 0x03E8 received.
EVENT: (122) (2:1584924233,183580) COMMAND: (CMDDISP) OpCodeDispatched : Opcode 0x044C dispatched to port 22
EVENT: (124) (2:1584924233,183607) WARNING_HI: (CMDDISP) OpCodeError : Opcode 0x044C completed with error 0 
