BD_Cycles!0!1584935271.95!1584935271.938250
rateGroup3Comp_RgMaxTime!69!1584935272.04!1584935271.938306
PR_NumPings!0!1584935272.04!1584935271.938931
SendState!SEND_IDLE!1584935272.05!1584935271.938951
rateGroup2Comp_RgMaxTime!792!1584935272.05!1584935271.939030
rateGroup1Comp_RgMaxTime!2334!1584935272.07!1584935271.940571
BD_Cycles!1!1584935272.98!1584935272.938435
BD_Cycles!2!1584935273.97!1584935273.939359
SendState!SEND_IDLE!1584935273.97!1584935273.939426
BD_Cycles!3!1584935274.97!1584935274.939549
CommandErrors!1!1584935274.97!1584935274.781975
BD_Cycles!4!1584935275.98!1584935275.939736
rateGroup3Comp_RgMaxTime!81!1584935275.98!1584935275.939798
PR_NumPings!1!1584935275.98!1584935275.939834
SendState!SEND_IDLE!1584935275.98!1584935275.939848
BD_Cycles!5!1584935276.98!1584935276.941958
BD_Cycles!6!1584935277.99!1584935277.942063
SendState!SEND_IDLE!1584935277.99!1584935277.942086
BD_Cycles!7!1584935278.96!1584935278.942803
BD_Cycles!8!1584935279.95!1584935279.943233
rateGroup3Comp_RgMaxTime!95!1584935279.95!1584935279.943305
PR_NumPings!2!1584935279.96!1584935279.943352
SendState!SEND_IDLE!1584935279.96!1584935279.943370
BD_Cycles!9!1584935280.97!1584935280.943574
BD_Cycles!10!1584935281.97!1584935281.944006
SendState!SEND_IDLE!1584935281.97!1584935281.944027
BD_Cycles!11!1584935282.97!1584935282.944617
BD_Cycles!12!1584935283.96!1584935283.949879
PR_NumPings!3!1584935283.97!1584935283.949967
SendState!SEND_IDLE!1584935283.97!1584935283.949981
BD_Cycles!13!1584935284.97!1584935284.953195
