BD_Cycles!0!1584913727.24!1584913727.173284
rateGroup3Comp_RgMaxTime!133!1584913727.24!1584913727.173413
PR_NumPings!0!1584913727.24!1584913727.173450
SendState!SEND_IDLE!1584913727.25!1584913727.173989
rateGroup2Comp_RgMaxTime!713!1584913727.25!1584913727.173993
rateGroup1Comp_RgMaxTime!798!1584913727.26!1584913727.174078
BD_Cycles!1!1584913728.23!1584913728.174162
BD_Cycles!2!1584913729.24!1584913729.176116
SendState!SEND_IDLE!1584913729.25!1584913729.176156
BD_Cycles!3!1584913730.2!1584913730.176467
BD_Cycles!4!1584913731.21!1584913731.181199
rateGroup3Comp_RgMaxTime!184!1584913731.22!1584913731.181362
PR_NumPings!1!1584913731.22!1584913731.181402
SendState!SEND_IDLE!1584913731.22!1584913731.181439
CommandsDispatched!1!1584913731.22!1584913731.144809
MGR_IS_ENABLED!True!1584913731.22!1584913731.144840
BD_Cycles!5!1584913732.22!1584913732.181570
BD_Cycles!6!1584913733.22!1584913733.185827
SendState!SEND_IDLE!1584913733.22!1584913733.185844
BD_Cycles!7!1584913734.22!1584913734.188140
BD_Cycles!8!1584913735.23!1584913735.188427
PR_NumPings!2!1584913735.23!1584913735.188514
SendState!SEND_IDLE!1584913735.23!1584913735.188444
BD_Cycles!9!1584913736.22!1584913736.188622
BD_Cycles!10!1584913737.22!1584913737.188853
SendState!SEND_IDLE!1584913737.22!1584913737.188901
BD_Cycles!11!1584913738.22!1584913738.189122
BD_Cycles!12!1584913739.22!1584913739.189666
PR_NumPings!3!1584913739.22!1584913739.189851
SendState!SEND_IDLE!1584913739.22!1584913739.189690
BD_Cycles!13!1584913740.23!1584913740.190391
BD_Cycles!14!1584913741.23!1584913741.195236
SendState!SEND_IDLE!1584913741.23!1584913741.195251
BD_Cycles!15!1584913742.23!1584913742.196521
BD_Cycles!16!1584913743.24!1584913743.197488
PR_NumPings!4!1584913743.24!1584913743.197581
SendState!SEND_IDLE!1584913743.24!1584913743.197508
BD_Cycles!17!1584913744.24!1584913744.198200
CommandsDispatched!2!1584913744.25!1584913743.223539
CommandErrors!1!1584913744.25!1584913743.223543
BD_Cycles!18!1584913745.23!1584913745.199650
SendState!SEND_IDLE!1584913745.23!1584913745.199667
BD_Cycles!19!1584913746.23!1584913746.200893
BD_Cycles!21!1584913748.22!1584913748.202241
SendState!SEND_IDLE!1584913748.22!1584913747.202128
PR_NumPings!5!1584913748.22!1584913747.202206
BD_Cycles!23!1584913750.23!1584913750.203119
SendState!SEND_IDLE!1584913750.23!1584913749.203022
BD_Cycles!25!1584913752.22!1584913752.203534
SendState!SEND_IDLE!1584913752.22!1584913751.203301
PR_NumPings!6!1584913752.22!1584913751.203393
BD_Cycles!27!1584913754.24!1584913754.206966
SendState!SEND_IDLE!1584913754.24!1584913753.203907
BD_Cycles!29!1584913756.24!1584913756.207764
SendState!SEND_IDLE!1584913756.24!1584913755.207354
PR_NumPings!7!1584913756.24!1584913755.207635
rateGroup3Comp_RgMaxTime!307!1584913756.24!1584913755.207612
BD_Cycles!31!1584913758.24!1584913758.213374
SendState!SEND_IDLE!1584913758.24!1584913757.212563
BD_Cycles!33!1584913760.25!1584913760.215403
SendState!SEND_IDLE!1584913760.25!1584913759.214768
PR_NumPings!8!1584913760.25!1584913759.214888
BD_Cycles!35!1584913762.23!1584913762.217663
SendState!SEND_IDLE!1584913762.23!1584913761.216789
BD_Cycles!37!1584913764.24!1584913764.219688
SendState!SEND_IDLE!1584913764.24!1584913763.218213
PR_NumPings!9!1584913764.25!1584913763.218306
BD_Cycles!39!1584913766.25!1584913766.221679
SendState!SEND_IDLE!1584913766.25!1584913765.220663
BD_Cycles!41!1584913768.25!1584913768.223929
SendState!SEND_IDLE!1584913768.26!1584913767.221805
PR_NumPings!10!1584913768.26!1584913767.221906
BD_Cycles!43!1584913770.25!1584913770.225257
SendState!SEND_IDLE!1584913770.25!1584913769.225018
BD_Cycles!45!1584913772.26!1584913772.228273
SendState!SEND_IDLE!1584913772.26!1584913771.227262
PR_NumPings!11!1584913772.26!1584913771.227354
BD_Cycles!47!1584913774.26!1584913774.230448
SendState!SEND_IDLE!1584913774.27!1584913773.229420
BD_Cycles!48!1584913776.24!1584913775.231260
SendState!SEND_IDLE!1584913776.24!1584913775.231156
PR_NumPings!12!1584913776.25!1584913775.231243
BD_Cycles!49!1584913777.25!1584913776.231860
BD_Cycles!50!1584913778.25!1584913777.232343
SendState!SEND_IDLE!1584913778.25!1584913777.232324
BD_Cycles!51!1584913779.25!1584913778.232569
BD_Cycles!52!1584913780.25!1584913779.232983
SendState!SEND_IDLE!1584913780.26!1584913779.232862
PR_NumPings!13!1584913780.26!1584913779.232963
BD_Cycles!53!1584913781.27!1584913780.241926
BD_Cycles!54!1584913782.27!1584913781.246977
SendState!SEND_IDLE!1584913782.27!1584913781.246968
BD_Cycles!55!1584913783.28!1584913782.247458
BD_Cycles!56!1584913784.28!1584913783.250407
SendState!SEND_IDLE!1584913784.28!1584913783.250250
PR_NumPings!14!1584913784.28!1584913783.250382
BD_Cycles!57!1584913785.28!1584913784.251042
BD_Cycles!58!1584913786.26!1584913785.252269
SendState!SEND_IDLE!1584913786.26!1584913785.252259
BD_Cycles!59!1584913787.28!1584913786.252514
BD_Cycles!60!1584913788.27!1584913787.253230
SendState!SEND_IDLE!1584913788.29!1584913787.252886
PR_NumPings!15!1584913788.29!1584913787.253115
rateGroup3Comp_RgMaxTime!578!1584913788.29!1584913787.253138
BD_Cycles!61!1584913789.3!1584913788.255305
BD_Cycles!62!1584913790.3!1584913789.256905
SendState!SEND_IDLE!1584913790.3!1584913789.256891
BD_Cycles!63!1584913791.29!1584913790.257057
BD_Cycles!64!1584913792.28!1584913791.257589
SendState!SEND_IDLE!1584913792.28!1584913791.257489
PR_NumPings!16!1584913792.28!1584913791.257571
BD_Cycles!65!1584913793.28!1584913792.257713
BD_Cycles!66!1584913794.27!1584913793.258019
SendState!SEND_IDLE!1584913794.27!1584913793.258010
BD_Cycles!67!1584913795.27!1584913794.258495
BD_Cycles!68!1584913796.27!1584913795.261703
SendState!SEND_IDLE!1584913796.27!1584913795.261531
PR_NumPings!17!1584913796.27!1584913795.261682
BD_Cycles!69!1584913797.28!1584913796.262441
BD_Cycles!70!1584913798.28!1584913797.263880
SendState!SEND_IDLE!1584913798.31!1584913797.263871
BD_Cycles!71!1584913799.31!1584913798.264856
BD_Cycles!72!1584913800.31!1584913799.265931
SendState!SEND_IDLE!1584913800.31!1584913799.265828
PR_NumPings!18!1584913800.31!1584913799.265911
BD_Cycles!73!1584913801.31!1584913800.266867
BD_Cycles!74!1584913802.31!1584913801.268235
SendState!SEND_IDLE!1584913802.31!1584913801.268225
BD_Cycles!75!1584913803.31!1584913802.268801
BD_Cycles!76!1584913804.32!1584913803.269338
SendState!SEND_IDLE!1584913804.32!1584913803.269233
PR_NumPings!19!1584913804.32!1584913803.269318
BD_Cycles!77!1584913805.29!1584913804.271004
BD_Cycles!78!1584913806.28!1584913805.272045
SendState!SEND_IDLE!1584913806.29!1584913805.272035
BD_Cycles!79!1584913807.29!1584913806.272548
BD_Cycles!80!1584913808.29!1584913807.273383
CommandsDispatched!3!1584913808.29!1584913807.383029
SendState!SEND_IDLE!1584913808.29!1584913807.273233
PR_NumPings!20!1584913808.29!1584913807.273351
MGR_IS_ENABLED!False!1584913808.29!1584913807.383038
BD_Cycles!81!1584913809.29!1584913808.274423
BD_Cycles!82!1584913810.29!1584913809.276393
SendState!SEND_IDLE!1584913810.29!1584913809.276383
BD_Cycles!83!1584913811.3!1584913810.277667
BD_Cycles!84!1584913812.3!1584913811.278787
SendState!SEND_IDLE!1584913812.3!1584913811.278681
PR_NumPings!21!1584913812.3!1584913811.278767
BD_Cycles!85!1584913813.3!1584913812.280011
BD_Cycles!86!1584913814.31!1584913813.280550
SendState!SEND_IDLE!1584913814.31!1584913813.280538
BD_Cycles!87!1584913815.3!1584913814.282165
BD_Cycles!88!1584913816.3!1584913815.283233
SendState!SEND_IDLE!1584913816.3!1584913815.283081
PR_NumPings!22!1584913816.3!1584913815.283214
BD_Cycles!89!1584913817.3!1584913816.284079
BD_Cycles!90!1584913818.31!1584913817.286077
SendState!SEND_IDLE!1584913818.31!1584913817.286068
BD_Cycles!91!1584913819.31!1584913818.287318
BD_Cycles!92!1584913820.31!1584913819.288531
SendState!SEND_IDLE!1584913820.31!1584913819.288434
PR_NumPings!23!1584913820.31!1584913819.288514
BD_Cycles!93!1584913821.31!1584913820.288941
BD_Cycles!94!1584913822.31!1584913821.289168
SendState!SEND_IDLE!1584913822.32!1584913821.289158
BD_Cycles!95!1584913823.31!1584913822.289708
BD_Cycles!96!1584913824.31!1584913823.290881
SendState!SEND_IDLE!1584913824.31!1584913823.290786
PR_NumPings!24!1584913824.31!1584913823.290864
BD_Cycles!97!1584913825.31!1584913824.291627
BD_Cycles!98!1584913826.32!1584913825.291831
SendState!SEND_IDLE!1584913826.33!1584913825.291822
BD_Cycles!99!1584913827.31!1584913826.293825
BD_Cycles!100!1584913828.31!1584913827.295574
SendState!SEND_IDLE!1584913828.32!1584913827.295477
PR_NumPings!25!1584913828.32!1584913827.295556
BD_Cycles!101!1584913829.32!1584913828.297666
BD_Cycles!102!1584913830.31!1584913829.298113
SendState!SEND_IDLE!1584913830.31!1584913829.298103
BD_Cycles!103!1584913831.31!1584913830.299742
CommandsDispatched!4!1584913831.31!1584913831.222980
CommandErrors!2!1584913831.31!1584913831.222984
BD_Cycles!104!1584913832.32!1584913831.301173
SendState!SEND_IDLE!1584913832.33!1584913831.300926
PR_NumPings!26!1584913832.33!1584913831.301125
rateGroup3Comp_RgMaxTime!685!1584913832.33!1584913831.301070
BD_Cycles!105!1584913833.33!1584913832.301833
BD_Cycles!106!1584913834.33!1584913833.302792
SendState!SEND_IDLE!1584913834.34!1584913833.302783
BD_Cycles!107!1584913835.34!1584913834.303872
BD_Cycles!108!1584913836.34!1584913835.305302
SendState!SEND_IDLE!1584913836.35!1584913835.304908
PR_NumPings!27!1584913836.35!1584913835.305271
rateGroup3Comp_RgMaxTime!1068!1584913836.35!1584913835.305221
rateGroup2Comp_RgMaxTime!761!1584913836.35!1584913835.304914
BD_Cycles!109!1584913837.35!1584913836.305948
BD_Cycles!110!1584913838.35!1584913837.306632
SendState!SEND_IDLE!1584913838.35!1584913837.306603
BD_Cycles!111!1584913839.36!1584913838.307121
BD_Cycles!112!1584913840.37!1584913839.308131
SendState!SEND_IDLE!1584913840.37!1584913839.308030
PR_NumPings!28!1584913840.37!1584913839.308116
BD_Cycles!113!1584913841.35!1584913840.309849
BD_Cycles!114!1584913842.32!1584913841.310178
SendState!SEND_IDLE!1584913842.32!1584913841.310168
BD_Cycles!115!1584913843.32!1584913842.310582
BD_Cycles!116!1584913844.32!1584913843.311013
SendState!SEND_IDLE!1584913844.33!1584913843.310874
PR_NumPings!29!1584913844.33!1584913843.310985
BD_Cycles!117!1584913845.32!1584913844.313116
BD_Cycles!118!1584913846.33!1584913845.315894
SendState!SEND_IDLE!1584913846.33!1584913845.315874
BD_Cycles!119!1584913847.33!1584913846.316813
BD_Cycles!120!1584913848.33!1584913847.318090
SendState!SEND_IDLE!1584913848.33!1584913847.317584
PR_NumPings!30!1584913848.33!1584913847.318021
BD_Cycles!121!1584913849.33!1584913848.318405
BD_Cycles!122!1584913850.33!1584913849.319736
SendState!SEND_IDLE!1584913850.33!1584913849.319725
BD_Cycles!123!1584913851.34!1584913850.321414
BD_Cycles!124!1584913852.34!1584913851.322668
SendState!SEND_IDLE!1584913852.34!1584913851.322566
PR_NumPings!31!1584913852.34!1584913851.322649
BD_Cycles!125!1584913853.35!1584913852.323597
BD_Cycles!126!1584913854.35!1584913853.323891
