BD_Cycles!0!1584913985.2!1584913985.144049
rateGroup3Comp_RgMaxTime!511!1584913985.21!1584913985.144557
PR_NumPings!0!1584913985.21!1584913985.144588
SendState!SEND_IDLE!1584913985.23!1584913985.145182
rateGroup2Comp_RgMaxTime!1141!1584913985.23!1584913985.145186
rateGroup1Comp_RgMaxTime!1520!1584913985.25!1584913985.145565
BD_Cycles!1!1584913986.17!1584913986.145609
BD_Cycles!2!1584913987.18!1584913987.145865
SendState!SEND_IDLE!1584913987.18!1584913987.145898
BD_Cycles!3!1584913988.18!1584913988.147474
BD_Cycles!4!1584913989.18!1584913989.147921
PR_NumPings!1!1584913989.18!1584913989.148050
SendState!SEND_IDLE!1584913989.18!1584913989.148076
BD_Cycles!5!1584913990.18!1584913990.148407
CommandsDispatched!1!1584913990.18!1584913989.591204
MGR_IS_ENABLED!True!1584913990.18!1584913989.591364
BD_Cycles!6!1584913991.18!1584913991.149516
SendState!SEND_IDLE!1584913991.19!1584913991.149651
BD_Cycles!7!1584913992.19!1584913992.149701
BD_Cycles!8!1584913993.18!1584913993.150227
PR_NumPings!2!1584913993.18!1584913993.150524
SendState!SEND_IDLE!1584913993.19!1584913993.150592
BD_Cycles!9!1584913994.19!1584913994.153618
BD_Cycles!10!1584913995.18!1584913995.154858
SendState!SEND_IDLE!1584913995.18!1584913995.154878
CommandsDispatched!2!1584913995.18!1584913995.057370
CommandErrors!1!1584913995.18!1584913995.057374
BD_Cycles!11!1584913996.18!1584913996.155881
BD_Cycles!12!1584913997.19!1584913997.157020
PR_NumPings!3!1584913997.19!1584913997.157824
SendState!SEND_IDLE!1584913997.19!1584913997.157842
BD_Cycles!13!1584913998.2!1584913998.157219
BD_Cycles!14!1584913999.19!1584913999.157671
SendState!SEND_IDLE!1584913999.2!1584913999.157688
BD_Cycles!15!1584914000.19!1584914000.157806
BD_Cycles!16!1584914001.18!1584914001.157912
PR_NumPings!4!1584914001.18!1584914001.158021
SendState!SEND_IDLE!1584914001.18!1584914001.158045
BD_Cycles!17!1584914002.18!1584914002.160174
BD_Cycles!18!1584914003.18!1584914003.160615
SendState!SEND_IDLE!1584914003.18!1584914003.160631
BD_Cycles!19!1584914004.17!1584914004.160909
BD_Cycles!20!1584914005.18!1584914005.162777
PR_NumPings!5!1584914005.18!1584914005.163011
SendState!SEND_IDLE!1584914005.18!1584914005.163033
BD_Cycles!21!1584914006.18!1584914006.162908
BD_Cycles!22!1584914007.18!1584914007.164038
SendState!SEND_IDLE!1584914007.18!1584914007.164058
BD_Cycles!23!1584914008.18!1584914008.164984
BD_Cycles!24!1584914009.19!1584914009.166221
PR_NumPings!6!1584914009.19!1584914009.166321
SendState!SEND_IDLE!1584914009.19!1584914009.166337
BD_Cycles!25!1584914010.2!1584914010.166484
BD_Cycles!26!1584914011.22!1584914011.166844
SendState!SEND_IDLE!1584914011.22!1584914011.166863
BD_Cycles!27!1584914012.18!1584914012.170275
BD_Cycles!28!1584914013.18!1584914013.173975
PR_NumPings!7!1584914013.19!1584914013.173962
SendState!SEND_IDLE!1584914013.21!1584914013.173870
BD_Cycles!29!1584914014.21!1584914014.174242
BD_Cycles!30!1584914015.21!1584914015.174718
SendState!SEND_IDLE!1584914015.21!1584914015.174735
BD_Cycles!31!1584914016.21!1584914016.176733
BD_Cycles!32!1584914017.22!1584914017.177780
PR_NumPings!8!1584914017.22!1584914017.177767
SendState!SEND_IDLE!1584914017.22!1584914017.177676
BD_Cycles!33!1584914018.22!1584914018.177907
BD_Cycles!35!1584914020.23!1584914020.180265
SendState!SEND_IDLE!1584914020.23!1584914019.180078
BD_Cycles!36!1584914021.23!1584914021.181363
PR_NumPings!9!1584914021.23!1584914021.181206
SendState!SEND_IDLE!1584914021.23!1584914021.180774
BD_Cycles!37!1584914022.23!1584914022.181591
