BD_Cycles!0!1584923911.05!1584923910.981671
rateGroup3Comp_RgMaxTime!264!1584923911.06!1584923910.981930
PR_NumPings!0!1584923911.06!1584923910.981965
SendState!SEND_IDLE!1584923911.06!1584923910.982085
rateGroup2Comp_RgMaxTime!422!1584923911.06!1584923910.982088
rateGroup1Comp_RgMaxTime!477!1584923911.06!1584923910.982143
BD_Cycles!1!1584923912.01!1584923911.981932
BD_Cycles!2!1584923913.01!1584923912.983005
SendState!SEND_IDLE!1584923913.02!1584923912.983024
BD_Cycles!3!1584923914.0!1584923913.983122
BD_Cycles!4!1584923915.04!1584923914.983277
PR_NumPings!1!1584923915.04!1584923914.983389
SendState!SEND_IDLE!1584923915.04!1584923914.983412
BD_Cycles!5!1584923916.04!1584923915.983510
BD_Cycles!6!1584923917.04!1584923916.984076
SendState!SEND_IDLE!1584923917.04!1584923916.984095
BD_Cycles!7!1584923918.04!1584923917.984160
CommandErrors!1!1584923918.04!1584923917.206699
BD_Cycles!8!1584923919.02!1584923918.984225
PR_NumPings!2!1584923919.02!1584923918.984312
SendState!SEND_IDLE!1584923919.02!1584923918.984339
BD_Cycles!9!1584923920.01!1584923919.984852
BD_Cycles!10!1584923921.01!1584923920.985882
SendState!SEND_IDLE!1584923921.01!1584923920.985900
BD_Cycles!11!1584923922.01!1584923921.986129
BD_Cycles!12!1584923923.01!1584923922.986961
PR_NumPings!3!1584923923.01!1584923922.987040
SendState!SEND_IDLE!1584923923.01!1584923922.987064
BD_Cycles!13!1584923924.02!1584923923.987113
BD_Cycles!14!1584923925.02!1584923924.988358
SendState!SEND_IDLE!1584923925.02!1584923924.988374
BD_Cycles!15!1584923926.03!1584923925.990555
rateGroup1Comp_RgMaxTime!665!1584923926.03!1584923925.990737
BD_Cycles!16!1584923928.03!1584923926.993037
CommandErrors!2!1584923928.03!1584923927.245080
SendState!SEND_IDLE!1584923928.03!1584923926.992018
rateGroup3Comp_RgMaxTime!965!1584923928.03!1584923926.992593
PR_NumPings!4!1584923928.03!1584923926.992635
CommandsDispatched!1!1584923928.03!1584923927.245075
BD_Cycles!17!1584923929.04!1584923927.993569
BD_Cycles!18!1584923930.04!1584923928.994954
SendState!SEND_IDLE!1584923930.04!1584923928.994942
BD_Cycles!19!1584923931.04!1584923929.995511
BD_Cycles!20!1584923932.04!1584923930.995932
SendState!SEND_IDLE!1584923932.41!1584923930.995740
PR_NumPings!5!1584923932.41!1584923930.995840
BD_Cycles!21!1584923933.03!1584923931.998587
BD_Cycles!22!1584923934.03!1584923932.998793
SendState!SEND_IDLE!1584923934.04!1584923932.998779
BD_Cycles!23!1584923935.04!1584923933.999147
BD_Cycles!24!1584923936.04!1584923934.999865
SendState!SEND_IDLE!1584923936.04!1584923934.999745
PR_NumPings!6!1584923936.04!1584923934.999831
BD_Cycles!25!1584923937.05!1584923936.000061
BD_Cycles!26!1584923938.06!1584923937.002526
SendState!SEND_IDLE!1584923938.09!1584923937.002517
BD_Cycles!27!1584923939.06!1584923938.002832
BD_Cycles!28!1584923940.03!1584923939.005237
SendState!SEND_IDLE!1584923940.04!1584923939.005142
PR_NumPings!7!1584923940.04!1584923939.005220
BD_Cycles!29!1584923941.04!1584923940.007648
BD_Cycles!30!1584923942.04!1584923941.009651
SendState!SEND_IDLE!1584923942.05!1584923941.009633
BD_Cycles!31!1584923943.05!1584923942.009915
BD_Cycles!32!1584923944.05!1584923943.010545
SendState!SEND_IDLE!1584923944.05!1584923943.010434
PR_NumPings!8!1584923944.05!1584923943.010523
BD_Cycles!33!1584923945.04!1584923944.011218
BD_Cycles!34!1584923946.04!1584923945.011828
SendState!SEND_IDLE!1584923946.04!1584923945.011814
BD_Cycles!35!1584923947.04!1584923946.012521
BD_Cycles!36!1584923948.05!1584923947.015757
SendState!SEND_IDLE!1584923948.05!1584923947.013303
rateGroup3Comp_RgMaxTime!1032!1584923948.05!1584923947.014261
PR_NumPings!9!1584923948.05!1584923947.015716
BD_Cycles!37!1584923949.05!1584923948.018006
BD_Cycles!38!1584923950.04!1584923949.021790
SendState!SEND_IDLE!1584923950.04!1584923949.021781
BD_Cycles!39!1584923951.04!1584923950.022343
