BD_Cycles!0!1584925197.79!1584925197.757733
rateGroup3Comp_RgMaxTime!50!1584925197.81!1584925197.757780
PR_NumPings!0!1584925197.82!1584925197.757812
SendState!SEND_IDLE!1584925197.83!1584925197.757838
rateGroup2Comp_RgMaxTime!110!1584925197.87!1584925197.757840
rateGroup1Comp_RgMaxTime!134!1584925197.92!1584925197.757863
BD_Cycles!1!1584925198.77!1584925198.758878
BD_Cycles!2!1584925199.77!1584925199.759523
SendState!SEND_IDLE!1584925199.77!1584925199.759539
BD_Cycles!3!1584925200.77!1584925200.766126
BD_Cycles!4!1584925201.77!1584925201.767249
rateGroup3Comp_RgMaxTime!77!1584925201.78!1584925201.767307
PR_NumPings!1!1584925201.79!1584925201.767347
SendState!SEND_IDLE!1584925201.79!1584925201.767356
rateGroup2Comp_RgMaxTime!127!1584925201.79!1584925201.767357
rateGroup1Comp_RgMaxTime!142!1584925201.8!1584925201.767372
BD_Cycles!5!1584925202.79!1584925202.771456
CommandErrors!1!1584925202.79!1584925202.669573
BD_Cycles!6!1584925203.79!1584925203.771700
SendState!SEND_IDLE!1584925204.09!1584925203.771726
BD_Cycles!7!1584925204.81!1584925204.772049
BD_Cycles!8!1584925205.79!1584925205.772536
rateGroup3Comp_RgMaxTime!106!1584925205.79!1584925205.772613
PR_NumPings!2!1584925205.79!1584925205.772664
SendState!SEND_IDLE!1584925205.8!1584925205.772678
rateGroup2Comp_RgMaxTime!175!1584925205.8!1584925205.772681
rateGroup1Comp_RgMaxTime!192!1584925205.8!1584925205.772699
BD_Cycles!9!1584925206.81!1584925206.772937
BD_Cycles!10!1584925207.81!1584925207.774475
SendState!SEND_IDLE!1584925207.81!1584925207.774493
BD_Cycles!11!1584925208.82!1584925208.776135
BD_Cycles!12!1584925209.82!1584925209.777344
PR_NumPings!3!1584925209.82!1584925209.777470
SendState!SEND_IDLE!1584925209.82!1584925209.777483
BD_Cycles!13!1584925210.83!1584925210.780218
BD_Cycles!14!1584925211.83!1584925211.780338
SendState!SEND_IDLE!1584925211.83!1584925211.780360
BD_Cycles!15!1584925212.82!1584925212.782610
BD_Cycles!16!1584925213.83!1584925213.783336
PR_NumPings!4!1584925213.83!1584925213.783432
SendState!SEND_IDLE!1584925213.83!1584925213.783441
BD_Cycles!17!1584925214.84!1584925214.784882
BD_Cycles!18!1584925215.81!1584925215.785161
