Hit Ctrl-C to quit
EVENT: (121) (2:1584921430,689176) DIAGNOSTIC: (CMDDISP) OpCodeRegistered : Opcode 0x0051 registered to port 6 slot 0
EVENT: (121) (2:1584921430,689193) DIAGNOSTIC: (CMDDISP) OpCodeRegistered : Opcode 0x0052 registered to port 6 slot 1
EVENT: (121) (2:1584921430,689200) DIAGNOSTIC: (CMDDISP) OpCodeRegistered : Opcode 0x0053 registered to port 6 slot 2
EVENT: (121) (2:1584921430,689207) DIAGNOSTIC: (CMDDISP) OpCodeRegistered : Opcode 0x0054 registered to port 6 slot 3
EVENT: (121) (2:1584921430,689214) DIAGNOSTIC: (CMDDISP) OpCodeRegistered : Opcode 0x005B registered to port 6 slot 4
EVENT: (121) (2:1584921430,689221) DIAGNOSTIC: (CMDDISP) OpCodeRegistered : Opcode 0x005C registered to port 6 slot 5
EVENT: (121) (2:1584921430,689228) DIAGNOSTIC: (CMDDISP) OpCodeRegistered : Opcode 0x005D registered to port 6 slot 6
EVENT: (121) (2:1584921430,689234) DIAGNOSTIC: (CMDDISP) OpCodeRegistered : Opcode 0x005E registered to port 6 slot 7
EVENT: (121) (2:1584921430,689241) DIAGNOSTIC: (CMDDISP) OpCodeRegistered : Opcode 0x0065 registered to port 10 slot 8
EVENT: (121) (2:1584921430,689248) DIAGNOSTIC: (CMDDISP) OpCodeRegistered : Opcode 0x0066 registered to port 10 slot 9
EVENT: (121) (2:1584921430,689254) DIAGNOSTIC: (CMDDISP) OpCodeRegistered : Opcode 0x0067 registered to port 10 slot 10
EVENT: (121) (2:1584921430,689261) DIAGNOSTIC: (CMDDISP) OpCodeRegistered : Opcode 0x0068 registered to port 10 slot 11
EVENT: (121) (2:1584921430,689267) DIAGNOSTIC: (CMDDISP) OpCodeRegistered : Opcode 0x021D registered to port 13 slot 12
EVENT: (121) (2:1584921430,689274) DIAGNOSTIC: (CMDDISP) OpCodeRegistered : Opcode 0x021E registered to port 13 slot 13
EVENT: (121) (2:1584921430,689280) DIAGNOSTIC: (CMDDISP) OpCodeRegistered : Opcode 0x021F registered to port 13 slot 14
EVENT: (121) (2:1584921430,689287) DIAGNOSTIC: (CMDDISP) OpCodeRegistered : Opcode 0x0220 registered to port 13 slot 15
EVENT: (121) (2:1584921430,689293) DIAGNOSTIC: (CMDDISP) OpCodeRegistered : Opcode 0x0221 registered to port 13 slot 16
EVENT: (121) (2:1584921430,689300) DIAGNOSTIC: (CMDDISP) OpCodeRegistered : Opcode 0x0222 registered to port 13 slot 17
EVENT: (121) (2:1584921430,689307) DIAGNOSTIC: (CMDDISP) OpCodeRegistered : Opcode 0x0223 registered to port 13 slot 18
EVENT: (121) (2:1584921430,689313) DIAGNOSTIC: (CMDDISP) OpCodeRegistered : Opcode 0x0079 registered to port 7 slot 19
EVENT: (121) (2:1584921430,689320) DIAGNOSTIC: (CMDDISP) OpCodeRegistered : Opcode 0x007A registered to port 7 slot 20
EVENT: (121) (2:1584921430,689326) DIAGNOSTIC: (CMDDISP) OpCodeRegistered : Opcode 0x007B registered to port 7 slot 21
EVENT: (121) (2:1584921430,689333) DIAGNOSTIC: (CMDDISP) OpCodeRegistered : Opcode 0x007C registered to port 7 slot 22
EVENT: (121) (2:1584921430,689339) DIAGNOSTIC: (CMDDISP) OpCodeRegistered : Opcode 0x01A5 registered to port 0 slot 23
EVENT: (121) (2:1584921430,689346) DIAGNOSTIC: (CMDDISP) OpCodeRegistered : Opcode 0x01A6 registered to port 0 slot 24
EVENT: (121) (2:1584921430,689352) DIAGNOSTIC: (CMDDISP) OpCodeRegistered : Opcode 0x01A7 registered to port 0 slot 25
EVENT: (121) (2:1584921430,689359) DIAGNOSTIC: (CMDDISP) OpCodeRegistered : Opcode 0x01A8 registered to port 0 slot 26
EVENT: (121) (2:1584921430,689365) DIAGNOSTIC: (CMDDISP) OpCodeRegistered : Opcode 0x01A9 registered to port 0 slot 27
EVENT: (121) (2:1584921430,689372) DIAGNOSTIC: (CMDDISP) OpCodeRegistered : Opcode 0x008D registered to port 12 slot 28
EVENT: (121) (2:1584921430,689378) DIAGNOSTIC: (CMDDISP) OpCodeRegistered : Opcode 0x01F5 registered to port 5 slot 29
EVENT: (121) (2:1584921430,689385) DIAGNOSTIC: (CMDDISP) OpCodeRegistered : Opcode 0x01F6 registered to port 5 slot 30
EVENT: (121) (2:1584921430,689392) DIAGNOSTIC: (CMDDISP) OpCodeRegistered : Opcode 0x00B5 registered to port 2 slot 31
EVENT: (121) (2:1584921430,689399) DIAGNOSTIC: (CMDDISP) OpCodeRegistered : Opcode 0x00B6 registered to port 2 slot 32
EVENT: (121) (2:1584921430,689406) DIAGNOSTIC: (CMDDISP) OpCodeRegistered : Opcode 0x00B7 registered to port 2 slot 33
EVENT: (121) (2:1584921430,689413) DIAGNOSTIC: (CMDDISP) OpCodeRegistered : Opcode 0x00DD registered to port 1 slot 34
EVENT: (121) (2:1584921430,689420) DIAGNOSTIC: (CMDDISP) OpCodeRegistered : Opcode 0x00DE registered to port 1 slot 35
EVENT: (121) (2:1584921430,689427) DIAGNOSTIC: (CMDDISP) OpCodeRegistered : Opcode 0x00DF registered to port 1 slot 36
EVENT: (121) (2:1584921430,689433) DIAGNOSTIC: (CMDDISP) OpCodeRegistered : Opcode 0x00C9 registered to port 8 slot 37
EVENT: (121) (2:1584921430,689440) DIAGNOSTIC: (CMDDISP) OpCodeRegistered : Opcode 0x00CA registered to port 8 slot 38
EVENT: (121) (2:1584921430,689447) DIAGNOSTIC: (CMDDISP) OpCodeRegistered : Opcode 0x00CB registered to port 8 slot 39
EVENT: (121) (2:1584921430,689453) DIAGNOSTIC: (CMDDISP) OpCodeRegistered : Opcode 0x0141 registered to port 3 slot 40
EVENT: (121) (2:1584921430,689460) DIAGNOSTIC: (CMDDISP) OpCodeRegistered : Opcode 0x0142 registered to port 3 slot 41
EVENT: (121) (2:1584921430,689466) DIAGNOSTIC: (CMDDISP) OpCodeRegistered : Opcode 0x0143 registered to port 3 slot 42
EVENT: (121) (2:1584921430,689473) DIAGNOSTIC: (CMDDISP) OpCodeRegistered : Opcode 0x0119 registered to port 11 slot 43
EVENT: (121) (2:1584921430,689480) DIAGNOSTIC: (CMDDISP) OpCodeRegistered : Opcode 0x011A registered to port 11 slot 44
EVENT: (121) (2:1584921430,689486) DIAGNOSTIC: (CMDDISP) OpCodeRegistered : Opcode 0x011B registered to port 11 slot 45
EVENT: (121) (2:1584921430,689493) DIAGNOSTIC: (CMDDISP) OpCodeRegistered : Opcode 0x0169 registered to port 9 slot 46
EVENT: (121) (2:1584921430,689500) DIAGNOSTIC: (CMDDISP) OpCodeRegistered : Opcode 0x016A registered to port 9 slot 47
EVENT: (121) (2:1584921430,689506) DIAGNOSTIC: (CMDDISP) OpCodeRegistered : Opcode 0x016B registered to port 9 slot 48
EVENT: (121) (2:1584921430,689513) DIAGNOSTIC: (CMDDISP) OpCodeRegistered : Opcode 0x0029 registered to port 4 slot 49
EVENT: (121) (2:1584921430,689520) DIAGNOSTIC: (CMDDISP) OpCodeRegistered : Opcode 0x03E8 registered to port 20 slot 50
EVENT: (121) (2:1584921430,689527) DIAGNOSTIC: (CMDDISP) OpCodeRegistered : Opcode 0x03E9 registered to port 20 slot 51
EVENT: (148) (2:1584921430,689557) ACTIVITY_HI: (PRM) PrmFileLoadComplete : Parameter file load completed. Read 4 records.
EVENT: (381) (2:1584921430,689816) WARNING_LO: (SGIF) NoConnectionToServer : Unable to connect to the socket server on port 50000
EVENT: (382) (2:1584921430,690742) ACTIVITY_HI: (SGIF) ConnectedToServer : Connection made to the socket server on port 50000
EVENT: (241) (2:1584921430,691498) DIAGNOSTIC: (RG3) RateGroupStarted : Rate group started.
EVENT: (161) (2:1584921430,692157) DIAGNOSTIC: (RG2) RateGroupStarted : Rate group started.
EVENT: (21) (2:1584921430,692334) DIAGNOSTIC: (RG1) RateGroupStarted : Rate group started.
EVENT: (122) (2:1584921438,283482) COMMAND: (CMDDISP) OpCodeDispatched : Opcode 0x03E8 dispatched to port 20
EVENT: (123) (2:1584921438,283555) COMMAND: (CMDDISP) OpCodeCompleted : Opcode 0x03E8 completed
EVENT: (126) (2:1584921442,511797) WARNING_HI: (CMDDISP) InvalidCommand : Invalid opcode 0x0578 received.
