BD_Cycles!0!1584921930.43!1584921930.393449
rateGroup3Comp_RgMaxTime!142!1584921930.43!1584921930.393586
PR_NumPings!0!1584921930.43!1584921930.393618
SendState!SEND_IDLE!1584921930.44!1584921930.394361
rateGroup2Comp_RgMaxTime!921!1584921930.46!1584921930.394364
rateGroup1Comp_RgMaxTime!1299!1584921930.47!1584921930.394743
BD_Cycles!1!1584921931.47!1584921931.395751
BD_Cycles!2!1584921932.42!1584921932.398151
SendState!SEND_IDLE!1584921932.42!1584921932.398171
BD_Cycles!3!1584921933.42!1584921933.399386
BD_Cycles!4!1584921934.42!1584921934.405259
PR_NumPings!1!1584921934.42!1584921934.405344
SendState!SEND_IDLE!1584921934.42!1584921934.405357
CommandsDispatched!1!1584921934.42!1584921933.507635
MGR_IS_ENABLED!True!1584921934.42!1584921933.507673
BD_Cycles!5!1584921935.42!1584921935.405409
BD_Cycles!7!1584921937.43!1584921937.406092
SendState!SEND_IDLE!1584921937.43!1584921936.405777
BD_Cycles!9!1584921939.43!1584921939.407643
SendState!SEND_IDLE!1584921939.43!1584921938.406651
rateGroup3Comp_RgMaxTime!237!1584921939.44!1584921938.406719
PR_NumPings!2!1584921939.44!1584921938.406756
BD_Cycles!11!1584921941.45!1584921941.409480
SendState!SEND_IDLE!1584921941.45!1584921940.407741
CommandsDispatched!2!1584921941.45!1584921941.159501
CommandErrors!1!1584921941.45!1584921941.159506
BD_Cycles!13!1584921943.44!1584921943.410254
SendState!SEND_IDLE!1584921943.46!1584921942.409857
PR_NumPings!3!1584921943.46!1584921942.409966
BD_Cycles!15!1584921945.47!1584921945.411019
SendState!SEND_IDLE!1584921945.47!1584921944.410554
BD_Cycles!17!1584921947.44!1584921947.412617
SendState!SEND_IDLE!1584921947.44!1584921946.411476
rateGroup3Comp_RgMaxTime!393!1584921947.44!1584921946.411713
PR_NumPings!4!1584921947.44!1584921946.411843
BD_Cycles!19!1584921949.45!1584921949.416496
SendState!SEND_IDLE!1584921949.45!1584921948.413572
BD_Cycles!21!1584921951.46!1584921951.418935
SendState!SEND_IDLE!1584921951.46!1584921950.418520
PR_NumPings!5!1584921951.46!1584921950.418617
BD_Cycles!23!1584921953.46!1584921953.421466
SendState!SEND_IDLE!1584921953.46!1584921952.420926
BD_Cycles!25!1584921955.47!1584921955.423098
SendState!SEND_IDLE!1584921955.47!1584921954.421792
PR_NumPings!6!1584921955.47!1584921954.421866
BD_Cycles!27!1584921957.48!1584921957.425365
SendState!SEND_IDLE!1584921957.49!1584921956.425135
BD_Cycles!29!1584921959.46!1584921959.428304
SendState!SEND_IDLE!1584921959.46!1584921958.425909
PR_NumPings!7!1584921959.46!1584921958.425981
BD_Cycles!31!1584921961.52!1584921961.471526
SendState!SEND_IDLE!1584921961.55!1584921960.428516
