BD_Cycles!0!1584905898.56!1584905898.507543
rateGroup3Comp_RgMaxTime!135!1584905898.57!1584905898.507673
PR_NumPings!0!1584905898.62!1584905898.507701
SendState!SEND_IDLE!1584905898.63!1584905898.507725
rateGroup2Comp_RgMaxTime!188!1584905898.63!1584905898.507727
rateGroup1Comp_RgMaxTime!207!1584905898.63!1584905898.507745
BD_Cycles!1!1584905899.52!1584905899.507698
BD_Cycles!2!1584905900.52!1584905900.509238
SendState!SEND_IDLE!1584905900.52!1584905900.509255
BD_Cycles!3!1584905901.52!1584905901.509732
BD_Cycles!4!1584905902.52!1584905902.512062
PR_NumPings!1!1584905902.52!1584905902.512143
SendState!SEND_IDLE!1584905902.52!1584905902.512159
BD_Cycles!5!1584905903.55!1584905903.512291
BD_Cycles!6!1584905904.55!1584905904.512723
SendState!SEND_IDLE!1584905904.55!1584905904.512741
BD_Cycles!7!1584905905.53!1584905905.514176
BD_Cycles!8!1584905906.53!1584905906.514750
PR_NumPings!2!1584905906.53!1584905906.514838
SendState!SEND_IDLE!1584905906.53!1584905906.514854
BD_Cycles!9!1584905907.53!1584905907.515024
CommandsDispatched!1!1584905907.54!1584905906.789983
BD_Cycles!10!1584905908.54!1584905908.519085
SendState!SEND_IDLE!1584905908.54!1584905908.519101
BD_Cycles!11!1584905909.54!1584905909.519497
BD_Cycles!12!1584905910.54!1584905910.520199
PR_NumPings!3!1584905910.54!1584905910.520276
SendState!SEND_IDLE!1584905910.54!1584905910.520292
BD_Cycles!13!1584905911.54!1584905911.524500
BD_Cycles!14!1584905912.54!1584905912.529142
SendState!SEND_IDLE!1584905912.54!1584905912.529159
BD_Cycles!15!1584905913.54!1584905913.529327
BD_Cycles!16!1584905914.54!1584905914.529676
PR_NumPings!4!1584905914.54!1584905914.529756
SendState!SEND_IDLE!1584905914.55!1584905914.529772
BD_Cycles!17!1584905915.55!1584905915.532633
BD_Cycles!18!1584905916.55!1584905916.533545
SendState!SEND_IDLE!1584905916.55!1584905916.533565
CommandsDispatched!2!1584905916.55!1584905916.235775
CommandErrors!1!1584905916.55!1584905916.235779
BD_Cycles!19!1584905917.55!1584905917.534413
BD_Cycles!20!1584905918.55!1584905918.535282
PR_NumPings!5!1584905918.55!1584905918.535790
SendState!SEND_IDLE!1584905918.55!1584905918.535930
rateGroup2Comp_RgMaxTime!675!1584905918.55!1584905918.535935
rateGroup1Comp_RgMaxTime!705!1584905918.55!1584905918.535965
BD_Cycles!21!1584905919.55!1584905919.535601
BD_Cycles!22!1584905920.56!1584905920.537868
SendState!SEND_IDLE!1584905920.56!1584905920.537888
BD_Cycles!23!1584905921.56!1584905921.539082
BD_Cycles!24!1584905922.56!1584905922.539290
rateGroup3Comp_RgMaxTime!154!1584905922.56!1584905922.539407
PR_NumPings!6!1584905922.56!1584905922.539446
SendState!SEND_IDLE!1584905922.56!1584905922.539528
BD_Cycles!25!1584905923.57!1584905923.540311
BD_Cycles!26!1584905924.58!1584905924.541542
SendState!SEND_IDLE!1584905924.58!1584905924.541531
BD_Cycles!27!1584905925.56!1584905925.541614
SendState!SEND_IDLE!1584905926.56!1584905926.542718
BD_Cycles!29!1584905927.56!1584905927.545269
PR_NumPings!7!1584905927.56!1584905926.544320
rateGroup3Comp_RgMaxTime!2036!1584905927.56!1584905926.544393
BD_Cycles!30!1584905928.57!1584905928.546252
SendState!SEND_IDLE!1584905928.57!1584905928.546232
BD_Cycles!31!1584905929.58!1584905929.546851
BD_Cycles!32!1584905930.58!1584905930.548845
PR_NumPings!8!1584905930.58!1584905930.548931
SendState!SEND_IDLE!1584905930.58!1584905930.548831
BD_Cycles!33!1584905931.58!1584905931.549968
BD_Cycles!34!1584905932.58!1584905932.551001
SendState!SEND_IDLE!1584905932.58!1584905932.550990
BD_Cycles!35!1584905933.58!1584905933.551456
BD_Cycles!36!1584905934.58!1584905934.551914
PR_NumPings!9!1584905934.58!1584905934.552064
SendState!SEND_IDLE!1584905934.58!1584905934.551890
BD_Cycles!37!1584905935.59!1584905935.552485
BD_Cycles!38!1584905936.59!1584905936.553447
SendState!SEND_IDLE!1584905936.59!1584905936.553437
BD_Cycles!39!1584905937.59!1584905937.556372
BD_Cycles!40!1584905938.58!1584905938.556950
PR_NumPings!10!1584905938.58!1584905938.556920
SendState!SEND_IDLE!1584905938.58!1584905938.556748
BD_Cycles!41!1584905939.57!1584905939.557123
BD_Cycles!42!1584905940.57!1584905940.557765
SendState!SEND_IDLE!1584905940.57!1584905940.557737
BD_Cycles!43!1584905941.58!1584905941.560863
BD_Cycles!44!1584905942.58!1584905942.562212
PR_NumPings!11!1584905942.58!1584905942.562197
SendState!SEND_IDLE!1584905942.59!1584905942.562119
BD_Cycles!45!1584905943.59!1584905943.562581
BD_Cycles!46!1584905944.59!1584905944.564484
SendState!SEND_IDLE!1584905944.59!1584905944.564473
BD_Cycles!47!1584905945.6!1584905945.564768
BD_Cycles!48!1584905946.6!1584905946.567176
PR_NumPings!12!1584905946.6!1584905946.567047
SendState!SEND_IDLE!1584905946.6!1584905946.566781
BD_Cycles!49!1584905947.6!1584905947.567691
BD_Cycles!50!1584905948.6!1584905948.568743
SendState!SEND_IDLE!1584905948.6!1584905948.568732
BD_Cycles!51!1584905949.6!1584905949.569766
BD_Cycles!52!1584905950.6!1584905950.570926
PR_NumPings!13!1584905950.6!1584905950.570912
SendState!SEND_IDLE!1584905950.6!1584905950.570830
BD_Cycles!53!1584905951.59!1584905951.571912
BD_Cycles!54!1584905952.58!1584905952.572373
SendState!SEND_IDLE!1584905952.58!1584905952.572278
BD_Cycles!55!1584905953.58!1584905953.573123
BD_Cycles!56!1584905954.59!1584905954.573393
PR_NumPings!14!1584905954.59!1584905954.573378
SendState!SEND_IDLE!1584905954.59!1584905954.573299
BD_Cycles!57!1584905955.6!1584905955.573593
BD_Cycles!58!1584905956.6!1584905956.573700
SendState!SEND_IDLE!1584905956.6!1584905956.573689
BD_Cycles!59!1584905957.59!1584905957.578885
BD_Cycles!60!1584905958.59!1584905958.580423
PR_NumPings!15!1584905958.59!1584905958.580408
SendState!SEND_IDLE!1584905958.59!1584905958.580329
BD_Cycles!61!1584905959.59!1584905959.581574
BD_Cycles!62!1584905960.6!1584905960.582418
SendState!SEND_IDLE!1584905960.6!1584905960.582408
BD_Cycles!63!1584905961.6!1584905961.582940
BD_Cycles!64!1584905962.61!1584905962.583114
PR_NumPings!16!1584905962.61!1584905962.583100
SendState!SEND_IDLE!1584905962.61!1584905962.583021
BD_Cycles!65!1584905963.61!1584905963.586292
BD_Cycles!66!1584905964.61!1584905964.587642
SendState!SEND_IDLE!1584905964.61!1584905964.587631
BD_Cycles!67!1584905965.6!1584905965.589070
BD_Cycles!68!1584905966.6!1584905966.590383
PR_NumPings!17!1584905966.6!1584905966.590367
SendState!SEND_IDLE!1584905966.6!1584905966.590288
BD_Cycles!69!1584905967.6!1584905967.590654
BD_Cycles!70!1584905968.6!1584905968.592730
SendState!SEND_IDLE!1584905968.62!1584905968.592719
BD_Cycles!71!1584905969.62!1584905969.593610
BD_Cycles!72!1584905970.62!1584905970.594787
PR_NumPings!18!1584905970.62!1584905970.594772
SendState!SEND_IDLE!1584905970.63!1584905970.594693
BD_Cycles!73!1584905971.63!1584905971.595716
BD_Cycles!74!1584905972.63!1584905972.596876
SendState!SEND_IDLE!1584905972.63!1584905972.596866
BD_Cycles!75!1584905973.61!1584905973.597885
CommandsDispatched!3!1584905973.61!1584905973.395247
BD_Cycles!76!1584905974.61!1584905974.598422
PR_NumPings!19!1584905974.61!1584905974.598403
SendState!SEND_IDLE!1584905974.61!1584905974.598323
BD_Cycles!77!1584905975.62!1584905975.599675
BD_Cycles!78!1584905976.62!1584905976.600333
SendState!SEND_IDLE!1584905976.65!1584905976.600319
BD_Cycles!79!1584905977.65!1584905977.600560
BD_Cycles!80!1584905978.65!1584905978.603483
PR_NumPings!20!1584905978.66!1584905978.603440
SendState!SEND_IDLE!1584905978.66!1584905978.603246
BD_Cycles!81!1584905979.63!1584905979.603718
BD_Cycles!82!1584905980.63!1584905980.604209
SendState!SEND_IDLE!1584905980.63!1584905980.604199
BD_Cycles!83!1584905981.63!1584905981.604739
BD_Cycles!84!1584905982.64!1584905982.604976
PR_NumPings!21!1584905982.64!1584905982.604960
SendState!SEND_IDLE!1584905982.64!1584905982.604878
BD_Cycles!85!1584905983.64!1584905983.605348
BD_Cycles!86!1584905984.64!1584905984.610493
SendState!SEND_IDLE!1584905984.64!1584905984.610459
BD_Cycles!87!1584905985.64!1584905985.610989
BD_Cycles!88!1584905986.64!1584905986.612239
PR_NumPings!22!1584905986.64!1584905986.612191
SendState!SEND_IDLE!1584905986.64!1584905986.611504
BD_Cycles!89!1584905987.63!1584905987.613637
BD_Cycles!90!1584905988.63!1584905988.614431
SendState!SEND_IDLE!1584905988.63!1584905988.614391
BD_Cycles!91!1584905989.63!1584905989.614935
BD_Cycles!92!1584905990.63!1584905990.615442
PR_NumPings!23!1584905990.65!1584905990.615388
SendState!SEND_IDLE!1584905990.65!1584905990.615167
BD_Cycles!93!1584905991.64!1584905991.615920
CommandsDispatched!4!1584905991.64!1584905991.247208
BD_Cycles!94!1584905992.64!1584905992.616174
SendState!SEND_IDLE!1584905992.67!1584905992.616150
BD_Cycles!95!1584905993.67!1584905993.616997
BD_Cycles!96!1584905994.67!1584905994.619678
PR_NumPings!24!1584905994.67!1584905994.619583
SendState!SEND_IDLE!1584905994.68!1584905994.618453
BD_Cycles!97!1584905995.63!1584905995.620602
BD_Cycles!98!1584905996.63!1584905996.620994
SendState!SEND_IDLE!1584905996.66!1584905996.620975
BD_Cycles!99!1584905997.65!1584905997.622830
BD_Cycles!100!1584905998.64!1584905998.623836
PR_NumPings!25!1584905998.64!1584905998.623745
SendState!SEND_IDLE!1584905998.65!1584905998.623480
CommandsDispatched!5!1584905998.66!1584905998.505398
BD_Cycles!101!1584905999.65!1584905999.623957
BD_Cycles!102!1584906000.65!1584906000.624047
SendState!SEND_IDLE!1584906000.65!1584906000.624035
BD_Cycles!103!1584906001.65!1584906001.624145
BD_Cycles!104!1584906002.66!1584906002.625407
PR_NumPings!26!1584906002.66!1584906002.625383
SendState!SEND_IDLE!1584906002.67!1584906002.625128
BD_Cycles!105!1584906003.65!1584906003.625652
BD_Cycles!106!1584906004.65!1584906004.630969
SendState!SEND_IDLE!1584906004.65!1584906004.630920
BD_Cycles!107!1584906005.65!1584906005.631253
BD_Cycles!108!1584906006.65!1584906006.632504
PR_NumPings!27!1584906006.67!1584906006.632489
SendState!SEND_IDLE!1584906006.67!1584906006.632408
BD_Cycles!109!1584906007.66!1584906007.632991
BD_Cycles!110!1584906008.67!1584906008.633863
SendState!SEND_IDLE!1584906008.67!1584906008.633851
BD_Cycles!111!1584906009.68!1584906009.634051
BD_Cycles!112!1584906010.67!1584906010.634445
PR_NumPings!28!1584906010.68!1584906010.634430
SendState!SEND_IDLE!1584906010.68!1584906010.634351
BD_Cycles!113!1584906011.68!1584906011.634518
BD_Cycles!114!1584906012.66!1584906012.634881
SendState!SEND_IDLE!1584906012.66!1584906012.634871
CommandsDispatched!6!1584906012.66!1584906011.882989
CommandErrors!2!1584906012.67!1584906011.882993
BD_Cycles!115!1584906013.67!1584906013.639512
BD_Cycles!116!1584906014.67!1584906014.641066
PR_NumPings!29!1584906014.67!1584906014.641008
SendState!SEND_IDLE!1584906014.67!1584906014.640927
BD_Cycles!117!1584906015.67!1584906015.641889
BD_Cycles!118!1584906016.67!1584906016.642392
SendState!SEND_IDLE!1584906016.67!1584906016.642378
BD_Cycles!119!1584906017.67!1584906017.643239
BD_Cycles!120!1584906018.67!1584906018.645478
PR_NumPings!30!1584906018.68!1584906018.645460
SendState!SEND_IDLE!1584906018.68!1584906018.645373
BD_Cycles!121!1584906019.68!1584906019.645707
BD_Cycles!122!1584906020.66!1584906020.645851
SendState!SEND_IDLE!1584906020.67!1584906020.645836
BD_Cycles!123!1584906021.67!1584906021.648591
BD_Cycles!124!1584906022.67!1584906022.649777
PR_NumPings!31!1584906022.69!1584906022.649761
SendState!SEND_IDLE!1584906022.69!1584906022.649679
BD_Cycles!125!1584906023.69!1584906023.650191
BD_Cycles!126!1584906024.69!1584906024.651862
SendState!SEND_IDLE!1584906024.69!1584906024.651822
BD_Cycles!127!1584906025.69!1584906025.652720
BD_Cycles!128!1584906026.69!1584906026.653569
PR_NumPings!32!1584906026.69!1584906026.653523
SendState!SEND_IDLE!1584906026.69!1584906026.653277
BD_Cycles!129!1584906027.69!1584906027.654959
BD_Cycles!130!1584906028.68!1584906028.656545
SendState!SEND_IDLE!1584906028.68!1584906028.656526
CommandsDispatched!7!1584906028.68!1584906028.093209
CommandErrors!3!1584906028.68!1584906028.093212
BD_Cycles!131!1584906029.67!1584906029.657875
BD_Cycles!132!1584906030.68!1584906030.658578
PR_NumPings!33!1584906030.69!1584906030.658560
SendState!SEND_IDLE!1584906030.69!1584906030.658471
BD_Cycles!133!1584906031.7!1584906031.659564
BD_Cycles!134!1584906032.7!1584906032.660724
SendState!SEND_IDLE!1584906032.7!1584906032.660714
BD_Cycles!135!1584906033.7!1584906033.662245
BD_Cycles!136!1584906034.7!1584906034.662477
PR_NumPings!34!1584906034.71!1584906034.662461
SendState!SEND_IDLE!1584906034.71!1584906034.662379
BD_Cycles!137!1584906035.71!1584906035.664627
BD_Cycles!138!1584906036.68!1584906036.664767
SendState!SEND_IDLE!1584906036.68!1584906036.664756
BD_Cycles!139!1584906037.68!1584906037.664860
BD_Cycles!140!1584906038.68!1584906038.665051
PR_NumPings!35!1584906038.68!1584906038.665036
SendState!SEND_IDLE!1584906038.68!1584906038.664955
BD_Cycles!141!1584906039.68!1584906039.665213
BD_Cycles!142!1584906040.69!1584906040.665676
SendState!SEND_IDLE!1584906040.81!1584906040.665664
BD_Cycles!143!1584906041.72!1584906041.668730
BD_Cycles!144!1584906042.7!1584906042.670549
PR_NumPings!36!1584906042.7!1584906042.670533
SendState!SEND_IDLE!1584906042.7!1584906042.670453
BD_Cycles!145!1584906043.71!1584906043.672874
BD_Cycles!146!1584906044.71!1584906044.674963
SendState!SEND_IDLE!1584906044.71!1584906044.674952
BD_Cycles!147!1584906045.71!1584906045.675395
BD_Cycles!148!1584906046.72!1584906046.675605
PR_NumPings!37!1584906046.72!1584906046.675590
SendState!SEND_IDLE!1584906046.72!1584906046.675508
BD_Cycles!149!1584906047.68!1584906047.675954
BD_Cycles!150!1584906048.68!1584906048.676182
SendState!SEND_IDLE!1584906048.68!1584906048.676164
BD_Cycles!151!1584906049.69!1584906049.680327
BD_Cycles!152!1584906050.69!1584906050.680848
PR_NumPings!38!1584906050.7!1584906050.680825
SendState!SEND_IDLE!1584906050.71!1584906050.680713
BD_Cycles!153!1584906051.72!1584906051.682265
BD_Cycles!154!1584906052.72!1584906052.683520
