BD_Cycles!0!1584923223.09!1584923222.950549
rateGroup3Comp_RgMaxTime!468!1584923223.09!1584923222.951013
PR_NumPings!0!1584923223.09!1584923222.951049
SendState!SEND_IDLE!1584923223.09!1584923222.951174
rateGroup2Comp_RgMaxTime!633!1584923223.09!1584923222.951177
rateGroup1Comp_RgMaxTime!1112!1584923223.1!1584923222.951657
BD_Cycles!1!1584923223.96!1584923223.952781
BD_Cycles!2!1584923224.96!1584923224.952914
SendState!SEND_IDLE!1584923224.97!1584923224.952932
BD_Cycles!3!1584923225.98!1584923225.968252
BD_Cycles!4!1584923227.01!1584923226.975743
PR_NumPings!1!1584923227.01!1584923226.975833
SendState!SEND_IDLE!1584923227.01!1584923226.975846
BD_Cycles!5!1584923228.0!1584923227.976653
BD_Cycles!6!1584923228.99!1584923228.978313
SendState!SEND_IDLE!1584923228.99!1584923228.978329
BD_Cycles!7!1584923229.99!1584923229.979346
BD_Cycles!8!1584923230.99!1584923230.980516
PR_NumPings!2!1584923230.99!1584923230.980602
SendState!SEND_IDLE!1584923230.99!1584923230.980610
BD_Cycles!9!1584923231.99!1584923231.981781
BD_Cycles!10!1584923232.99!1584923232.983013
SendState!SEND_IDLE!1584923232.99!1584923232.983029
BD_Cycles!11!1584923234.0!1584923233.984367
BD_Cycles!12!1584923235.0!1584923234.985572
PR_NumPings!3!1584923235.0!1584923234.985661
SendState!SEND_IDLE!1584923235.0!1584923234.985669
BD_Cycles!13!1584923236.0!1584923235.986743
BD_Cycles!14!1584923237.01!1584923236.988161
SendState!SEND_IDLE!1584923237.01!1584923236.988178
BD_Cycles!15!1584923238.01!1584923237.989636
BD_Cycles!16!1584923239.01!1584923238.991158
PR_NumPings!4!1584923239.01!1584923238.991244
SendState!SEND_IDLE!1584923239.01!1584923238.991252
BD_Cycles!17!1584923240.01!1584923239.992620
BD_Cycles!18!1584923241.01!1584923240.993791
SendState!SEND_IDLE!1584923241.02!1584923240.993807
BD_Cycles!19!1584923242.02!1584923241.995125
BD_Cycles!20!1584923243.02!1584923242.996406
PR_NumPings!5!1584923243.02!1584923242.996492
SendState!SEND_IDLE!1584923243.02!1584923242.996501
BD_Cycles!21!1584923244.01!1584923243.996841
BD_Cycles!22!1584923245.01!1584923244.997004
SendState!SEND_IDLE!1584923245.01!1584923244.997020
BD_Cycles!23!1584923246.01!1584923246.000135
BD_Cycles!24!1584923247.01!1584923247.001708
PR_NumPings!6!1584923247.01!1584923247.001812
SendState!SEND_IDLE!1584923247.02!1584923247.001725
BD_Cycles!25!1584923248.02!1584923248.002905
BD_Cycles!26!1584923249.02!1584923249.004038
SendState!SEND_IDLE!1584923249.02!1584923249.004056
BD_Cycles!27!1584923250.03!1584923250.005084
BD_Cycles!28!1584923251.03!1584923251.006031
PR_NumPings!7!1584923251.03!1584923251.006148
SendState!SEND_IDLE!1584923251.03!1584923251.006051
BD_Cycles!29!1584923252.03!1584923252.007194
BD_Cycles!30!1584923253.04!1584923253.008321
SendState!SEND_IDLE!1584923253.04!1584923253.008342
BD_Cycles!31!1584923254.03!1584923254.009566
BD_Cycles!32!1584923255.03!1584923255.010894
PR_NumPings!8!1584923255.03!1584923255.010987
SendState!SEND_IDLE!1584923255.03!1584923255.010910
BD_Cycles!33!1584923256.03!1584923256.012274
BD_Cycles!34!1584923257.03!1584923257.013454
SendState!SEND_IDLE!1584923257.03!1584923257.013470
BD_Cycles!35!1584923258.04!1584923258.014925
BD_Cycles!36!1584923259.04!1584923259.016059
PR_NumPings!9!1584923259.04!1584923259.016152
SendState!SEND_IDLE!1584923259.04!1584923259.016074
BD_Cycles!37!1584923260.04!1584923260.016722
BD_Cycles!38!1584923261.04!1584923261.017408
SendState!SEND_IDLE!1584923261.04!1584923261.017425
BD_Cycles!39!1584923262.04!1584923262.018070
BD_Cycles!40!1584923263.04!1584923263.018542
PR_NumPings!10!1584923263.04!1584923263.018523
SendState!SEND_IDLE!1584923263.04!1584923263.018422
BD_Cycles!41!1584923264.04!1584923264.019382
BD_Cycles!42!1584923265.04!1584923265.020138
SendState!SEND_IDLE!1584923265.04!1584923265.020125
BD_Cycles!43!1584923266.03!1584923266.022556
BD_Cycles!44!1584923267.03!1584923267.024415
PR_NumPings!11!1584923267.03!1584923267.024404
SendState!SEND_IDLE!1584923267.04!1584923267.024323
BD_Cycles!45!1584923268.04!1584923268.026814
BD_Cycles!46!1584923269.04!1584923269.027401
SendState!SEND_IDLE!1584923269.04!1584923269.027390
BD_Cycles!47!1584923270.04!1584923270.028486
BD_Cycles!48!1584923271.04!1584923271.029511
PR_NumPings!12!1584923271.04!1584923271.029501
SendState!SEND_IDLE!1584923271.04!1584923271.029419
BD_Cycles!49!1584923272.04!1584923272.030628
BD_Cycles!50!1584923273.04!1584923273.032001
SendState!SEND_IDLE!1584923273.04!1584923273.031991
BD_Cycles!51!1584923274.04!1584923274.033238
BD_Cycles!52!1584923275.04!1584923275.034602
PR_NumPings!13!1584923275.05!1584923275.034592
SendState!SEND_IDLE!1584923275.05!1584923275.034511
BD_Cycles!53!1584923276.05!1584923276.035614
BD_Cycles!54!1584923277.05!1584923277.035993
SendState!SEND_IDLE!1584923277.05!1584923277.035983
BD_Cycles!55!1584923278.05!1584923278.037972
BD_Cycles!56!1584923279.05!1584923279.039468
PR_NumPings!14!1584923279.05!1584923279.039456
SendState!SEND_IDLE!1584923279.05!1584923279.039374
BD_Cycles!57!1584923280.05!1584923280.040489
BD_Cycles!58!1584923281.05!1584923281.041820
SendState!SEND_IDLE!1584923281.05!1584923281.041810
BD_Cycles!59!1584923282.05!1584923282.043202
BD_Cycles!60!1584923283.05!1584923283.044985
PR_NumPings!15!1584923283.05!1584923283.044971
SendState!SEND_IDLE!1584923283.06!1584923283.044871
BD_Cycles!61!1584923284.06!1584923284.045828
BD_Cycles!62!1584923285.06!1584923285.047111
SendState!SEND_IDLE!1584923285.06!1584923285.047098
BD_Cycles!63!1584923286.06!1584923286.047304
BD_Cycles!64!1584923287.06!1584923287.049946
PR_NumPings!16!1584923287.06!1584923287.049933
SendState!SEND_IDLE!1584923287.06!1584923287.049846
BD_Cycles!65!1584923288.07!1584923288.051183
BD_Cycles!66!1584923289.07!1584923289.052815
SendState!SEND_IDLE!1584923289.07!1584923289.052805
BD_Cycles!67!1584923290.07!1584923290.054023
BD_Cycles!68!1584923291.08!1584923291.055380
PR_NumPings!17!1584923291.08!1584923291.055369
SendState!SEND_IDLE!1584923291.08!1584923291.055288
BD_Cycles!69!1584923292.08!1584923292.056607
BD_Cycles!70!1584923293.08!1584923293.057958
SendState!SEND_IDLE!1584923293.08!1584923293.057949
BD_Cycles!71!1584923294.08!1584923294.059209
BD_Cycles!72!1584923295.08!1584923295.060710
PR_NumPings!18!1584923295.08!1584923295.060696
SendState!SEND_IDLE!1584923295.08!1584923295.060616
BD_Cycles!73!1584923296.08!1584923296.061990
BD_Cycles!74!1584923297.08!1584923297.062289
SendState!SEND_IDLE!1584923297.08!1584923297.062280
BD_Cycles!75!1584923298.08!1584923298.064557
BD_Cycles!76!1584923299.09!1584923299.065655
PR_NumPings!19!1584923299.09!1584923299.065640
SendState!SEND_IDLE!1584923299.09!1584923299.065563
BD_Cycles!77!1584923300.09!1584923300.067149
BD_Cycles!78!1584923301.09!1584923301.068377
SendState!SEND_IDLE!1584923301.09!1584923301.068367
BD_Cycles!79!1584923302.09!1584923302.068681
BD_Cycles!80!1584923303.09!1584923303.069981
PR_NumPings!20!1584923303.09!1584923303.069965
SendState!SEND_IDLE!1584923303.09!1584923303.069865
BD_Cycles!81!1584923304.09!1584923304.072028
BD_Cycles!82!1584923305.09!1584923305.073372
SendState!SEND_IDLE!1584923305.09!1584923305.073362
BD_Cycles!83!1584923306.09!1584923306.074385
BD_Cycles!84!1584923307.1!1584923307.075441
PR_NumPings!21!1584923307.1!1584923307.075426
SendState!SEND_IDLE!1584923307.1!1584923307.075349
BD_Cycles!85!1584923308.1!1584923308.076621
BD_Cycles!86!1584923309.1!1584923309.077760
SendState!SEND_IDLE!1584923309.1!1584923309.077750
BD_Cycles!87!1584923310.1!1584923310.077916
BD_Cycles!88!1584923311.1!1584923311.078480
PR_NumPings!22!1584923311.1!1584923311.078466
SendState!SEND_IDLE!1584923311.1!1584923311.078389
BD_Cycles!89!1584923312.09!1584923312.081070
BD_Cycles!90!1584923313.09!1584923313.082637
SendState!SEND_IDLE!1584923313.09!1584923313.082627
BD_Cycles!91!1584923314.09!1584923314.083824
BD_Cycles!92!1584923315.1!1584923315.085086
PR_NumPings!23!1584923315.1!1584923315.085072
SendState!SEND_IDLE!1584923315.1!1584923315.084993
BD_Cycles!93!1584923316.1!1584923316.086452
BD_Cycles!94!1584923317.1!1584923317.087892
SendState!SEND_IDLE!1584923317.1!1584923317.087882
BD_Cycles!95!1584923318.1!1584923318.089112
BD_Cycles!96!1584923319.11!1584923319.090253
PR_NumPings!24!1584923319.11!1584923319.090239
SendState!SEND_IDLE!1584923319.11!1584923319.090161
BD_Cycles!97!1584923320.11!1584923320.091287
BD_Cycles!98!1584923321.11!1584923321.092196
SendState!SEND_IDLE!1584923321.11!1584923321.092186
BD_Cycles!99!1584923322.1!1584923322.093821
BD_Cycles!100!1584923323.11!1584923323.095195
PR_NumPings!25!1584923323.11!1584923323.095181
SendState!SEND_IDLE!1584923323.11!1584923323.095102
BD_Cycles!101!1584923324.11!1584923324.096547
BD_Cycles!102!1584923325.11!1584923325.097925
SendState!SEND_IDLE!1584923325.11!1584923325.097915
BD_Cycles!103!1584923326.12!1584923326.099280
BD_Cycles!104!1584923327.12!1584923327.100649
PR_NumPings!26!1584923327.12!1584923327.100635
SendState!SEND_IDLE!1584923327.12!1584923327.100558
BD_Cycles!105!1584923328.12!1584923328.101975
BD_Cycles!106!1584923329.12!1584923329.103015
SendState!SEND_IDLE!1584923329.12!1584923329.103005
BD_Cycles!107!1584923330.11!1584923330.103289
BD_Cycles!108!1584923331.12!1584923331.106112
PR_NumPings!27!1584923331.12!1584923331.106097
SendState!SEND_IDLE!1584923331.12!1584923331.106020
BD_Cycles!109!1584923332.12!1584923332.107468
BD_Cycles!110!1584923333.12!1584923333.108158
SendState!SEND_IDLE!1584923333.12!1584923333.108148
BD_Cycles!111!1584923334.13!1584923334.108467
BD_Cycles!112!1584923335.13!1584923335.109605
PR_NumPings!28!1584923335.13!1584923335.109590
SendState!SEND_IDLE!1584923335.13!1584923335.109512
BD_Cycles!113!1584923336.13!1584923336.112997
BD_Cycles!114!1584923337.13!1584923337.114388
SendState!SEND_IDLE!1584923337.13!1584923337.114379
BD_Cycles!115!1584923338.14!1584923338.115649
BD_Cycles!116!1584923339.14!1584923339.117017
PR_NumPings!29!1584923339.14!1584923339.117002
SendState!SEND_IDLE!1584923339.14!1584923339.116924
BD_Cycles!117!1584923340.14!1584923340.118652
BD_Cycles!118!1584923341.14!1584923341.118866
SendState!SEND_IDLE!1584923341.14!1584923341.118857
BD_Cycles!119!1584923342.14!1584923342.119663
BD_Cycles!120!1584923343.14!1584923343.122327
PR_NumPings!30!1584923343.14!1584923343.122312
SendState!SEND_IDLE!1584923343.14!1584923343.122233
BD_Cycles!121!1584923344.14!1584923344.123034
BD_Cycles!122!1584923345.14!1584923345.124360
SendState!SEND_IDLE!1584923345.14!1584923345.124318
BD_Cycles!123!1584923346.15!1584923346.124885
BD_Cycles!124!1584923347.15!1584923347.125216
PR_NumPings!31!1584923347.15!1584923347.125202
SendState!SEND_IDLE!1584923347.15!1584923347.125124
BD_Cycles!125!1584923348.15!1584923348.128280
BD_Cycles!126!1584923349.14!1584923349.130562
SendState!SEND_IDLE!1584923349.15!1584923349.130551
BD_Cycles!127!1584923350.15!1584923350.130802
BD_Cycles!128!1584923351.15!1584923351.132070
PR_NumPings!32!1584923351.15!1584923351.132055
SendState!SEND_IDLE!1584923351.15!1584923351.131977
BD_Cycles!129!1584923352.15!1584923352.132975
BD_Cycles!130!1584923353.15!1584923353.134360
SendState!SEND_IDLE!1584923353.16!1584923353.134350
BD_Cycles!131!1584923354.16!1584923354.135553
BD_Cycles!132!1584923355.16!1584923355.136930
PR_NumPings!33!1584923355.16!1584923355.136915
SendState!SEND_IDLE!1584923355.16!1584923355.136838
BD_Cycles!133!1584923356.16!1584923356.138225
BD_Cycles!134!1584923357.16!1584923357.139096
SendState!SEND_IDLE!1584923357.16!1584923357.139086
BD_Cycles!135!1584923358.16!1584923358.140790
BD_Cycles!136!1584923359.16!1584923359.142132
PR_NumPings!34!1584923359.16!1584923359.142117
SendState!SEND_IDLE!1584923359.16!1584923359.142039
BD_Cycles!137!1584923360.16!1584923360.143208
BD_Cycles!138!1584923361.16!1584923361.144563
SendState!SEND_IDLE!1584923361.17!1584923361.144553
BD_Cycles!139!1584923362.17!1584923362.145848
BD_Cycles!140!1584923363.17!1584923363.147275
PR_NumPings!35!1584923363.17!1584923363.147260
SendState!SEND_IDLE!1584923363.17!1584923363.147182
BD_Cycles!141!1584923364.17!1584923364.148610
BD_Cycles!142!1584923365.16!1584923365.150110
SendState!SEND_IDLE!1584923365.16!1584923365.150100
BD_Cycles!143!1584923366.16!1584923366.151210
BD_Cycles!144!1584923367.16!1584923367.152672
PR_NumPings!36!1584923367.16!1584923367.152653
SendState!SEND_IDLE!1584923367.16!1584923367.152556
BD_Cycles!145!1584923368.17!1584923368.153680
BD_Cycles!146!1584923369.17!1584923369.155114
SendState!SEND_IDLE!1584923369.17!1584923369.155104
BD_Cycles!147!1584923370.17!1584923370.155215
BD_Cycles!148!1584923371.17!1584923371.157614
PR_NumPings!37!1584923371.17!1584923371.157600
SendState!SEND_IDLE!1584923371.17!1584923371.157522
BD_Cycles!149!1584923372.18!1584923372.158952
BD_Cycles!150!1584923373.18!1584923373.160175
SendState!SEND_IDLE!1584923373.18!1584923373.160165
BD_Cycles!151!1584923374.18!1584923374.161147
BD_Cycles!152!1584923375.18!1584923375.161341
PR_NumPings!38!1584923375.18!1584923375.161327
SendState!SEND_IDLE!1584923375.18!1584923375.161248
BD_Cycles!153!1584923376.18!1584923376.162709
BD_Cycles!154!1584923377.18!1584923377.163074
SendState!SEND_IDLE!1584923377.18!1584923377.163065
BD_Cycles!155!1584923378.19!1584923378.165291
BD_Cycles!156!1584923379.19!1584923379.167388
PR_NumPings!39!1584923379.19!1584923379.167364
SendState!SEND_IDLE!1584923379.19!1584923379.167226
BD_Cycles!157!1584923380.19!1584923380.168441
BD_Cycles!158!1584923381.19!1584923381.169397
SendState!SEND_IDLE!1584923381.19!1584923381.169387
BD_Cycles!159!1584923382.19!1584923382.170076
BD_Cycles!160!1584923383.19!1584923383.170499
PR_NumPings!40!1584923383.19!1584923383.170485
SendState!SEND_IDLE!1584923383.19!1584923383.170407
BD_Cycles!161!1584923384.19!1584923384.171319
BD_Cycles!162!1584923385.19!1584923385.174872
SendState!SEND_IDLE!1584923385.19!1584923385.174863
BD_Cycles!163!1584923386.2!1584923386.176045
BD_Cycles!164!1584923387.2!1584923387.177343
PR_NumPings!41!1584923387.2!1584923387.177328
SendState!SEND_IDLE!1584923387.2!1584923387.177250
BD_Cycles!165!1584923388.2!1584923388.178674
BD_Cycles!166!1584923389.2!1584923389.180022
SendState!SEND_IDLE!1584923389.2!1584923389.180012
BD_Cycles!167!1584923390.2!1584923390.181522
BD_Cycles!168!1584923391.2!1584923391.183021
PR_NumPings!42!1584923391.2!1584923391.183006
SendState!SEND_IDLE!1584923391.2!1584923391.182928
BD_Cycles!169!1584923392.2!1584923392.184291
BD_Cycles!170!1584923393.2!1584923393.185690
SendState!SEND_IDLE!1584923393.2!1584923393.185680
BD_Cycles!171!1584923394.2!1584923394.186946
BD_Cycles!172!1584923395.2!1584923395.188563
PR_NumPings!43!1584923395.2!1584923395.188548
SendState!SEND_IDLE!1584923395.2!1584923395.188469
BD_Cycles!173!1584923396.21!1584923396.189869
BD_Cycles!174!1584923397.21!1584923397.190101
SendState!SEND_IDLE!1584923397.21!1584923397.190091
BD_Cycles!175!1584923398.21!1584923398.190774
BD_Cycles!176!1584923399.21!1584923399.193891
PR_NumPings!44!1584923399.21!1584923399.193875
SendState!SEND_IDLE!1584923399.22!1584923399.193793
BD_Cycles!177!1584923400.22!1584923400.194282
BD_Cycles!178!1584923401.22!1584923401.196361
SendState!SEND_IDLE!1584923401.22!1584923401.196352
BD_Cycles!179!1584923402.22!1584923402.197836
BD_Cycles!180!1584923403.22!1584923403.199122
PR_NumPings!45!1584923403.22!1584923403.199104
SendState!SEND_IDLE!1584923403.22!1584923403.199015
BD_Cycles!181!1584923404.23!1584923404.200086
BD_Cycles!182!1584923405.23!1584923405.200459
SendState!SEND_IDLE!1584923405.23!1584923405.200444
BD_Cycles!183!1584923406.22!1584923406.201917
BD_Cycles!184!1584923407.23!1584923407.202749
PR_NumPings!46!1584923407.23!1584923407.202735
SendState!SEND_IDLE!1584923407.23!1584923407.202657
BD_Cycles!185!1584923408.22!1584923408.203906
BD_Cycles!186!1584923409.25!1584923409.207672
SendState!SEND_IDLE!1584923409.27!1584923409.207505
rateGroup2Comp_RgMaxTime!1788!1584923409.27!1584923409.207541
BD_Cycles!187!1584923410.24!1584923410.210772
BD_Cycles!188!1584923411.23!1584923411.211874
PR_NumPings!47!1584923411.23!1584923411.211860
SendState!SEND_IDLE!1584923411.23!1584923411.211781
BD_Cycles!189!1584923412.23!1584923412.213178
CommandErrors!1!1584923412.23!1584923412.045087
BD_Cycles!190!1584923413.23!1584923413.215882
SendState!SEND_IDLE!1584923413.23!1584923413.215856
BD_Cycles!191!1584923414.23!1584923414.217559
BD_Cycles!192!1584923415.23!1584923415.220708
PR_NumPings!48!1584923415.24!1584923415.220693
SendState!SEND_IDLE!1584923415.24!1584923415.220612
BD_Cycles!193!1584923416.24!1584923416.221962
BD_Cycles!194!1584923417.24!1584923417.223040
SendState!SEND_IDLE!1584923417.24!1584923417.223030
BD_Cycles!195!1584923418.25!1584923418.224423
CommandErrors!2!1584923418.45!1584923417.443455
CommandsDispatched!1!1584923418.46!1584923417.443450
BD_Cycles!196!1584923419.28!1584923419.225352
PR_NumPings!49!1584923419.28!1584923419.225337
SendState!SEND_IDLE!1584923419.28!1584923419.225256
BD_Cycles!197!1584923420.25!1584923420.226338
BD_Cycles!198!1584923421.25!1584923421.226712
SendState!SEND_IDLE!1584923421.25!1584923421.226700
BD_Cycles!199!1584923422.25!1584923422.228469
BD_Cycles!200!1584923423.26!1584923423.229868
PR_NumPings!50!1584923423.26!1584923423.229843
SendState!SEND_IDLE!1584923423.26!1584923423.229724
BD_Cycles!201!1584923425.27!1584923424.231400
BD_Cycles!202!1584923426.24!1584923425.232216
SendState!SEND_IDLE!1584923426.24!1584923425.232205
BD_Cycles!203!1584923427.24!1584923426.233025
BD_Cycles!204!1584923428.25!1584923427.234462
SendState!SEND_IDLE!1584923428.25!1584923427.234344
PR_NumPings!51!1584923428.25!1584923427.234439
BD_Cycles!205!1584923429.26!1584923428.235526
BD_Cycles!206!1584923430.26!1584923429.236687
SendState!SEND_IDLE!1584923430.26!1584923429.236678
BD_Cycles!207!1584923431.26!1584923430.237324
BD_Cycles!208!1584923432.27!1584923431.238994
SendState!SEND_IDLE!1584923432.27!1584923431.238889
PR_NumPings!52!1584923432.27!1584923431.238974
BD_Cycles!209!1584923433.28!1584923432.240001
BD_Cycles!210!1584923434.27!1584923433.240776
SendState!SEND_IDLE!1584923434.27!1584923433.240767
BD_Cycles!211!1584923435.28!1584923434.241395
BD_Cycles!212!1584923436.28!1584923435.243504
SendState!SEND_IDLE!1584923436.28!1584923435.243374
PR_NumPings!53!1584923436.28!1584923435.243479
BD_Cycles!213!1584923584.87!1584923436.244088
BD_Cycles!214!1584923585.87!1584923584.836092
SendState!SEND_IDLE!1584923585.88!1584923584.836077
