BD_Cycles!0!1584911552.28!1584911552.240044
rateGroup3Comp_RgMaxTime!67!1584911552.32!1584911552.240108
PR_NumPings!0!1584911552.34!1584911552.240138
SendState!SEND_IDLE!1584911552.35!1584911552.240160
rateGroup2Comp_RgMaxTime!121!1584911552.35!1584911552.240161
rateGroup1Comp_RgMaxTime!139!1584911552.35!1584911552.240179
BD_Cycles!1!1584911553.26!1584911553.240604
BD_Cycles!2!1584911554.26!1584911554.243422
SendState!SEND_IDLE!1584911554.26!1584911554.243441
BD_Cycles!3!1584911555.27!1584911555.244101
BD_Cycles!4!1584911556.27!1584911556.248080
rateGroup3Comp_RgMaxTime!71!1584911556.27!1584911556.248136
PR_NumPings!1!1584911556.27!1584911556.248172
SendState!SEND_IDLE!1584911556.27!1584911556.248185
rateGroup2Comp_RgMaxTime!123!1584911556.27!1584911556.248187
BD_Cycles!5!1584911557.28!1584911557.249457
BD_Cycles!6!1584911558.28!1584911558.249541
SendState!SEND_IDLE!1584911558.28!1584911558.249567
BD_Cycles!7!1584911559.29!1584911559.250133
BD_Cycles!8!1584911560.29!1584911560.252239
rateGroup3Comp_RgMaxTime!84!1584911560.3!1584911560.252303
PR_NumPings!2!1584911560.3!1584911560.252381
SendState!SEND_IDLE!1584911560.3!1584911560.252392
rateGroup2Comp_RgMaxTime!174!1584911560.3!1584911560.252394
rateGroup1Comp_RgMaxTime!190!1584911560.3!1584911560.252410
BD_Cycles!9!1584911561.3!1584911561.252414
BD_Cycles!10!1584911562.31!1584911562.252851
SendState!SEND_IDLE!1584911562.31!1584911562.252875
BD_Cycles!11!1584911563.28!1584911563.255668
BD_Cycles!12!1584911564.27!1584911564.256520
rateGroup3Comp_RgMaxTime!112!1584911564.27!1584911564.256604
PR_NumPings!3!1584911564.27!1584911564.256741
SendState!SEND_IDLE!1584911564.28!1584911564.256759
rateGroup2Comp_RgMaxTime!270!1584911564.28!1584911564.256762
rateGroup1Comp_RgMaxTime!298!1584911564.28!1584911564.256790
BD_Cycles!13!1584911565.28!1584911565.257724
BD_Cycles!14!1584911566.28!1584911566.258325
SendState!SEND_IDLE!1584911566.28!1584911566.258343
BD_Cycles!15!1584911567.28!1584911567.259295
BD_Cycles!16!1584911568.28!1584911568.260747
PR_NumPings!4!1584911568.28!1584911568.260830
SendState!SEND_IDLE!1584911568.28!1584911568.260843
BD_Cycles!17!1584911569.28!1584911569.261941
BD_Cycles!18!1584911570.28!1584911570.262858
SendState!SEND_IDLE!1584911570.28!1584911570.262878
BD_Cycles!19!1584911571.28!1584911571.263409
BD_Cycles!20!1584911572.29!1584911572.265016
PR_NumPings!5!1584911572.29!1584911572.265112
SendState!SEND_IDLE!1584911572.29!1584911572.265033
BD_Cycles!21!1584911573.29!1584911573.266025
BD_Cycles!22!1584911574.29!1584911574.266129
SendState!SEND_IDLE!1584911574.3!1584911574.266147
BD_Cycles!23!1584911575.3!1584911575.266477
BD_Cycles!24!1584911576.3!1584911576.267212
rateGroup3Comp_RgMaxTime!156!1584911576.3!1584911576.267337
PR_NumPings!6!1584911576.3!1584911576.267389
SendState!SEND_IDLE!1584911576.3!1584911576.267243
BD_Cycles!25!1584911577.3!1584911577.267636
BD_Cycles!26!1584911578.3!1584911578.268301
SendState!SEND_IDLE!1584911578.3!1584911578.268323
BD_Cycles!27!1584911579.31!1584911579.268693
BD_Cycles!29!1584911581.31!1584911581.274489
SendState!SEND_IDLE!1584911581.31!1584911580.269192
PR_NumPings!7!1584911581.31!1584911580.269294
BD_Cycles!31!1584911583.3!1584911583.276441
SendState!SEND_IDLE!1584911583.3!1584911582.274697
rateGroup1Comp_RgMaxTime!329!1584911583.3!1584911583.276751
BD_Cycles!33!1584911585.32!1584911585.278495
SendState!SEND_IDLE!1584911585.32!1584911584.277210
PR_NumPings!8!1584911585.32!1584911584.277520
rateGroup3Comp_RgMaxTime!325!1584911585.32!1584911584.277326
BD_Cycles!34!1584911587.31!1584911586.278716
SendState!SEND_IDLE!1584911587.31!1584911586.278706
BD_Cycles!35!1584911588.32!1584911587.280189
BD_Cycles!36!1584911730.39!1584911588.281352
SendState!SEND_IDLE!1584911730.4!1584911588.280938
PR_NumPings!9!1584911730.4!1584911588.281232
rateGroup3Comp_RgMaxTime!581!1584911730.41!1584911588.281159
rateGroup2Comp_RgMaxTime!368!1584911730.41!1584911588.280945
BD_Cycles!37!1584911731.41!1584911730.376539
BD_Cycles!38!1584911732.42!1584911731.376666
SendState!SEND_IDLE!1584911732.43!1584911731.376657
BD_Cycles!39!1584911733.4!1584911732.377058
BD_Cycles!40!1584911734.41!1584911733.379978
SendState!SEND_IDLE!1584911734.41!1584911733.379880
PR_NumPings!10!1584911734.41!1584911733.379960
BD_Cycles!41!1584911735.41!1584911734.381551
BD_Cycles!42!1584911736.39!1584911735.383059
SendState!SEND_IDLE!1584911736.39!1584911735.383050
BD_Cycles!43!1584911737.4!1584911736.385098
BD_Cycles!44!1584911738.41!1584911737.386062
SendState!SEND_IDLE!1584911738.41!1584911737.385934
PR_NumPings!11!1584911738.42!1584911737.386043
BD_Cycles!45!1584911739.4!1584911738.386377
BD_Cycles!46!1584911740.4!1584911739.388188
SendState!SEND_IDLE!1584911740.4!1584911739.388179
BD_Cycles!47!1584911741.4!1584911740.389255
BD_Cycles!48!1584911742.4!1584911741.390664
SendState!SEND_IDLE!1584911742.41!1584911741.390509
PR_NumPings!12!1584911742.41!1584911741.390628
BD_Cycles!49!1584911743.41!1584911742.391302
BD_Cycles!50!1584911744.41!1584911743.391816
SendState!SEND_IDLE!1584911744.41!1584911743.391800
BD_Cycles!51!1584911745.43!1584911744.393563
BD_Cycles!52!1584911746.43!1584911745.394462
SendState!SEND_IDLE!1584911746.47!1584911745.394273
PR_NumPings!13!1584911746.48!1584911745.394440
BD_Cycles!53!1584911747.46!1584911746.395303
BD_Cycles!54!1584911748.42!1584911747.396561
SendState!SEND_IDLE!1584911748.43!1584911747.396552
BD_Cycles!55!1584911749.43!1584911748.396870
BD_Cycles!56!1584911750.44!1584911749.398910
SendState!SEND_IDLE!1584911750.45!1584911749.398814
PR_NumPings!14!1584911750.45!1584911749.398893
BD_Cycles!57!1584911751.45!1584911750.400097
BD_Cycles!58!1584911752.44!1584911751.401480
SendState!SEND_IDLE!1584911752.44!1584911751.401471
BD_Cycles!59!1584911753.44!1584911752.402543
BD_Cycles!60!1584911754.41!1584911753.403687
SendState!SEND_IDLE!1584911754.42!1584911753.403592
PR_NumPings!15!1584911754.42!1584911753.403672
BD_Cycles!61!1584911755.42!1584911754.404494
BD_Cycles!63!1584911756.42!1584911756.406688
SendState!SEND_IDLE!1584911756.42!1584911755.404892
BD_Cycles!64!1584911757.43!1584911757.407959
PR_NumPings!16!1584911757.43!1584911757.407944
SendState!SEND_IDLE!1584911757.43!1584911757.407848
BD_Cycles!65!1584911758.44!1584911758.408699
BD_Cycles!66!1584911759.44!1584911759.409110
SendState!SEND_IDLE!1584911759.44!1584911759.409099
BD_Cycles!67!1584911760.45!1584911760.409819
BD_Cycles!68!1584911761.42!1584911761.412215
PR_NumPings!17!1584911761.42!1584911761.412198
SendState!SEND_IDLE!1584911761.42!1584911761.412099
BD_Cycles!69!1584911762.42!1584911762.412582
BD_Cycles!70!1584911763.43!1584911763.413187
SendState!SEND_IDLE!1584911763.43!1584911763.413173
BD_Cycles!71!1584911764.44!1584911764.414335
BD_Cycles!72!1584911765.43!1584911765.415475
PR_NumPings!18!1584911765.43!1584911765.415433
SendState!SEND_IDLE!1584911765.43!1584911765.415283
BD_Cycles!73!1584911766.43!1584911766.415979
BD_Cycles!74!1584911767.44!1584911767.416651
SendState!SEND_IDLE!1584911767.44!1584911767.416635
rateGroup2Comp_RgMaxTime!502!1584911767.44!1584911767.416640
rateGroup1Comp_RgMaxTime!430!1584911767.44!1584911767.416572
BD_Cycles!75!1584911769.44!1584911768.417497
BD_Cycles!76!1584911770.44!1584911769.417793
SendState!SEND_IDLE!1584911770.44!1584911769.417697
PR_NumPings!19!1584911770.44!1584911769.417775
BD_Cycles!77!1584911771.44!1584911770.421396
BD_Cycles!78!1584911772.45!1584911771.421643
SendState!SEND_IDLE!1584911772.45!1584911771.421634
BD_Cycles!79!1584911773.45!1584911772.423577
BD_Cycles!80!1584911774.46!1584911773.424260
SendState!SEND_IDLE!1584911774.46!1584911773.424156
PR_NumPings!20!1584911774.46!1584911773.424242
BD_Cycles!81!1584911775.46!1584911774.424546
BD_Cycles!82!1584911776.47!1584911775.424930
SendState!SEND_IDLE!1584911776.48!1584911775.424921
BD_Cycles!83!1584911777.47!1584911776.426237
BD_Cycles!85!1584911778.44!1584911778.428159
SendState!SEND_IDLE!1584911778.44!1584911777.426968
PR_NumPings!21!1584911778.44!1584911777.427120
BD_Cycles!86!1584911779.44!1584911779.429400
SendState!SEND_IDLE!1584911779.44!1584911779.429379
BD_Cycles!87!1584911780.45!1584911780.431663
BD_Cycles!88!1584911782.45!1584911781.433842
SendState!SEND_IDLE!1584911782.45!1584911781.433624
PR_NumPings!22!1584911782.45!1584911781.433809
BD_Cycles!89!1584911783.46!1584911782.434081
BD_Cycles!91!1584911784.46!1584911784.434909
SendState!SEND_IDLE!1584911784.46!1584911783.434723
rateGroup2Comp_RgMaxTime!530!1584911784.46!1584911783.434734
BD_Cycles!92!1584911785.47!1584911785.435181
PR_NumPings!23!1584911785.47!1584911785.435166
SendState!SEND_IDLE!1584911785.47!1584911785.435088
BD_Cycles!93!1584911786.47!1584911786.437652
BD_Cycles!94!1584911787.47!1584911787.438731
SendState!SEND_IDLE!1584911787.47!1584911787.438721
BD_Cycles!95!1584911788.47!1584911788.438901
BD_Cycles!96!1584911789.47!1584911789.441161
PR_NumPings!24!1584911789.47!1584911789.441145
SendState!SEND_IDLE!1584911789.47!1584911789.441052
BD_Cycles!97!1584911790.47!1584911790.441441
BD_Cycles!98!1584911791.48!1584911791.442363
SendState!SEND_IDLE!1584911791.48!1584911791.442339
BD_Cycles!99!1584911792.48!1584911792.444226
BD_Cycles!100!1584911793.47!1584911793.444799
PR_NumPings!25!1584911793.47!1584911793.444783
SendState!SEND_IDLE!1584911793.47!1584911793.444691
BD_Cycles!101!1584911794.47!1584911794.445189
BD_Cycles!102!1584911796.48!1584911795.445396
SendState!SEND_IDLE!1584911796.48!1584911795.445385
BD_Cycles!103!1584911797.48!1584911796.447829
BD_Cycles!104!1584911798.49!1584911797.448141
SendState!SEND_IDLE!1584911798.49!1584911797.448042
PR_NumPings!26!1584911798.49!1584911797.448127
BD_Cycles!105!1584911799.46!1584911798.448574
BD_Cycles!106!1584911800.46!1584911799.449443
SendState!SEND_IDLE!1584911800.46!1584911799.449434
BD_Cycles!107!1584911801.47!1584911800.451211
BD_Cycles!108!1584911802.47!1584911801.451829
SendState!SEND_IDLE!1584911802.47!1584911801.451513
PR_NumPings!27!1584911802.48!1584911801.451785
BD_Cycles!109!1584911803.49!1584911802.452283
BD_Cycles!110!1584911804.5!1584911803.453028
SendState!SEND_IDLE!1584911804.5!1584911803.453014
BD_Cycles!111!1584911805.47!1584911804.453767
BD_Cycles!112!1584911806.48!1584911805.454466
SendState!SEND_IDLE!1584911806.48!1584911805.454330
PR_NumPings!28!1584911806.48!1584911805.454439
BD_Cycles!113!1584911807.48!1584911806.455812
BD_Cycles!114!1584911808.48!1584911807.457466
SendState!SEND_IDLE!1584911808.48!1584911807.457442
BD_Cycles!115!1584911809.48!1584911808.458111
BD_Cycles!116!1584911810.49!1584911809.458784
SendState!SEND_IDLE!1584911810.49!1584911809.458654
PR_NumPings!29!1584911810.49!1584911809.458761
BD_Cycles!118!1584911811.47!1584911811.460430
SendState!SEND_IDLE!1584911811.47!1584911811.460416
BD_Cycles!119!1584911812.47!1584911812.460840
BD_Cycles!120!1584911813.48!1584911813.461067
PR_NumPings!30!1584911813.48!1584911813.461051
SendState!SEND_IDLE!1584911813.48!1584911813.460961
BD_Cycles!121!1584911814.47!1584911814.461230
BD_Cycles!122!1584911815.47!1584911815.461738
SendState!SEND_IDLE!1584911815.47!1584911815.461722
BD_Cycles!123!1584911816.48!1584911816.462201
BD_Cycles!124!1584911817.48!1584911817.463470
PR_NumPings!31!1584911817.49!1584911817.463455
SendState!SEND_IDLE!1584911817.49!1584911817.463372
BD_Cycles!125!1584911818.5!1584911818.464395
BD_Cycles!126!1584911819.48!1584911819.464972
SendState!SEND_IDLE!1584911819.48!1584911819.464962
CommandsDispatched!1!1584911819.48!1584911818.923438
BD_Cycles!127!1584911820.48!1584911820.467027
BD_Cycles!128!1584911821.49!1584911821.467788
PR_NumPings!32!1584911821.49!1584911821.467761
SendState!SEND_IDLE!1584911821.5!1584911821.467668
BD_Cycles!129!1584911822.5!1584911822.467945
BD_Cycles!130!1584911823.51!1584911823.469016
SendState!SEND_IDLE!1584911823.51!1584911823.469006
BD_Cycles!131!1584911824.49!1584911824.469474
BD_Cycles!132!1584911825.49!1584911825.471521
PR_NumPings!33!1584911825.49!1584911825.471486
SendState!SEND_IDLE!1584911825.49!1584911825.471310
BD_Cycles!133!1584911826.5!1584911826.471967
BD_Cycles!134!1584911827.5!1584911827.472246
SendState!SEND_IDLE!1584911827.5!1584911827.472228
BD_Cycles!135!1584911828.51!1584911828.472392
BD_Cycles!136!1584911829.51!1584911829.472592
PR_NumPings!34!1584911829.51!1584911829.472577
SendState!SEND_IDLE!1584911829.51!1584911829.472490
BD_Cycles!137!1584911830.49!1584911830.473964
BD_Cycles!138!1584911831.49!1584911831.474553
SendState!SEND_IDLE!1584911831.49!1584911831.474541
BD_Cycles!139!1584911832.49!1584911832.474743
BD_Cycles!140!1584911833.5!1584911833.475186
PR_NumPings!35!1584911833.5!1584911833.475172
SendState!SEND_IDLE!1584911833.5!1584911833.475089
BD_Cycles!141!1584911834.51!1584911834.475458
BD_Cycles!142!1584911835.5!1584911835.476856
SendState!SEND_IDLE!1584911835.5!1584911835.476845
BD_Cycles!143!1584911836.5!1584911836.478525
BD_Cycles!144!1584911837.5!1584911837.481334
PR_NumPings!36!1584911837.51!1584911837.481319
SendState!SEND_IDLE!1584911837.51!1584911837.481236
BD_Cycles!145!1584911838.51!1584911838.482184
BD_Cycles!146!1584911839.51!1584911839.482455
SendState!SEND_IDLE!1584911839.51!1584911839.482441
BD_Cycles!147!1584911840.51!1584911840.484548
BD_Cycles!148!1584911841.5!1584911841.485279
PR_NumPings!37!1584911841.5!1584911841.485264
SendState!SEND_IDLE!1584911841.5!1584911841.485184
BD_Cycles!149!1584911842.5!1584911842.486482
BD_Cycles!150!1584911843.5!1584911843.487974
SendState!SEND_IDLE!1584911843.5!1584911843.487943
BD_Cycles!151!1584911844.5!1584911844.488654
BD_Cycles!152!1584911845.51!1584911845.489879
PR_NumPings!38!1584911845.51!1584911845.489861
SendState!SEND_IDLE!1584911845.52!1584911845.489754
BD_Cycles!153!1584911846.53!1584911846.490985
BD_Cycles!154!1584911847.53!1584911847.491574
SendState!SEND_IDLE!1584911847.55!1584911847.491563
BD_Cycles!155!1584911848.51!1584911848.492268
BD_Cycles!156!1584911849.51!1584911849.493593
PR_NumPings!39!1584911849.51!1584911849.493578
SendState!SEND_IDLE!1584911849.52!1584911849.493496
BD_Cycles!157!1584911850.52!1584911850.494611
BD_Cycles!158!1584911851.53!1584911851.495037
SendState!SEND_IDLE!1584911851.53!1584911851.495027
BD_Cycles!159!1584911852.51!1584911852.495810
BD_Cycles!160!1584911853.51!1584911853.496391
PR_NumPings!40!1584911853.51!1584911853.496362
SendState!SEND_IDLE!1584911853.52!1584911853.496200
BD_Cycles!161!1584911854.52!1584911854.496989
BD_Cycles!162!1584911855.52!1584911855.498863
SendState!SEND_IDLE!1584911855.52!1584911855.498748
BD_Cycles!163!1584911856.52!1584911856.499245
BD_Cycles!164!1584911857.53!1584911857.502232
PR_NumPings!41!1584911857.53!1584911857.502209
SendState!SEND_IDLE!1584911857.53!1584911857.502029
BD_Cycles!165!1584911858.53!1584911858.502766
BD_Cycles!166!1584911859.53!1584911859.503065
SendState!SEND_IDLE!1584911859.53!1584911859.503053
BD_Cycles!167!1584911860.54!1584911860.505416
BD_Cycles!168!1584911861.54!1584911861.505944
PR_NumPings!42!1584911861.54!1584911861.505917
SendState!SEND_IDLE!1584911861.54!1584911861.505682
BD_Cycles!169!1584911862.53!1584911862.506396
BD_Cycles!170!1584911863.54!1584911863.506636
SendState!SEND_IDLE!1584911863.54!1584911863.506622
BD_Cycles!171!1584911864.54!1584911864.509618
BD_Cycles!172!1584911865.54!1584911865.510449
PR_NumPings!43!1584911865.54!1584911865.510434
SendState!SEND_IDLE!1584911865.54!1584911865.510345
BD_Cycles!173!1584911866.52!1584911866.510736
BD_Cycles!174!1584911867.52!1584911867.512808
SendState!SEND_IDLE!1584911867.52!1584911867.512796
BD_Cycles!175!1584911868.52!1584911868.513686
BD_Cycles!176!1584911869.52!1584911869.513957
PR_NumPings!44!1584911869.52!1584911869.514056
SendState!SEND_IDLE!1584911869.53!1584911869.513984
BD_Cycles!177!1584911870.53!1584911870.515185
BD_Cycles!178!1584911871.53!1584911871.515553
SendState!SEND_IDLE!1584911871.53!1584911871.515581
BD_Cycles!179!1584911872.53!1584911872.517316
CommandsDispatched!2!1584911872.53!1584911871.572262
CommandErrors!1!1584911872.53!1584911871.572266
BD_Cycles!180!1584911873.53!1584911873.518634
PR_NumPings!45!1584911873.53!1584911873.518729
SendState!SEND_IDLE!1584911873.53!1584911873.518660
BD_Cycles!181!1584911874.54!1584911874.519813
BD_Cycles!182!1584911875.54!1584911875.521011
SendState!SEND_IDLE!1584911875.54!1584911875.521497
rateGroup2Comp_RgMaxTime!537!1584911875.54!1584911875.521502
BD_Cycles!183!1584911876.54!1584911876.521336
BD_Cycles!184!1584911877.55!1584911877.521432
PR_NumPings!46!1584911877.55!1584911877.521516
SendState!SEND_IDLE!1584911877.55!1584911877.521528
BD_Cycles!185!1584911878.55!1584911878.522420
BD_Cycles!186!1584911879.55!1584911879.523688
SendState!SEND_IDLE!1584911879.55!1584911879.523705
BD_Cycles!187!1584911880.55!1584911880.524502
BD_Cycles!188!1584911881.56!1584911881.525700
PR_NumPings!47!1584911881.56!1584911881.525933
SendState!SEND_IDLE!1584911881.57!1584911881.525825
BD_Cycles!189!1584911882.57!1584911882.528798
BD_Cycles!190!1584911883.58!1584911883.528909
SendState!SEND_IDLE!1584911883.59!1584911883.528947
BD_Cycles!191!1584911884.58!1584911884.529272
BD_Cycles!192!1584911885.55!1584911885.529434
PR_NumPings!48!1584911885.58!1584911885.529540
SendState!SEND_IDLE!1584911885.59!1584911885.529464
BD_Cycles!193!1584911886.56!1584911886.529873
BD_Cycles!194!1584911887.56!1584911887.531943
SendState!SEND_IDLE!1584911887.57!1584911887.531975
BD_Cycles!195!1584911888.57!1584911888.532456
BD_Cycles!196!1584911889.58!1584911889.534120
PR_NumPings!49!1584911889.58!1584911889.534340
SendState!SEND_IDLE!1584911889.58!1584911889.534219
BD_Cycles!197!1584911890.57!1584911890.534980
BD_Cycles!198!1584911891.58!1584911891.535333
SendState!SEND_IDLE!1584911891.58!1584911891.535366
BD_Cycles!199!1584911892.55!1584911892.535808
BD_Cycles!200!1584911893.56!1584911893.540639
PR_NumPings!50!1584911893.57!1584911893.540775
SendState!SEND_IDLE!1584911893.58!1584911893.540676
BD_Cycles!201!1584911894.58!1584911894.541860
BD_Cycles!202!1584911895.58!1584911895.542249
SendState!SEND_IDLE!1584911895.58!1584911895.542277
BD_Cycles!203!1584911896.55!1584911896.544124
BD_Cycles!204!1584911897.56!1584911897.545214
PR_NumPings!51!1584911897.58!1584911897.545355
SendState!SEND_IDLE!1584911897.58!1584911897.545254
BD_Cycles!205!1584911898.56!1584911898.546243
BD_Cycles!206!1584911899.58!1584911899.547203
SendState!SEND_IDLE!1584911899.58!1584911899.547230
BD_Cycles!207!1584911900.58!1584911900.548376
BD_Cycles!208!1584911901.58!1584911901.548699
PR_NumPings!52!1584911901.59!1584911901.548845
SendState!SEND_IDLE!1584911901.6!1584911901.548739
BD_Cycles!209!1584911902.57!1584911902.548841
BD_Cycles!210!1584911903.57!1584911903.550308
SendState!SEND_IDLE!1584911903.57!1584911903.550339
BD_Cycles!211!1584911904.57!1584911904.552870
BD_Cycles!212!1584911905.57!1584911905.552930
PR_NumPings!53!1584911905.57!1584911905.553032
SendState!SEND_IDLE!1584911905.57!1584911905.552958
BD_Cycles!213!1584911906.58!1584911906.554759
BD_Cycles!214!1584911907.59!1584911907.554930
SendState!SEND_IDLE!1584911907.59!1584911907.554962
BD_Cycles!215!1584911908.59!1584911908.555280
BD_Cycles!216!1584911909.59!1584911909.555598
PR_NumPings!54!1584911909.59!1584911909.555836
SendState!SEND_IDLE!1584911909.59!1584911909.555630
BD_Cycles!217!1584911910.58!1584911910.555949
BD_Cycles!218!1584911911.58!1584911911.556097
SendState!SEND_IDLE!1584911911.6!1584911911.556128
BD_Cycles!219!1584911912.63!1584911912.556650
BD_Cycles!220!1584911913.57!1584911913.561651
PR_NumPings!55!1584911913.58!1584911913.561864
SendState!SEND_IDLE!1584911913.58!1584911913.561694
BD_Cycles!221!1584911914.59!1584911914.561994
BD_Cycles!222!1584911915.58!1584911915.564288
SendState!SEND_IDLE!1584911915.58!1584911915.564330
BD_Cycles!223!1584911916.59!1584911916.565247
BD_Cycles!224!1584911917.58!1584911917.565680
PR_NumPings!56!1584911917.58!1584911917.565787
SendState!SEND_IDLE!1584911917.58!1584911917.565710
BD_Cycles!225!1584911918.58!1584911918.567001
BD_Cycles!226!1584911919.6!1584911919.567699
SendState!SEND_IDLE!1584911919.6!1584911919.567729
BD_Cycles!227!1584911920.6!1584911920.569450
BD_Cycles!228!1584911921.61!1584911921.569677
PR_NumPings!57!1584911921.62!1584911921.569845
SendState!SEND_IDLE!1584911921.62!1584911921.569724
BD_Cycles!229!1584911922.63!1584911922.570988
BD_Cycles!230!1584911923.63!1584911923.571350
SendState!SEND_IDLE!1584911923.65!1584911923.571381
BD_Cycles!231!1584911924.62!1584911924.571662
BD_Cycles!232!1584911925.62!1584911925.574790
PR_NumPings!58!1584911925.62!1584911925.574896
SendState!SEND_IDLE!1584911925.64!1584911925.574821
BD_Cycles!233!1584911926.61!1584911926.575271
BD_Cycles!234!1584911927.59!1584911927.575585
SendState!SEND_IDLE!1584911927.59!1584911927.575624
BD_Cycles!235!1584911928.61!1584911928.575908
BD_Cycles!236!1584911929.6!1584911929.576144
PR_NumPings!59!1584911929.62!1584911929.576320
SendState!SEND_IDLE!1584911929.62!1584911929.576195
