BD_Cycles!0!1585156927.0!1585156926.873777
rateGroup3Comp_RgMaxTime!1027!1585156927.02!1585156926.874801
PR_NumPings!0!1585156927.02!1585156926.874840
SendState!SEND_IDLE!1585156927.02!1585156926.874861
rateGroup2Comp_RgMaxTime!1089!1585156927.02!1585156926.874862
rateGroup1Comp_RgMaxTime!1106!1585156927.04!1585156926.874879
BD_Cycles!1!1585156927.94!1585156927.874115
BD_Cycles!2!1585156928.89!1585156928.874574
SendState!SEND_IDLE!1585156928.89!1585156928.874593
BD_Cycles!3!1585156929.88!1585156929.874963
BD_Cycles!4!1585156930.89!1585156930.876530
PR_NumPings!1!1585156930.89!1585156930.876683
SendState!SEND_IDLE!1585156930.89!1585156930.876695
BD_Cycles!5!1585156931.89!1585156931.877151
BD_Cycles!6!1585156932.89!1585156932.877210
SendState!SEND_IDLE!1585156932.89!1585156932.877231
BD_Cycles!7!1585156933.89!1585156933.877601
BD_Cycles!8!1585156934.9!1585156934.877841
PR_NumPings!2!1585156934.9!1585156934.877965
SendState!SEND_IDLE!1585156934.9!1585156934.877865
BD_Cycles!9!1585156935.9!1585156935.878751
BD_Cycles!10!1585156936.9!1585156936.878851
SendState!SEND_IDLE!1585156936.9!1585156936.878870
BD_Cycles!11!1585156937.89!1585156937.879188
CommandErrors!1!1585156937.9!1585156936.953090
BD_Cycles!13!1585156939.91!1585156939.882022
SendState!SEND_IDLE!1585156939.91!1585156938.881155
rateGroup2Comp_RgMaxTime!1260!1585156939.91!1585156938.881170
rateGroup3Comp_RgMaxTime!1449!1585156939.91!1585156938.881360
PR_NumPings!3!1585156939.91!1585156938.881435
BD_Cycles!15!1585156941.92!1585156941.882709
SendState!SEND_IDLE!1585156941.92!1585156940.882591
BD_Cycles!17!1585156943.92!1585156943.884985
SendState!SEND_IDLE!1585156943.92!1585156942.882964
PR_NumPings!4!1585156943.92!1585156942.883086
BD_Cycles!19!1585156945.91!1585156945.885828
SendState!SEND_IDLE!1585156945.91!1585156944.885175
BD_Cycles!20!1585156947.92!1585156946.886713
SendState!SEND_IDLE!1585156947.92!1585156946.886381
PR_NumPings!5!1585156947.92!1585156946.886634
BD_Cycles!21!1585156948.92!1585156947.889515
BD_Cycles!22!1585156949.93!1585156948.890085
SendState!SEND_IDLE!1585156949.94!1585156948.890056
BD_Cycles!23!1585156950.94!1585156949.890340
BD_Cycles!24!1585156951.91!1585156950.892824
SendState!SEND_IDLE!1585156951.91!1585156950.892726
PR_NumPings!6!1585156951.91!1585156950.892802
BD_Cycles!25!1585156952.92!1585156951.893787
BD_Cycles!26!1585156953.92!1585156952.894593
SendState!SEND_IDLE!1585156953.92!1585156952.894509
BD_Cycles!27!1585156954.92!1585156953.896153
BD_Cycles!28!1585156955.91!1585156954.897877
SendState!SEND_IDLE!1585156955.91!1585156954.897408
PR_NumPings!7!1585156955.91!1585156954.897812
