BD_Cycles!0!1584915519.5!1584915519.455537
rateGroup3Comp_RgMaxTime!80!1584915519.5!1584915519.455613
PR_NumPings!0!1584915519.51!1584915519.455645
SendState!SEND_IDLE!1584915519.51!1584915519.455667
rateGroup2Comp_RgMaxTime!136!1584915519.52!1584915519.455668
rateGroup1Comp_RgMaxTime!154!1584915519.55!1584915519.455686
BD_Cycles!1!1584915520.51!1584915520.455693
BD_Cycles!2!1584915521.51!1584915521.455901
SendState!SEND_IDLE!1584915521.52!1584915521.455929
BD_Cycles!3!1584915522.48!1584915522.456461
BD_Cycles!4!1584915523.49!1584915523.458269
rateGroup3Comp_RgMaxTime!122!1584915523.49!1584915523.458358
PR_NumPings!1!1584915523.49!1584915523.458419
SendState!SEND_IDLE!1584915523.49!1584915523.458444
rateGroup2Comp_RgMaxTime!213!1584915523.49!1584915523.458449
rateGroup1Comp_RgMaxTime!234!1584915523.49!1584915523.458470
BD_Cycles!5!1584915524.48!1584915524.458351
CommandsDispatched!1!1584915524.48!1584915524.194605
MGR_IS_ENABLED!True!1584915524.48!1584915524.194643
BD_Cycles!6!1584915525.47!1584915525.462295
SendState!SEND_IDLE!1584915525.47!1584915525.462316
BD_Cycles!7!1584915526.47!1584915526.463801
BD_Cycles!8!1584915527.47!1584915527.464266
PR_NumPings!2!1584915527.47!1584915527.464375
SendState!SEND_IDLE!1584915527.48!1584915527.464392
BD_Cycles!9!1584915528.47!1584915528.466078
BD_Cycles!10!1584915529.47!1584915529.466367
SendState!SEND_IDLE!1584915529.48!1584915529.466391
BD_Cycles!11!1584915530.48!1584915530.466620
BD_Cycles!12!1584915531.48!1584915531.466910
PR_NumPings!3!1584915531.48!1584915531.467107
SendState!SEND_IDLE!1584915531.48!1584915531.467132
rateGroup2Comp_RgMaxTime!254!1584915531.49!1584915531.467135
rateGroup1Comp_RgMaxTime!271!1584915531.49!1584915531.467152
BD_Cycles!13!1584915532.49!1584915532.467516
CommandsDispatched!2!1584915532.5!1584915532.406718
CommandErrors!1!1584915532.5!1584915532.406724
BD_Cycles!14!1584915533.5!1584915533.470026
SendState!SEND_IDLE!1584915533.5!1584915533.470048
BD_Cycles!15!1584915534.5!1584915534.470880
rateGroup1Comp_RgMaxTime!2058!1584915534.59!1584915534.472416
BD_Cycles!17!1584915536.5!1584915536.474507
SendState!SEND_IDLE!1584915536.5!1584915535.471453
rateGroup2Comp_RgMaxTime!290!1584915536.5!1584915535.471461
rateGroup3Comp_RgMaxTime!395!1584915536.5!1584915535.471566
PR_NumPings!4!1584915536.5!1584915535.471606
BD_Cycles!18!1584915538.5!1584915537.477522
SendState!SEND_IDLE!1584915538.5!1584915537.477512
BD_Cycles!19!1584915539.51!1584915538.480284
BD_Cycles!20!1584915540.5!1584915539.480766
SendState!SEND_IDLE!1584915540.5!1584915539.480664
PR_NumPings!5!1584915540.5!1584915539.480748
BD_Cycles!21!1584915541.5!1584915540.481228
BD_Cycles!22!1584915542.51!1584915541.481804
SendState!SEND_IDLE!1584915542.51!1584915541.481790
BD_Cycles!24!1584915543.51!1584915543.489965
PR_NumPings!6!1584915543.53!1584915543.490330
SendState!SEND_IDLE!1584915543.57!1584915543.490176
BD_Cycles!25!1584915544.56!1584915544.490884
BD_Cycles!26!1584915545.55!1584915545.491559
SendState!SEND_IDLE!1584915545.56!1584915545.491590
BD_Cycles!27!1584915546.5!1584915546.491737
BD_Cycles!28!1584915547.51!1584915547.492095
PR_NumPings!7!1584915547.52!1584915547.492259
SendState!SEND_IDLE!1584915547.52!1584915547.492128
BD_Cycles!29!1584915548.53!1584915548.492557
BD_Cycles!30!1584915549.53!1584915549.493392
SendState!SEND_IDLE!1584915549.53!1584915549.493441
BD_Cycles!31!1584915550.51!1584915550.493601
BD_Cycles!32!1584915551.51!1584915551.494649
PR_NumPings!8!1584915551.51!1584915551.494770
SendState!SEND_IDLE!1584915551.51!1584915551.494683
BD_Cycles!33!1584915552.52!1584915552.497383
BD_Cycles!34!1584915553.52!1584915553.502280
SendState!SEND_IDLE!1584915553.52!1584915553.502311
BD_Cycles!35!1584915554.53!1584915554.503507
BD_Cycles!36!1584915555.54!1584915555.504453
PR_NumPings!9!1584915555.54!1584915555.504734
SendState!SEND_IDLE!1584915555.54!1584915555.504527
BD_Cycles!37!1584915556.54!1584915556.505308
