BD_Cycles!0!1584929147.11!1584929147.034266
rateGroup3Comp_RgMaxTime!56!1584929147.12!1584929147.034319
PR_NumPings!0!1584929147.12!1584929147.034361
SendState!SEND_IDLE!1584929147.12!1584929147.034373
rateGroup2Comp_RgMaxTime!112!1584929147.12!1584929147.034375
rateGroup1Comp_RgMaxTime!129!1584929147.12!1584929147.034391
BD_Cycles!1!1584929148.05!1584929148.037054
BD_Cycles!2!1584929149.05!1584929149.037304
SendState!SEND_IDLE!1584929149.06!1584929149.037434
rateGroup2Comp_RgMaxTime!157!1584929149.06!1584929149.037439
rateGroup1Comp_RgMaxTime!181!1584929149.06!1584929149.037463
BD_Cycles!3!1584929150.06!1584929150.037867
BD_Cycles!4!1584929151.05!1584929151.038218
rateGroup3Comp_RgMaxTime!73!1584929151.05!1584929151.038273
PR_NumPings!1!1584929151.05!1584929151.038310
SendState!SEND_IDLE!1584929151.05!1584929151.038323
BD_Cycles!5!1584929152.06!1584929152.038610
BD_Cycles!6!1584929153.05!1584929153.039926
SendState!SEND_IDLE!1584929153.05!1584929153.039949
BD_Cycles!7!1584929154.05!1584929154.040076
CommandErrors!1!1584929154.06!1584929153.735960
BD_Cycles!8!1584929155.07!1584929155.040628
rateGroup3Comp_RgMaxTime!182!1584929155.18!1584929155.040705
PR_NumPings!2!1584929155.18!1584929155.040797
SendState!SEND_IDLE!1584929155.18!1584929155.040815
rateGroup2Comp_RgMaxTime!295!1584929155.18!1584929155.040817
rateGroup1Comp_RgMaxTime!309!1584929155.18!1584929155.040831
BD_Cycles!9!1584929156.1!1584929156.040818
BD_Cycles!10!1584929157.1!1584929157.041090
SendState!SEND_IDLE!1584929157.1!1584929157.041126
BD_Cycles!11!1584929158.09!1584929158.041723
BD_Cycles!12!1584929159.06!1584929159.044753
PR_NumPings!3!1584929159.06!1584929159.044890
SendState!SEND_IDLE!1584929159.06!1584929159.044905
BD_Cycles!13!1584929160.06!1584929160.045063
BD_Cycles!14!1584929161.06!1584929161.046892
SendState!SEND_IDLE!1584929161.06!1584929161.046913
BD_Cycles!15!1584929162.06!1584929162.047214
BD_Cycles!16!1584929163.07!1584929163.048385
PR_NumPings!4!1584929163.07!1584929163.048485
SendState!SEND_IDLE!1584929163.07!1584929163.048494
BD_Cycles!17!1584929164.08!1584929164.055578
BD_Cycles!18!1584929165.08!1584929165.056513
SendState!SEND_IDLE!1584929165.08!1584929165.056530
BD_Cycles!19!1584929166.08!1584929166.056695
BD_Cycles!20!1584929167.09!1584929167.057344
rateGroup3Comp_RgMaxTime!196!1584929167.09!1584929167.057271
PR_NumPings!5!1584929167.09!1584929167.057328
SendState!SEND_IDLE!1584929167.09!1584929167.057167
BD_Cycles!21!1584929168.08!1584929168.058104
BD_Cycles!22!1584929169.1!1584929169.061152
SendState!SEND_IDLE!1584929169.1!1584929169.061141
BD_Cycles!23!1584929170.1!1584929170.062092
BD_Cycles!24!1584929171.11!1584929171.063386
PR_NumPings!6!1584929171.11!1584929171.063371
SendState!SEND_IDLE!1584929171.11!1584929171.063242
BD_Cycles!25!1584929172.11!1584929172.063960
BD_Cycles!26!1584929173.1!1584929173.065214
SendState!SEND_IDLE!1584929173.1!1584929173.065245
BD_Cycles!27!1584929174.11!1584929174.066470
BD_Cycles!28!1584929175.11!1584929175.066979
rateGroup3Comp_RgMaxTime!217!1584929175.11!1584929175.066853
PR_NumPings!7!1584929175.11!1584929175.066948
SendState!SEND_IDLE!1584929175.11!1584929175.066711
BD_Cycles!29!1584929176.11!1584929176.068588
