BD_Cycles!0!1584935359.75!1584935359.647355
rateGroup3Comp_RgMaxTime!957!1584935360.03!1584935359.648308
PR_NumPings!0!1584935360.07!1584935359.648377
SendState!SEND_IDLE!1584935360.07!1584935359.649294
rateGroup2Comp_RgMaxTime!1951!1584935360.07!1584935359.649302
rateGroup1Comp_RgMaxTime!2095!1584935360.08!1584935359.649445
BD_Cycles!1!1584935360.73!1584935360.648063
BD_Cycles!2!1584935361.69!1584935361.650582
SendState!SEND_IDLE!1584935361.69!1584935361.650706
BD_Cycles!3!1584935362.69!1584935362.651451
CommandErrors!1!1584935362.69!1584935362.403819
SendState!SEND_IDLE!1584935363.71!1584935363.651996
BD_Cycles!5!1584935364.67!1584935364.652516
PR_NumPings!1!1584935364.68!1584935363.652181
BD_Cycles!6!1584935365.68!1584935365.652756
SendState!SEND_IDLE!1584935365.68!1584935365.652783
BD_Cycles!7!1584935366.68!1584935366.652920
BD_Cycles!8!1584935368.69!1584935367.653598
PR_NumPings!2!1584935368.69!1584935367.653584
SendState!SEND_IDLE!1584935368.69!1584935367.653484
BD_Cycles!9!1584935369.69!1584935368.653843
BD_Cycles!10!1584935370.7!1584935369.654643
SendState!SEND_IDLE!1584935370.7!1584935369.654178
