BD_Cycles!0!1585157932.22!1585157932.208157
rateGroup3Comp_RgMaxTime!48!1585157932.24!1585157932.208198
PR_NumPings!0!1585157932.25!1585157932.208235
SendState!SEND_IDLE!1585157932.27!1585157932.208243
rateGroup2Comp_RgMaxTime!95!1585157932.27!1585157932.208245
rateGroup1Comp_RgMaxTime!105!1585157932.28!1585157932.208255
BD_Cycles!1!1585157933.32!1585157933.210336
BD_Cycles!2!1585157934.25!1585157934.211817
SendState!SEND_IDLE!1585157934.26!1585157934.211839
BD_Cycles!3!1585157935.24!1585157935.212048
BD_Cycles!4!1585157936.23!1585157936.212860
rateGroup3Comp_RgMaxTime!89!1585157936.3!1585157936.212929
PR_NumPings!1!1585157936.31!1585157936.212978
SendState!SEND_IDLE!1585157936.33!1585157936.212989
rateGroup2Comp_RgMaxTime!151!1585157936.33!1585157936.212991
rateGroup1Comp_RgMaxTime!170!1585157936.33!1585157936.213010
BD_Cycles!5!1585157937.22!1585157937.213084
BD_Cycles!6!1585157938.23!1585157938.216121
SendState!SEND_IDLE!1585157938.23!1585157938.216176
BD_Cycles!7!1585157939.23!1585157939.216524
BD_Cycles!8!1585157940.23!1585157940.217080
rateGroup3Comp_RgMaxTime!124!1585157940.24!1585157940.217171
PR_NumPings!2!1585157940.24!1585157940.217240
SendState!SEND_IDLE!1585157940.25!1585157940.217255
rateGroup2Comp_RgMaxTime!213!1585157940.25!1585157940.217258
rateGroup1Comp_RgMaxTime!230!1585157940.25!1585157940.217275
BD_Cycles!9!1585157941.25!1585157941.219688
BD_Cycles!10!1585157942.25!1585157942.220176
SendState!SEND_IDLE!1585157942.26!1585157942.220212
BD_Cycles!11!1585157943.24!1585157943.220328
rateGroup3Comp_RgMaxTime!720!1585157944.25!1585157944.221440
PR_NumPings!3!1585157944.26!1585157944.221498
SendState!SEND_IDLE!1585157944.26!1585157944.220822
CommandsDispatched!1!1585157944.27!1585157943.304051
MGR_IS_ENABLED!True!1585157944.28!1585157943.304090
BD_Cycles!12!1585157945.28!1585157944.225576
BD_Cycles!13!1585157946.28!1585157945.225871
BD_Cycles!14!1585157947.26!1585157946.226212
SendState!SEND_IDLE!1585157947.26!1585157946.226200
BD_Cycles!15!1585157948.26!1585157947.226848
rateGroup1Comp_RgMaxTime!415!1585157948.5!1585157948.227404
BD_Cycles!16!1585157949.25!1585157948.228023
SendState!SEND_IDLE!1585157949.26!1585157948.227727
rateGroup2Comp_RgMaxTime!746!1585157949.26!1585157948.227732
rateGroup3Comp_RgMaxTime!956!1585157949.27!1585157948.227943
PR_NumPings!4!1585157949.27!1585157948.227989
BD_Cycles!17!1585157950.23!1585157949.228191
BD_Cycles!18!1585157951.24!1585157950.229531
SendState!SEND_IDLE!1585157951.24!1585157950.229514
BD_Cycles!19!1585157952.24!1585157951.229657
BD_Cycles!20!1585157953.24!1585157952.230190
SendState!SEND_IDLE!1585157953.24!1585157952.230084
PR_NumPings!5!1585157953.24!1585157952.230169
BD_Cycles!21!1585157954.25!1585157953.230353
BD_Cycles!22!1585157955.25!1585157954.231037
SendState!SEND_IDLE!1585157955.25!1585157954.231024
BD_Cycles!23!1585157956.26!1585157955.231542
BD_Cycles!24!1585157957.28!1585157956.233292
SendState!SEND_IDLE!1585157957.28!1585157956.233142
PR_NumPings!6!1585157957.28!1585157956.233262
BD_Cycles!25!1585157958.27!1585157957.233811
BD_Cycles!26!1585157959.27!1585157958.234627
SendState!SEND_IDLE!1585157959.27!1585157958.234618
BD_Cycles!27!1585157960.28!1585157959.235130
rateGroup1Comp_RgMaxTime!744!1585157960.29!1585157960.237975
CommandsDispatched!2!1585157960.29!1585157960.028008
MGR_IS_ENABLED!True!1585157960.29!1585157960.028206
SCHED_SENT!True!1585157960.29!1585157960.028140
MGR_MSG!83.0!1585157960.29!1585157960.028207
BD_Cycles!28!1585157961.28!1585157960.244163
SendState!SEND_IDLE!1585157961.29!1585157960.239095
rateGroup2Comp_RgMaxTime!1874!1585157961.29!1585157960.239102
rateGroup3Comp_RgMaxTime!6930!1585157961.31!1585157960.244158
PR_NumPings!7!1585157961.31!1585157960.244139
BD_Cycles!29!1585157962.28!1585157961.244441
BD_Cycles!30!1585157963.28!1585157962.244741
SendState!SEND_IDLE!1585157963.29!1585157962.244726
BD_Cycles!31!1585157964.29!1585157963.245051
BD_Cycles!32!1585157965.29!1585157964.246159
SendState!SEND_IDLE!1585157965.29!1585157964.245940
PR_NumPings!8!1585157965.29!1585157964.246133
BD_Cycles!33!1585157966.28!1585157965.246693
BD_Cycles!34!1585157967.27!1585157966.247815
SendState!SEND_IDLE!1585157967.27!1585157966.247804
BD_Cycles!35!1585157968.27!1585157967.248934
BD_Cycles!36!1585157969.26!1585157968.249337
SendState!SEND_IDLE!1585157969.26!1585157968.249177
PR_NumPings!9!1585157969.26!1585157968.249317
BD_Cycles!37!1585157970.26!1585157969.249994
BD_Cycles!38!1585157971.26!1585157970.250258
SendState!SEND_IDLE!1585157971.27!1585157970.250244
BD_Cycles!39!1585157972.27!1585157971.250369
BD_Cycles!40!1585157973.27!1585157972.252014
SendState!SEND_IDLE!1585157973.27!1585157972.250734
PR_NumPings!10!1585157973.27!1585157972.251715
BD_Cycles!41!1585157974.27!1585157973.252415
BD_Cycles!42!1585157975.28!1585157974.254378
SendState!SEND_IDLE!1585157975.28!1585157974.254367
BD_Cycles!43!1585157976.28!1585157975.254746
BD_Cycles!44!1585157977.28!1585157976.255832
SendState!SEND_IDLE!1585157977.28!1585157976.255316
PR_NumPings!11!1585157977.28!1585157976.255559
BD_Cycles!45!1585157978.28!1585157977.256646
BD_Cycles!46!1585157979.27!1585157978.257747
SendState!SEND_IDLE!1585157979.27!1585157978.257734
BD_Cycles!47!1585157980.28!1585157979.259833
BD_Cycles!48!1585157981.28!1585157980.262227
SendState!SEND_IDLE!1585157981.28!1585157980.262078
PR_NumPings!12!1585157981.28!1585157980.262204
BD_Cycles!49!1585157982.28!1585157981.263977
BD_Cycles!50!1585157983.28!1585157982.264417
SendState!SEND_IDLE!1585157983.28!1585157982.264322
BD_Cycles!51!1585157984.28!1585157983.264709
BD_Cycles!52!1585157985.28!1585157984.265826
SendState!SEND_IDLE!1585157985.28!1585157984.265712
PR_NumPings!13!1585157985.28!1585157984.265805
BD_Cycles!53!1585157986.28!1585157985.266230
BD_Cycles!54!1585157987.28!1585157986.267606
SendState!SEND_IDLE!1585157987.29!1585157986.267597
BD_Cycles!55!1585157988.28!1585157987.267882
BD_Cycles!56!1585157989.28!1585157988.269632
SendState!SEND_IDLE!1585157989.28!1585157988.269529
PR_NumPings!14!1585157989.28!1585157988.269612
BD_Cycles!57!1585157990.28!1585157989.271013
BD_Cycles!58!1585157991.29!1585157990.271700
SendState!SEND_IDLE!1585157991.29!1585157990.271689
BD_Cycles!59!1585157992.29!1585157991.271970
BD_Cycles!60!1585157993.32!1585157992.272771
SendState!SEND_IDLE!1585157993.41!1585157992.272504
PR_NumPings!15!1585157993.41!1585157992.272712
BD_Cycles!61!1585157994.32!1585157993.273350
BD_Cycles!62!1585157995.32!1585157994.273930
SendState!SEND_IDLE!1585157995.32!1585157994.273919
BD_Cycles!63!1585157996.32!1585157995.274382
BD_Cycles!64!1585157997.32!1585157996.274839
SendState!SEND_IDLE!1585157997.34!1585157996.274717
PR_NumPings!16!1585157997.34!1585157996.274816
BD_Cycles!65!1585157998.3!1585157997.275254
BD_Cycles!67!1585157999.31!1585157999.281025
SendState!SEND_IDLE!1585157999.42!1585157998.280785
rateGroup2Comp_RgMaxTime!5334!1585157999.42!1585157998.280797
BD_Cycles!68!1585158000.35!1585158000.289115
PR_NumPings!17!1585158000.35!1585158000.289095
SendState!SEND_IDLE!1585158000.35!1585158000.288998
BD_Cycles!69!1585158001.32!1585158001.289308
BD_Cycles!70!1585158002.31!1585158002.289985
SendState!SEND_IDLE!1585158002.35!1585158002.289975
BD_Cycles!71!1585158003.35!1585158003.291248
BD_Cycles!72!1585158004.34!1585158004.292534
PR_NumPings!18!1585158004.35!1585158004.292496
SendState!SEND_IDLE!1585158004.35!1585158004.292318
BD_Cycles!73!1585158005.35!1585158005.295838
BD_Cycles!74!1585158006.34!1585158006.296523
SendState!SEND_IDLE!1585158006.34!1585158006.296506
BD_Cycles!75!1585158007.34!1585158007.296985
BD_Cycles!76!1585158008.33!1585158008.297289
PR_NumPings!19!1585158008.33!1585158008.297269
SendState!SEND_IDLE!1585158008.33!1585158008.297170
BD_Cycles!77!1585158009.33!1585158009.297967
BD_Cycles!78!1585158010.35!1585158010.298381
SendState!SEND_IDLE!1585158010.35!1585158010.298410
BD_Cycles!79!1585158011.31!1585158011.300309
BD_Cycles!80!1585158012.31!1585158012.302447
PR_NumPings!20!1585158012.31!1585158012.302433
SendState!SEND_IDLE!1585158012.31!1585158012.302355
BD_Cycles!81!1585158013.31!1585158013.302596
BD_Cycles!82!1585158014.31!1585158014.302766
SendState!SEND_IDLE!1585158014.31!1585158014.302755
BD_Cycles!83!1585158015.31!1585158015.303329
BD_Cycles!84!1585158016.31!1585158016.305997
PR_NumPings!21!1585158016.31!1585158016.306101
SendState!SEND_IDLE!1585158016.31!1585158016.306028
BD_Cycles!85!1585158017.32!1585158017.306308
BD_Cycles!86!1585158018.32!1585158018.306488
SendState!SEND_IDLE!1585158018.32!1585158018.306539
BD_Cycles!87!1585158019.32!1585158019.306789
BD_Cycles!88!1585158020.32!1585158020.307892
PR_NumPings!22!1585158020.32!1585158020.308000
SendState!SEND_IDLE!1585158020.34!1585158020.307923
BD_Cycles!89!1585158021.32!1585158021.308128
BD_Cycles!90!1585158022.33!1585158022.308307
SendState!SEND_IDLE!1585158022.33!1585158022.308335
BD_Cycles!91!1585158023.32!1585158023.308542
BD_Cycles!92!1585158024.32!1585158024.309217
PR_NumPings!23!1585158024.32!1585158024.309440
SendState!SEND_IDLE!1585158024.32!1585158024.309245
BD_Cycles!93!1585158025.34!1585158025.310015
BD_Cycles!94!1585158026.34!1585158026.310205
SendState!SEND_IDLE!1585158026.35!1585158026.310239
BD_Cycles!95!1585158027.35!1585158027.311253
BD_Cycles!96!1585158028.35!1585158028.311879
PR_NumPings!24!1585158028.35!1585158028.312982
SendState!SEND_IDLE!1585158028.35!1585158028.311954
CommandsDispatched!3!1585158028.35!1585158028.103687
MGR_IS_ENABLED!False!1585158028.35!1585158028.103696
BD_Cycles!97!1585158029.36!1585158029.314003
BD_Cycles!98!1585158030.36!1585158030.315670
SendState!SEND_IDLE!1585158030.36!1585158030.315697
BD_Cycles!99!1585158031.36!1585158031.316568
BD_Cycles!100!1585158032.36!1585158032.317187
PR_NumPings!25!1585158032.36!1585158032.317324
SendState!SEND_IDLE!1585158032.36!1585158032.317225
BD_Cycles!101!1585158033.35!1585158033.317397
BD_Cycles!102!1585158034.34!1585158034.318862
SendState!SEND_IDLE!1585158034.34!1585158034.318898
BD_Cycles!103!1585158035.34!1585158035.319365
BD_Cycles!104!1585158036.35!1585158036.319630
PR_NumPings!26!1585158036.35!1585158036.319849
SendState!SEND_IDLE!1585158036.35!1585158036.319702
BD_Cycles!105!1585158037.34!1585158037.320229
BD_Cycles!106!1585158038.34!1585158038.323273
SendState!SEND_IDLE!1585158038.35!1585158038.323356
BD_Cycles!107!1585158039.35!1585158039.323703
BD_Cycles!108!1585158040.35!1585158040.325513
PR_NumPings!27!1585158040.35!1585158040.325612
SendState!SEND_IDLE!1585158040.35!1585158040.325538
BD_Cycles!109!1585158041.35!1585158041.326417
BD_Cycles!110!1585158042.36!1585158042.326909
SendState!SEND_IDLE!1585158042.36!1585158042.326938
BD_Cycles!111!1585158043.36!1585158043.326995
CommandsDispatched!4!1585158043.36!1585158042.874878
SCHED_SENT!True!1585158043.36!1585158042.874974
MGR_IS_ENABLED!False!1585158043.37!1585158042.875018
BD_Cycles!112!1585158044.35!1585158044.327324
PR_NumPings!28!1585158044.43!1585158044.327418
SendState!SEND_IDLE!1585158044.44!1585158044.327342
BD_Cycles!113!1585158045.35!1585158045.327963
BD_Cycles!114!1585158046.35!1585158046.329275
SendState!SEND_IDLE!1585158046.35!1585158046.329304
BD_Cycles!115!1585158047.35!1585158047.332467
BD_Cycles!116!1585158048.34!1585158048.332639
PR_NumPings!29!1585158048.35!1585158048.332740
SendState!SEND_IDLE!1585158048.35!1585158048.332667
BD_Cycles!117!1585158049.35!1585158049.332699
BD_Cycles!118!1585158050.36!1585158050.333882
SendState!SEND_IDLE!1585158050.36!1585158050.333921
BD_Cycles!119!1585158051.36!1585158051.334247
BD_Cycles!120!1585158052.36!1585158052.334549
PR_NumPings!30!1585158052.36!1585158052.334697
SendState!SEND_IDLE!1585158052.36!1585158052.334587
BD_Cycles!121!1585158053.36!1585158053.336778
BD_Cycles!122!1585158054.36!1585158054.337009
SendState!SEND_IDLE!1585158054.36!1585158054.337070
BD_Cycles!123!1585158055.35!1585158055.337516
BD_Cycles!124!1585158056.35!1585158056.337939
PR_NumPings!31!1585158056.35!1585158056.338088
SendState!SEND_IDLE!1585158056.35!1585158056.337980
BD_Cycles!125!1585158057.36!1585158057.338115
BD_Cycles!126!1585158058.36!1585158058.340091
SendState!SEND_IDLE!1585158058.41!1585158058.340136
BD_Cycles!127!1585158059.37!1585158059.341213
BD_Cycles!128!1585158060.37!1585158060.341734
PR_NumPings!32!1585158060.39!1585158060.341837
SendState!SEND_IDLE!1585158060.39!1585158060.341762
BD_Cycles!129!1585158061.38!1585158061.341769
BD_Cycles!130!1585158062.37!1585158062.342531
SendState!SEND_IDLE!1585158062.39!1585158062.342556
BD_Cycles!131!1585158063.4!1585158063.343426
BD_Cycles!132!1585158064.35!1585158064.343916
PR_NumPings!33!1585158064.35!1585158064.344012
SendState!SEND_IDLE!1585158064.35!1585158064.343941
BD_Cycles!133!1585158065.35!1585158065.344449
BD_Cycles!134!1585158066.35!1585158066.345319
SendState!SEND_IDLE!1585158066.35!1585158066.345347
BD_Cycles!135!1585158067.35!1585158067.345470
BD_Cycles!136!1585158068.36!1585158068.347115
PR_NumPings!34!1585158068.37!1585158068.347285
SendState!SEND_IDLE!1585158068.39!1585158068.347159
BD_Cycles!137!1585158069.37!1585158069.347980
BD_Cycles!138!1585158070.39!1585158070.348405
SendState!SEND_IDLE!1585158070.4!1585158070.348433
BD_Cycles!139!1585158071.38!1585158071.348467
BD_Cycles!140!1585158072.36!1585158072.348743
PR_NumPings!35!1585158072.42!1585158072.349341
SendState!SEND_IDLE!1585158072.45!1585158072.348900
BD_Cycles!141!1585158073.38!1585158073.349336
BD_Cycles!142!1585158074.39!1585158074.349526
SendState!SEND_IDLE!1585158074.42!1585158074.349581
BD_Cycles!143!1585158075.37!1585158075.349591
BD_Cycles!144!1585158076.38!1585158076.353386
PR_NumPings!36!1585158076.38!1585158076.353484
SendState!SEND_IDLE!1585158076.39!1585158076.353414
BD_Cycles!145!1585158077.4!1585158077.354098
BD_Cycles!146!1585158078.4!1585158078.354456
SendState!SEND_IDLE!1585158078.41!1585158078.354562
BD_Cycles!147!1585158079.41!1585158079.354539
BD_Cycles!148!1585158080.39!1585158080.354873
PR_NumPings!37!1585158080.42!1585158080.355058
SendState!SEND_IDLE!1585158080.42!1585158080.354922
BD_Cycles!149!1585158081.38!1585158081.355188
BD_Cycles!150!1585158082.37!1585158082.355523
SendState!SEND_IDLE!1585158082.37!1585158082.355549
BD_Cycles!151!1585158083.37!1585158083.355653
BD_Cycles!152!1585158084.37!1585158084.356231
PR_NumPings!38!1585158084.37!1585158084.356328
SendState!SEND_IDLE!1585158084.37!1585158084.356257
BD_Cycles!153!1585158085.37!1585158085.357349
BD_Cycles!154!1585158086.37!1585158086.358177
SendState!SEND_IDLE!1585158086.39!1585158086.358211
BD_Cycles!155!1585158087.38!1585158087.358870
BD_Cycles!156!1585158088.38!1585158088.359379
PR_NumPings!39!1585158088.38!1585158088.359590
SendState!SEND_IDLE!1585158088.38!1585158088.359407
BD_Cycles!157!1585158089.37!1585158089.359437
BD_Cycles!158!1585158090.37!1585158090.359808
SendState!SEND_IDLE!1585158090.37!1585158090.359846
BD_Cycles!159!1585158091.37!1585158091.360152
BD_Cycles!160!1585158092.37!1585158092.360461
PR_NumPings!40!1585158092.37!1585158092.360579
SendState!SEND_IDLE!1585158092.37!1585158092.360494
BD_Cycles!161!1585158093.38!1585158093.360838
BD_Cycles!162!1585158094.38!1585158094.361094
SendState!SEND_IDLE!1585158094.38!1585158094.361141
BD_Cycles!163!1585158095.38!1585158095.361232
BD_Cycles!164!1585158096.41!1585158096.361467
PR_NumPings!41!1585158096.41!1585158096.361647
SendState!SEND_IDLE!1585158096.41!1585158096.361537
BD_Cycles!165!1585158097.41!1585158097.361588
BD_Cycles!166!1585158098.4!1585158098.361690
SendState!SEND_IDLE!1585158098.41!1585158098.361730
BD_Cycles!167!1585158099.4!1585158099.362177
BD_Cycles!168!1585158100.41!1585158100.362305
PR_NumPings!42!1585158100.42!1585158100.362443
SendState!SEND_IDLE!1585158100.42!1585158100.362334
BD_Cycles!169!1585158101.41!1585158101.363995
BD_Cycles!170!1585158102.42!1585158102.366459
SendState!SEND_IDLE!1585158102.42!1585158102.366485
BD_Cycles!171!1585158103.41!1585158103.367616
BD_Cycles!172!1585158104.42!1585158104.368149
PR_NumPings!43!1585158104.42!1585158104.368246
SendState!SEND_IDLE!1585158104.42!1585158104.368174
BD_Cycles!173!1585158105.4!1585158105.369039
BD_Cycles!174!1585158106.39!1585158106.370097
SendState!SEND_IDLE!1585158106.39!1585158106.370124
BD_Cycles!175!1585158107.39!1585158107.372286
BD_Cycles!176!1585158108.39!1585158108.375653
PR_NumPings!44!1585158108.39!1585158108.375760
SendState!SEND_IDLE!1585158108.39!1585158108.375683
BD_Cycles!177!1585158109.39!1585158109.377924
BD_Cycles!178!1585158110.39!1585158110.378381
SendState!SEND_IDLE!1585158110.39!1585158110.378407
BD_Cycles!179!1585158111.39!1585158111.378867
BD_Cycles!180!1585158112.4!1585158112.379089
PR_NumPings!45!1585158112.4!1585158112.379223
SendState!SEND_IDLE!1585158112.4!1585158112.379125
BD_Cycles!181!1585158113.4!1585158113.379478
BD_Cycles!182!1585158114.39!1585158114.379573
SendState!SEND_IDLE!1585158114.39!1585158114.379609
BD_Cycles!183!1585158115.39!1585158115.379849
BD_Cycles!184!1585158116.39!1585158116.379995
PR_NumPings!46!1585158116.4!1585158116.380103
SendState!SEND_IDLE!1585158116.41!1585158116.380027
BD_Cycles!185!1585158117.39!1585158117.380274
BD_Cycles!186!1585158118.4!1585158118.380844
SendState!SEND_IDLE!1585158118.4!1585158118.380913
BD_Cycles!187!1585158119.4!1585158119.380942
BD_Cycles!188!1585158120.41!1585158120.381280
PR_NumPings!47!1585158120.41!1585158120.381432
SendState!SEND_IDLE!1585158120.41!1585158120.381324
BD_Cycles!189!1585158121.41!1585158121.381842
BD_Cycles!190!1585158122.41!1585158122.382188
SendState!SEND_IDLE!1585158122.41!1585158122.382218
BD_Cycles!191!1585158123.41!1585158123.382579
BD_Cycles!192!1585158124.42!1585158124.382710
PR_NumPings!48!1585158124.42!1585158124.382889
SendState!SEND_IDLE!1585158124.42!1585158124.382768
BD_Cycles!193!1585158125.41!1585158125.382834
BD_Cycles!194!1585158126.42!1585158126.384577
SendState!SEND_IDLE!1585158126.42!1585158126.384654
BD_Cycles!195!1585158127.42!1585158127.385933
BD_Cycles!196!1585158128.43!1585158128.386115
PR_NumPings!49!1585158128.43!1585158128.386213
SendState!SEND_IDLE!1585158128.43!1585158128.386143
BD_Cycles!197!1585158129.43!1585158129.386225
BD_Cycles!198!1585158130.39!1585158130.386424
SendState!SEND_IDLE!1585158130.4!1585158130.386454
BD_Cycles!199!1585158131.4!1585158131.387735
BD_Cycles!200!1585158132.4!1585158132.389442
PR_NumPings!50!1585158132.4!1585158132.389597
SendState!SEND_IDLE!1585158132.4!1585158132.389468
BD_Cycles!201!1585158133.4!1585158133.389762
BD_Cycles!202!1585158134.41!1585158134.391015
SendState!SEND_IDLE!1585158134.41!1585158134.391248
BD_Cycles!203!1585158135.42!1585158135.391185
BD_Cycles!204!1585158136.43!1585158136.406287
PR_NumPings!51!1585158136.43!1585158136.406855
SendState!SEND_IDLE!1585158136.43!1585158136.406344
BD_Cycles!205!1585158137.51!1585158137.407218
BD_Cycles!206!1585158138.42!1585158138.409578
SendState!SEND_IDLE!1585158138.42!1585158138.409595
BD_Cycles!207!1585158139.42!1585158139.410358
BD_Cycles!208!1585158140.42!1585158140.410457
PR_NumPings!52!1585158140.43!1585158140.410567
SendState!SEND_IDLE!1585158140.43!1585158140.410477
BD_Cycles!209!1585158141.42!1585158141.410574
BD_Cycles!210!1585158142.42!1585158142.412437
SendState!SEND_IDLE!1585158142.42!1585158142.412455
BD_Cycles!211!1585158143.42!1585158143.414024
BD_Cycles!212!1585158144.43!1585158144.414770
PR_NumPings!53!1585158144.43!1585158144.414879
SendState!SEND_IDLE!1585158144.43!1585158144.414789
BD_Cycles!213!1585158145.43!1585158145.415289
BD_Cycles!214!1585158146.43!1585158146.416121
SendState!SEND_IDLE!1585158146.43!1585158146.416137
BD_Cycles!215!1585158147.43!1585158147.416191
BD_Cycles!216!1585158148.43!1585158148.416493
PR_NumPings!54!1585158148.43!1585158148.416600
SendState!SEND_IDLE!1585158148.43!1585158148.416524
BD_Cycles!217!1585158149.43!1585158149.419494
BD_Cycles!218!1585158150.44!1585158150.419945
SendState!SEND_IDLE!1585158150.44!1585158150.419978
BD_Cycles!219!1585158151.44!1585158151.420087
BD_Cycles!220!1585158152.44!1585158152.420801
PR_NumPings!55!1585158152.44!1585158152.421008
SendState!SEND_IDLE!1585158152.44!1585158152.420884
BD_Cycles!221!1585158153.43!1585158153.421392
BD_Cycles!222!1585158154.43!1585158154.421628
SendState!SEND_IDLE!1585158154.43!1585158154.421705
BD_Cycles!223!1585158155.44!1585158155.422677
BD_Cycles!224!1585158156.44!1585158156.422743
PR_NumPings!56!1585158156.44!1585158156.422853
SendState!SEND_IDLE!1585158156.44!1585158156.422775
BD_Cycles!225!1585158157.44!1585158157.423471
BD_Cycles!226!1585158158.45!1585158158.424358
SendState!SEND_IDLE!1585158158.45!1585158158.424389
BD_Cycles!227!1585158159.45!1585158159.424644
BD_Cycles!228!1585158160.45!1585158160.424778
PR_NumPings!57!1585158160.45!1585158160.424887
SendState!SEND_IDLE!1585158160.45!1585158160.424808
BD_Cycles!229!1585158161.45!1585158161.424959
BD_Cycles!230!1585158162.46!1585158162.425363
SendState!SEND_IDLE!1585158162.49!1585158162.425390
BD_Cycles!231!1585158163.45!1585158163.425508
BD_Cycles!232!1585158164.45!1585158164.425610
PR_NumPings!58!1585158164.46!1585158164.425830
SendState!SEND_IDLE!1585158164.46!1585158164.425749
BD_Cycles!233!1585158165.45!1585158165.425936
BD_Cycles!234!1585158166.43!1585158166.426167
SendState!SEND_IDLE!1585158166.44!1585158166.426195
BD_Cycles!235!1585158167.44!1585158167.427381
BD_Cycles!236!1585158168.44!1585158168.428467
PR_NumPings!59!1585158168.44!1585158168.428652
SendState!SEND_IDLE!1585158168.44!1585158168.428506
BD_Cycles!237!1585158169.44!1585158169.429460
BD_Cycles!238!1585158170.44!1585158170.429987
SendState!SEND_IDLE!1585158170.44!1585158170.430024
BD_Cycles!239!1585158171.44!1585158171.430105
BD_Cycles!240!1585158172.44!1585158172.431344
PR_NumPings!60!1585158172.44!1585158172.431637
SendState!SEND_IDLE!1585158172.44!1585158172.431395
BD_Cycles!241!1585158173.45!1585158173.432086
BD_Cycles!242!1585158174.45!1585158174.432969
SendState!SEND_IDLE!1585158174.45!1585158174.433003
BD_Cycles!243!1585158175.45!1585158175.433503
BD_Cycles!244!1585158176.45!1585158176.433623
PR_NumPings!61!1585158176.46!1585158176.433729
SendState!SEND_IDLE!1585158176.46!1585158176.433652
BD_Cycles!245!1585158177.46!1585158177.434512
BD_Cycles!246!1585158178.46!1585158178.435403
SendState!SEND_IDLE!1585158178.46!1585158178.435433
BD_Cycles!247!1585158179.46!1585158179.435600
BD_Cycles!248!1585158180.46!1585158180.436890
PR_NumPings!62!1585158180.46!1585158180.437132
SendState!SEND_IDLE!1585158180.46!1585158180.436935
BD_Cycles!249!1585158181.46!1585158181.436994
BD_Cycles!250!1585158182.47!1585158182.437623
SendState!SEND_IDLE!1585158182.47!1585158182.437657
BD_Cycles!251!1585158183.47!1585158183.440127
BD_Cycles!252!1585158184.48!1585158184.440947
PR_NumPings!63!1585158184.48!1585158184.441048
SendState!SEND_IDLE!1585158184.49!1585158184.440974
BD_Cycles!253!1585158185.49!1585158185.441255
BD_Cycles!254!1585158186.5!1585158186.444967
SendState!SEND_IDLE!1585158186.5!1585158186.444993
BD_Cycles!255!1585158187.47!1585158187.446017
BD_Cycles!256!1585158188.5!1585158188.448550
PR_NumPings!64!1585158188.5!1585158188.448647
SendState!SEND_IDLE!1585158188.5!1585158188.448575
BD_Cycles!257!1585158189.47!1585158189.448619
BD_Cycles!258!1585158190.48!1585158190.450160
SendState!SEND_IDLE!1585158190.48!1585158190.450186
BD_Cycles!259!1585158191.47!1585158191.450264
BD_Cycles!260!1585158192.47!1585158192.454171
PR_NumPings!65!1585158192.48!1585158192.454266
SendState!SEND_IDLE!1585158192.48!1585158192.454195
BD_Cycles!261!1585158193.48!1585158193.455157
BD_Cycles!262!1585158194.48!1585158194.455662
SendState!SEND_IDLE!1585158194.48!1585158194.455692
BD_Cycles!263!1585158195.47!1585158195.457059
BD_Cycles!264!1585158196.47!1585158196.457578
