BD_Cycles!0!1584929403.77!1584929403.692523
rateGroup3Comp_RgMaxTime!1097!1584929403.81!1584929403.693616
PR_NumPings!0!1584929403.82!1584929403.693661
SendState!SEND_IDLE!1584929403.82!1584929403.693735
rateGroup2Comp_RgMaxTime!1219!1584929403.82!1584929403.693738
rateGroup1Comp_RgMaxTime!2179!1584929403.82!1584929403.694699
BD_Cycles!1!1584929404.77!1584929404.693449
BD_Cycles!2!1584929405.75!1584929405.695526
SendState!SEND_IDLE!1584929405.75!1584929405.695543
BD_Cycles!3!1584929406.71!1584929406.695765
BD_Cycles!4!1584929407.71!1584929407.695983
PR_NumPings!1!1584929407.71!1584929407.696109
SendState!SEND_IDLE!1584929407.71!1584929407.696121
CommandErrors!1!1584929407.72!1584929407.298397
BD_Cycles!5!1584929408.72!1584929408.698854
BD_Cycles!6!1584929409.72!1584929409.699106
SendState!SEND_IDLE!1584929409.74!1584929409.699130
BD_Cycles!7!1584929410.73!1584929410.700462
BD_Cycles!8!1584929411.73!1584929411.702257
PR_NumPings!2!1584929411.74!1584929411.702351
SendState!SEND_IDLE!1584929411.75!1584929411.702360
BD_Cycles!9!1584929412.75!1584929412.703296
BD_Cycles!10!1584929413.75!1584929413.703607
SendState!SEND_IDLE!1584929413.75!1584929413.703637
BD_Cycles!11!1584929414.72!1584929414.705328
BD_Cycles!12!1584929415.72!1584929415.705712
