BD_Cycles!0!1584935193.39!1584935193.353565
rateGroup3Comp_RgMaxTime!64!1584935193.4!1584935193.353626
PR_NumPings!0!1584935193.41!1584935193.353656
SendState!SEND_IDLE!1584935193.41!1584935193.353673
rateGroup2Comp_RgMaxTime!113!1584935193.42!1584935193.353675
rateGroup1Comp_RgMaxTime!135!1584935193.43!1584935193.353697
BD_Cycles!1!1584935194.37!1584935194.354608
BD_Cycles!2!1584935195.37!1584935195.356670
SendState!SEND_IDLE!1584935195.37!1584935195.356686
CommandErrors!1!1584935195.37!1584935195.228806
BD_Cycles!3!1584935196.38!1584935196.358300
BD_Cycles!4!1584935197.39!1584935197.358654
rateGroup3Comp_RgMaxTime!134!1584935197.39!1584935197.358757
PR_NumPings!1!1584935197.39!1584935197.358828
SendState!SEND_IDLE!1584935197.41!1584935197.358844
rateGroup2Comp_RgMaxTime!224!1584935197.41!1584935197.358847
rateGroup1Comp_RgMaxTime!249!1584935197.41!1584935197.358872
BD_Cycles!5!1584935198.38!1584935198.358816
BD_Cycles!6!1584935199.39!1584935199.359234
SendState!SEND_IDLE!1584935199.39!1584935199.359282
BD_Cycles!7!1584935200.41!1584935200.365418
BD_Cycles!8!1584935201.37!1584935201.366388
PR_NumPings!2!1584935201.38!1584935201.366476
SendState!SEND_IDLE!1584935201.38!1584935201.366485
BD_Cycles!9!1584935202.38!1584935202.366585
