BD_Cycles!0!1584932110.66!1584932110.631050
rateGroup3Comp_RgMaxTime!204!1584932110.66!1584932110.631249
PR_NumPings!0!1584932110.67!1584932110.631313
SendState!SEND_IDLE!1584932110.68!1584932110.632317
rateGroup2Comp_RgMaxTime!1277!1584932110.74!1584932110.632322
rateGroup1Comp_RgMaxTime!1320!1584932110.74!1584932110.632364
BD_Cycles!1!1584932111.68!1584932111.631536
BD_Cycles!2!1584932112.67!1584932112.632279
SendState!SEND_IDLE!1584932112.68!1584932112.632306
BD_Cycles!3!1584932113.68!1584932113.636303
BD_Cycles!4!1584932114.68!1584932114.636693
PR_NumPings!1!1584932114.68!1584932114.636818
SendState!SEND_IDLE!1584932114.68!1584932114.636829
BD_Cycles!5!1584932115.71!1584932115.704618
BD_Cycles!6!1584932116.73!1584932116.704983
SendState!SEND_IDLE!1584932117.28!1584932116.705002
CommandErrors!1!1584932117.28!1584932115.835681
BD_Cycles!7!1584932117.73!1584932117.705205
BD_Cycles!8!1584932118.73!1584932118.705580
SendState!SEND_IDLE!1584932118.74!1584932118.708013
rateGroup2Comp_RgMaxTime!2508!1584932118.74!1584932118.708024
rateGroup1Comp_RgMaxTime!2571!1584932118.74!1584932118.708087
BD_Cycles!9!1584932119.71!1584932119.706173
PR_NumPings!2!1584932120.09!1584932118.709045
rateGroup3Comp_RgMaxTime!3577!1584932120.09!1584932118.709094
BD_Cycles!10!1584932120.79!1584932120.706951
BD_Cycles!11!1584932121.74!1584932121.707247
SendState!SEND_IDLE!1584932121.74!1584932120.707064
BD_Cycles!12!1584932122.74!1584932122.707642
BD_Cycles!13!1584932123.74!1584932123.707721
PR_NumPings!3!1584932123.74!1584932122.707987
SendState!SEND_IDLE!1584932123.74!1584932122.707757
BD_Cycles!14!1584932124.74!1584932124.708482
SendState!SEND_IDLE!1584932124.74!1584932124.708520
