BD_Cycles!0!1584934725.35!1584934725.314782
rateGroup3Comp_RgMaxTime!124!1584934725.36!1584934725.314900
PR_NumPings!0!1584934725.36!1584934725.314940
SendState!SEND_IDLE!1584934725.37!1584934725.315541
rateGroup2Comp_RgMaxTime!768!1584934725.39!1584934725.315545
rateGroup1Comp_RgMaxTime!842!1584934725.39!1584934725.315619
BD_Cycles!1!1584934726.36!1584934726.315545
BD_Cycles!2!1584934727.36!1584934727.315643
SendState!SEND_IDLE!1584934727.36!1584934727.315660
BD_Cycles!3!1584934728.35!1584934728.316456
BD_Cycles!4!1584934729.35!1584934729.316601
rateGroup3Comp_RgMaxTime!140!1584934729.35!1584934729.316673
PR_NumPings!1!1584934729.35!1584934729.316956
SendState!SEND_IDLE!1584934729.35!1584934729.316976
BD_Cycles!5!1584934730.35!1584934730.318650
CommandErrors!1!1584934730.76!1584934729.512939
BD_Cycles!6!1584934731.34!1584934731.319351
SendState!SEND_IDLE!1584934731.34!1584934731.319379
BD_Cycles!7!1584934732.35!1584934732.320787
BD_Cycles!8!1584934733.35!1584934733.321422
rateGroup3Comp_RgMaxTime!2469!1584934733.35!1584934733.323866
PR_NumPings!2!1584934733.35!1584934733.323883
SendState!SEND_IDLE!1584934733.35!1584934733.323938
rateGroup2Comp_RgMaxTime!2549!1584934733.35!1584934733.323943
rateGroup1Comp_RgMaxTime!3274!1584934733.35!1584934733.324671
BD_Cycles!9!1584934734.37!1584934734.322005
BD_Cycles!10!1584934735.35!1584934735.325117
SendState!SEND_IDLE!1584934735.35!1584934735.324424
BD_Cycles!11!1584934736.35!1584934736.325852
BD_Cycles!12!1584934737.35!1584934737.326292
PR_NumPings!3!1584934737.36!1584934737.326369
SendState!SEND_IDLE!1584934737.36!1584934737.326307
BD_Cycles!13!1584934738.36!1584934738.326719
BD_Cycles!14!1584934739.36!1584934739.327644
SendState!SEND_IDLE!1584934739.36!1584934739.327632
BD_Cycles!15!1584934740.36!1584934740.328081
