BD_Cycles!0!1584922340.58!1584922340.539383
rateGroup3Comp_RgMaxTime!513!1584922340.62!1584922340.539892
PR_NumPings!0!1584922340.65!1584922340.539931
SendState!SEND_IDLE!1584922340.65!1584922340.540110
rateGroup2Comp_RgMaxTime!735!1584922340.65!1584922340.540113
rateGroup1Comp_RgMaxTime!1351!1584922340.65!1584922340.540729
BD_Cycles!1!1584922341.59!1584922341.539474
BD_Cycles!2!1584922342.59!1584922342.540431
SendState!SEND_IDLE!1584922342.6!1584922342.540450
BD_Cycles!3!1584922343.58!1584922343.543499
BD_Cycles!4!1584922344.58!1584922344.543730
PR_NumPings!1!1584922344.58!1584922344.543822
SendState!SEND_IDLE!1584922344.58!1584922344.543838
BD_Cycles!5!1584922345.59!1584922345.544132
BD_Cycles!6!1584922346.58!1584922346.544326
SendState!SEND_IDLE!1584922346.58!1584922346.544460
BD_Cycles!7!1584922347.59!1584922347.548972
CommandsDispatched!1!1584922347.85!1584922346.651790
MGR_IS_ENABLED!True!1584922347.98!1584922346.651829
BD_Cycles!8!1584922348.56!1584922348.549753
PR_NumPings!2!1584922348.56!1584922348.549838
SendState!SEND_IDLE!1584922348.57!1584922348.549866
BD_Cycles!9!1584922349.57!1584922349.549883
BD_Cycles!10!1584922350.59!1584922350.550871
SendState!SEND_IDLE!1584922350.71!1584922350.550893
BD_Cycles!11!1584922351.57!1584922351.552177
BD_Cycles!12!1584922352.57!1584922352.555029
PR_NumPings!3!1584922352.57!1584922352.555110
SendState!SEND_IDLE!1584922352.57!1584922352.555133
BD_Cycles!13!1584922353.57!1584922353.556090
BD_Cycles!14!1584922354.57!1584922354.557157
SendState!SEND_IDLE!1584922354.58!1584922354.557175
BD_Cycles!15!1584922355.58!1584922355.558313
BD_Cycles!16!1584922356.58!1584922356.559229
PR_NumPings!4!1584922356.58!1584922356.559413
SendState!SEND_IDLE!1584922356.59!1584922356.559438
BD_Cycles!17!1584922357.57!1584922357.559632
BD_Cycles!18!1584922358.57!1584922358.561405
SendState!SEND_IDLE!1584922358.57!1584922358.561423
CommandsDispatched!2!1584922358.57!1584922358.064473
CommandErrors!1!1584922358.57!1584922358.064478
BD_Cycles!19!1584922359.57!1584922359.562568
BD_Cycles!20!1584922360.58!1584922360.563410
PR_NumPings!5!1584922360.58!1584922360.563735
SendState!SEND_IDLE!1584922360.59!1584922360.563438
BD_Cycles!21!1584922361.58!1584922361.563804
BD_Cycles!22!1584922362.59!1584922362.565029
SendState!SEND_IDLE!1584922362.59!1584922362.565050
BD_Cycles!23!1584922363.59!1584922363.567162
BD_Cycles!24!1584922364.59!1584922364.568228
PR_NumPings!6!1584922364.59!1584922364.568331
SendState!SEND_IDLE!1584922364.59!1584922364.568253
BD_Cycles!25!1584922365.59!1584922365.568517
BD_Cycles!26!1584922366.61!1584922366.569330
SendState!SEND_IDLE!1584922366.61!1584922366.569376
BD_Cycles!27!1584922367.61!1584922367.571465
BD_Cycles!28!1584922368.59!1584922368.572457
PR_NumPings!7!1584922368.59!1584922368.572551
SendState!SEND_IDLE!1584922368.59!1584922368.572478
BD_Cycles!29!1584922369.59!1584922369.573836
BD_Cycles!30!1584922370.6!1584922370.574546
SendState!SEND_IDLE!1584922370.6!1584922370.574564
BD_Cycles!31!1584922371.6!1584922371.575532
BD_Cycles!32!1584922372.6!1584922372.577381
PR_NumPings!8!1584922372.6!1584922372.577576
SendState!SEND_IDLE!1584922372.6!1584922372.577428
BD_Cycles!33!1584922373.61!1584922373.578078
BD_Cycles!34!1584922374.61!1584922374.579179
SendState!SEND_IDLE!1584922374.61!1584922374.579167
BD_Cycles!35!1584922375.61!1584922375.579457
SendState!SEND_IDLE!1584922376.61!1584922376.579780
BD_Cycles!37!1584922377.61!1584922377.581055
PR_NumPings!9!1584922377.61!1584922376.580034
BD_Cycles!38!1584922378.62!1584922378.581148
SendState!SEND_IDLE!1584922378.62!1584922378.581135
BD_Cycles!39!1584922379.61!1584922379.581397
BD_Cycles!41!1584922381.61!1584922381.582216
PR_NumPings!10!1584922381.62!1584922380.582059
SendState!SEND_IDLE!1584922381.62!1584922380.581962
BD_Cycles!42!1584922383.62!1584922382.582594
SendState!SEND_IDLE!1584922383.62!1584922382.582562
BD_Cycles!43!1584922384.62!1584922383.583156
BD_Cycles!44!1584922385.61!1584922384.583686
PR_NumPings!11!1584922385.61!1584922384.583656
SendState!SEND_IDLE!1584922385.61!1584922384.583430
BD_Cycles!45!1584922386.62!1584922385.584368
BD_Cycles!46!1584922387.62!1584922386.584683
SendState!SEND_IDLE!1584922387.62!1584922386.584646
BD_Cycles!47!1584922388.61!1584922387.588353
BD_Cycles!48!1584922389.62!1584922388.588629
PR_NumPings!12!1584922389.62!1584922388.588604
SendState!SEND_IDLE!1584922389.63!1584922388.588503
BD_Cycles!49!1584922390.63!1584922389.589150
BD_Cycles!50!1584922391.6!1584922390.589647
SendState!SEND_IDLE!1584922391.61!1584922390.589637
BD_Cycles!51!1584922392.61!1584922391.590724
BD_Cycles!52!1584922393.61!1584922392.591871
PR_NumPings!13!1584922393.62!1584922392.591824
SendState!SEND_IDLE!1584922393.62!1584922392.591571
BD_Cycles!53!1584922394.63!1584922393.592107
BD_Cycles!54!1584922395.63!1584922394.592483
SendState!SEND_IDLE!1584922395.63!1584922394.592471
BD_Cycles!55!1584922396.63!1584922395.592936
BD_Cycles!56!1584922397.64!1584922396.593664
PR_NumPings!14!1584922397.64!1584922396.593646
SendState!SEND_IDLE!1584922397.64!1584922396.593553
BD_Cycles!57!1584922398.64!1584922397.593906
BD_Cycles!58!1584922399.64!1584922398.594781
SendState!SEND_IDLE!1584922399.64!1584922398.594760
BD_Cycles!59!1584922400.63!1584922399.595030
BD_Cycles!60!1584922401.63!1584922400.595528
PR_NumPings!15!1584922401.63!1584922400.595508
SendState!SEND_IDLE!1584922401.64!1584922400.595419
BD_Cycles!61!1584922402.62!1584922401.595997
BD_Cycles!62!1584922403.64!1584922402.597243
SendState!SEND_IDLE!1584922403.64!1584922402.597223
BD_Cycles!64!1584922404.63!1584922404.600322
PR_NumPings!16!1584922404.63!1584922404.600282
SendState!SEND_IDLE!1584922404.63!1584922404.600111
BD_Cycles!65!1584922405.65!1584922405.600386
BD_Cycles!66!1584922406.62!1584922406.601754
SendState!SEND_IDLE!1584922406.62!1584922406.601372
BD_Cycles!67!1584922407.63!1584922407.602327
BD_Cycles!68!1584922408.62!1584922408.603961
PR_NumPings!17!1584922408.62!1584922408.603943
SendState!SEND_IDLE!1584922408.63!1584922408.603859
BD_Cycles!69!1584922409.63!1584922409.604810
BD_Cycles!70!1584922410.63!1584922410.606203
SendState!SEND_IDLE!1584922410.63!1584922410.606175
BD_Cycles!71!1584922411.63!1584922411.616372
BD_Cycles!72!1584922412.65!1584922412.627960
PR_NumPings!18!1584922412.68!1584922412.627933
SendState!SEND_IDLE!1584922412.69!1584922412.627801
BD_Cycles!73!1584922413.68!1584922413.630158
BD_Cycles!74!1584922414.68!1584922414.630472
SendState!SEND_IDLE!1584922414.68!1584922414.630461
BD_Cycles!75!1584922415.66!1584922415.630753
BD_Cycles!76!1584922416.7!1584922416.631272
PR_NumPings!19!1584922416.71!1584922416.631258
SendState!SEND_IDLE!1584922416.71!1584922416.631179
BD_Cycles!77!1584922417.71!1584922417.632028
BD_Cycles!78!1584922418.65!1584922418.633266
SendState!SEND_IDLE!1584922418.66!1584922418.633254
BD_Cycles!79!1584922419.66!1584922419.634307
BD_Cycles!80!1584922420.66!1584922420.635297
PR_NumPings!20!1584922420.66!1584922420.635283
SendState!SEND_IDLE!1584922420.66!1584922420.635203
BD_Cycles!81!1584922421.67!1584922421.635366
BD_Cycles!82!1584922422.67!1584922422.635623
SendState!SEND_IDLE!1584922422.67!1584922422.635609
BD_Cycles!83!1584922423.64!1584922423.635741
BD_Cycles!84!1584922424.64!1584922424.635936
PR_NumPings!21!1584922424.65!1584922424.635920
SendState!SEND_IDLE!1584922424.65!1584922424.635836
BD_Cycles!85!1584922425.64!1584922425.636403
BD_Cycles!86!1584922426.64!1584922426.637032
SendState!SEND_IDLE!1584922426.65!1584922426.637021
BD_Cycles!87!1584922427.65!1584922427.637653
BD_Cycles!88!1584922428.65!1584922428.638983
rateGroup3Comp_RgMaxTime!788!1584922428.65!1584922428.638922
PR_NumPings!22!1584922428.65!1584922428.638961
SendState!SEND_IDLE!1584922428.65!1584922428.638475
BD_Cycles!89!1584922429.66!1584922429.639509
BD_Cycles!90!1584922430.67!1584922430.640079
SendState!SEND_IDLE!1584922430.67!1584922430.640104
BD_Cycles!91!1584922431.68!1584922431.641559
BD_Cycles!92!1584922432.67!1584922432.642106
PR_NumPings!23!1584922432.67!1584922432.642500
SendState!SEND_IDLE!1584922432.67!1584922432.642302
BD_Cycles!93!1584922433.7!1584922433.642497
BD_Cycles!94!1584922434.68!1584922434.643734
SendState!SEND_IDLE!1584922434.69!1584922434.643764
BD_Cycles!95!1584922435.66!1584922435.645152
BD_Cycles!96!1584922436.66!1584922436.649331
PR_NumPings!24!1584922436.66!1584922436.649443
SendState!SEND_IDLE!1584922436.67!1584922436.649363
BD_Cycles!97!1584922437.67!1584922437.650764
BD_Cycles!98!1584922438.67!1584922438.650990
SendState!SEND_IDLE!1584922438.67!1584922438.651067
BD_Cycles!99!1584922439.68!1584922439.652027
BD_Cycles!100!1584922440.68!1584922440.655587
PR_NumPings!25!1584922440.68!1584922440.655689
SendState!SEND_IDLE!1584922440.68!1584922440.655616
BD_Cycles!101!1584922441.67!1584922441.656738
BD_Cycles!102!1584922442.67!1584922442.657819
SendState!SEND_IDLE!1584922442.67!1584922442.657851
BD_Cycles!103!1584922443.67!1584922443.659299
BD_Cycles!104!1584922444.68!1584922444.660163
PR_NumPings!26!1584922444.68!1584922444.660264
SendState!SEND_IDLE!1584922444.68!1584922444.660190
BD_Cycles!105!1584922445.68!1584922445.664810
BD_Cycles!106!1584922446.7!1584922446.668981
SendState!SEND_IDLE!1584922446.7!1584922446.669010
BD_Cycles!107!1584922447.7!1584922447.669747
BD_Cycles!108!1584922448.7!1584922448.675105
PR_NumPings!27!1584922448.7!1584922448.675276
SendState!SEND_IDLE!1584922448.7!1584922448.675167
BD_Cycles!109!1584922449.72!1584922449.675326
BD_Cycles!110!1584922450.74!1584922450.676205
SendState!SEND_IDLE!1584922450.75!1584922450.676253
BD_Cycles!111!1584922451.74!1584922451.676364
BD_Cycles!112!1584922452.74!1584922452.687361
rateGroup3Comp_RgMaxTime!2285!1584922452.74!1584922452.689623
PR_NumPings!28!1584922452.75!1584922452.689658
SendState!SEND_IDLE!1584922452.75!1584922452.689573
rateGroup2Comp_RgMaxTime!2236!1584922452.75!1584922452.689574
rateGroup1Comp_RgMaxTime!2211!1584922452.75!1584922452.689551
BD_Cycles!113!1584922453.74!1584922453.687678
BD_Cycles!114!1584922454.75!1584922454.688937
SendState!SEND_IDLE!1584922454.75!1584922454.688963
BD_Cycles!115!1584922455.72!1584922455.689568
