BD_Cycles!0!1584992380.11!1584992379.954116
rateGroup3Comp_RgMaxTime!959!1584992380.12!1584992379.955070
PR_NumPings!0!1584992380.12!1584992379.955128
SendState!SEND_IDLE!1584992380.12!1584992379.955323
rateGroup2Comp_RgMaxTime!1321!1584992380.12!1584992379.955431
rateGroup1Comp_RgMaxTime!2437!1584992380.12!1584992379.956548
BD_Cycles!1!1584992381.0!1584992380.954395
BD_Cycles!2!1584992381.97!1584992381.960387
SendState!SEND_IDLE!1584992381.97!1584992381.960412
BD_Cycles!3!1584992382.98!1584992382.960906
BD_Cycles!4!1584992383.97!1584992383.962497
PR_NumPings!1!1584992383.97!1584992383.962580
SendState!SEND_IDLE!1584992383.97!1584992383.962597
BD_Cycles!5!1584992384.97!1584992384.963276
BD_Cycles!6!1584992385.97!1584992385.963432
SendState!SEND_IDLE!1584992385.97!1584992385.963464
BD_Cycles!7!1584992386.97!1584992386.963557
BD_Cycles!8!1584992388.01!1584992387.965998
PR_NumPings!2!1584992388.01!1584992387.966116
SendState!SEND_IDLE!1584992388.01!1584992387.966132
BD_Cycles!9!1584992389.01!1584992388.966608
BD_Cycles!10!1584992390.02!1584992389.967721
SendState!SEND_IDLE!1584992390.02!1584992389.967742
CommandErrors!1!1584992390.02!1584992389.349735
BD_Cycles!11!1584992391.03!1584992390.969854
BD_Cycles!12!1584992392.01!1584992391.969962
PR_NumPings!3!1584992392.01!1584992391.970070
SendState!SEND_IDLE!1584992392.01!1584992391.970084
BD_Cycles!13!1584992393.01!1584992392.970996
BD_Cycles!14!1584992394.01!1584992393.971417
SendState!SEND_IDLE!1584992394.04!1584992393.971439
BD_Cycles!15!1584992395.0!1584992394.971772
BD_Cycles!16!1584992396.0!1584992395.972797
PR_NumPings!4!1584992396.0!1584992395.972901
SendState!SEND_IDLE!1584992396.0!1584992395.972914
BD_Cycles!17!1584992397.0!1584992396.973199
BD_Cycles!18!1584992398.01!1584992397.975740
SendState!SEND_IDLE!1584992398.01!1584992397.975760
BD_Cycles!19!1584992399.01!1584992398.976524
BD_Cycles!20!1584992400.01!1584992399.977393
PR_NumPings!5!1584992400.01!1584992399.977498
SendState!SEND_IDLE!1584992400.01!1584992399.977514
BD_Cycles!21!1584992401.01!1584992400.978266
