BD_Cycles!0!1584921839.96!1584921839.930819
rateGroup3Comp_RgMaxTime!603!1584921840.0!1584921839.931418
PR_NumPings!0!1584921840.0!1584921839.931458
SendState!SEND_IDLE!1584921840.01!1584921839.931946
rateGroup2Comp_RgMaxTime!1135!1584921840.01!1584921839.931949
rateGroup1Comp_RgMaxTime!1669!1584921840.03!1584921839.932484
BD_Cycles!1!1584921840.96!1584921840.931134
BD_Cycles!2!1584921841.96!1584921841.935132
SendState!SEND_IDLE!1584921841.96!1584921841.935150
BD_Cycles!3!1584921842.96!1584921842.935860
BD_Cycles!4!1584921843.96!1584921843.936206
PR_NumPings!1!1584921843.96!1584921843.936636
SendState!SEND_IDLE!1584921843.96!1584921843.936654
BD_Cycles!5!1584921844.96!1584921844.936426
BD_Cycles!6!1584921845.96!1584921845.939393
SendState!SEND_IDLE!1584921845.97!1584921845.939410
BD_Cycles!7!1584921846.97!1584921846.941098
BD_Cycles!8!1584921847.97!1584921847.941537
PR_NumPings!2!1584921847.97!1584921847.941663
SendState!SEND_IDLE!1584921847.97!1584921847.941559
BD_Cycles!9!1584921848.95!1584921848.945288
BD_Cycles!10!1584921849.96!1584921849.946038
SendState!SEND_IDLE!1584921849.96!1584921849.946055
CommandsDispatched!1!1584921849.96!1584921849.386870
MGR_IS_ENABLED!True!1584921849.97!1584921849.386881
BD_Cycles!11!1584921850.97!1584921850.946978
BD_Cycles!12!1584921851.97!1584921851.950410
PR_NumPings!3!1584921851.98!1584921851.950505
SendState!SEND_IDLE!1584921851.98!1584921851.950428
BD_Cycles!13!1584921852.96!1584921852.951423
BD_Cycles!14!1584921853.96!1584921853.952479
SendState!SEND_IDLE!1584921853.96!1584921853.952496
BD_Cycles!15!1584921854.96!1584921854.953719
BD_Cycles!16!1584921855.97!1584921855.954069
PR_NumPings!4!1584921855.97!1584921855.954178
SendState!SEND_IDLE!1584921855.97!1584921855.954091
BD_Cycles!17!1584921856.96!1584921856.955076
BD_Cycles!18!1584921857.97!1584921857.955749
SendState!SEND_IDLE!1584921857.97!1584921857.955768
BD_Cycles!19!1584921858.97!1584921858.956059
BD_Cycles!20!1584921859.98!1584921859.956443
rateGroup3Comp_RgMaxTime!641!1584921859.98!1584921859.957065
PR_NumPings!5!1584921859.98!1584921859.957106
SendState!SEND_IDLE!1584921859.98!1584921859.956631
CommandErrors!1!1584921859.98!1584921859.473879
BD_Cycles!21!1584921860.98!1584921860.957075
BD_Cycles!22!1584921861.98!1584921861.957438
SendState!SEND_IDLE!1584921861.99!1584921861.957461
BD_Cycles!23!1584921862.99!1584921862.958410
BD_Cycles!24!1584921864.0!1584921863.958467
PR_NumPings!6!1584921864.01!1584921863.958718
SendState!SEND_IDLE!1584921864.01!1584921863.958486
BD_Cycles!25!1584921865.01!1584921864.958629
BD_Cycles!26!1584921866.01!1584921865.961826
SendState!SEND_IDLE!1584921866.01!1584921865.961916
BD_Cycles!27!1584921867.01!1584921866.964107
BD_Cycles!29!1584921868.98!1584921868.965938
SendState!SEND_IDLE!1584921868.98!1584921867.965000
PR_NumPings!7!1584921868.98!1584921867.965145
BD_Cycles!31!1584921870.99!1584921870.966693
SendState!SEND_IDLE!1584921871.0!1584921869.966493
BD_Cycles!33!1584921872.98!1584921872.969716
SendState!SEND_IDLE!1584921872.98!1584921871.969315
PR_NumPings!8!1584921872.99!1584921871.969543
