BD_Cycles!0!1584911261.29!1584911261.208178
rateGroup3Comp_RgMaxTime!51!1584911261.29!1584911261.208226
PR_NumPings!0!1584911261.29!1584911261.208253
SendState!SEND_IDLE!1584911261.29!1584911261.208726
rateGroup2Comp_RgMaxTime!555!1584911261.29!1584911261.208729
rateGroup1Comp_RgMaxTime!584!1584911261.3!1584911261.208758
BD_Cycles!1!1584911262.24!1584911262.208328
BD_Cycles!2!1584911263.24!1584911263.215532
SendState!SEND_IDLE!1584911263.24!1584911263.215554
BD_Cycles!3!1584911264.24!1584911264.216757
BD_Cycles!4!1584911265.25!1584911265.217178
rateGroup3Comp_RgMaxTime!95!1584911265.25!1584911265.217249
PR_NumPings!1!1584911265.26!1584911265.217296
SendState!SEND_IDLE!1584911265.26!1584911265.217318
BD_Cycles!5!1584911266.26!1584911266.217606
BD_Cycles!6!1584911267.27!1584911267.218879
SendState!SEND_IDLE!1584911267.27!1584911267.218903
BD_Cycles!7!1584911268.24!1584911268.220866
BD_Cycles!8!1584911269.24!1584911269.221967
PR_NumPings!2!1584911269.24!1584911269.222046
SendState!SEND_IDLE!1584911269.24!1584911269.222062
CommandsDispatched!1!1584911269.24!1584911268.225313
BD_Cycles!9!1584911270.23!1584911270.223072
BD_Cycles!10!1584911271.23!1584911271.224455
SendState!SEND_IDLE!1584911271.24!1584911271.224470
BD_Cycles!11!1584911272.24!1584911272.224960
BD_Cycles!12!1584911273.24!1584911273.226982
PR_NumPings!3!1584911273.24!1584911273.227059
SendState!SEND_IDLE!1584911273.24!1584911273.227075
BD_Cycles!13!1584911274.24!1584911274.227594
BD_Cycles!14!1584911275.24!1584911275.229178
SendState!SEND_IDLE!1584911275.24!1584911275.229194
BD_Cycles!15!1584911276.25!1584911276.230381
BD_Cycles!16!1584911277.25!1584911277.230611
PR_NumPings!4!1584911277.25!1584911277.230696
SendState!SEND_IDLE!1584911277.26!1584911277.230709
BD_Cycles!17!1584911278.26!1584911278.232306
