BD_Cycles!0!1584912536.04!1584912535.973733
rateGroup3Comp_RgMaxTime!657!1584912536.04!1584912535.974386
PR_NumPings!0!1584912536.04!1584912535.974423
SendState!SEND_IDLE!1584912536.04!1584912535.974847
rateGroup2Comp_RgMaxTime!1123!1584912536.04!1584912535.974851
rateGroup1Comp_RgMaxTime!1150!1584912536.04!1584912535.974878
BD_Cycles!1!1584912536.99!1584912536.977867
BD_Cycles!2!1584912537.99!1584912537.982734
SendState!SEND_IDLE!1584912537.99!1584912537.982751
BD_Cycles!3!1584912539.0!1584912538.983729
BD_Cycles!4!1584912540.0!1584912539.984768
PR_NumPings!1!1584912540.0!1584912539.984849
SendState!SEND_IDLE!1584912540.0!1584912539.984865
BD_Cycles!5!1584912541.0!1584912540.984868
BD_Cycles!6!1584912542.02!1584912541.986857
SendState!SEND_IDLE!1584912542.36!1584912541.986876
BD_Cycles!7!1584912543.0!1584912542.987909
BD_Cycles!8!1584912544.0!1584912543.988240
PR_NumPings!2!1584912544.01!1584912543.988333
SendState!SEND_IDLE!1584912544.01!1584912543.988350
BD_Cycles!9!1584912545.01!1584912544.988414
BD_Cycles!10!1584912546.01!1584912545.990159
SendState!SEND_IDLE!1584912546.02!1584912545.990176
BD_Cycles!11!1584912547.02!1584912546.992052
BD_Cycles!12!1584912548.03!1584912547.992183
PR_NumPings!3!1584912548.03!1584912547.992298
SendState!SEND_IDLE!1584912548.03!1584912547.992311
BD_Cycles!13!1584912549.03!1584912548.994065
BD_Cycles!14!1584912550.01!1584912549.994108
SendState!SEND_IDLE!1584912550.01!1584912549.994124
BD_Cycles!15!1584912551.01!1584912550.994653
BD_Cycles!16!1584912552.01!1584912551.994875
PR_NumPings!4!1584912552.01!1584912551.995010
SendState!SEND_IDLE!1584912552.01!1584912551.995039
BD_Cycles!17!1584912553.02!1584912552.995280
BD_Cycles!18!1584912554.01!1584912553.995441
SendState!SEND_IDLE!1584912554.01!1584912553.995468
BD_Cycles!19!1584912555.01!1584912554.998076
BD_Cycles!20!1584912556.02!1584912555.998382
PR_NumPings!5!1584912556.13!1584912555.998743
SendState!SEND_IDLE!1584912556.13!1584912555.998787
BD_Cycles!21!1584912557.04!1584912557.002355
BD_Cycles!22!1584912558.01!1584912558.003330
SendState!SEND_IDLE!1584912558.01!1584912558.003348
BD_Cycles!23!1584912559.01!1584912559.004429
BD_Cycles!24!1584912560.07!1584912560.004711
PR_NumPings!6!1584912560.07!1584912560.004846
SendState!SEND_IDLE!1584912560.08!1584912560.004735
BD_Cycles!25!1584912561.05!1584912561.004809
BD_Cycles!26!1584912562.05!1584912562.005370
SendState!SEND_IDLE!1584912562.05!1584912562.005387
BD_Cycles!27!1584912563.05!1584912563.006314
BD_Cycles!28!1584912564.06!1584912564.006869
PR_NumPings!7!1584912564.22!1584912564.006989
SendState!SEND_IDLE!1584912564.23!1584912564.006889
BD_Cycles!29!1584912565.04!1584912565.007192
BD_Cycles!30!1584912566.03!1584912566.007728
SendState!SEND_IDLE!1584912566.04!1584912566.007746
BD_Cycles!31!1584912567.03!1584912567.009107
BD_Cycles!32!1584912568.03!1584912568.009526
PR_NumPings!8!1584912568.03!1584912568.009740
SendState!SEND_IDLE!1584912568.03!1584912568.009565
BD_Cycles!33!1584912569.03!1584912569.011664
BD_Cycles!34!1584912570.03!1584912570.011950
SendState!SEND_IDLE!1584912570.04!1584912570.011993
BD_Cycles!35!1584912571.04!1584912571.012150
BD_Cycles!36!1584912572.05!1584912572.015473
PR_NumPings!9!1584912572.05!1584912572.015571
SendState!SEND_IDLE!1584912572.05!1584912572.015489
BD_Cycles!37!1584912573.06!1584912573.015594
BD_Cycles!38!1584912574.06!1584912574.015775
SendState!SEND_IDLE!1584912574.06!1584912574.015762
BD_Cycles!39!1584912575.04!1584912575.017994
BD_Cycles!40!1584912576.04!1584912576.018481
PR_NumPings!10!1584912576.04!1584912576.018557
SendState!SEND_IDLE!1584912576.04!1584912576.018469
BD_Cycles!41!1584912577.05!1584912577.019050
BD_Cycles!42!1584912578.05!1584912578.019377
SendState!SEND_IDLE!1584912578.05!1584912578.019343
BD_Cycles!43!1584912579.06!1584912579.024631
BD_Cycles!44!1584912580.05!1584912580.025223
PR_NumPings!11!1584912580.05!1584912580.025212
SendState!SEND_IDLE!1584912580.05!1584912580.025123
BD_Cycles!45!1584912581.05!1584912581.025386
BD_Cycles!46!1584912582.05!1584912582.025535
SendState!SEND_IDLE!1584912582.05!1584912582.025525
BD_Cycles!47!1584912583.05!1584912583.026350
BD_Cycles!48!1584912584.05!1584912584.028882
PR_NumPings!12!1584912584.05!1584912584.028869
SendState!SEND_IDLE!1584912584.05!1584912584.028760
BD_Cycles!49!1584912585.05!1584912585.029297
BD_Cycles!50!1584912586.06!1584912586.032136
SendState!SEND_IDLE!1584912586.06!1584912586.032123
BD_Cycles!51!1584912588.06!1584912587.033508
BD_Cycles!52!1584912589.06!1584912588.033883
SendState!SEND_IDLE!1584912589.06!1584912588.033775
PR_NumPings!13!1584912589.06!1584912588.033872
BD_Cycles!53!1584912590.06!1584912589.034293
BD_Cycles!54!1584912591.06!1584912590.035267
SendState!SEND_IDLE!1584912591.06!1584912590.035253
BD_Cycles!55!1584912592.06!1584912591.037855
BD_Cycles!57!1584912593.06!1584912593.038630
SendState!SEND_IDLE!1584912593.06!1584912592.038192
PR_NumPings!14!1584912593.06!1584912592.038342
BD_Cycles!58!1584912595.06!1584912594.038884
SendState!SEND_IDLE!1584912595.06!1584912594.038874
BD_Cycles!59!1584912596.06!1584912595.041690
BD_Cycles!60!1584912597.06!1584912596.042927
SendState!SEND_IDLE!1584912597.06!1584912596.042803
PR_NumPings!15!1584912597.06!1584912596.042907
BD_Cycles!62!1584912598.06!1584912598.044823
SendState!SEND_IDLE!1584912598.07!1584912598.044809
BD_Cycles!63!1584912600.07!1584912599.045011
BD_Cycles!64!1584912601.07!1584912600.047083
SendState!SEND_IDLE!1584912601.07!1584912600.046916
PR_NumPings!16!1584912601.07!1584912600.047049
BD_Cycles!65!1584912602.07!1584912601.047568
CommandsDispatched!1!1584912602.07!1584912602.039146
BD_Cycles!66!1584912603.07!1584912602.048727
SendState!SEND_IDLE!1584912603.07!1584912602.048710
BD_Cycles!67!1584912604.07!1584912603.049279
BD_Cycles!68!1584912605.07!1584912604.050075
SendState!SEND_IDLE!1584912605.07!1584912604.049556
PR_NumPings!17!1584912605.07!1584912604.049928
BD_Cycles!69!1584912606.07!1584912605.050951
BD_Cycles!70!1584912607.08!1584912606.052212
SendState!SEND_IDLE!1584912607.08!1584912606.052201
BD_Cycles!71!1584912608.08!1584912607.052334
SendState!SEND_IDLE!1584912608.08!1584912608.054790
BD_Cycles!73!1584912609.07!1584912609.055823
PR_NumPings!18!1584912609.07!1584912608.054910
BD_Cycles!74!1584912610.07!1584912610.056946
SendState!SEND_IDLE!1584912610.07!1584912610.056934
BD_Cycles!75!1584912611.08!1584912611.058119
BD_Cycles!76!1584912612.08!1584912612.058465
PR_NumPings!19!1584912612.08!1584912612.058450
SendState!SEND_IDLE!1584912612.08!1584912612.058363
BD_Cycles!77!1584912613.09!1584912613.059114
BD_Cycles!78!1584912614.08!1584912614.059361
SendState!SEND_IDLE!1584912614.08!1584912614.059343
BD_Cycles!79!1584912615.09!1584912615.059591
BD_Cycles!80!1584912616.09!1584912616.059953
PR_NumPings!20!1584912616.09!1584912616.059937
SendState!SEND_IDLE!1584912616.09!1584912616.059855
BD_Cycles!81!1584912617.1!1584912617.060032
CommandsDispatched!2!1584912617.1!1584912616.390191
CommandErrors!1!1584912617.1!1584912616.390197
BD_Cycles!82!1584912618.1!1584912618.063768
SendState!SEND_IDLE!1584912618.1!1584912618.063758
BD_Cycles!83!1584912619.11!1584912619.066177
BD_Cycles!84!1584912620.08!1584912620.067434
PR_NumPings!21!1584912620.08!1584912620.067418
SendState!SEND_IDLE!1584912620.08!1584912620.067315
BD_Cycles!85!1584912621.08!1584912621.068371
BD_Cycles!86!1584912622.08!1584912622.069368
SendState!SEND_IDLE!1584912622.09!1584912622.069358
BD_Cycles!87!1584912623.09!1584912623.069865
BD_Cycles!88!1584912624.09!1584912624.070269
PR_NumPings!22!1584912624.09!1584912624.070253
SendState!SEND_IDLE!1584912624.09!1584912624.070162
BD_Cycles!89!1584912625.09!1584912625.070416
BD_Cycles!90!1584912626.1!1584912626.070555
SendState!SEND_IDLE!1584912626.1!1584912626.070545
BD_Cycles!91!1584912627.1!1584912627.071041
BD_Cycles!92!1584912628.11!1584912628.072693
PR_NumPings!23!1584912628.11!1584912628.072678
SendState!SEND_IDLE!1584912628.11!1584912628.072592
BD_Cycles!93!1584912629.11!1584912629.076791
BD_Cycles!94!1584912630.11!1584912630.077780
SendState!SEND_IDLE!1584912630.11!1584912630.077761
BD_Cycles!95!1584912631.11!1584912631.078738
BD_Cycles!96!1584912632.12!1584912632.079516
PR_NumPings!24!1584912632.12!1584912632.079501
SendState!SEND_IDLE!1584912632.12!1584912632.079421
BD_Cycles!97!1584912633.12!1584912633.079637
BD_Cycles!98!1584912634.13!1584912634.079764
SendState!SEND_IDLE!1584912634.13!1584912634.079754
BD_Cycles!99!1584912635.13!1584912635.083746
BD_Cycles!100!1584912636.11!1584912636.084236
PR_NumPings!25!1584912636.11!1584912636.084213
SendState!SEND_IDLE!1584912636.11!1584912636.084001
BD_Cycles!101!1584912637.12!1584912637.085969
BD_Cycles!102!1584912638.12!1584912638.087021
SendState!SEND_IDLE!1584912638.12!1584912638.087011
BD_Cycles!103!1584912639.12!1584912639.088186
BD_Cycles!104!1584912640.12!1584912640.088633
PR_NumPings!26!1584912640.12!1584912640.088618
SendState!SEND_IDLE!1584912640.12!1584912640.088531
BD_Cycles!105!1584912641.13!1584912641.090719
BD_Cycles!106!1584912642.14!1584912642.091145
SendState!SEND_IDLE!1584912642.14!1584912642.091135
BD_Cycles!107!1584912643.13!1584912643.092207
BD_Cycles!108!1584912644.13!1584912644.093153
PR_NumPings!27!1584912644.13!1584912644.093123
SendState!SEND_IDLE!1584912644.13!1584912644.092735
BD_Cycles!109!1584912645.13!1584912645.093389
BD_Cycles!110!1584912646.14!1584912646.095166
SendState!SEND_IDLE!1584912646.14!1584912646.095155
BD_Cycles!111!1584912647.14!1584912647.096158
BD_Cycles!112!1584912648.14!1584912648.097352
PR_NumPings!28!1584912648.14!1584912648.097328
SendState!SEND_IDLE!1584912648.14!1584912648.097128
BD_Cycles!113!1584912649.14!1584912649.098345
BD_Cycles!114!1584912650.28!1584912650.114124
SendState!SEND_IDLE!1584912650.32!1584912650.114114
BD_Cycles!115!1584912651.16!1584912651.114837
BD_Cycles!116!1584912652.16!1584912652.118902
PR_NumPings!29!1584912652.16!1584912652.118882
SendState!SEND_IDLE!1584912652.16!1584912652.118783
BD_Cycles!117!1584912653.16!1584912653.119744
BD_Cycles!118!1584912654.16!1584912654.120147
SendState!SEND_IDLE!1584912654.16!1584912654.120137
BD_Cycles!119!1584912655.17!1584912655.124758
BD_Cycles!120!1584912656.13!1584912656.126187
rateGroup3Comp_RgMaxTime!794!1584912656.13!1584912656.126135
PR_NumPings!30!1584912656.14!1584912656.126167
SendState!SEND_IDLE!1584912656.15!1584912656.125882
BD_Cycles!121!1584912657.15!1584912657.126285
BD_Cycles!122!1584912658.15!1584912658.127156
SendState!SEND_IDLE!1584912658.15!1584912658.127146
BD_Cycles!123!1584912659.15!1584912659.128276
BD_Cycles!124!1584912660.16!1584912660.130062
PR_NumPings!31!1584912660.16!1584912660.130047
SendState!SEND_IDLE!1584912660.16!1584912660.129960
BD_Cycles!125!1584912661.16!1584912661.130694
BD_Cycles!126!1584912662.15!1584912662.130811
SendState!SEND_IDLE!1584912662.15!1584912662.130802
BD_Cycles!127!1584912663.15!1584912663.133168
BD_Cycles!128!1584912664.15!1584912664.134346
PR_NumPings!32!1584912664.15!1584912664.134329
SendState!SEND_IDLE!1584912664.15!1584912664.134241
BD_Cycles!129!1584912665.16!1584912665.135284
BD_Cycles!130!1584912666.16!1584912666.136605
SendState!SEND_IDLE!1584912666.16!1584912666.136595
BD_Cycles!131!1584912667.16!1584912667.137629
BD_Cycles!132!1584912668.16!1584912668.138849
PR_NumPings!33!1584912668.16!1584912668.138834
SendState!SEND_IDLE!1584912668.16!1584912668.138752
BD_Cycles!133!1584912669.16!1584912669.139952
BD_Cycles!134!1584912670.16!1584912670.140921
SendState!SEND_IDLE!1584912670.16!1584912670.140910
BD_Cycles!135!1584912671.16!1584912671.142026
BD_Cycles!136!1584912672.16!1584912672.143296
PR_NumPings!34!1584912672.16!1584912672.143281
SendState!SEND_IDLE!1584912672.16!1584912672.143198
BD_Cycles!137!1584912673.16!1584912673.144348
BD_Cycles!138!1584912674.17!1584912674.145728
SendState!SEND_IDLE!1584912674.17!1584912674.145717
BD_Cycles!139!1584912675.17!1584912675.146960
BD_Cycles!140!1584912676.17!1584912676.153044
PR_NumPings!35!1584912676.17!1584912676.153023
SendState!SEND_IDLE!1584912676.17!1584912676.152909
BD_Cycles!141!1584912677.18!1584912677.153858
BD_Cycles!142!1584912678.18!1584912678.155123
SendState!SEND_IDLE!1584912678.18!1584912678.155109
BD_Cycles!143!1584912679.18!1584912679.156735
BD_Cycles!144!1584912680.18!1584912680.157880
PR_NumPings!36!1584912680.18!1584912680.157840
SendState!SEND_IDLE!1584912680.18!1584912680.157663
BD_Cycles!145!1584912681.18!1584912681.158278
BD_Cycles!146!1584912682.18!1584912682.160565
SendState!SEND_IDLE!1584912682.18!1584912682.160555
BD_Cycles!147!1584912683.18!1584912683.165307
BD_Cycles!148!1584912684.19!1584912684.187811
PR_NumPings!37!1584912684.19!1584912684.187771
SendState!SEND_IDLE!1584912684.2!1584912684.187498
BD_Cycles!149!1584912685.2!1584912685.188417
BD_Cycles!150!1584912686.2!1584912686.188796
SendState!SEND_IDLE!1584912686.2!1584912686.188695
BD_Cycles!151!1584912687.21!1584912687.189182
BD_Cycles!152!1584912688.21!1584912688.190419
PR_NumPings!38!1584912688.21!1584912688.190402
SendState!SEND_IDLE!1584912688.21!1584912688.190314
BD_Cycles!153!1584912689.21!1584912689.191373
BD_Cycles!154!1584912690.21!1584912690.191550
SendState!SEND_IDLE!1584912690.21!1584912690.191533
BD_Cycles!155!1584912691.22!1584912691.191844
BD_Cycles!156!1584912692.23!1584912692.196078
PR_NumPings!39!1584912692.23!1584912692.195986
SendState!SEND_IDLE!1584912692.23!1584912692.195580
BD_Cycles!157!1584912693.22!1584912693.196227
BD_Cycles!158!1584912694.22!1584912694.196870
SendState!SEND_IDLE!1584912694.22!1584912694.196860
BD_Cycles!159!1584912695.22!1584912695.198483
BD_Cycles!160!1584912696.22!1584912696.199905
PR_NumPings!40!1584912696.22!1584912696.199890
SendState!SEND_IDLE!1584912696.22!1584912696.199810
BD_Cycles!161!1584912697.22!1584912697.200176
BD_Cycles!162!1584912698.23!1584912698.201686
SendState!SEND_IDLE!1584912698.23!1584912698.201623
BD_Cycles!163!1584912699.23!1584912699.202863
BD_Cycles!164!1584912700.24!1584912700.205580
PR_NumPings!41!1584912700.24!1584912700.205551
SendState!SEND_IDLE!1584912700.24!1584912700.205423
BD_Cycles!165!1584912701.24!1584912701.206275
BD_Cycles!166!1584912702.24!1584912702.206727
SendState!SEND_IDLE!1584912702.24!1584912702.206715
BD_Cycles!167!1584912703.25!1584912703.206888
BD_Cycles!168!1584912704.25!1584912704.207658
PR_NumPings!42!1584912704.25!1584912704.207532
SendState!SEND_IDLE!1584912704.25!1584912704.207393
BD_Cycles!169!1584912705.24!1584912705.208299
BD_Cycles!170!1584912706.24!1584912706.208682
SendState!SEND_IDLE!1584912706.24!1584912706.208668
BD_Cycles!171!1584912707.25!1584912707.209083
BD_Cycles!172!1584912708.25!1584912708.210644
PR_NumPings!43!1584912708.25!1584912708.210630
SendState!SEND_IDLE!1584912708.25!1584912708.210551
BD_Cycles!173!1584912709.25!1584912709.215737
rateGroup1Comp_RgMaxTime!4897!1584912709.25!1584912709.215839
BD_Cycles!174!1584912710.26!1584912710.216468
SendState!SEND_IDLE!1584912710.26!1584912710.216450
BD_Cycles!175!1584912711.26!1584912711.243422
BD_Cycles!176!1584912712.26!1584912712.245366
PR_NumPings!44!1584912712.26!1584912712.245352
SendState!SEND_IDLE!1584912712.26!1584912712.245128
BD_Cycles!177!1584912713.26!1584912713.245463
BD_Cycles!178!1584912714.26!1584912714.246090
SendState!SEND_IDLE!1584912714.26!1584912714.246078
BD_Cycles!179!1584912715.26!1584912715.247964
BD_Cycles!180!1584912716.26!1584912716.248654
PR_NumPings!45!1584912716.26!1584912716.248642
SendState!SEND_IDLE!1584912716.26!1584912716.248556
BD_Cycles!181!1584912717.27!1584912717.248854
BD_Cycles!182!1584912718.28!1584912718.251133
SendState!SEND_IDLE!1584912718.28!1584912718.251118
BD_Cycles!183!1584912719.27!1584912719.251382
BD_Cycles!184!1584912720.27!1584912720.251926
PR_NumPings!46!1584912720.27!1584912720.251913
SendState!SEND_IDLE!1584912720.27!1584912720.251812
BD_Cycles!185!1584912721.28!1584912721.252515
BD_Cycles!186!1584912722.27!1584912722.254971
SendState!SEND_IDLE!1584912722.27!1584912722.254958
BD_Cycles!187!1584912723.27!1584912723.256331
BD_Cycles!188!1584912724.27!1584912724.259401
PR_NumPings!47!1584912724.27!1584912724.259388
SendState!SEND_IDLE!1584912724.27!1584912724.259289
BD_Cycles!189!1584912725.27!1584912725.259570
BD_Cycles!190!1584912726.28!1584912726.260607
SendState!SEND_IDLE!1584912726.28!1584912726.260591
BD_Cycles!191!1584912727.28!1584912727.260675
BD_Cycles!192!1584912728.28!1584912728.261691
PR_NumPings!48!1584912728.28!1584912728.261678
SendState!SEND_IDLE!1584912728.28!1584912728.261589
BD_Cycles!193!1584912729.29!1584912729.262933
BD_Cycles!194!1584912730.28!1584912730.264196
SendState!SEND_IDLE!1584912730.28!1584912730.264184
BD_Cycles!195!1584912731.27!1584912731.267315
BD_Cycles!196!1584912732.28!1584912732.267753
PR_NumPings!49!1584912732.28!1584912732.267729
SendState!SEND_IDLE!1584912732.28!1584912732.267486
BD_Cycles!197!1584912733.29!1584912733.273905
BD_Cycles!198!1584912734.29!1584912734.276589
SendState!SEND_IDLE!1584912734.29!1584912734.276579
BD_Cycles!199!1584912735.29!1584912735.277809
BD_Cycles!200!1584912736.29!1584912736.281617
PR_NumPings!50!1584912736.29!1584912736.281588
SendState!SEND_IDLE!1584912736.29!1584912736.281207
BD_Cycles!201!1584912737.3!1584912737.281747
BD_Cycles!202!1584912738.3!1584912738.284601
SendState!SEND_IDLE!1584912738.3!1584912738.284588
BD_Cycles!203!1584912739.29!1584912739.284992
BD_Cycles!204!1584912740.3!1584912740.286812
PR_NumPings!51!1584912740.3!1584912740.286794
SendState!SEND_IDLE!1584912740.3!1584912740.286709
BD_Cycles!205!1584912741.3!1584912741.287763
BD_Cycles!206!1584912742.3!1584912742.288057
SendState!SEND_IDLE!1584912742.3!1584912742.288047
BD_Cycles!207!1584912743.3!1584912743.289576
BD_Cycles!208!1584912744.3!1584912744.291250
PR_NumPings!52!1584912744.3!1584912744.291233
SendState!SEND_IDLE!1584912744.3!1584912744.291146
BD_Cycles!209!1584912745.3!1584912745.292059
BD_Cycles!210!1584912746.3!1584912746.293184
SendState!SEND_IDLE!1584912746.3!1584912746.293147
BD_Cycles!211!1584912747.3!1584912747.293760
