BD_Cycles!0!1584928514.78!1584928514.724840
rateGroup3Comp_RgMaxTime!678!1584928514.8!1584928514.725514
PR_NumPings!0!1584928514.8!1584928514.725556
SendState!SEND_IDLE!1584928514.81!1584928514.726170
rateGroup2Comp_RgMaxTime!1338!1584928514.81!1584928514.726174
rateGroup1Comp_RgMaxTime!1422!1584928514.82!1584928514.726258
BD_Cycles!1!1584928515.79!1584928515.728810
BD_Cycles!2!1584928516.75!1584928516.729261
SendState!SEND_IDLE!1584928516.75!1584928516.729293
BD_Cycles!3!1584928517.75!1584928517.729458
CommandErrors!1!1584928517.76!1584928517.529917
BD_Cycles!4!1584928518.74!1584928518.732761
PR_NumPings!1!1584928518.74!1584928518.732851
SendState!SEND_IDLE!1584928518.74!1584928518.732866
BD_Cycles!5!1584928519.76!1584928519.733874
BD_Cycles!6!1584928520.79!1584928520.734362
SendState!SEND_IDLE!1584928520.79!1584928520.734397
BD_Cycles!7!1584928521.79!1584928521.734768
BD_Cycles!8!1584928522.79!1584928522.734887
PR_NumPings!2!1584928522.79!1584928522.735065
SendState!SEND_IDLE!1584928522.79!1584928522.735086
BD_Cycles!9!1584928523.77!1584928523.735136
BD_Cycles!10!1584928524.78!1584928524.735359
SendState!SEND_IDLE!1584928524.78!1584928524.735380
BD_Cycles!11!1584928525.75!1584928525.736360
BD_Cycles!12!1584928526.75!1584928526.738699
PR_NumPings!3!1584928526.75!1584928526.738805
SendState!SEND_IDLE!1584928526.76!1584928526.738826
BD_Cycles!13!1584928527.76!1584928527.740840
BD_Cycles!14!1584928528.76!1584928528.741435
SendState!SEND_IDLE!1584928528.76!1584928528.741458
BD_Cycles!15!1584928529.76!1584928529.741812
BD_Cycles!16!1584928530.77!1584928530.742426
PR_NumPings!4!1584928530.77!1584928530.742567
SendState!SEND_IDLE!1584928530.78!1584928530.742759
BD_Cycles!17!1584928531.78!1584928531.744219
BD_Cycles!18!1584928532.79!1584928532.746508
SendState!SEND_IDLE!1584928532.79!1584928532.746531
BD_Cycles!19!1584928533.76!1584928533.748363
BD_Cycles!20!1584928534.77!1584928534.749915
PR_NumPings!5!1584928534.78!1584928534.749998
SendState!SEND_IDLE!1584928534.78!1584928534.750017
BD_Cycles!21!1584928535.78!1584928535.751513
BD_Cycles!22!1584928537.81!1584928536.752748
SendState!SEND_IDLE!1584928537.81!1584928536.755616
rateGroup2Comp_RgMaxTime!3150!1584928537.82!1584928536.755625
BD_Cycles!24!1584928538.81!1584928538.758505
PR_NumPings!6!1584928538.81!1584928538.758372
BD_Cycles!25!1584928539.77!1584928539.760719
SendState!SEND_IDLE!1584928539.77!1584928538.758627
BD_Cycles!26!1584928540.77!1584928540.762569
BD_Cycles!27!1584928541.85!1584928541.821888
SendState!SEND_IDLE!1584928541.94!1584928540.762672
BD_Cycles!28!1584928542.85!1584928542.822159
PR_NumPings!7!1584928542.85!1584928542.822148
SendState!SEND_IDLE!1584928542.85!1584928542.822177
BD_Cycles!29!1584928543.86!1584928543.830460
BD_Cycles!30!1584928544.86!1584928544.831769
SendState!SEND_IDLE!1584928544.92!1584928544.831809
BD_Cycles!31!1584928545.89!1584928545.831864
BD_Cycles!32!1584928546.85!1584928546.833778
PR_NumPings!8!1584928546.86!1584928546.833766
SendState!SEND_IDLE!1584928546.87!1584928546.833797
BD_Cycles!33!1584928547.87!1584928547.834072
BD_Cycles!34!1584928548.87!1584928548.836013
SendState!SEND_IDLE!1584928548.87!1584928548.836035
BD_Cycles!35!1584928549.86!1584928549.837141
BD_Cycles!36!1584928550.86!1584928550.838339
PR_NumPings!9!1584928550.86!1584928550.838327
SendState!SEND_IDLE!1584928550.86!1584928550.838359
BD_Cycles!37!1584928551.86!1584928551.838870
BD_Cycles!38!1584928552.86!1584928552.840787
SendState!SEND_IDLE!1584928552.87!1584928552.840817
BD_Cycles!39!1584928553.88!1584928553.841241
BD_Cycles!40!1584928554.88!1584928554.842132
PR_NumPings!10!1584928554.88!1584928554.842122
SendState!SEND_IDLE!1584928554.88!1584928554.842149
