BD_Cycles!0!1584913037.99!1584913037.935592
rateGroup3Comp_RgMaxTime!54!1584913037.99!1584913037.935639
PR_NumPings!0!1584913038.0!1584913037.935677
SendState!SEND_IDLE!1584913038.0!1584913037.936125
rateGroup2Comp_RgMaxTime!544!1584913038.01!1584913037.936128
rateGroup1Comp_RgMaxTime!608!1584913038.03!1584913037.936193
BD_Cycles!1!1584913038.98!1584913038.935900
BD_Cycles!2!1584913039.98!1584913039.936899
SendState!SEND_IDLE!1584913039.98!1584913039.936918
BD_Cycles!3!1584913040.97!1584913040.937007
CommandsDispatched!1!1584913040.97!1584913040.277750
MGR_IS_ENABLED!True!1584913040.97!1584913040.278043
BD_Cycles!4!1584913041.97!1584913041.938820
rateGroup3Comp_RgMaxTime!71!1584913041.97!1584913041.938874
PR_NumPings!1!1584913041.97!1584913041.938898
SendState!SEND_IDLE!1584913041.97!1584913041.938920
BD_Cycles!5!1584913042.95!1584913042.939185
BD_Cycles!6!1584913043.95!1584913043.939893
SendState!SEND_IDLE!1584913043.95!1584913043.939910
BD_Cycles!7!1584913044.95!1584913044.940417
BD_Cycles!8!1584913045.95!1584913045.940790
PR_NumPings!2!1584913045.95!1584913045.940866
SendState!SEND_IDLE!1584913045.95!1584913045.940886
BD_Cycles!9!1584913046.95!1584913046.944008
BD_Cycles!10!1584913047.96!1584913047.944484
SendState!SEND_IDLE!1584913047.97!1584913047.944766
BD_Cycles!11!1584913048.97!1584913048.946068
BD_Cycles!12!1584913049.97!1584913049.946226
rateGroup3Comp_RgMaxTime!98!1584913049.97!1584913049.946300
PR_NumPings!3!1584913049.97!1584913049.946336
SendState!SEND_IDLE!1584913049.97!1584913049.946363
BD_Cycles!13!1584913050.98!1584913050.946782
BD_Cycles!14!1584913051.97!1584913051.947110
SendState!SEND_IDLE!1584913051.97!1584913051.947157
CommandsDispatched!2!1584913051.97!1584913051.870472
CommandErrors!1!1584913051.98!1584913051.870483
BD_Cycles!15!1584913052.97!1584913052.949827
SendState!SEND_IDLE!1584913053.97!1584913053.950051
BD_Cycles!17!1584913054.96!1584913054.951594
rateGroup3Comp_RgMaxTime!186!1584913054.96!1584913053.950197
PR_NumPings!4!1584913054.96!1584913053.950234
BD_Cycles!18!1584913055.96!1584913055.953468
SendState!SEND_IDLE!1584913055.96!1584913055.953498
BD_Cycles!19!1584913056.97!1584913056.954513
SendState!SEND_IDLE!1584913057.97!1584913057.955377
BD_Cycles!21!1584913058.97!1584913058.955788
PR_NumPings!5!1584913058.97!1584913057.955530
BD_Cycles!23!1584913060.97!1584913060.958534
SendState!SEND_IDLE!1584913060.97!1584913059.956236
BD_Cycles!25!1584913062.98!1584913062.960019
PR_NumPings!6!1584913062.98!1584913061.959763
SendState!SEND_IDLE!1584913062.98!1584913061.959682
BD_Cycles!27!1584913064.98!1584913064.960914
SendState!SEND_IDLE!1584913064.98!1584913063.960774
BD_Cycles!28!1584913066.97!1584913065.962770
rateGroup3Comp_RgMaxTime!252!1584913066.97!1584913065.962651
PR_NumPings!7!1584913066.98!1584913065.962708
SendState!SEND_IDLE!1584913066.98!1584913065.962525
BD_Cycles!29!1584913067.99!1584913066.964839
BD_Cycles!30!1584913068.98!1584913067.965068
SendState!SEND_IDLE!1584913068.98!1584913067.965058
BD_Cycles!31!1584913069.98!1584913068.967576
BD_Cycles!32!1584913070.98!1584913069.969090
PR_NumPings!8!1584913070.99!1584913069.969063
SendState!SEND_IDLE!1584913070.99!1584913069.968970
BD_Cycles!33!1584913071.99!1584913070.969473
BD_Cycles!34!1584913072.99!1584913071.969690
