rateGroup1Comp_RgMaxTime!23!1585176311.1!1585176311.044255
SendState!SEND_IDLE!1585176312.07!1585176311.044317
rateGroup2Comp_RgMaxTime!88!1585176312.07!1585176311.044319
rateGroup3Comp_RgMaxTime!134!1585176312.07!1585176311.044366
PR_NumPings!0!1585176312.07!1585176311.044397
BD_Cycles!0!1585176312.07!1585176311.044410
rateGroup1Comp_RgMaxTime!25!1585176312.07!1585176312.044629
BD_Cycles!1!1585176313.07!1585176312.044691
SendState!SEND_IDLE!1585176314.06!1585176313.045518
BD_Cycles!2!1585176314.06!1585176313.045527
rateGroup1Comp_RgMaxTime!41!1585176314.06!1585176314.045839
BD_Cycles!3!1585176315.06!1585176314.045907
SendState!SEND_IDLE!1585176316.06!1585176315.046237
rateGroup2Comp_RgMaxTime!103!1585176316.06!1585176315.046240
rateGroup3Comp_RgMaxTime!157!1585176316.06!1585176315.046294
PR_NumPings!1!1585176316.06!1585176315.046325
BD_Cycles!4!1585176316.06!1585176315.046340
rateGroup1Comp_RgMaxTime!115!1585176317.07!1585176317.051008
BD_Cycles!5!1585176317.08!1585176316.050775
CommandsDispatched!1!1585176317.08!1585176317.037950
MGR_IS_ENABLED!True!1585176317.08!1585176317.037958
SendState!SEND_IDLE!1585176318.08!1585176317.051078
rateGroup2Comp_RgMaxTime!188!1585176318.08!1585176317.051080
BD_Cycles!6!1585176318.37!1585176317.051087
BD_Cycles!7!1585176319.11!1585176318.051470
SendState!SEND_IDLE!1585176320.09!1585176319.052109
rateGroup3Comp_RgMaxTime!265!1585176320.09!1585176319.052259
PR_NumPings!2!1585176320.09!1585176319.052296
BD_Cycles!8!1585176320.09!1585176319.052458
rateGroup1Comp_RgMaxTime!125!1585176320.09!1585176320.053519
BD_Cycles!9!1585176321.09!1585176320.054084
SendState!SEND_IDLE!1585176322.08!1585176321.054454
BD_Cycles!10!1585176322.08!1585176321.054467
BD_Cycles!11!1585176323.09!1585176322.055580
SendState!SEND_IDLE!1585176324.09!1585176323.056705
rateGroup2Comp_RgMaxTime!245!1585176324.1!1585176323.056709
rateGroup3Comp_RgMaxTime!470!1585176324.16!1585176323.056934
PR_NumPings!3!1585176324.17!1585176323.057075
BD_Cycles!12!1585176324.17!1585176323.057103
BD_Cycles!13!1585176325.11!1585176324.057833
SendState!SEND_IDLE!1585176326.11!1585176325.058210
BD_Cycles!14!1585176326.11!1585176325.058224
CommandsDispatched!2!1585176326.12!1585176325.160659
SCHED_SENT!False!1585176326.12!1585176325.160671
MGR_IS_ENABLED!True!1585176326.12!1585176325.160687
DRV_MGR_MSG!83.0!1585176326.12!1585176325.160731
MGR_MSG!83.0!1585176326.12!1585176325.160733
BD_Cycles!15!1585176327.11!1585176326.058532
SendState!SEND_IDLE!1585176328.11!1585176327.059130
PR_NumPings!4!1585176328.11!1585176327.059194
BD_Cycles!16!1585176328.11!1585176327.059222
BD_Cycles!17!1585176329.11!1585176328.063028
SendState!SEND_IDLE!1585176330.11!1585176329.063356
BD_Cycles!18!1585176330.11!1585176329.063366
BD_Cycles!19!1585176331.11!1585176330.064706
SendState!SEND_IDLE!1585176332.11!1585176331.065514
PR_NumPings!5!1585176332.11!1585176331.065614
BD_Cycles!20!1585176332.11!1585176331.065665
BD_Cycles!21!1585176333.1!1585176332.068907
SendState!SEND_IDLE!1585176334.1!1585176333.069084
