BD_Cycles!0!1584932358.99!1584932358.906655
rateGroup3Comp_RgMaxTime!1492!1584932359.0!1584932358.908142
PR_NumPings!0!1584932359.0!1584932358.908193
SendState!SEND_IDLE!1584932359.0!1584932358.908360
rateGroup2Comp_RgMaxTime!1714!1584932359.0!1584932358.908363
rateGroup1Comp_RgMaxTime!1792!1584932359.0!1584932358.908441
BD_Cycles!1!1584932359.93!1584932359.907268
BD_Cycles!2!1584932360.94!1584932360.908494
SendState!SEND_IDLE!1584932360.94!1584932360.908514
BD_Cycles!3!1584932361.94!1584932361.909317
BD_Cycles!4!1584932362.94!1584932362.909949
PR_NumPings!1!1584932362.95!1584932362.910046
SendState!SEND_IDLE!1584932362.95!1584932362.910063
BD_Cycles!5!1584932363.95!1584932363.910356
BD_Cycles!6!1584932364.96!1584932364.913595
SendState!SEND_IDLE!1584932364.96!1584932364.913613
CommandErrors!1!1584932364.96!1584932364.069760
BD_Cycles!7!1584932365.96!1584932365.913990
BD_Cycles!8!1584932366.94!1584932366.914719
SendState!SEND_IDLE!1584932366.94!1584932366.915696
BD_Cycles!9!1584932367.94!1584932367.915304
