BD_Cycles!0!1584905419.32!1584905419.276801
rateGroup3Comp_RgMaxTime!137!1584905419.32!1584905419.276935
PR_NumPings!0!1584905419.32!1584905419.276965
SendState!SEND_IDLE!1584905419.32!1584905419.277908
rateGroup2Comp_RgMaxTime!1117!1584905419.33!1584905419.277915
rateGroup1Comp_RgMaxTime!1160!1584905419.34!1584905419.277958
BD_Cycles!1!1584905420.3!1584905420.277209
BD_Cycles!2!1584905421.3!1584905421.280307
SendState!SEND_IDLE!1584905421.3!1584905421.280325
BD_Cycles!3!1584905422.29!1584905422.280425
BD_Cycles!4!1584905423.29!1584905423.283057
PR_NumPings!1!1584905423.29!1584905423.283143
SendState!SEND_IDLE!1584905423.29!1584905423.283158
BD_Cycles!5!1584905424.3!1584905424.284542
BD_Cycles!6!1584905425.31!1584905425.285882
SendState!SEND_IDLE!1584905425.31!1584905425.285898
BD_Cycles!7!1584905426.3!1584905426.289090
BD_Cycles!8!1584905427.3!1584905427.292722
PR_NumPings!2!1584905427.3!1584905427.292811
SendState!SEND_IDLE!1584905427.31!1584905427.292819
BD_Cycles!9!1584905428.31!1584905428.292967
BD_Cycles!10!1584905429.31!1584905429.293926
SendState!SEND_IDLE!1584905429.31!1584905429.293943
BD_Cycles!11!1584905430.31!1584905430.294043
BD_Cycles!12!1584905431.32!1584905431.297061
PR_NumPings!3!1584905431.32!1584905431.297148
SendState!SEND_IDLE!1584905431.32!1584905431.297156
BD_Cycles!13!1584905432.32!1584905432.297293
BD_Cycles!14!1584905433.3!1584905433.297631
SendState!SEND_IDLE!1584905433.3!1584905433.297651
BD_Cycles!15!1584905434.31!1584905434.298525
BD_Cycles!16!1584905435.31!1584905435.299981
PR_NumPings!4!1584905435.31!1584905435.300070
SendState!SEND_IDLE!1584905435.31!1584905435.300081
BD_Cycles!17!1584905436.31!1584905436.301057
BD_Cycles!18!1584905437.31!1584905437.302986
SendState!SEND_IDLE!1584905437.31!1584905437.303007
BD_Cycles!19!1584905438.31!1584905438.303137
BD_Cycles!20!1584905439.32!1584905439.303491
rateGroup3Comp_RgMaxTime!187!1584905439.32!1584905439.303604
PR_NumPings!5!1584905439.32!1584905439.303825
SendState!SEND_IDLE!1584905439.32!1584905439.303892
BD_Cycles!21!1584905440.32!1584905440.305844
BD_Cycles!22!1584905441.32!1584905441.306682
SendState!SEND_IDLE!1584905441.32!1584905441.306718
BD_Cycles!23!1584905442.32!1584905442.308413
BD_Cycles!24!1584905443.33!1584905443.309686
PR_NumPings!6!1584905443.33!1584905443.309875
SendState!SEND_IDLE!1584905443.33!1584905443.309898
BD_Cycles!25!1584905444.33!1584905444.310801
BD_Cycles!26!1584905445.33!1584905445.310908
SendState!SEND_IDLE!1584905445.33!1584905445.310929
BD_Cycles!27!1584905446.32!1584905446.311241
CommandsDispatched!1!1584905446.32!1584905445.389102
CommandErrors!1!1584905446.32!1584905445.389106
BD_Cycles!28!1584905447.33!1584905447.314244
SendState!SEND_IDLE!1584905447.37!1584905447.314282
BD_Cycles!29!1584905448.32!1584905448.314771
PR_NumPings!7!1584905448.32!1584905447.315576
rateGroup3Comp_RgMaxTime!1409!1584905448.33!1584905447.315611
BD_Cycles!30!1584905449.35!1584905449.315038
SendState!SEND_IDLE!1584905449.41!1584905449.315092
BD_Cycles!31!1584905450.34!1584905450.315686
BD_Cycles!32!1584905451.34!1584905451.316911
PR_NumPings!8!1584905451.34!1584905451.317071
SendState!SEND_IDLE!1584905451.34!1584905451.316933
BD_Cycles!33!1584905452.35!1584905452.319520
BD_Cycles!34!1584905453.35!1584905453.319718
SendState!SEND_IDLE!1584905453.36!1584905453.319743
BD_Cycles!35!1584905454.37!1584905454.320285
BD_Cycles!36!1584905455.37!1584905455.320534
PR_NumPings!9!1584905455.37!1584905455.320664
SendState!SEND_IDLE!1584905455.37!1584905455.320558
BD_Cycles!37!1584905456.37!1584905456.321291
BD_Cycles!38!1584905457.37!1584905457.321516
SendState!SEND_IDLE!1584905457.37!1584905457.321504
BD_Cycles!39!1584905458.37!1584905458.322266
BD_Cycles!40!1584905459.36!1584905459.322538
PR_NumPings!10!1584905459.36!1584905459.322714
SendState!SEND_IDLE!1584905459.36!1584905459.322523
BD_Cycles!41!1584905460.36!1584905460.324379
BD_Cycles!42!1584905461.36!1584905461.327580
SendState!SEND_IDLE!1584905461.36!1584905461.327569
BD_Cycles!43!1584905462.36!1584905462.328027
BD_Cycles!44!1584905463.36!1584905463.330806
PR_NumPings!11!1584905463.36!1584905463.330903
SendState!SEND_IDLE!1584905463.36!1584905463.330794
BD_Cycles!45!1584905464.36!1584905464.331628
BD_Cycles!46!1584905465.36!1584905465.332398
SendState!SEND_IDLE!1584905465.37!1584905465.332387
BD_Cycles!47!1584905466.37!1584905466.333105
BD_Cycles!48!1584905467.37!1584905467.333293
PR_NumPings!12!1584905467.37!1584905467.333392
SendState!SEND_IDLE!1584905467.37!1584905467.333280
BD_Cycles!49!1584905468.36!1584905468.333646
CommandsDispatched!2!1584905468.36!1584905467.354585
BD_Cycles!50!1584905469.36!1584905469.334433
SendState!SEND_IDLE!1584905469.36!1584905469.334423
BD_Cycles!51!1584905470.36!1584905470.335997
BD_Cycles!52!1584905471.35!1584905471.336532
PR_NumPings!13!1584905471.36!1584905471.336624
SendState!SEND_IDLE!1584905471.36!1584905471.336519
BD_Cycles!53!1584905472.36!1584905472.337217
BD_Cycles!54!1584905473.36!1584905473.337324
SendState!SEND_IDLE!1584905473.38!1584905473.337312
BD_Cycles!55!1584905474.38!1584905474.342092
CommandsDispatched!3!1584905474.38!1584905473.719119
CommandErrors!2!1584905474.38!1584905473.719123
BD_Cycles!56!1584905475.37!1584905475.342997
PR_NumPings!14!1584905475.39!1584905475.343250
SendState!SEND_IDLE!1584905475.39!1584905475.342984
BD_Cycles!57!1584905476.35!1584905476.344276
BD_Cycles!58!1584905477.36!1584905477.345580
SendState!SEND_IDLE!1584905477.36!1584905477.345128
BD_Cycles!59!1584905478.36!1584905478.346204
BD_Cycles!60!1584905479.36!1584905479.347376
PR_NumPings!15!1584905479.36!1584905479.347466
SendState!SEND_IDLE!1584905479.36!1584905479.347363
BD_Cycles!61!1584905480.36!1584905480.347999
BD_Cycles!62!1584905481.36!1584905481.348911
SendState!SEND_IDLE!1584905481.37!1584905481.348900
BD_Cycles!63!1584905482.37!1584905482.350516
BD_Cycles!64!1584905483.36!1584905483.351351
PR_NumPings!16!1584905483.36!1584905483.351329
SendState!SEND_IDLE!1584905483.37!1584905483.351173
BD_Cycles!65!1584905484.36!1584905484.351565
BD_Cycles!66!1584905485.37!1584905485.351999
SendState!SEND_IDLE!1584905485.37!1584905485.351979
BD_Cycles!67!1584905486.38!1584905486.353409
BD_Cycles!68!1584905487.38!1584905487.354423
PR_NumPings!17!1584905487.38!1584905487.354408
SendState!SEND_IDLE!1584905487.39!1584905487.354305
BD_Cycles!69!1584905488.39!1584905488.355022
BD_Cycles!70!1584905489.39!1584905489.355399
SendState!SEND_IDLE!1584905489.39!1584905489.355381
BD_Cycles!71!1584905490.39!1584905490.358814
BD_Cycles!72!1584905491.38!1584905491.359602
PR_NumPings!18!1584905491.41!1584905491.359564
SendState!SEND_IDLE!1584905491.42!1584905491.359333
BD_Cycles!73!1584905492.42!1584905492.360650
BD_Cycles!74!1584905493.39!1584905493.361511
SendState!SEND_IDLE!1584905493.39!1584905493.361056
BD_Cycles!75!1584905494.39!1584905494.361925
BD_Cycles!76!1584905495.39!1584905495.363139
PR_NumPings!19!1584905495.39!1584905495.363124
SendState!SEND_IDLE!1584905495.39!1584905495.363016
BD_Cycles!77!1584905496.39!1584905496.364677
BD_Cycles!78!1584905497.38!1584905497.364909
SendState!SEND_IDLE!1584905497.38!1584905497.364897
BD_Cycles!79!1584905498.38!1584905498.367704
BD_Cycles!80!1584905499.39!1584905499.367948
PR_NumPings!20!1584905499.41!1584905499.367933
SendState!SEND_IDLE!1584905499.41!1584905499.367850
BD_Cycles!81!1584905500.41!1584905500.368953
BD_Cycles!82!1584905501.4!1584905501.369730
SendState!SEND_IDLE!1584905501.4!1584905501.369711
BD_Cycles!83!1584905502.4!1584905502.371749
BD_Cycles!84!1584905503.39!1584905503.372895
PR_NumPings!21!1584905503.39!1584905503.372877
SendState!SEND_IDLE!1584905503.39!1584905503.372791
BD_Cycles!85!1584905504.39!1584905504.373122
BD_Cycles!86!1584905505.39!1584905505.374565
SendState!SEND_IDLE!1584905505.39!1584905505.374554
BD_Cycles!87!1584905506.39!1584905506.376094
BD_Cycles!88!1584905507.4!1584905507.377164
PR_NumPings!22!1584905507.4!1584905507.377149
SendState!SEND_IDLE!1584905507.4!1584905507.377070
BD_Cycles!89!1584905508.39!1584905508.378128
BD_Cycles!90!1584905509.4!1584905509.379351
SendState!SEND_IDLE!1584905509.4!1584905509.379341
BD_Cycles!91!1584905510.4!1584905510.380328
BD_Cycles!92!1584905511.4!1584905511.380676
PR_NumPings!23!1584905511.4!1584905511.380660
SendState!SEND_IDLE!1584905511.4!1584905511.380574
BD_Cycles!93!1584905512.4!1584905512.380957
BD_Cycles!94!1584905513.4!1584905513.383140
SendState!SEND_IDLE!1584905513.4!1584905513.383129
BD_Cycles!95!1584905514.4!1584905514.383728
BD_Cycles!96!1584905515.4!1584905515.384995
PR_NumPings!24!1584905515.41!1584905515.384975
SendState!SEND_IDLE!1584905515.41!1584905515.384877
BD_Cycles!97!1584905516.41!1584905516.386716
