BD_Cycles!0!1584928862.96!1584928862.847066
rateGroup3Comp_RgMaxTime!814!1584928862.96!1584928862.847876
PR_NumPings!0!1584928862.96!1584928862.847917
SendState!SEND_IDLE!1584928862.96!1584928862.854549
rateGroup2Comp_RgMaxTime!7495!1584928862.96!1584928862.854555
rateGroup1Comp_RgMaxTime!7631!1584928862.96!1584928862.854692
BD_Cycles!1!1584928863.89!1584928863.847914
BD_Cycles!2!1584928864.89!1584928864.853431
SendState!SEND_IDLE!1584928864.9!1584928864.853448
BD_Cycles!3!1584928865.88!1584928865.855334
BD_Cycles!4!1584928866.88!1584928866.855682
PR_NumPings!1!1584928866.89!1584928866.855790
SendState!SEND_IDLE!1584928866.89!1584928866.855805
CommandErrors!1!1584928866.89!1584928866.403738
BD_Cycles!5!1584928867.9!1584928867.858180
BD_Cycles!6!1584928868.91!1584928868.858305
SendState!SEND_IDLE!1584928868.91!1584928868.858325
BD_Cycles!7!1584928869.91!1584928869.860511
BD_Cycles!8!1584928870.89!1584928870.861619
PR_NumPings!2!1584928870.89!1584928870.861706
SendState!SEND_IDLE!1584928870.89!1584928870.861715
BD_Cycles!9!1584928871.87!1584928871.861921
BD_Cycles!10!1584928872.87!1584928872.862307
SendState!SEND_IDLE!1584928872.87!1584928872.862325
BD_Cycles!11!1584928873.88!1584928873.862461
BD_Cycles!12!1584928874.89!1584928874.866032
PR_NumPings!3!1584928874.89!1584928874.866125
SendState!SEND_IDLE!1584928874.89!1584928874.866134
BD_Cycles!13!1584928875.89!1584928875.867709
BD_Cycles!14!1584928876.88!1584928876.868861
SendState!SEND_IDLE!1584928876.88!1584928876.868876
BD_Cycles!15!1584928877.88!1584928877.868985
BD_Cycles!16!1584928878.89!1584928878.870747
PR_NumPings!4!1584928878.89!1584928878.870901
SendState!SEND_IDLE!1584928878.89!1584928878.870914
BD_Cycles!17!1584928879.89!1584928879.871768
BD_Cycles!18!1584928880.89!1584928880.872238
SendState!SEND_IDLE!1584928880.89!1584928880.872266
BD_Cycles!19!1584928881.89!1584928881.873212
BD_Cycles!20!1584928882.89!1584928882.873501
PR_NumPings!5!1584928882.89!1584928882.873803
SendState!SEND_IDLE!1584928882.89!1584928882.873557
BD_Cycles!21!1584928883.9!1584928883.874461
