BD_Cycles!0!1584914717.54!1584914717.454564
rateGroup3Comp_RgMaxTime!268!1584914717.54!1584914717.454828
PR_NumPings!0!1584914717.56!1584914717.454860
SendState!SEND_IDLE!1584914717.56!1584914717.455482
rateGroup2Comp_RgMaxTime!926!1584914717.57!1584914717.455486
rateGroup1Comp_RgMaxTime!953!1584914717.59!1584914717.455513
BD_Cycles!1!1584914718.48!1584914718.456421
BD_Cycles!2!1584914719.49!1584914719.457580
SendState!SEND_IDLE!1584914719.49!1584914719.457597
BD_Cycles!3!1584914720.49!1584914720.459010
BD_Cycles!4!1584914721.49!1584914721.460333
PR_NumPings!1!1584914721.49!1584914721.460423
SendState!SEND_IDLE!1584914721.49!1584914721.460436
BD_Cycles!5!1584914722.49!1584914722.461616
BD_Cycles!6!1584914723.49!1584914723.463191
SendState!SEND_IDLE!1584914723.49!1584914723.463209
BD_Cycles!7!1584914724.49!1584914724.464355
BD_Cycles!8!1584914725.5!1584914725.465630
PR_NumPings!2!1584914725.5!1584914725.465717
SendState!SEND_IDLE!1584914725.5!1584914725.465726
BD_Cycles!9!1584914726.5!1584914726.466950
BD_Cycles!10!1584914727.5!1584914727.467048
SendState!SEND_IDLE!1584914727.5!1584914727.467065
BD_Cycles!11!1584914728.5!1584914728.469569
BD_Cycles!12!1584914729.49!1584914729.471132
PR_NumPings!3!1584914729.49!1584914729.471217
SendState!SEND_IDLE!1584914729.49!1584914729.471225
BD_Cycles!13!1584914730.49!1584914730.472528
BD_Cycles!14!1584914731.49!1584914731.473805
SendState!SEND_IDLE!1584914731.49!1584914731.473822
BD_Cycles!15!1584914732.5!1584914732.475176
BD_Cycles!16!1584914733.5!1584914733.476324
PR_NumPings!4!1584914733.5!1584914733.476415
SendState!SEND_IDLE!1584914733.5!1584914733.476424
BD_Cycles!17!1584914734.5!1584914734.476374
BD_Cycles!18!1584914735.5!1584914735.477959
SendState!SEND_IDLE!1584914735.5!1584914735.477977
BD_Cycles!19!1584914736.5!1584914736.478137
BD_Cycles!20!1584914737.5!1584914737.478736
rateGroup3Comp_RgMaxTime!495!1584914737.5!1584914737.479070
PR_NumPings!5!1584914737.5!1584914737.479137
SendState!SEND_IDLE!1584914737.5!1584914737.478816
BD_Cycles!21!1584914738.49!1584914738.481469
BD_Cycles!22!1584914739.5!1584914739.482364
SendState!SEND_IDLE!1584914739.5!1584914739.482382
BD_Cycles!23!1584914740.5!1584914740.483688
BD_Cycles!24!1584914741.5!1584914741.483906
PR_NumPings!6!1584914741.5!1584914741.484004
SendState!SEND_IDLE!1584914741.5!1584914741.483923
BD_Cycles!25!1584914742.5!1584914742.485565
BD_Cycles!26!1584914743.5!1584914743.486009
SendState!SEND_IDLE!1584914743.5!1584914743.486029
CommandsDispatched!1!1584914743.5!1584914743.090216
MGR_IS_ENABLED!True!1584914743.51!1584914743.090249
BD_Cycles!27!1584914744.5!1584914744.486179
BD_Cycles!28!1584914745.5!1584914745.486463
PR_NumPings!7!1584914745.5!1584914745.486557
SendState!SEND_IDLE!1584914745.5!1584914745.486480
BD_Cycles!29!1584914746.5!1584914746.488152
BD_Cycles!30!1584914747.51!1584914747.488461
SendState!SEND_IDLE!1584914747.51!1584914747.488479
BD_Cycles!31!1584914748.5!1584914748.490083
CommandsDispatched!2!1584914748.5!1584914748.212712
CommandErrors!1!1584914748.52!1584914748.212716
BD_Cycles!33!1584914750.51!1584914750.493580
SendState!SEND_IDLE!1584914750.51!1584914749.490233
PR_NumPings!8!1584914750.51!1584914749.490319
BD_Cycles!35!1584914752.52!1584914752.495717
SendState!SEND_IDLE!1584914752.52!1584914751.494864
BD_Cycles!37!1584914754.53!1584914754.498111
SendState!SEND_IDLE!1584914754.54!1584914753.497595
PR_NumPings!9!1584914754.54!1584914753.497806
rateGroup3Comp_RgMaxTime!522!1584914754.54!1584914753.497772
BD_Cycles!38!1584914756.52!1584914755.498549
SendState!SEND_IDLE!1584914756.54!1584914755.498537
BD_Cycles!39!1584914757.54!1584914756.500363
BD_Cycles!40!1584914758.54!1584914757.501514
SendState!SEND_IDLE!1584914758.54!1584914757.501409
PR_NumPings!10!1584914758.54!1584914757.501488
BD_Cycles!41!1584914759.54!1584914758.501715
BD_Cycles!42!1584914760.52!1584914759.502009
SendState!SEND_IDLE!1584914760.54!1584914759.501959
BD_Cycles!43!1584914761.54!1584914760.502485
BD_Cycles!44!1584914762.55!1584914761.503959
SendState!SEND_IDLE!1584914762.55!1584914761.503494
PR_NumPings!11!1584914762.55!1584914761.503672
