BD_Cycles!0!1584914567.05!1584914566.933051
rateGroup3Comp_RgMaxTime!244!1584914567.07!1584914566.933289
PR_NumPings!0!1584914567.07!1584914566.933411
SendState!SEND_IDLE!1584914567.07!1584914566.934055
rateGroup2Comp_RgMaxTime!1015!1584914567.07!1584914566.934059
rateGroup1Comp_RgMaxTime!1084!1584914567.07!1584914566.934129
BD_Cycles!1!1584914567.97!1584914567.933083
BD_Cycles!2!1584914568.96!1584914568.933494
SendState!SEND_IDLE!1584914568.97!1584914568.933512
BD_Cycles!3!1584914569.96!1584914569.933689
BD_Cycles!4!1584914570.96!1584914570.936103
PR_NumPings!1!1584914570.96!1584914570.936188
SendState!SEND_IDLE!1584914570.97!1584914570.936196
BD_Cycles!5!1584914571.97!1584914571.938320
BD_Cycles!6!1584914572.98!1584914572.938611
SendState!SEND_IDLE!1584914572.98!1584914572.938628
BD_Cycles!7!1584914573.95!1584914573.939218
CommandsDispatched!1!1584914573.95!1584914573.293783
MGR_IS_ENABLED!True!1584914573.95!1584914573.293817
BD_Cycles!8!1584914574.95!1584914574.941618
PR_NumPings!2!1584914574.96!1584914574.941702
SendState!SEND_IDLE!1584914574.96!1584914574.941715
BD_Cycles!9!1584914575.96!1584914575.941992
BD_Cycles!10!1584914576.96!1584914576.943805
SendState!SEND_IDLE!1584914576.96!1584914576.943821
BD_Cycles!11!1584914577.96!1584914577.943984
BD_Cycles!12!1584914578.96!1584914578.944147
PR_NumPings!3!1584914578.96!1584914578.944250
SendState!SEND_IDLE!1584914578.96!1584914578.944267
BD_Cycles!13!1584914579.96!1584914579.945623
BD_Cycles!14!1584914580.95!1584914580.946316
SendState!SEND_IDLE!1584914580.96!1584914580.946334
CommandsDispatched!2!1584914580.96!1584914580.079863
CommandErrors!1!1584914580.96!1584914580.079868
BD_Cycles!15!1584914581.97!1584914581.946451
BD_Cycles!16!1584914582.98!1584914582.946819
rateGroup3Comp_RgMaxTime!419!1584914582.98!1584914582.947211
PR_NumPings!4!1584914582.98!1584914582.947251
SendState!SEND_IDLE!1584914582.98!1584914582.946846
BD_Cycles!17!1584914583.98!1584914583.953775
BD_Cycles!18!1584914584.96!1584914584.954739
SendState!SEND_IDLE!1584914584.97!1584914584.954760
BD_Cycles!19!1584914585.97!1584914585.955941
BD_Cycles!20!1584914586.97!1584914586.956938
PR_NumPings!5!1584914586.97!1584914586.957037
SendState!SEND_IDLE!1584914586.97!1584914586.956955
BD_Cycles!21!1584914587.97!1584914587.957158
BD_Cycles!22!1584914588.97!1584914588.957636
SendState!SEND_IDLE!1584914588.98!1584914588.957659
BD_Cycles!23!1584914589.98!1584914589.960255
BD_Cycles!24!1584914590.98!1584914590.961377
PR_NumPings!6!1584914590.98!1584914590.961479
SendState!SEND_IDLE!1584914590.98!1584914590.961395
BD_Cycles!25!1584914591.98!1584914591.962552
BD_Cycles!27!1584914593.99!1584914593.975628
SendState!SEND_IDLE!1584914594.03!1584914592.963267
BD_Cycles!29!1584914595.99!1584914595.976568
SendState!SEND_IDLE!1584914595.99!1584914594.975907
PR_NumPings!7!1584914595.99!1584914594.975985
BD_Cycles!31!1584914597.99!1584914597.978868
SendState!SEND_IDLE!1584914597.99!1584914596.977707
BD_Cycles!33!1584914600.04!1584914600.020984
SendState!SEND_IDLE!1584914600.1!1584914598.979068
PR_NumPings!8!1584914600.1!1584914598.979164
BD_Cycles!35!1584914602.07!1584914602.022918
SendState!SEND_IDLE!1584914602.07!1584914601.021063
BD_Cycles!36!1584914604.04!1584914603.025048
SendState!SEND_IDLE!1584914604.04!1584914603.024822
PR_NumPings!9!1584914604.04!1584914603.024992
BD_Cycles!37!1584914605.04!1584914604.025470
BD_Cycles!38!1584914606.05!1584914605.025976
SendState!SEND_IDLE!1584914606.05!1584914605.025966
BD_Cycles!39!1584914607.04!1584914606.027165
BD_Cycles!40!1584914608.05!1584914607.028634
SendState!SEND_IDLE!1584914608.05!1584914607.028025
PR_NumPings!10!1584914608.05!1584914607.028517
rateGroup3Comp_RgMaxTime!727!1584914608.05!1584914607.028617
BD_Cycles!41!1584914609.05!1584914608.029417
BD_Cycles!42!1584914610.05!1584914609.030758
SendState!SEND_IDLE!1584914610.05!1584914609.030746
BD_Cycles!43!1584914611.05!1584914610.032115
BD_Cycles!44!1584914612.05!1584914611.033094
SendState!SEND_IDLE!1584914612.05!1584914611.032975
PR_NumPings!11!1584914612.05!1584914611.033076
BD_Cycles!45!1584914613.06!1584914612.033999
BD_Cycles!46!1584914614.06!1584914613.034850
SendState!SEND_IDLE!1584914614.06!1584914613.034840
BD_Cycles!47!1584914615.09!1584914614.035850
BD_Cycles!49!1584914616.09!1584914616.054423
SendState!SEND_IDLE!1584914616.09!1584914615.044972
PR_NumPings!12!1584914616.09!1584914615.052600
rateGroup3Comp_RgMaxTime!7791!1584914616.09!1584914615.052629
BD_Cycles!50!1584914617.09!1584914617.056102
SendState!SEND_IDLE!1584914617.09!1584914617.056123
BD_Cycles!51!1584914618.1!1584914618.057186
BD_Cycles!52!1584914619.09!1584914619.059007
PR_NumPings!13!1584914619.09!1584914619.059095
SendState!SEND_IDLE!1584914619.09!1584914619.059114
BD_Cycles!53!1584914620.09!1584914620.059096
BD_Cycles!54!1584914621.1!1584914621.061293
SendState!SEND_IDLE!1584914621.23!1584914621.061325
BD_Cycles!55!1584914622.1!1584914622.061953
BD_Cycles!56!1584914623.1!1584914623.064584
PR_NumPings!14!1584914623.1!1584914623.064694
SendState!SEND_IDLE!1584914623.1!1584914623.064613
BD_Cycles!57!1584914624.11!1584914624.065323
BD_Cycles!58!1584914625.11!1584914625.067293
SendState!SEND_IDLE!1584914625.12!1584914625.067320
BD_Cycles!59!1584914626.12!1584914626.067599
BD_Cycles!60!1584914627.12!1584914627.069885
PR_NumPings!15!1584914627.12!1584914627.069993
SendState!SEND_IDLE!1584914627.12!1584914627.069913
BD_Cycles!61!1584914628.09!1584914628.070349
BD_Cycles!62!1584914629.09!1584914629.071094
SendState!SEND_IDLE!1584914629.12!1584914629.071355
BD_Cycles!63!1584914630.12!1584914630.071766
BD_Cycles!64!1584914631.1!1584914631.074795
PR_NumPings!16!1584914631.1!1584914631.074891
SendState!SEND_IDLE!1584914631.1!1584914631.074813
BD_Cycles!65!1584914632.11!1584914632.075822
BD_Cycles!66!1584914633.11!1584914633.076542
SendState!SEND_IDLE!1584914633.11!1584914633.076571
BD_Cycles!67!1584914634.11!1584914634.076847
BD_Cycles!68!1584914635.11!1584914635.079423
PR_NumPings!17!1584914635.11!1584914635.079519
SendState!SEND_IDLE!1584914635.11!1584914635.079449
BD_Cycles!69!1584914636.12!1584914636.080838
BD_Cycles!70!1584914637.12!1584914637.081888
SendState!SEND_IDLE!1584914637.12!1584914637.081916
BD_Cycles!71!1584914638.1!1584914638.083234
BD_Cycles!72!1584914639.1!1584914639.084522
PR_NumPings!18!1584914639.1!1584914639.084631
SendState!SEND_IDLE!1584914639.1!1584914639.084550
BD_Cycles!73!1584914640.1!1584914640.085663
BD_Cycles!74!1584914641.11!1584914641.086710
SendState!SEND_IDLE!1584914641.11!1584914641.086737
BD_Cycles!75!1584914642.11!1584914642.087029
BD_Cycles!76!1584914643.11!1584914643.088907
PR_NumPings!19!1584914643.11!1584914643.089009
SendState!SEND_IDLE!1584914643.11!1584914643.088934
BD_Cycles!77!1584914644.1!1584914644.089284
BD_Cycles!78!1584914645.1!1584914645.090637
SendState!SEND_IDLE!1584914645.11!1584914645.090739
BD_Cycles!79!1584914646.11!1584914646.090717
BD_Cycles!80!1584914647.12!1584914647.093043
