BD_Cycles!0!1584921595.7!1584921595.622923
rateGroup3Comp_RgMaxTime!2631!1584921595.71!1584921595.625550
PR_NumPings!0!1584921595.72!1584921595.625592
SendState!SEND_IDLE!1584921595.72!1584921595.626346
rateGroup2Comp_RgMaxTime!3432!1584921595.72!1584921595.626350
rateGroup1Comp_RgMaxTime!3605!1584921595.72!1584921595.626523
BD_Cycles!1!1584921596.68!1584921596.623558
BD_Cycles!2!1584921597.65!1584921597.625168
SendState!SEND_IDLE!1584921597.66!1584921597.625190
BD_Cycles!3!1584921598.66!1584921598.626091
BD_Cycles!4!1584921599.66!1584921599.627194
PR_NumPings!1!1584921599.66!1584921599.627286
SendState!SEND_IDLE!1584921599.66!1584921599.627299
BD_Cycles!5!1584921600.66!1584921600.627566
CommandsDispatched!1!1584921600.67!1584921599.714042
MGR_IS_ENABLED!True!1584921600.67!1584921599.714089
BD_Cycles!6!1584921601.68!1584921601.627948
SendState!SEND_IDLE!1584921601.68!1584921601.628025
BD_Cycles!7!1584921602.64!1584921602.630272
BD_Cycles!8!1584921603.64!1584921603.630559
PR_NumPings!2!1584921603.64!1584921603.630681
SendState!SEND_IDLE!1584921603.64!1584921603.630698
BD_Cycles!9!1584921604.64!1584921604.632358
BD_Cycles!10!1584921605.64!1584921605.632540
SendState!SEND_IDLE!1584921605.64!1584921605.632557
BD_Cycles!11!1584921606.64!1584921606.634308
BD_Cycles!12!1584921607.64!1584921607.635026
PR_NumPings!3!1584921607.64!1584921607.635129
SendState!SEND_IDLE!1584921607.65!1584921607.635144
BD_Cycles!13!1584921608.66!1584921608.635388
CommandErrors!1!1584921609.66!1584921609.438231
BD_Cycles!15!1584921610.66!1584921610.636790
SendState!SEND_IDLE!1584921610.69!1584921609.636192
BD_Cycles!16!1584921612.7!1584921611.640516
SendState!SEND_IDLE!1584921612.7!1584921611.638950
PR_NumPings!4!1584921612.71!1584921611.639938
BD_Cycles!17!1584921613.7!1584921612.640826
BD_Cycles!18!1584921614.69!1584921613.641861
SendState!SEND_IDLE!1584921614.73!1584921613.641885
BD_Cycles!19!1584921615.7!1584921614.642537
BD_Cycles!20!1584921616.66!1584921615.644633
SendState!SEND_IDLE!1584921616.66!1584921615.643483
PR_NumPings!5!1584921616.66!1584921615.644575
BD_Cycles!21!1584921617.67!1584921616.646021
BD_Cycles!23!1584921618.67!1584921618.648331
SendState!SEND_IDLE!1584921618.67!1584921617.648178
BD_Cycles!24!1584921619.67!1584921619.648810
PR_NumPings!6!1584921619.69!1584921619.648791
SendState!SEND_IDLE!1584921619.7!1584921619.648676
BD_Cycles!25!1584921620.69!1584921620.653767
BD_Cycles!26!1584921621.69!1584921621.658868
SendState!SEND_IDLE!1584921621.69!1584921621.658856
BD_Cycles!27!1584921622.69!1584921622.659708
BD_Cycles!28!1584921624.72!1584921623.660704
SendState!SEND_IDLE!1584921624.95!1584921623.660595
PR_NumPings!7!1584921624.96!1584921623.660686
BD_Cycles!29!1584921625.73!1584921624.663273
BD_Cycles!30!1584921626.7!1584921625.664308
SendState!SEND_IDLE!1584921626.7!1584921625.664294
BD_Cycles!31!1584921627.81!1584921626.664655
BD_Cycles!33!1584921628.81!1584921628.742796
SendState!SEND_IDLE!1584921628.81!1584921627.741544
PR_NumPings!8!1584921628.81!1584921627.741683
rateGroup3Comp_RgMaxTime!75864!1584921628.81!1584921627.741637
rateGroup2Comp_RgMaxTime!75941!1584921628.81!1584921627.741713
BD_Cycles!34!1584921629.79!1584921629.742985
SendState!SEND_IDLE!1584921629.8!1584921629.743013
BD_Cycles!35!1584921630.75!1584921630.743128
BD_Cycles!36!1584921631.75!1584921631.743277
PR_NumPings!9!1584921631.75!1584921631.743453
SendState!SEND_IDLE!1584921631.76!1584921631.743308
BD_Cycles!37!1584921632.76!1584921632.743529
BD_Cycles!38!1584921633.77!1584921633.743647
SendState!SEND_IDLE!1584921633.77!1584921633.743685
BD_Cycles!39!1584921634.77!1584921634.743887
BD_Cycles!40!1584921635.77!1584921635.747946
PR_NumPings!10!1584921635.77!1584921635.748037
SendState!SEND_IDLE!1584921635.77!1584921635.747962
BD_Cycles!41!1584921636.77!1584921636.749161
BD_Cycles!42!1584921637.77!1584921637.749445
SendState!SEND_IDLE!1584921637.78!1584921637.749474
BD_Cycles!43!1584921638.78!1584921638.750912
BD_Cycles!44!1584921639.78!1584921639.750999
PR_NumPings!11!1584921639.78!1584921639.751114
SendState!SEND_IDLE!1584921639.78!1584921639.751021
BD_Cycles!45!1584921640.79!1584921640.751165
BD_Cycles!46!1584921641.79!1584921641.752779
SendState!SEND_IDLE!1584921641.8!1584921641.752806
BD_Cycles!47!1584921642.77!1584921642.755282
BD_Cycles!48!1584921643.77!1584921643.758302
PR_NumPings!12!1584921643.77!1584921643.758413
SendState!SEND_IDLE!1584921643.77!1584921643.758332
BD_Cycles!49!1584921644.78!1584921644.761160
BD_Cycles!50!1584921645.78!1584921645.761267
SendState!SEND_IDLE!1584921645.78!1584921645.761312
BD_Cycles!51!1584921646.78!1584921646.763244
BD_Cycles!52!1584921647.78!1584921647.764794
PR_NumPings!13!1584921647.79!1584921647.765010
SendState!SEND_IDLE!1584921647.8!1584921647.764830
BD_Cycles!53!1584921648.8!1584921648.765091
BD_Cycles!54!1584921649.8!1584921649.766127
