BD_Cycles!0!1585158640.81!1585158640.744592
rateGroup3Comp_RgMaxTime!200!1585158640.87!1585158640.744787
PR_NumPings!0!1585158640.87!1585158640.744830
SendState!SEND_IDLE!1585158640.88!1585158640.745439
rateGroup2Comp_RgMaxTime!856!1585158640.88!1585158640.745443
rateGroup1Comp_RgMaxTime!959!1585158640.88!1585158640.745546
BD_Cycles!1!1585158641.76!1585158641.745871
BD_Cycles!2!1585158642.77!1585158642.747101
SendState!SEND_IDLE!1585158642.77!1585158642.747119
BD_Cycles!3!1585158643.77!1585158643.749962
BD_Cycles!4!1585158644.77!1585158644.751958
PR_NumPings!1!1585158644.77!1585158644.752065
SendState!SEND_IDLE!1585158644.77!1585158644.752079
BD_Cycles!5!1585158645.78!1585158645.752861
BD_Cycles!6!1585158646.79!1585158646.753082
SendState!SEND_IDLE!1585158646.79!1585158646.753108
CommandsDispatched!1!1585158646.79!1585158646.156051
MGR_IS_ENABLED!True!1585158646.79!1585158646.156088
BD_Cycles!7!1585158647.78!1585158647.753848
BD_Cycles!8!1585158648.79!1585158648.754967
PR_NumPings!2!1585158648.8!1585158648.755068
SendState!SEND_IDLE!1585158648.81!1585158648.755084
BD_Cycles!9!1585158649.79!1585158649.755730
BD_Cycles!10!1585158650.8!1585158650.759367
SendState!SEND_IDLE!1585158650.8!1585158650.759385
BD_Cycles!11!1585158651.79!1585158651.760703
BD_Cycles!12!1585158652.8!1585158652.761032
PR_NumPings!3!1585158652.8!1585158652.761116
SendState!SEND_IDLE!1585158652.8!1585158652.761129
BD_Cycles!13!1585158653.79!1585158653.763818
BD_Cycles!14!1585158654.79!1585158654.765079
SendState!SEND_IDLE!1585158654.79!1585158654.765103
BD_Cycles!15!1585158655.79!1585158655.765728
BD_Cycles!16!1585158656.78!1585158656.767120
PR_NumPings!4!1585158656.78!1585158656.767219
SendState!SEND_IDLE!1585158656.79!1585158656.767138
BD_Cycles!17!1585158657.79!1585158657.767427
CommandsDispatched!2!1585158658.8!1585158658.695494
MGR_IS_ENABLED!True!1585158658.81!1585158658.695544
SCHED_SENT!True!1585158658.81!1585158658.695525
MGR_MSG!83.0!1585158658.81!1585158658.695572
BD_Cycles!19!1585158659.81!1585158659.768922
SendState!SEND_IDLE!1585158659.82!1585158658.767865
BD_Cycles!21!1585158661.8!1585158661.771592
SendState!SEND_IDLE!1585158661.8!1585158660.771366
PR_NumPings!5!1585158661.8!1585158660.771445
BD_Cycles!23!1585158663.8!1585158663.774484
SendState!SEND_IDLE!1585158663.8!1585158662.773351
BD_Cycles!24!1585158665.8!1585158664.774910
SendState!SEND_IDLE!1585158665.8!1585158664.774766
PR_NumPings!6!1585158665.8!1585158664.774872
BD_Cycles!25!1585158666.81!1585158665.775833
BD_Cycles!26!1585158667.81!1585158666.776761
SendState!SEND_IDLE!1585158667.81!1585158666.776751
BD_Cycles!27!1585158668.81!1585158667.777152
BD_Cycles!28!1585158669.81!1585158668.779651
SendState!SEND_IDLE!1585158669.82!1585158668.779551
PR_NumPings!7!1585158669.82!1585158668.779628
BD_Cycles!29!1585158670.82!1585158669.780697
BD_Cycles!30!1585158671.8!1585158670.781092
SendState!SEND_IDLE!1585158671.8!1585158670.780876
BD_Cycles!31!1585158672.8!1585158671.781233
BD_Cycles!32!1585158673.8!1585158672.783458
SendState!SEND_IDLE!1585158673.81!1585158672.783363
PR_NumPings!8!1585158673.81!1585158672.783436
BD_Cycles!33!1585158674.81!1585158673.784773
BD_Cycles!34!1585158675.81!1585158674.785677
SendState!SEND_IDLE!1585158675.81!1585158674.785668
BD_Cycles!35!1585158676.81!1585158675.786182
BD_Cycles!36!1585158677.82!1585158676.787022
SendState!SEND_IDLE!1585158677.82!1585158676.786867
PR_NumPings!9!1585158677.82!1585158676.786984
rateGroup3Comp_RgMaxTime!211!1585158677.82!1585158676.786947
BD_Cycles!37!1585158678.82!1585158677.788296
BD_Cycles!38!1585158679.82!1585158678.789276
SendState!SEND_IDLE!1585158679.82!1585158678.789263
BD_Cycles!39!1585158680.82!1585158679.789747
BD_Cycles!40!1585158681.82!1585158680.792913
SendState!SEND_IDLE!1585158681.82!1585158680.792800
PR_NumPings!10!1585158681.82!1585158680.792886
BD_Cycles!41!1585158682.84!1585158681.793823
BD_Cycles!42!1585158683.83!1585158682.793955
SendState!SEND_IDLE!1585158683.85!1585158682.793945
BD_Cycles!43!1585158684.81!1585158683.795433
BD_Cycles!44!1585158685.81!1585158684.797308
SendState!SEND_IDLE!1585158685.81!1585158684.797212
PR_NumPings!11!1585158685.81!1585158684.797291
BD_Cycles!45!1585158686.81!1585158685.798397
BD_Cycles!46!1585158687.81!1585158686.799671
SendState!SEND_IDLE!1585158687.81!1585158686.799663
BD_Cycles!47!1585158688.81!1585158687.799985
BD_Cycles!48!1585158689.81!1585158688.800465
SendState!SEND_IDLE!1585158689.85!1585158688.800364
PR_NumPings!12!1585158689.85!1585158688.800447
BD_Cycles!49!1585158690.85!1585158689.801996
BD_Cycles!50!1585158691.85!1585158690.803641
SendState!SEND_IDLE!1585158691.85!1585158690.803630
BD_Cycles!51!1585158692.84!1585158691.804099
BD_Cycles!52!1585158693.82!1585158692.805305
SendState!SEND_IDLE!1585158693.82!1585158692.805139
PR_NumPings!13!1585158693.82!1585158692.805272
rateGroup3Comp_RgMaxTime!223!1585158693.82!1585158692.805226
BD_Cycles!53!1585158694.83!1585158693.806736
BD_Cycles!54!1585158695.82!1585158694.806950
SendState!SEND_IDLE!1585158695.83!1585158694.806939
BD_Cycles!55!1585158696.83!1585158695.807283
BD_Cycles!56!1585158697.86!1585158696.807731
SendState!SEND_IDLE!1585158697.96!1585158696.807610
PR_NumPings!14!1585158697.96!1585158696.807709
BD_Cycles!57!1585158698.86!1585158697.809877
BD_Cycles!58!1585158699.86!1585158698.810598
SendState!SEND_IDLE!1585158699.86!1585158698.810548
CommandsDispatched!3!1585158699.86!1585158699.781478
MGR_IS_ENABLED!False!1585158699.87!1585158699.781487
BD_Cycles!59!1585158700.86!1585158699.811872
BD_Cycles!60!1585158701.86!1585158700.812747
SendState!SEND_IDLE!1585158701.86!1585158700.812633
PR_NumPings!15!1585158701.86!1585158700.812724
rateGroup1Comp_RgMaxTime!1109!1585158701.86!1585158701.814026
BD_Cycles!61!1585158702.86!1585158701.814509
BD_Cycles!62!1585158703.82!1585158702.815781
SendState!SEND_IDLE!1585158703.83!1585158702.815772
BD_Cycles!63!1585158704.83!1585158703.816171
BD_Cycles!64!1585158705.84!1585158704.816859
SendState!SEND_IDLE!1585158705.84!1585158704.816760
PR_NumPings!16!1585158705.84!1585158704.816841
BD_Cycles!65!1585158706.84!1585158705.818671
BD_Cycles!66!1585158707.84!1585158706.819587
SendState!SEND_IDLE!1585158707.84!1585158706.819577
BD_Cycles!67!1585158708.83!1585158707.820138
BD_Cycles!68!1585158709.83!1585158708.821848
SendState!SEND_IDLE!1585158709.83!1585158708.821745
PR_NumPings!17!1585158709.84!1585158708.821830
BD_Cycles!69!1585158710.84!1585158709.822297
BD_Cycles!70!1585158711.83!1585158710.823936
SendState!SEND_IDLE!1585158711.84!1585158710.823919
BD_Cycles!71!1585158712.84!1585158711.824322
BD_Cycles!72!1585158713.83!1585158712.825501
SendState!SEND_IDLE!1585158713.83!1585158712.825344
PR_NumPings!18!1585158713.84!1585158712.825476
rateGroup3Comp_RgMaxTime!245!1585158713.84!1585158712.825436
BD_Cycles!73!1585158714.85!1585158713.825917
BD_Cycles!74!1585158715.85!1585158714.828123
SendState!SEND_IDLE!1585158715.85!1585158714.828114
BD_Cycles!75!1585158716.84!1585158715.829372
BD_Cycles!76!1585158717.86!1585158716.829670
SendState!SEND_IDLE!1585158717.86!1585158716.829570
PR_NumPings!19!1585158717.86!1585158716.829653
CommandsDispatched!4!1585158717.87!1585158717.294289
MGR_IS_ENABLED!False!1585158717.87!1585158717.294330
SCHED_SENT!True!1585158717.87!1585158717.294297
BD_Cycles!77!1585158718.87!1585158717.830078
BD_Cycles!78!1585158719.86!1585158718.831355
SendState!SEND_IDLE!1585158719.86!1585158718.831344
BD_Cycles!79!1585158720.86!1585158719.833243
BD_Cycles!80!1585158721.87!1585158720.834573
SendState!SEND_IDLE!1585158721.87!1585158720.834462
PR_NumPings!20!1585158721.87!1585158720.834550
BD_Cycles!81!1585158722.86!1585158721.835554
BD_Cycles!82!1585158723.85!1585158722.835811
SendState!SEND_IDLE!1585158723.85!1585158722.835800
BD_Cycles!83!1585158724.86!1585158723.837568
BD_Cycles!84!1585158725.85!1585158724.838348
SendState!SEND_IDLE!1585158725.86!1585158724.838219
PR_NumPings!21!1585158725.86!1585158724.838323
BD_Cycles!85!1585158726.86!1585158725.838591
BD_Cycles!86!1585158727.86!1585158726.839132
SendState!SEND_IDLE!1585158727.86!1585158726.839123
BD_Cycles!87!1585158728.86!1585158727.839763
BD_Cycles!88!1585158729.87!1585158728.840244
SendState!SEND_IDLE!1585158729.87!1585158728.840119
PR_NumPings!22!1585158729.87!1585158728.840214
rateGroup3Comp_RgMaxTime!309!1585158729.87!1585158728.840180
BD_Cycles!89!1585158730.88!1585158729.840573
BD_Cycles!90!1585158731.87!1585158730.843078
SendState!SEND_IDLE!1585158731.88!1585158730.843069
BD_Cycles!91!1585158732.87!1585158731.844780
CommandsDispatched!5!1585158732.87!1585158732.505689
MGR_IS_ENABLED!True!1585158732.87!1585158732.505698
BD_Cycles!92!1585158733.88!1585158732.846796
SendState!SEND_IDLE!1585158733.88!1585158732.846688
PR_NumPings!23!1585158733.88!1585158732.846768
BD_Cycles!93!1585158734.87!1585158733.847169
BD_Cycles!94!1585158735.86!1585158734.847760
SendState!SEND_IDLE!1585158735.86!1585158734.847751
BD_Cycles!95!1585158736.86!1585158735.847931
BD_Cycles!96!1585158737.86!1585158736.851616
SendState!SEND_IDLE!1585158737.87!1585158736.851522
PR_NumPings!24!1585158737.87!1585158736.851599
BD_Cycles!97!1585158738.86!1585158737.852503
BD_Cycles!98!1585158739.86!1585158738.852967
SendState!SEND_IDLE!1585158739.87!1585158738.852956
BD_Cycles!99!1585158740.87!1585158739.853916
BD_Cycles!100!1585158741.88!1585158740.854188
SendState!SEND_IDLE!1585158741.96!1585158740.854091
PR_NumPings!25!1585158741.96!1585158740.854170
BD_Cycles!101!1585158742.86!1585158741.854756
BD_Cycles!102!1585158743.87!1585158742.855126
SendState!SEND_IDLE!1585158743.87!1585158742.855116
CommandsDispatched!6!1585158743.88!1585158743.080393
MGR_IS_ENABLED!True!1585158743.89!1585158743.080438
SCHED_SENT!True!1585158743.89!1585158743.080402
MGR_MSG!86.0!1585158743.9!1585158743.080451
BD_Cycles!103!1585158744.9!1585158743.857083
BD_Cycles!104!1585158745.9!1585158744.857999
SendState!SEND_IDLE!1585158745.9!1585158744.857850
PR_NumPings!26!1585158745.9!1585158744.857968
BD_Cycles!105!1585158746.9!1585158745.858404
BD_Cycles!106!1585158747.9!1585158746.858810
SendState!SEND_IDLE!1585158747.9!1585158746.858801
BD_Cycles!107!1585158748.9!1585158747.859113
BD_Cycles!108!1585158749.9!1585158748.861210
SendState!SEND_IDLE!1585158749.9!1585158748.860737
PR_NumPings!27!1585158749.9!1585158748.861116
rateGroup3Comp_RgMaxTime!1318!1585158749.9!1585158748.860933
rateGroup2Comp_RgMaxTime!1132!1585158749.9!1585158748.860745
BD_Cycles!109!1585158750.91!1585158749.863528
BD_Cycles!110!1585158751.88!1585158750.864665
SendState!SEND_IDLE!1585158751.88!1585158750.864650
BD_Cycles!111!1585158752.89!1585158751.867487
BD_Cycles!112!1585158753.9!1585158752.868034
SendState!SEND_IDLE!1585158753.9!1585158752.867939
PR_NumPings!28!1585158753.9!1585158752.868017
BD_Cycles!113!1585158754.91!1585158753.869563
BD_Cycles!114!1585158755.91!1585158754.870673
SendState!SEND_IDLE!1585158755.91!1585158754.870664
BD_Cycles!115!1585158756.91!1585158755.871242
BD_Cycles!116!1585158757.88!1585158756.873108
SendState!SEND_IDLE!1585158757.89!1585158756.872971
PR_NumPings!29!1585158757.89!1585158756.873048
BD_Cycles!117!1585158758.89!1585158757.874380
BD_Cycles!118!1585158759.89!1585158758.875377
SendState!SEND_IDLE!1585158759.89!1585158758.875368
BD_Cycles!119!1585158760.9!1585158759.876713
BD_Cycles!120!1585158761.9!1585158760.877996
SendState!SEND_IDLE!1585158761.9!1585158760.877901
PR_NumPings!30!1585158761.9!1585158760.877979
BD_Cycles!121!1585158762.9!1585158761.879085
BD_Cycles!122!1585158763.9!1585158762.880153
SendState!SEND_IDLE!1585158763.9!1585158762.880144
BD_Cycles!123!1585158764.9!1585158763.881269
BD_Cycles!124!1585158765.9!1585158764.881538
SendState!SEND_IDLE!1585158765.9!1585158764.881442
PR_NumPings!31!1585158765.9!1585158764.881521
BD_Cycles!125!1585158766.9!1585158765.883571
BD_Cycles!126!1585158767.91!1585158766.884717
SendState!SEND_IDLE!1585158767.91!1585158766.884708
BD_Cycles!127!1585158768.9!1585158767.885927
BD_Cycles!128!1585158769.9!1585158768.886997
SendState!SEND_IDLE!1585158769.9!1585158768.886902
PR_NumPings!32!1585158769.9!1585158768.886980
BD_Cycles!129!1585158770.9!1585158769.887381
BD_Cycles!130!1585158771.9!1585158770.889161
SendState!SEND_IDLE!1585158771.9!1585158770.889152
BD_Cycles!131!1585158772.91!1585158771.890443
BD_Cycles!132!1585158773.91!1585158772.891755
SendState!SEND_IDLE!1585158773.91!1585158772.891661
PR_NumPings!33!1585158773.91!1585158772.891738
BD_Cycles!133!1585158774.91!1585158773.892774
BD_Cycles!134!1585158775.91!1585158774.893956
SendState!SEND_IDLE!1585158775.91!1585158774.893947
BD_Cycles!135!1585158776.91!1585158775.894575
BD_Cycles!136!1585158777.92!1585158776.895256
SendState!SEND_IDLE!1585158777.92!1585158776.894980
PR_NumPings!34!1585158777.92!1585158776.895200
BD_Cycles!137!1585158778.92!1585158777.896386
BD_Cycles!138!1585158779.92!1585158778.896668
SendState!SEND_IDLE!1585158779.92!1585158778.896654
BD_Cycles!139!1585158780.92!1585158779.897331
BD_Cycles!140!1585158781.93!1585158780.898683
SendState!SEND_IDLE!1585158781.93!1585158780.898588
PR_NumPings!35!1585158781.93!1585158780.898665
BD_Cycles!141!1585158782.94!1585158781.901566
BD_Cycles!142!1585158783.94!1585158782.902924
SendState!SEND_IDLE!1585158783.94!1585158782.902915
BD_Cycles!143!1585158784.95!1585158783.904047
BD_Cycles!144!1585158785.94!1585158784.905381
SendState!SEND_IDLE!1585158785.94!1585158784.905285
PR_NumPings!36!1585158785.94!1585158784.905363
BD_Cycles!145!1585158786.94!1585158785.906501
BD_Cycles!146!1585158787.95!1585158786.907668
SendState!SEND_IDLE!1585158787.95!1585158786.907659
BD_Cycles!147!1585158788.92!1585158787.908396
BD_Cycles!148!1585158789.92!1585158788.910189
SendState!SEND_IDLE!1585158789.92!1585158788.910093
PR_NumPings!37!1585158789.92!1585158788.910171
BD_Cycles!149!1585158790.92!1585158789.911342
BD_Cycles!150!1585158791.92!1585158790.912122
SendState!SEND_IDLE!1585158791.92!1585158790.912113
BD_Cycles!151!1585158792.92!1585158791.913291
BD_Cycles!152!1585158793.93!1585158792.914639
SendState!SEND_IDLE!1585158793.93!1585158792.914544
PR_NumPings!38!1585158793.93!1585158792.914622
BD_Cycles!153!1585158794.93!1585158793.915559
BD_Cycles!154!1585158795.94!1585158794.916720
SendState!SEND_IDLE!1585158795.94!1585158794.916710
BD_Cycles!155!1585158796.94!1585158795.917989
BD_Cycles!156!1585158797.94!1585158796.918507
SendState!SEND_IDLE!1585158797.94!1585158796.918409
PR_NumPings!39!1585158797.94!1585158796.918489
BD_Cycles!157!1585158798.94!1585158797.919351
BD_Cycles!158!1585158799.94!1585158798.920830
SendState!SEND_IDLE!1585158799.94!1585158798.920821
BD_Cycles!159!1585158800.94!1585158799.921112
BD_Cycles!160!1585158801.94!1585158800.921440
SendState!SEND_IDLE!1585158801.94!1585158800.921313
PR_NumPings!40!1585158801.94!1585158800.921422
BD_Cycles!161!1585158802.94!1585158801.921796
BD_Cycles!162!1585158803.95!1585158802.922355
SendState!SEND_IDLE!1585158803.95!1585158802.922345
BD_Cycles!163!1585158804.95!1585158803.922890
BD_Cycles!164!1585158805.93!1585158804.923468
SendState!SEND_IDLE!1585158805.94!1585158804.923364
PR_NumPings!41!1585158805.94!1585158804.923450
BD_Cycles!166!1585158806.94!1585158806.925305
SendState!SEND_IDLE!1585158806.94!1585158806.925290
BD_Cycles!167!1585158807.95!1585158807.928275
BD_Cycles!168!1585158808.95!1585158808.928979
PR_NumPings!42!1585158808.95!1585158808.928964
SendState!SEND_IDLE!1585158808.95!1585158808.928884
BD_Cycles!169!1585158809.96!1585158809.929061
BD_Cycles!170!1585158810.97!1585158810.934067
SendState!SEND_IDLE!1585158810.97!1585158810.934058
BD_Cycles!171!1585158811.98!1585158811.935347
BD_Cycles!172!1585158813.98!1585158812.942615
SendState!SEND_IDLE!1585158813.98!1585158812.942480
PR_NumPings!43!1585158813.98!1585158812.942592
BD_Cycles!173!1585158814.98!1585158813.947375
BD_Cycles!174!1585158815.98!1585158814.948645
SendState!SEND_IDLE!1585158815.98!1585158814.948636
BD_Cycles!175!1585158816.98!1585158815.949584
BD_Cycles!176!1585158817.98!1585158816.951146
SendState!SEND_IDLE!1585158817.98!1585158816.951050
PR_NumPings!44!1585158817.98!1585158816.951129
BD_Cycles!177!1585158818.98!1585158817.952230
BD_Cycles!178!1585158819.98!1585158818.953376
SendState!SEND_IDLE!1585158819.99!1585158818.953368
BD_Cycles!179!1585158820.98!1585158819.954600
BD_Cycles!180!1585158821.98!1585158820.955907
SendState!SEND_IDLE!1585158821.98!1585158820.955813
PR_NumPings!45!1585158821.98!1585158820.955890
BD_Cycles!181!1585158822.98!1585158821.956789
BD_Cycles!182!1585158823.99!1585158822.957241
SendState!SEND_IDLE!1585158823.99!1585158822.957232
BD_Cycles!183!1585158824.99!1585158823.957855
BD_Cycles!184!1585158825.99!1585158824.958662
SendState!SEND_IDLE!1585158825.99!1585158824.958568
PR_NumPings!46!1585158825.99!1585158824.958645
BD_Cycles!185!1585158827.08!1585158825.959364
BD_Cycles!186!1585158828.07!1585158827.019993
SendState!SEND_IDLE!1585158828.07!1585158827.019930
BD_Cycles!187!1585158829.07!1585158828.020736
BD_Cycles!188!1585158830.07!1585158829.021186
SendState!SEND_IDLE!1585158830.07!1585158829.021058
PR_NumPings!47!1585158830.07!1585158829.021167
BD_Cycles!189!1585158831.11!1585158830.021440
BD_Cycles!190!1585158832.1!1585158831.079409
SendState!SEND_IDLE!1585158832.11!1585158831.079394
BD_Cycles!191!1585158833.11!1585158832.079684
BD_Cycles!192!1585158834.1!1585158833.079968
SendState!SEND_IDLE!1585158834.1!1585158833.079866
PR_NumPings!48!1585158834.1!1585158833.079950
BD_Cycles!193!1585158835.1!1585158834.080368
BD_Cycles!194!1585158836.09!1585158835.080778
SendState!SEND_IDLE!1585158836.09!1585158835.080769
BD_Cycles!195!1585158837.1!1585158836.081433
BD_Cycles!196!1585158838.1!1585158837.082509
SendState!SEND_IDLE!1585158838.1!1585158837.082405
PR_NumPings!49!1585158838.1!1585158837.082488
BD_Cycles!197!1585158839.11!1585158838.083641
BD_Cycles!198!1585158840.12!1585158839.084925
SendState!SEND_IDLE!1585158840.12!1585158839.084911
BD_Cycles!199!1585158841.12!1585158840.086225
BD_Cycles!200!1585158842.12!1585158841.087198
SendState!SEND_IDLE!1585158842.12!1585158841.087084
PR_NumPings!50!1585158842.12!1585158841.087174
BD_Cycles!201!1585158843.13!1585158842.088095
BD_Cycles!202!1585158844.13!1585158843.089290
SendState!SEND_IDLE!1585158844.13!1585158843.089282
BD_Cycles!203!1585158845.13!1585158844.090021
BD_Cycles!204!1585158846.13!1585158845.091520
SendState!SEND_IDLE!1585158846.13!1585158845.091426
PR_NumPings!51!1585158846.13!1585158845.091503
BD_Cycles!205!1585158847.14!1585158846.091657
BD_Cycles!206!1585158848.14!1585158847.093619
SendState!SEND_IDLE!1585158848.14!1585158847.093608
BD_Cycles!207!1585158849.15!1585158848.094701
BD_Cycles!208!1585158850.13!1585158849.096196
SendState!SEND_IDLE!1585158850.13!1585158849.096087
PR_NumPings!52!1585158850.13!1585158849.096173
BD_Cycles!209!1585158851.13!1585158850.096917
BD_Cycles!210!1585158852.13!1585158851.098188
SendState!SEND_IDLE!1585158852.13!1585158851.098178
BD_Cycles!211!1585158853.13!1585158852.099496
BD_Cycles!212!1585158854.13!1585158853.101625
SendState!SEND_IDLE!1585158854.13!1585158853.101198
PR_NumPings!53!1585158854.13!1585158853.101587
BD_Cycles!213!1585158855.13!1585158854.101936
BD_Cycles!214!1585158856.13!1585158855.102401
SendState!SEND_IDLE!1585158856.13!1585158855.102392
BD_Cycles!215!1585158857.13!1585158856.103597
BD_Cycles!216!1585158858.12!1585158857.104388
SendState!SEND_IDLE!1585158858.13!1585158857.104252
PR_NumPings!54!1585158858.13!1585158857.104369
BD_Cycles!217!1585158859.14!1585158858.105644
BD_Cycles!218!1585158860.14!1585158859.106036
SendState!SEND_IDLE!1585158860.15!1585158859.106027
BD_Cycles!219!1585158861.15!1585158860.107314
BD_Cycles!220!1585158862.15!1585158861.108031
SendState!SEND_IDLE!1585158862.15!1585158861.107879
PR_NumPings!55!1585158862.15!1585158861.107967
BD_Cycles!221!1585158863.15!1585158862.108353
BD_Cycles!222!1585158864.14!1585158863.108837
SendState!SEND_IDLE!1585158864.14!1585158863.108826
BD_Cycles!223!1585158865.13!1585158864.109655
BD_Cycles!224!1585158866.13!1585158865.110517
SendState!SEND_IDLE!1585158866.13!1585158865.110365
PR_NumPings!56!1585158866.13!1585158865.110498
BD_Cycles!225!1585158867.13!1585158866.110629
BD_Cycles!226!1585158868.13!1585158867.115378
SendState!SEND_IDLE!1585158868.13!1585158867.115367
BD_Cycles!227!1585158869.13!1585158868.115860
BD_Cycles!228!1585158870.13!1585158869.116463
SendState!SEND_IDLE!1585158870.13!1585158869.116368
PR_NumPings!57!1585158870.13!1585158869.116446
BD_Cycles!229!1585158871.13!1585158870.116712
BD_Cycles!230!1585158872.13!1585158871.116979
SendState!SEND_IDLE!1585158872.14!1585158871.116968
BD_Cycles!231!1585158873.13!1585158872.117226
BD_Cycles!232!1585158874.13!1585158873.117932
SendState!SEND_IDLE!1585158874.13!1585158873.117802
PR_NumPings!58!1585158874.13!1585158873.117905
BD_Cycles!233!1585158875.13!1585158874.119728
BD_Cycles!234!1585158876.13!1585158875.120199
SendState!SEND_IDLE!1585158876.14!1585158875.120190
BD_Cycles!235!1585158877.19!1585158876.124382
BD_Cycles!236!1585158878.15!1585158877.125561
SendState!SEND_IDLE!1585158878.16!1585158877.125417
PR_NumPings!59!1585158878.16!1585158877.125537
BD_Cycles!237!1585158879.17!1585158878.127154
BD_Cycles!238!1585158880.17!1585158879.128143
SendState!SEND_IDLE!1585158880.17!1585158879.128133
BD_Cycles!239!1585158881.17!1585158880.129072
BD_Cycles!240!1585158882.17!1585158881.130344
