BD_Cycles!0!1585159033.33!1585159033.250254
rateGroup3Comp_RgMaxTime!274!1585159033.34!1585159033.250524
PR_NumPings!0!1585159033.34!1585159033.250559
SendState!SEND_IDLE!1585159033.35!1585159033.251180
rateGroup2Comp_RgMaxTime!933!1585159033.35!1585159033.251183
rateGroup1Comp_RgMaxTime!961!1585159033.35!1585159033.251211
BD_Cycles!1!1585159034.35!1585159034.251797
BD_Cycles!2!1585159035.27!1585159035.254410
SendState!SEND_IDLE!1585159035.27!1585159035.254428
BD_Cycles!3!1585159036.27!1585159036.254766
BD_Cycles!4!1585159037.27!1585159037.254855
PR_NumPings!1!1585159037.27!1585159037.255020
SendState!SEND_IDLE!1585159037.27!1585159037.255029
BD_Cycles!5!1585159038.27!1585159038.255790
BD_Cycles!6!1585159039.27!1585159039.256058
SendState!SEND_IDLE!1585159039.27!1585159039.256077
BD_Cycles!7!1585159040.28!1585159040.256148
BD_Cycles!8!1585159041.28!1585159041.259976
PR_NumPings!2!1585159041.28!1585159041.260323
SendState!SEND_IDLE!1585159041.29!1585159041.260015
BD_Cycles!9!1585159042.28!1585159042.260473
BD_Cycles!10!1585159043.29!1585159043.263295
SendState!SEND_IDLE!1585159043.29!1585159043.263311
BD_Cycles!11!1585159044.27!1585159044.264253
BD_Cycles!12!1585159045.28!1585159045.264714
PR_NumPings!3!1585159045.47!1585159045.265028
SendState!SEND_IDLE!1585159045.49!1585159045.264748
BD_Cycles!13!1585159046.31!1585159046.265555
BD_Cycles!14!1585159047.3!1585159047.265926
SendState!SEND_IDLE!1585159047.3!1585159047.265950
BD_Cycles!15!1585159048.3!1585159048.266174
CommandsDispatched!1!1585159048.3!1585159047.650026
MGR_IS_ENABLED!True!1585159048.3!1585159047.650061
BD_Cycles!16!1585159049.29!1585159049.266877
PR_NumPings!4!1585159049.29!1585159049.266985
SendState!SEND_IDLE!1585159049.29!1585159049.266896
BD_Cycles!17!1585159050.3!1585159050.268080
BD_Cycles!18!1585159051.3!1585159051.268608
SendState!SEND_IDLE!1585159051.3!1585159051.268635
BD_Cycles!19!1585159052.3!1585159052.270855
BD_Cycles!20!1585159053.3!1585159053.271544
PR_NumPings!5!1585159053.3!1585159053.272082
SendState!SEND_IDLE!1585159053.3!1585159053.271581
BD_Cycles!21!1585159054.3!1585159054.271919
BD_Cycles!22!1585159055.3!1585159055.272250
SendState!SEND_IDLE!1585159055.3!1585159055.272267
BD_Cycles!23!1585159056.3!1585159056.272481
BD_Cycles!24!1585159058.3!1585159057.274706
SendState!SEND_IDLE!1585159058.3!1585159057.273980
rateGroup3Comp_RgMaxTime!753!1585159058.3!1585159057.274468
PR_NumPings!6!1585159058.3!1585159057.274675
BD_Cycles!25!1585159059.28!1585159058.275801
BD_Cycles!26!1585159060.29!1585159059.277162
SendState!SEND_IDLE!1585159060.29!1585159059.277145
BD_Cycles!27!1585159061.29!1585159060.277746
BD_Cycles!28!1585159062.3!1585159061.278979
SendState!SEND_IDLE!1585159062.42!1585159061.278877
PR_NumPings!7!1585159062.42!1585159061.278967
BD_Cycles!29!1585159063.31!1585159062.281034
BD_Cycles!30!1585159064.3!1585159063.281366
SendState!SEND_IDLE!1585159064.3!1585159063.281326
BD_Cycles!31!1585159065.3!1585159064.282973
BD_Cycles!32!1585159066.3!1585159065.283951
CommandsDispatched!2!1585159066.3!1585159065.374302
MGR_IS_ENABLED!True!1585159066.3!1585159065.374345
SendState!SEND_IDLE!1585159066.3!1585159065.283856
PR_NumPings!8!1585159066.3!1585159065.283940
SCHED_SENT!True!1585159066.31!1585159065.374310
MGR_MSG!83.0!1585159066.31!1585159065.374374
BD_Cycles!33!1585159067.31!1585159066.284266
BD_Cycles!34!1585159068.31!1585159067.284996
SendState!SEND_IDLE!1585159068.31!1585159067.284949
BD_Cycles!35!1585159069.32!1585159068.285730
BD_Cycles!36!1585159070.32!1585159069.286516
SendState!SEND_IDLE!1585159070.34!1585159069.286419
PR_NumPings!9!1585159070.34!1585159069.286505
BD_Cycles!37!1585159071.35!1585159070.286815
BD_Cycles!38!1585159072.32!1585159071.287407
SendState!SEND_IDLE!1585159072.34!1585159071.287394
BD_Cycles!39!1585159073.34!1585159072.287858
BD_Cycles!40!1585159074.32!1585159073.289224
SendState!SEND_IDLE!1585159074.32!1585159073.289110
PR_NumPings!10!1585159074.32!1585159073.289202
BD_Cycles!41!1585159075.32!1585159074.289444
BD_Cycles!42!1585159076.33!1585159075.289745
SendState!SEND_IDLE!1585159076.33!1585159075.289731
BD_Cycles!43!1585159077.34!1585159076.292489
BD_Cycles!44!1585159078.33!1585159077.294562
SendState!SEND_IDLE!1585159078.33!1585159077.294459
PR_NumPings!11!1585159078.33!1585159077.294545
BD_Cycles!45!1585159079.34!1585159078.295584
BD_Cycles!46!1585159080.34!1585159079.296998
SendState!SEND_IDLE!1585159080.34!1585159079.296984
BD_Cycles!47!1585159081.34!1585159080.297406
BD_Cycles!48!1585159082.34!1585159081.299764
SendState!SEND_IDLE!1585159082.34!1585159081.299663
PR_NumPings!12!1585159082.34!1585159081.299746
BD_Cycles!49!1585159083.35!1585159082.300216
BD_Cycles!50!1585159084.35!1585159083.303548
SendState!SEND_IDLE!1585159084.35!1585159083.303530
BD_Cycles!51!1585159085.31!1585159084.304335
BD_Cycles!52!1585159086.32!1585159085.305500
SendState!SEND_IDLE!1585159086.32!1585159085.305399
PR_NumPings!13!1585159086.32!1585159085.305482
BD_Cycles!53!1585159087.33!1585159086.305830
BD_Cycles!54!1585159088.33!1585159087.306213
SendState!SEND_IDLE!1585159088.33!1585159087.306193
BD_Cycles!55!1585159089.32!1585159088.306720
BD_Cycles!56!1585159090.33!1585159089.307678
SendState!SEND_IDLE!1585159090.33!1585159089.307581
PR_NumPings!14!1585159090.33!1585159089.307661
BD_Cycles!57!1585159091.33!1585159090.309735
BD_Cycles!58!1585159092.33!1585159091.310074
SendState!SEND_IDLE!1585159092.33!1585159091.310064
BD_Cycles!59!1585159093.33!1585159092.312768
BD_Cycles!60!1585159094.33!1585159093.314724
SendState!SEND_IDLE!1585159094.33!1585159093.314415
PR_NumPings!15!1585159094.33!1585159093.314695
BD_Cycles!61!1585159095.33!1585159094.316189
CommandsDispatched!3!1585159095.34!1585159095.044915
SCHED_SENT!True!1585159095.34!1585159095.044924
MGR_IS_ENABLED!True!1585159095.34!1585159095.044957
MGR_MSG!86.0!1585159095.34!1585159095.044972
BD_Cycles!62!1585159096.35!1585159095.316516
SendState!SEND_IDLE!1585159096.35!1585159095.316507
BD_Cycles!63!1585159097.35!1585159096.316929
BD_Cycles!64!1585159098.35!1585159097.317549
SendState!SEND_IDLE!1585159098.35!1585159097.317447
PR_NumPings!16!1585159098.35!1585159097.317532
BD_Cycles!65!1585159099.36!1585159098.318265
BD_Cycles!66!1585159100.34!1585159099.318472
SendState!SEND_IDLE!1585159100.34!1585159099.318461
BD_Cycles!67!1585159101.35!1585159100.322335
CommandsDispatched!4!1585159101.35!1585159100.353894
SCHED_SENT!True!1585159101.35!1585159100.353902
MGR_IS_ENABLED!True!1585159101.35!1585159100.353935
MGR_MSG!77.0!1585159101.36!1585159100.353951
BD_Cycles!68!1585159102.36!1585159101.322946
SendState!SEND_IDLE!1585159102.36!1585159101.322796
PR_NumPings!17!1585159102.36!1585159101.322909
BD_Cycles!69!1585159103.36!1585159102.323339
BD_Cycles!70!1585159104.34!1585159103.323576
SendState!SEND_IDLE!1585159104.34!1585159103.323568
BD_Cycles!71!1585159105.34!1585159104.324241
BD_Cycles!72!1585159106.34!1585159105.324622
SendState!SEND_IDLE!1585159106.34!1585159105.324514
PR_NumPings!18!1585159106.34!1585159105.324602
BD_Cycles!73!1585159107.34!1585159106.326041
BD_Cycles!74!1585159108.35!1585159107.326435
SendState!SEND_IDLE!1585159108.35!1585159107.326422
BD_Cycles!75!1585159109.35!1585159108.326764
BD_Cycles!76!1585159110.34!1585159109.329082
SendState!SEND_IDLE!1585159110.34!1585159109.328982
PR_NumPings!19!1585159110.35!1585159109.329064
BD_Cycles!77!1585159111.34!1585159110.332347
BD_Cycles!79!1585159112.37!1585159112.348723
SendState!SEND_IDLE!1585159112.37!1585159111.332485
BD_Cycles!80!1585159113.38!1585159113.353845
PR_NumPings!20!1585159113.38!1585159113.353981
SendState!SEND_IDLE!1585159113.38!1585159113.353872
rateGroup1Comp_RgMaxTime!16036!1585159113.38!1585159112.350379
BD_Cycles!81!1585159114.39!1585159114.355958
BD_Cycles!82!1585159115.39!1585159115.356204
SendState!SEND_IDLE!1585159115.39!1585159115.356225
BD_Cycles!83!1585159116.4!1585159116.357172
BD_Cycles!84!1585159117.4!1585159117.357482
PR_NumPings!21!1585159117.4!1585159117.357572
SendState!SEND_IDLE!1585159117.4!1585159117.357498
BD_Cycles!85!1585159118.38!1585159118.357551
BD_Cycles!86!1585159119.38!1585159119.357709
SendState!SEND_IDLE!1585159119.38!1585159119.357736
BD_Cycles!87!1585159120.36!1585159120.358379
BD_Cycles!88!1585159121.37!1585159121.358931
PR_NumPings!22!1585159121.45!1585159121.359193
SendState!SEND_IDLE!1585159121.45!1585159121.358957
BD_Cycles!89!1585159122.41!1585159122.364230
BD_Cycles!90!1585159123.44!1585159123.364676
SendState!SEND_IDLE!1585159123.45!1585159123.364757
BD_Cycles!91!1585159124.45!1585159124.387281
BD_Cycles!92!1585159125.45!1585159125.391048
PR_NumPings!23!1585159125.45!1585159125.391248
SendState!SEND_IDLE!1585159125.46!1585159125.391141
rateGroup1Comp_RgMaxTime!32694!1585159125.46!1585159124.419907
BD_Cycles!93!1585159126.43!1585159126.392017
BD_Cycles!94!1585159127.44!1585159127.432171
SendState!SEND_IDLE!1585159127.66!1585159127.432255
BD_Cycles!95!1585159128.47!1585159128.432651
BD_Cycles!96!1585159129.48!1585159129.434335
PR_NumPings!24!1585159129.48!1585159129.434634
SendState!SEND_IDLE!1585159129.49!1585159129.434378
BD_Cycles!97!1585159130.49!1585159130.434648
BD_Cycles!98!1585159131.48!1585159131.434960
SendState!SEND_IDLE!1585159131.48!1585159131.435167
BD_Cycles!99!1585159132.46!1585159132.435975
BD_Cycles!100!1585159133.45!1585159133.436179
PR_NumPings!25!1585159133.45!1585159133.436327
SendState!SEND_IDLE!1585159133.45!1585159133.436201
BD_Cycles!101!1585159134.45!1585159134.436648
BD_Cycles!102!1585159135.45!1585159135.437566
SendState!SEND_IDLE!1585159135.46!1585159135.437614
BD_Cycles!103!1585159136.46!1585159136.438059
BD_Cycles!104!1585159137.46!1585159137.438248
PR_NumPings!26!1585159137.46!1585159137.438345
SendState!SEND_IDLE!1585159137.46!1585159137.438274
BD_Cycles!105!1585159138.46!1585159138.439475
BD_Cycles!106!1585159139.45!1585159139.439869
SendState!SEND_IDLE!1585159139.45!1585159139.439903
BD_Cycles!107!1585159140.45!1585159140.441331
BD_Cycles!108!1585159141.45!1585159141.442346
PR_NumPings!27!1585159141.45!1585159141.442481
SendState!SEND_IDLE!1585159141.45!1585159141.442377
BD_Cycles!109!1585159142.47!1585159142.442750
BD_Cycles!110!1585159143.46!1585159143.442835
SendState!SEND_IDLE!1585159143.46!1585159143.442885
BD_Cycles!111!1585159144.46!1585159144.444430
BD_Cycles!112!1585159145.46!1585159145.444647
PR_NumPings!28!1585159145.46!1585159145.444794
SendState!SEND_IDLE!1585159145.46!1585159145.444682
BD_Cycles!113!1585159146.46!1585159146.444983
BD_Cycles!114!1585159147.47!1585159147.446880
SendState!SEND_IDLE!1585159147.47!1585159147.446905
BD_Cycles!115!1585159148.47!1585159148.448578
BD_Cycles!116!1585159149.48!1585159149.451015
PR_NumPings!29!1585159149.48!1585159149.451111
SendState!SEND_IDLE!1585159149.48!1585159149.451040
BD_Cycles!117!1585159150.49!1585159150.451445
BD_Cycles!118!1585159151.49!1585159151.453252
SendState!SEND_IDLE!1585159151.49!1585159151.453277
BD_Cycles!119!1585159152.49!1585159152.454333
BD_Cycles!120!1585159153.5!1585159153.454702
PR_NumPings!30!1585159153.5!1585159153.454799
SendState!SEND_IDLE!1585159153.5!1585159153.454728
BD_Cycles!121!1585159154.5!1585159154.454765
BD_Cycles!122!1585159155.5!1585159155.457470
SendState!SEND_IDLE!1585159155.5!1585159155.457496
BD_Cycles!123!1585159156.48!1585159156.457947
BD_Cycles!124!1585159157.48!1585159157.459076
PR_NumPings!31!1585159157.48!1585159157.459173
SendState!SEND_IDLE!1585159157.48!1585159157.459102
BD_Cycles!125!1585159158.48!1585159158.459164
BD_Cycles!126!1585159159.48!1585159159.459398
SendState!SEND_IDLE!1585159159.48!1585159159.459430
BD_Cycles!127!1585159160.48!1585159160.460965
BD_Cycles!128!1585159161.48!1585159161.461134
PR_NumPings!32!1585159161.48!1585159161.461360
SendState!SEND_IDLE!1585159161.48!1585159161.461267
BD_Cycles!129!1585159162.47!1585159162.461414
BD_Cycles!130!1585159163.47!1585159163.461689
SendState!SEND_IDLE!1585159163.47!1585159163.461716
BD_Cycles!131!1585159164.47!1585159164.464276
BD_Cycles!132!1585159165.47!1585159165.464468
PR_NumPings!33!1585159165.48!1585159165.464618
SendState!SEND_IDLE!1585159165.48!1585159165.464522
BD_Cycles!133!1585159166.48!1585159166.468277
