BD_Cycles!0!1584906607.73!1584906607.705244
rateGroup3Comp_RgMaxTime!55!1584906607.74!1584906607.705296
PR_NumPings!0!1584906607.74!1584906607.705325
SendState!SEND_IDLE!1584906607.75!1584906607.705342
rateGroup2Comp_RgMaxTime!103!1584906607.77!1584906607.705343
rateGroup1Comp_RgMaxTime!417!1584906607.79!1584906607.705657
BD_Cycles!1!1584906608.77!1584906608.706701
BD_Cycles!2!1584906609.76!1584906609.706855
SendState!SEND_IDLE!1584906609.76!1584906609.706877
BD_Cycles!3!1584906610.72!1584906610.707905
BD_Cycles!4!1584906611.72!1584906611.709053
rateGroup3Comp_RgMaxTime!97!1584906611.72!1584906611.709128
PR_NumPings!1!1584906611.72!1584906611.709180
SendState!SEND_IDLE!1584906611.73!1584906611.709192
rateGroup2Comp_RgMaxTime!165!1584906611.73!1584906611.709195
BD_Cycles!5!1584906612.73!1584906612.710968
BD_Cycles!6!1584906613.73!1584906613.711667
SendState!SEND_IDLE!1584906613.74!1584906613.711688
BD_Cycles!7!1584906614.74!1584906614.711878
BD_Cycles!8!1584906615.74!1584906615.712049
rateGroup3Comp_RgMaxTime!130!1584906615.74!1584906615.712157
PR_NumPings!2!1584906615.74!1584906615.712239
SendState!SEND_IDLE!1584906615.74!1584906615.712256
rateGroup2Comp_RgMaxTime!232!1584906615.74!1584906615.712259
BD_Cycles!9!1584906616.75!1584906616.712307
BD_Cycles!10!1584906617.73!1584906617.712719
SendState!SEND_IDLE!1584906617.73!1584906617.712796
BD_Cycles!11!1584906618.73!1584906618.713128
BD_Cycles!12!1584906619.73!1584906619.713265
PR_NumPings!3!1584906619.73!1584906619.713405
SendState!SEND_IDLE!1584906619.75!1584906619.713421
BD_Cycles!13!1584906620.75!1584906620.718265
CommandsDispatched!1!1584906620.75!1584906620.489320
BD_Cycles!14!1584906621.74!1584906621.718585
SendState!SEND_IDLE!1584906621.74!1584906621.718603
BD_Cycles!15!1584906622.74!1584906622.718992
BD_Cycles!16!1584906623.74!1584906623.720283
rateGroup3Comp_RgMaxTime!146!1584906623.74!1584906623.720411
PR_NumPings!4!1584906623.74!1584906623.720453
SendState!SEND_IDLE!1584906623.74!1584906623.720477
BD_Cycles!17!1584906624.74!1584906624.720343
BD_Cycles!18!1584906625.75!1584906625.720497
SendState!SEND_IDLE!1584906625.76!1584906625.720533
BD_Cycles!19!1584906626.74!1584906626.722574
BD_Cycles!20!1584906627.75!1584906627.723645
rateGroup3Comp_RgMaxTime!771!1584906627.75!1584906627.724389
PR_NumPings!5!1584906627.75!1584906627.724498
SendState!SEND_IDLE!1584906627.75!1584906627.723859
rateGroup2Comp_RgMaxTime!255!1584906627.75!1584906627.723873
rateGroup1Comp_RgMaxTime!950!1584906627.75!1584906627.724567
BD_Cycles!21!1584906628.74!1584906628.724088
BD_Cycles!22!1584906629.74!1584906629.724403
SendState!SEND_IDLE!1584906629.74!1584906629.724363
BD_Cycles!23!1584906630.74!1584906630.724728
CommandsDispatched!2!1584906630.75!1584906629.901215
CommandErrors!1!1584906630.75!1584906629.901220
BD_Cycles!24!1584906631.75!1584906631.725284
PR_NumPings!6!1584906631.79!1584906631.725249
SendState!SEND_IDLE!1584906631.79!1584906631.725029
BD_Cycles!25!1584906632.74!1584906632.725864
BD_Cycles!26!1584906633.74!1584906633.732401
SendState!SEND_IDLE!1584906633.74!1584906633.732389
BD_Cycles!27!1584906634.74!1584906634.732823
BD_Cycles!28!1584906635.75!1584906635.734451
PR_NumPings!7!1584906635.75!1584906635.734116
SendState!SEND_IDLE!1584906635.75!1584906635.733937
BD_Cycles!29!1584906636.75!1584906636.736825
BD_Cycles!30!1584906637.75!1584906637.738326
SendState!SEND_IDLE!1584906637.75!1584906637.738315
BD_Cycles!31!1584906638.75!1584906638.739449
BD_Cycles!32!1584906639.75!1584906639.740684
PR_NumPings!8!1584906639.75!1584906639.740670
SendState!SEND_IDLE!1584906639.75!1584906639.740579
BD_Cycles!33!1584906640.75!1584906640.741885
BD_Cycles!34!1584906641.75!1584906641.742921
SendState!SEND_IDLE!1584906641.75!1584906641.742910
BD_Cycles!35!1584906642.76!1584906642.743361
BD_Cycles!36!1584906643.76!1584906643.745041
PR_NumPings!9!1584906643.76!1584906643.745027
SendState!SEND_IDLE!1584906643.76!1584906643.744938
BD_Cycles!37!1584906644.76!1584906644.745484
BD_Cycles!38!1584906645.76!1584906645.747117
SendState!SEND_IDLE!1584906645.76!1584906645.747106
BD_Cycles!39!1584906646.76!1584906646.747352
BD_Cycles!40!1584906647.77!1584906647.748180
PR_NumPings!10!1584906647.77!1584906647.748160
SendState!SEND_IDLE!1584906647.77!1584906647.747909
BD_Cycles!41!1584906648.77!1584906648.750597
BD_Cycles!42!1584906649.77!1584906649.750888
SendState!SEND_IDLE!1584906649.78!1584906649.750871
BD_Cycles!43!1584906650.77!1584906650.751014
BD_Cycles!44!1584906651.77!1584906651.751523
PR_NumPings!11!1584906651.77!1584906651.751424
SendState!SEND_IDLE!1584906651.77!1584906651.751270
BD_Cycles!45!1584906652.76!1584906652.751760
BD_Cycles!46!1584906653.77!1584906653.753066
SendState!SEND_IDLE!1584906653.77!1584906653.753055
BD_Cycles!47!1584906654.77!1584906654.753776
BD_Cycles!48!1584906655.77!1584906655.754763
PR_NumPings!12!1584906655.77!1584906655.754748
SendState!SEND_IDLE!1584906655.77!1584906655.754669
BD_Cycles!49!1584906656.77!1584906656.754914
BD_Cycles!50!1584906657.77!1584906657.755973
SendState!SEND_IDLE!1584906657.77!1584906657.755954
rateGroup1Comp_RgMaxTime!1151!1584906658.77!1584906658.759079
BD_Cycles!52!1584906659.77!1584906659.760203
PR_NumPings!13!1584906659.78!1584906659.760160
SendState!SEND_IDLE!1584906659.78!1584906659.759997
BD_Cycles!53!1584906660.79!1584906660.760385
BD_Cycles!54!1584906661.79!1584906661.760725
SendState!SEND_IDLE!1584906661.79!1584906661.760713
BD_Cycles!55!1584906662.79!1584906662.763541
BD_Cycles!56!1584906663.79!1584906663.767323
PR_NumPings!14!1584906663.79!1584906663.767309
SendState!SEND_IDLE!1584906663.79!1584906663.767231
BD_Cycles!57!1584906664.79!1584906664.768394
BD_Cycles!58!1584906665.8!1584906665.769781
SendState!SEND_IDLE!1584906665.8!1584906665.769771
BD_Cycles!59!1584906666.79!1584906666.770963
BD_Cycles!60!1584906667.8!1584906667.772398
PR_NumPings!15!1584906667.8!1584906667.772383
SendState!SEND_IDLE!1584906667.8!1584906667.772304
BD_Cycles!61!1584906668.81!1584906668.773478
BD_Cycles!62!1584906669.81!1584906669.773648
SendState!SEND_IDLE!1584906669.81!1584906669.773638
BD_Cycles!63!1584906670.79!1584906670.774281
BD_Cycles!64!1584906671.79!1584906671.777484
PR_NumPings!16!1584906671.79!1584906671.777468
SendState!SEND_IDLE!1584906671.79!1584906671.777389
BD_Cycles!65!1584906672.79!1584906672.778745
BD_Cycles!66!1584906673.79!1584906673.780137
SendState!SEND_IDLE!1584906673.79!1584906673.780126
BD_Cycles!67!1584906674.8!1584906674.781151
BD_Cycles!68!1584906675.8!1584906675.782798
PR_NumPings!17!1584906675.8!1584906675.782780
SendState!SEND_IDLE!1584906675.8!1584906675.782695
BD_Cycles!69!1584906676.8!1584906676.783604
BD_Cycles!70!1584906677.8!1584906677.784049
SendState!SEND_IDLE!1584906677.8!1584906677.784039
BD_Cycles!71!1584906678.81!1584906678.786496
BD_Cycles!72!1584906679.81!1584906679.786827
PR_NumPings!18!1584906679.81!1584906679.786812
SendState!SEND_IDLE!1584906679.82!1584906679.786734
BD_Cycles!73!1584906680.81!1584906680.788718
BD_Cycles!74!1584906681.81!1584906681.788790
SendState!SEND_IDLE!1584906681.81!1584906681.788780
BD_Cycles!75!1584906682.82!1584906682.788842
BD_Cycles!76!1584906683.82!1584906683.792629
PR_NumPings!19!1584906683.82!1584906683.792611
SendState!SEND_IDLE!1584906683.82!1584906683.792527
BD_Cycles!77!1584906684.82!1584906684.793763
BD_Cycles!78!1584906685.82!1584906685.794952
SendState!SEND_IDLE!1584906685.83!1584906685.794941
BD_Cycles!79!1584906686.81!1584906686.795167
BD_Cycles!80!1584906687.81!1584906687.797689
PR_NumPings!20!1584906687.82!1584906687.797662
SendState!SEND_IDLE!1584906687.82!1584906687.797560
BD_Cycles!81!1584906688.82!1584906688.798696
BD_Cycles!82!1584906689.82!1584906689.800187
SendState!SEND_IDLE!1584906689.82!1584906689.800173
BD_Cycles!83!1584906690.83!1584906690.800734
BD_Cycles!84!1584906692.83!1584906691.801560
SendState!SEND_IDLE!1584906692.83!1584906691.801353
rateGroup2Comp_RgMaxTime!393!1584906692.83!1584906691.801360
PR_NumPings!21!1584906692.83!1584906691.801540
BD_Cycles!85!1584906693.84!1584906692.804117
BD_Cycles!86!1584906694.84!1584906693.804517
SendState!SEND_IDLE!1584906694.85!1584906693.804507
BD_Cycles!87!1584906695.85!1584906694.805150
BD_Cycles!88!1584906696.86!1584906695.807810
SendState!SEND_IDLE!1584906696.86!1584906695.807713
PR_NumPings!22!1584906696.86!1584906695.807792
BD_Cycles!89!1584906697.83!1584906696.808440
BD_Cycles!90!1584906698.84!1584906697.810261
SendState!SEND_IDLE!1584906698.84!1584906697.810248
BD_Cycles!91!1584906699.84!1584906698.811007
BD_Cycles!92!1584906700.84!1584906699.811369
SendState!SEND_IDLE!1584906700.84!1584906699.811272
PR_NumPings!23!1584906700.84!1584906699.811351
BD_Cycles!93!1584906701.85!1584906700.813039
BD_Cycles!94!1584906702.85!1584906701.813631
SendState!SEND_IDLE!1584906702.85!1584906701.813617
BD_Cycles!95!1584906703.82!1584906702.813805
BD_Cycles!96!1584906704.83!1584906703.817545
SendState!SEND_IDLE!1584906704.83!1584906703.817449
PR_NumPings!24!1584906704.83!1584906703.817528
BD_Cycles!97!1584906705.83!1584906704.818767
BD_Cycles!98!1584906706.83!1584906705.820006
SendState!SEND_IDLE!1584906706.83!1584906705.819998
BD_Cycles!99!1584906707.83!1584906706.821012
BD_Cycles!100!1584906708.83!1584906707.821249
SendState!SEND_IDLE!1584906708.84!1584906707.821152
PR_NumPings!25!1584906708.84!1584906707.821231
BD_Cycles!101!1584906709.84!1584906708.823475
BD_Cycles!102!1584906710.85!1584906709.824810
SendState!SEND_IDLE!1584906710.85!1584906709.824801
BD_Cycles!103!1584906711.85!1584906710.825025
BD_Cycles!104!1584906712.85!1584906711.827229
SendState!SEND_IDLE!1584906712.85!1584906711.827130
PR_NumPings!26!1584906712.85!1584906711.827212
BD_Cycles!105!1584906713.85!1584906712.828125
BD_Cycles!106!1584906714.85!1584906713.829668
SendState!SEND_IDLE!1584906714.85!1584906713.829658
BD_Cycles!107!1584906715.85!1584906714.830850
BD_Cycles!108!1584906716.85!1584906715.831736
SendState!SEND_IDLE!1584906716.85!1584906715.831637
PR_NumPings!27!1584906716.85!1584906715.831718
BD_Cycles!109!1584906717.86!1584906716.832415
BD_Cycles!110!1584906718.86!1584906717.833686
SendState!SEND_IDLE!1584906718.86!1584906717.833648
BD_Cycles!111!1584906719.85!1584906718.834849
BD_Cycles!112!1584906720.89!1584906719.835653
SendState!SEND_IDLE!1584906720.89!1584906719.835503
PR_NumPings!28!1584906720.89!1584906719.835624
BD_Cycles!113!1584906721.84!1584906720.836465
BD_Cycles!114!1584906722.87!1584906721.837227
SendState!SEND_IDLE!1584906722.87!1584906721.837215
BD_Cycles!115!1584906723.86!1584906722.838403
BD_Cycles!116!1584906724.86!1584906723.839276
SendState!SEND_IDLE!1584906724.86!1584906723.839076
PR_NumPings!29!1584906724.86!1584906723.839242
BD_Cycles!117!1584906725.86!1584906724.839985
BD_Cycles!118!1584906726.86!1584906725.840256
SendState!SEND_IDLE!1584906726.86!1584906725.840246
BD_Cycles!119!1584910564.09!1584906726.843430
BD_Cycles!120!1584910565.07!1584910564.038324
SendState!SEND_IDLE!1584910565.07!1584910564.038225
PR_NumPings!30!1584910565.07!1584910564.038307
BD_Cycles!121!1584910566.07!1584910565.039332
BD_Cycles!122!1584910567.07!1584910566.040295
SendState!SEND_IDLE!1584910567.07!1584910566.040285
BD_Cycles!123!1584910568.07!1584910567.041532
BD_Cycles!124!1584910569.07!1584910568.043045
SendState!SEND_IDLE!1584910569.07!1584910568.042937
PR_NumPings!31!1584910569.07!1584910568.043024
BD_Cycles!125!1584910570.08!1584910569.044221
BD_Cycles!126!1584910571.08!1584910570.044814
SendState!SEND_IDLE!1584910571.08!1584910570.044799
BD_Cycles!127!1584910572.06!1584910571.045129
BD_Cycles!128!1584910573.06!1584910572.047105
SendState!SEND_IDLE!1584910573.06!1584910572.046995
PR_NumPings!32!1584910573.07!1584910572.047084
BD_Cycles!129!1584910574.08!1584910573.047851
BD_Cycles!130!1584910575.06!1584910574.048673
SendState!SEND_IDLE!1584910575.06!1584910574.048662
BD_Cycles!131!1584910576.06!1584910575.048845
BD_Cycles!132!1584910577.06!1584910576.049407
SendState!SEND_IDLE!1584910577.06!1584910576.049309
PR_NumPings!33!1584910577.06!1584910576.049389
BD_Cycles!133!1584910578.07!1584910577.052847
BD_Cycles!134!1584910579.07!1584910578.053124
