BD_Cycles!0!1584921430.77!1584921430.691479
rateGroup3Comp_RgMaxTime!804!1584921430.8!1584921430.692278
PR_NumPings!0!1584921430.81!1584921430.692310
SendState!SEND_IDLE!1584921430.81!1584921430.692317
rateGroup2Comp_RgMaxTime!845!1584921430.81!1584921430.692318
rateGroup1Comp_RgMaxTime!942!1584921430.81!1584921430.692415
BD_Cycles!1!1584921431.7!1584921431.694262
BD_Cycles!2!1584921432.7!1584921432.694524
SendState!SEND_IDLE!1584921432.71!1584921432.694548
BD_Cycles!3!1584921433.7!1584921433.695583
BD_Cycles!4!1584921434.71!1584921434.697438
PR_NumPings!1!1584921434.71!1584921434.697538
SendState!SEND_IDLE!1584921434.71!1584921434.697454
BD_Cycles!5!1584921435.71!1584921435.699678
BD_Cycles!6!1584921436.73!1584921436.700263
SendState!SEND_IDLE!1584921436.73!1584921436.700306
BD_Cycles!7!1584921437.74!1584921437.700919
BD_Cycles!8!1584921438.73!1584921438.701162
PR_NumPings!2!1584921438.73!1584921438.701368
SendState!SEND_IDLE!1584921438.73!1584921438.701393
CommandsDispatched!1!1584921438.73!1584921438.283513
MGR_IS_ENABLED!True!1584921438.73!1584921438.283548
BD_Cycles!9!1584921439.73!1584921439.705521
BD_Cycles!10!1584921440.73!1584921440.706099
SendState!SEND_IDLE!1584921440.73!1584921440.706116
BD_Cycles!11!1584921441.73!1584921441.706174
BD_Cycles!12!1584921442.73!1584921442.706486
PR_NumPings!3!1584921442.73!1584921442.706620
SendState!SEND_IDLE!1584921442.73!1584921442.706514
CommandErrors!1!1584921442.73!1584921442.511821
BD_Cycles!13!1584921443.74!1584921443.707466
BD_Cycles!14!1584921444.75!1584921444.707604
SendState!SEND_IDLE!1584921444.75!1584921444.707622
BD_Cycles!15!1584921445.74!1584921445.709150
BD_Cycles!16!1584921446.74!1584921446.713561
PR_NumPings!4!1584921446.75!1584921446.713657
SendState!SEND_IDLE!1584921446.75!1584921446.713578
BD_Cycles!17!1584921447.76!1584921447.713625
BD_Cycles!18!1584921448.75!1584921448.713840
SendState!SEND_IDLE!1584921448.75!1584921448.713872
BD_Cycles!19!1584921449.74!1584921449.713969
BD_Cycles!20!1584921450.74!1584921450.714100
PR_NumPings!5!1584921450.74!1584921450.714358
SendState!SEND_IDLE!1584921450.74!1584921450.714149
BD_Cycles!21!1584921451.74!1584921451.714858
BD_Cycles!22!1584921452.73!1584921452.715258
SendState!SEND_IDLE!1584921452.73!1584921452.715244
BD_Cycles!23!1584921453.73!1584921453.715830
BD_Cycles!24!1584921454.74!1584921454.716353
PR_NumPings!6!1584921454.77!1584921454.716459
SendState!SEND_IDLE!1584921454.77!1584921454.716338
BD_Cycles!25!1584921455.74!1584921455.716624
BD_Cycles!26!1584921456.75!1584921456.716970
SendState!SEND_IDLE!1584921456.75!1584921456.716956
BD_Cycles!27!1584921457.76!1584921457.729706
BD_Cycles!28!1584921458.77!1584921458.730443
PR_NumPings!7!1584921458.77!1584921458.730375
SendState!SEND_IDLE!1584921458.77!1584921458.730154
BD_Cycles!29!1584921459.77!1584921459.730740
BD_Cycles!30!1584921460.78!1584921460.730962
SendState!SEND_IDLE!1584921460.78!1584921460.730948
BD_Cycles!31!1584921461.77!1584921461.731648
BD_Cycles!32!1584921462.77!1584921462.734217
rateGroup3Comp_RgMaxTime!1865!1584921462.77!1584921462.734210
PR_NumPings!8!1584921462.77!1584921462.734179
SendState!SEND_IDLE!1584921462.77!1584921462.732647
BD_Cycles!33!1584921463.77!1584921463.734529
BD_Cycles!34!1584921464.75!1584921464.736298
SendState!SEND_IDLE!1584921464.76!1584921464.736269
BD_Cycles!35!1584921465.76!1584921465.736444
BD_Cycles!36!1584921466.76!1584921466.737174
PR_NumPings!9!1584921466.76!1584921466.737154
SendState!SEND_IDLE!1584921466.76!1584921466.737001
BD_Cycles!37!1584921467.76!1584921467.737280
BD_Cycles!38!1584921468.76!1584921468.739776
SendState!SEND_IDLE!1584921468.76!1584921468.739764
BD_Cycles!39!1584921469.76!1584921469.740097
BD_Cycles!40!1584921470.76!1584921470.740717
