BD_Cycles!0!1584922192.86!1584922192.794699
rateGroup3Comp_RgMaxTime!56!1584922192.88!1584922192.794752
PR_NumPings!0!1584922192.88!1584922192.794789
SendState!SEND_IDLE!1584922192.88!1584922192.794808
rateGroup2Comp_RgMaxTime!114!1584922192.94!1584922192.794810
rateGroup1Comp_RgMaxTime!139!1584922192.96!1584922192.794835
BD_Cycles!1!1584922193.83!1584922193.794883
BD_Cycles!2!1584922194.83!1584922194.795606
SendState!SEND_IDLE!1584922194.83!1584922194.795716
rateGroup2Comp_RgMaxTime!191!1584922194.83!1584922194.795732
rateGroup1Comp_RgMaxTime!260!1584922194.84!1584922194.795800
BD_Cycles!3!1584922195.82!1584922195.796243
BD_Cycles!4!1584922196.82!1584922196.796368
rateGroup3Comp_RgMaxTime!100!1584922196.84!1584922196.796446
PR_NumPings!1!1584922196.84!1584922196.796505
SendState!SEND_IDLE!1584922196.84!1584922196.796527
BD_Cycles!5!1584922197.83!1584922197.796521
CommandErrors!1!1584922197.84!1584922196.922746
BD_Cycles!6!1584922198.85!1584922198.802132
SendState!SEND_IDLE!1584922198.85!1584922198.802150
BD_Cycles!7!1584922199.85!1584922199.803140
BD_Cycles!8!1584922200.85!1584922200.804216
PR_NumPings!2!1584922200.85!1584922200.804305
SendState!SEND_IDLE!1584922200.85!1584922200.804319
BD_Cycles!9!1584922201.86!1584922201.805413
BD_Cycles!10!1584922202.83!1584922202.806226
SendState!SEND_IDLE!1584922202.83!1584922202.806244
BD_Cycles!11!1584922203.83!1584922203.807555
BD_Cycles!12!1584922204.83!1584922204.809010
PR_NumPings!3!1584922204.83!1584922204.809095
SendState!SEND_IDLE!1584922204.83!1584922204.809110
BD_Cycles!13!1584922205.83!1584922205.810257
BD_Cycles!14!1584922206.82!1584922206.810578
SendState!SEND_IDLE!1584922206.83!1584922206.810598
BD_Cycles!15!1584922207.84!1584922207.811283
BD_Cycles!16!1584922208.85!1584922208.811611
rateGroup3Comp_RgMaxTime!232!1584922208.85!1584922208.811822
PR_NumPings!4!1584922208.85!1584922208.811862
SendState!SEND_IDLE!1584922208.85!1584922208.811877
rateGroup2Comp_RgMaxTime!289!1584922208.85!1584922208.811878
rateGroup1Comp_RgMaxTime!300!1584922208.86!1584922208.811889
BD_Cycles!17!1584922209.86!1584922209.811804
CommandErrors!2!1584922209.86!1584922209.311248
BD_Cycles!18!1584922210.87!1584922210.813730
SendState!SEND_IDLE!1584922210.87!1584922210.813751
BD_Cycles!19!1584922211.86!1584922211.813786
BD_Cycles!20!1584922212.85!1584922212.813992
PR_NumPings!5!1584922212.85!1584922212.814090
SendState!SEND_IDLE!1584922212.85!1584922212.814010
BD_Cycles!21!1584922213.85!1584922213.815545
BD_Cycles!22!1584922214.85!1584922214.816785
SendState!SEND_IDLE!1584922214.85!1584922214.816806
BD_Cycles!23!1584922215.85!1584922215.816931
BD_Cycles!24!1584922216.83!1584922216.821572
PR_NumPings!6!1584922216.83!1584922216.821667
SendState!SEND_IDLE!1584922216.83!1584922216.821589
BD_Cycles!25!1584922217.84!1584922217.822955
BD_Cycles!26!1584922218.85!1584922218.825168
SendState!SEND_IDLE!1584922218.85!1584922218.825193
BD_Cycles!27!1584922219.86!1584922219.826300
BD_Cycles!28!1584922220.86!1584922220.826420
rateGroup3Comp_RgMaxTime!329!1584922220.86!1584922220.826730
PR_NumPings!7!1584922220.87!1584922220.826823
SendState!SEND_IDLE!1584922220.87!1584922220.826441
rateGroup1Comp_RgMaxTime!512!1584922220.87!1584922220.826912
BD_Cycles!29!1584922221.86!1584922221.827824
BD_Cycles!30!1584922222.87!1584922222.828950
SendState!SEND_IDLE!1584922222.88!1584922222.828939
