PR_NumPings!1!1584983535.12!1584983534.080653
BD_Cycles!4!1584983535.12!1584983534.080700
SendState!SEND_IDLE!1584983535.13!1584983534.080469
rateGroup2Comp_RgMaxTime!289!1584983535.13!1584983534.080475
rateGroup3Comp_RgMaxTime!396!1584983535.13!1584983534.080583
BD_Cycles!5!1584983536.14!1584983535.081481
BD_Cycles!6!1584983537.2!1584983536.082298
SendState!SEND_IDLE!1584983537.22!1584983536.082281
BD_Cycles!7!1584983538.14!1584983537.088220
PR_NumPings!2!1584983539.18!1584983538.102066
BD_Cycles!8!1584983539.18!1584983538.102091
SendState!SEND_IDLE!1584983539.18!1584983538.101946
BD_Cycles!9!1584983540.25!1584983539.103015
rateGroup1Comp_RgMaxTime!37430!1584983540.44!1584983540.173023
BD_Cycles!10!1584983541.28!1584983540.173154
SendState!SEND_IDLE!1584983541.29!1584983540.173136
rateGroup2Comp_RgMaxTime!37626!1584983541.29!1584983540.173140
BD_Cycles!11!1584983542.22!1584983541.177551
PR_NumPings!3!1584983543.22!1584983542.177820
BD_Cycles!12!1584983543.24!1584983542.177843
SendState!SEND_IDLE!1584983543.29!1584983542.177703
BD_Cycles!13!1584983544.35!1584983543.179715
CommandErrors!1!1584983544.48!1584983544.152867
BD_Cycles!14!1584983545.23!1584983544.180050
SendState!SEND_IDLE!1584983545.23!1584983544.180038
BD_Cycles!15!1584983546.19!1584983545.181228
PR_NumPings!4!1584983547.28!1584983546.181691
BD_Cycles!16!1584983547.36!1584983546.181712
SendState!SEND_IDLE!1584983547.36!1584983546.181616
BD_Cycles!17!1584983548.21!1584983547.182314
BD_Cycles!18!1584983549.25!1584983548.190818
SendState!SEND_IDLE!1584983549.34!1584983548.190799
BD_Cycles!19!1584983550.33!1584983549.191000
PR_NumPings!5!1584983551.26!1584983550.193709
BD_Cycles!20!1584983551.41!1584983550.193730
SendState!SEND_IDLE!1584983551.41!1584983550.193592
rateGroup3Comp_RgMaxTime!682!1584983551.41!1584983550.193668
BD_Cycles!22!1584983552.32!1584983552.218035
SendState!SEND_IDLE!1584983553.1!1584983552.218078
BD_Cycles!23!1584983553.33!1584983553.218520
BD_Cycles!24!1584983554.26!1584983554.219481
SendState!SEND_IDLE!1584983554.26!1584983554.219538
PR_NumPings!6!1584983554.26!1584983554.219696
BD_Cycles!25!1584983555.3!1584983555.223850
BD_Cycles!26!1584983556.27!1584983556.224948
SendState!SEND_IDLE!1584983556.38!1584983556.225027
rateGroup1Comp_RgMaxTime!57527!1584983556.38!1584983555.281359
BD_Cycles!27!1584983557.26!1584983557.230067
BD_Cycles!28!1584983558.26!1584983558.230380
SendState!SEND_IDLE!1584983558.26!1584983558.230487
PR_NumPings!7!1584983558.27!1584983558.230473
BD_Cycles!29!1584983559.27!1584983559.230595
BD_Cycles!30!1584983560.26!1584983560.230783
SendState!SEND_IDLE!1584983560.3!1584983560.230815
BD_Cycles!31!1584983561.27!1584983561.231018
BD_Cycles!32!1584983562.35!1584983562.304905
SendState!SEND_IDLE!1584983562.35!1584983562.304931
PR_NumPings!8!1584983562.35!1584983562.305285
BD_Cycles!33!1584983563.36!1584983563.306455
BD_Cycles!34!1584983564.36!1584983564.306646
SendState!SEND_IDLE!1584983564.37!1584983564.306906
BD_Cycles!35!1584983565.36!1584983565.306802
BD_Cycles!36!1584983566.36!1584983566.307264
SendState!SEND_IDLE!1584983566.36!1584983566.307360
PR_NumPings!9!1584983566.36!1584983566.307348
BD_Cycles!37!1584983567.34!1584983567.307338
BD_Cycles!38!1584983568.33!1584983568.308018
SendState!SEND_IDLE!1584983568.33!1584983568.308034
BD_Cycles!39!1584983569.33!1584983569.308261
BD_Cycles!40!1584983570.33!1584983570.310336
SendState!SEND_IDLE!1584983570.34!1584983570.310355
PR_NumPings!10!1584983570.34!1584983570.310438
BD_Cycles!41!1584983571.34!1584983571.310752
BD_Cycles!42!1584983572.37!1584983572.339295
SendState!SEND_IDLE!1584983572.44!1584983572.339334
BD_Cycles!43!1584983573.4!1584983573.341714
BD_Cycles!44!1584983574.39!1584983574.341955
SendState!SEND_IDLE!1584983574.39!1584983574.342056
PR_NumPings!11!1584983574.39!1584983574.342043
BD_Cycles!45!1584983575.35!1584983575.342043
BD_Cycles!46!1584983576.35!1584983576.342259
SendState!SEND_IDLE!1584983576.35!1584983576.342279
BD_Cycles!47!1584983577.35!1584983577.342415
BD_Cycles!48!1584983578.36!1584983578.342888
SendState!SEND_IDLE!1584983578.36!1584983578.342905
PR_NumPings!12!1584983578.36!1584983578.342984
BD_Cycles!49!1584983579.36!1584983579.343778
BD_Cycles!50!1584983580.36!1584983580.343972
SendState!SEND_IDLE!1584983580.36!1584983580.343995
BD_Cycles!51!1584983581.36!1584983581.344531
BD_Cycles!52!1584983582.36!1584983582.344985
SendState!SEND_IDLE!1584983582.36!1584983582.345008
PR_NumPings!13!1584983583.36!1584983582.351637
BD_Cycles!53!1584983583.36!1584983583.345125
rateGroup3Comp_RgMaxTime!6703!1584983583.36!1584983582.351669
BD_Cycles!54!1584983584.36!1584983584.348090
SendState!SEND_IDLE!1584983584.37!1584983584.348112
BD_Cycles!55!1584983585.37!1584983585.348699
BD_Cycles!56!1584983586.36!1584983586.353222
SendState!SEND_IDLE!1584983586.36!1584983586.353244
PR_NumPings!14!1584983587.43!1584983586.353560
BD_Cycles!57!1584983587.5!1584983587.356594
BD_Cycles!58!1584983588.4!1584983588.358747
SendState!SEND_IDLE!1584983588.4!1584983588.358765
BD_Cycles!59!1584983589.4!1584983589.359235
BD_Cycles!60!1584983590.4!1584983590.361730
SendState!SEND_IDLE!1584983590.4!1584983590.361713
PR_NumPings!15!1584983591.39!1584983590.361894
BD_Cycles!61!1584983591.39!1584983591.361899
BD_Cycles!62!1584983592.38!1584983592.370617
SendState!SEND_IDLE!1584983592.4!1584983592.370594
BD_Cycles!63!1584983593.41!1584983593.401493
BD_Cycles!64!1584983594.48!1584983594.404748
SendState!SEND_IDLE!1584983594.48!1584983594.404717
PR_NumPings!16!1584983595.43!1584983594.404951
BD_Cycles!65!1584983595.56!1584983595.406157
BD_Cycles!66!1584983596.47!1584983596.406877
SendState!SEND_IDLE!1584983596.52!1584983596.406840
BD_Cycles!67!1584983597.47!1584983597.407197
BD_Cycles!68!1584983598.45!1584983598.407956
SendState!SEND_IDLE!1584983598.47!1584983598.407923
PR_NumPings!17!1584983599.45!1584983598.408525
BD_Cycles!69!1584983599.47!1584983599.408083
BD_Cycles!70!1584983600.43!1584983600.410512
SendState!SEND_IDLE!1584983600.44!1584983600.410498
BD_Cycles!71!1584983601.44!1584983601.410570
BD_Cycles!72!1584983602.44!1584983602.411026
SendState!SEND_IDLE!1584983602.45!1584983602.411003
PR_NumPings!18!1584983603.45!1584983602.411213
BD_Cycles!73!1584983603.47!1584983603.411322
BD_Cycles!74!1584983604.43!1584983604.412509
SendState!SEND_IDLE!1584983604.43!1584983604.412497
BD_Cycles!75!1584983605.43!1584983605.413038
BD_Cycles!76!1584983606.44!1584983606.413142
SendState!SEND_IDLE!1584983606.44!1584983606.413127
PR_NumPings!19!1584983607.44!1584983606.413312
BD_Cycles!77!1584983607.48!1584983607.413204
BD_Cycles!78!1584983608.45!1584983608.414473
SendState!SEND_IDLE!1584983608.45!1584983608.413567
BD_Cycles!79!1584983609.45!1584983609.414651
BD_Cycles!80!1584983610.45!1584983610.414784
SendState!SEND_IDLE!1584983610.45!1584983610.414771
PR_NumPings!20!1584983610.45!1584983610.414879
BD_Cycles!81!1584983611.43!1584983611.415590
BD_Cycles!82!1584983612.43!1584983612.416078
SendState!SEND_IDLE!1584983612.43!1584983612.416062
BD_Cycles!83!1584983613.43!1584983613.416414
BD_Cycles!84!1584983614.44!1584983614.416729
SendState!SEND_IDLE!1584983614.44!1584983614.416706
PR_NumPings!21!1584983614.44!1584983614.417036
BD_Cycles!85!1584983615.44!1584983615.417953
SendState!SEND_IDLE!1584983616.43!1584983616.419918
BD_Cycles!87!1584983617.43!1584983617.420831
BD_Cycles!88!1584983618.43!1584983618.421324
SendState!SEND_IDLE!1584983618.43!1584983618.421311
PR_NumPings!22!1584983618.43!1584983618.421423
BD_Cycles!89!1584983619.43!1584983619.421635
BD_Cycles!90!1584983620.44!1584983620.421918
SendState!SEND_IDLE!1584983620.44!1584983620.421907
BD_Cycles!91!1584983621.44!1584983621.422921
BD_Cycles!92!1584983622.43!1584983622.423551
SendState!SEND_IDLE!1584983622.43!1584983622.423531
PR_NumPings!23!1584983622.44!1584983622.423822
BD_Cycles!93!1584983623.44!1584983623.423712
BD_Cycles!94!1584983624.44!1584983624.424029
SendState!SEND_IDLE!1584983624.44!1584983624.424019
BD_Cycles!95!1584983625.44!1584983625.424335
SendState!SEND_IDLE!1584983626.44!1584983626.424837
PR_NumPings!24!1584983627.44!1584983626.425344
BD_Cycles!97!1584983627.44!1584983627.425471
BD_Cycles!98!1584983629.43!1584983628.425849
SendState!SEND_IDLE!1584983629.44!1584983628.425840
BD_Cycles!99!1584983630.44!1584983629.426383
PR_NumPings!25!1584983631.44!1584983630.427244
BD_Cycles!100!1584983631.44!1584983630.427272
SendState!SEND_IDLE!1584983631.44!1584983630.427125
BD_Cycles!101!1584983632.44!1584983631.429007
BD_Cycles!102!1584983633.45!1584983632.429623
SendState!SEND_IDLE!1584983633.45!1584983632.429613
BD_Cycles!103!1584983634.45!1584983633.429936
PR_NumPings!26!1584983635.45!1584983634.430481
BD_Cycles!104!1584983635.45!1584983634.430500
SendState!SEND_IDLE!1584983635.45!1584983634.430365
BD_Cycles!105!1584983636.45!1584983635.430753
BD_Cycles!106!1584983637.46!1584983636.431435
SendState!SEND_IDLE!1584983637.46!1584983636.431418
BD_Cycles!107!1584983638.46!1584983637.432139
PR_NumPings!27!1584983639.46!1584983638.434242
BD_Cycles!108!1584983639.46!1584983638.434272
SendState!SEND_IDLE!1584983639.46!1584983638.433961
BD_Cycles!109!1584983640.46!1584983639.434655
BD_Cycles!110!1584983641.44!1584983640.434794
SendState!SEND_IDLE!1584983641.44!1584983640.434784
BD_Cycles!111!1584983642.44!1584983641.435581
PR_NumPings!28!1584983643.45!1584983642.436041
BD_Cycles!112!1584983643.45!1584983642.436059
SendState!SEND_IDLE!1584983643.46!1584983642.435956
BD_Cycles!113!1584983644.46!1584983643.437112
BD_Cycles!114!1584983645.46!1584983644.439358
SendState!SEND_IDLE!1584983645.46!1584983644.439349
BD_Cycles!115!1584983646.46!1584983645.442956
PR_NumPings!29!1584983647.46!1584983646.444113
BD_Cycles!116!1584983647.46!1584983646.444166
SendState!SEND_IDLE!1584983647.46!1584983646.443912
BD_Cycles!117!1584983648.46!1584983647.445123
BD_Cycles!119!1584983649.46!1584983649.445950
SendState!SEND_IDLE!1584983649.46!1584983648.445666
PR_NumPings!30!1584983651.47!1584983650.447566
BD_Cycles!120!1584983651.47!1584983650.447658
SendState!SEND_IDLE!1584983651.48!1584983650.447207
BD_Cycles!121!1584983652.47!1584983651.448133
BD_Cycles!122!1584983653.46!1584983652.448594
SendState!SEND_IDLE!1584983653.47!1584983652.448580
BD_Cycles!123!1584983654.47!1584983653.450038
PR_NumPings!31!1584983655.47!1584983654.450504
BD_Cycles!124!1584983655.47!1584983654.450526
SendState!SEND_IDLE!1584983655.47!1584983654.450419
BD_Cycles!125!1584983656.46!1584983655.450760
BD_Cycles!126!1584983657.46!1584983656.451514
SendState!SEND_IDLE!1584983657.46!1584983656.451500
BD_Cycles!127!1584983658.46!1584983657.452296
PR_NumPings!32!1584983659.47!1584983658.454339
BD_Cycles!128!1584983659.47!1584983658.454363
SendState!SEND_IDLE!1584983659.47!1584983658.454182
BD_Cycles!130!1584983660.48!1584983660.463093
SendState!SEND_IDLE!1584983660.49!1584983660.463082
BD_Cycles!131!1584983661.47!1584983661.464212
BD_Cycles!132!1584983662.48!1584983662.465504
SendState!SEND_IDLE!1584983662.48!1584983662.465057
PR_NumPings!33!1584983662.48!1584983662.465467
BD_Cycles!133!1584983664.48!1584983663.466354
BD_Cycles!134!1584983665.48!1584983664.467188
SendState!SEND_IDLE!1584983665.48!1584983664.467177
BD_Cycles!135!1584983666.48!1584983665.467835
PR_NumPings!34!1584983667.48!1584983666.468277
BD_Cycles!136!1584983667.48!1584983666.468295
SendState!SEND_IDLE!1584983667.48!1584983666.468191
BD_Cycles!137!1584983668.49!1584983667.468594
BD_Cycles!139!1584983669.49!1584983669.469781
SendState!SEND_IDLE!1584983669.49!1584983668.469652
BD_Cycles!140!1584983670.49!1584983670.471470
SendState!SEND_IDLE!1584983670.49!1584983670.471376
PR_NumPings!35!1584983670.49!1584983670.471455
BD_Cycles!141!1584983671.48!1584983671.473355
BD_Cycles!142!1584983672.49!1584983672.473787
SendState!SEND_IDLE!1584983672.49!1584983672.473763
BD_Cycles!143!1584983673.49!1584983673.474684
BD_Cycles!144!1584983674.5!1584983674.475661
SendState!SEND_IDLE!1584983674.5!1584983674.475561
PR_NumPings!36!1584983674.5!1584983674.475646
BD_Cycles!145!1584983675.48!1584983675.476026
BD_Cycles!146!1584983676.49!1584983676.476252
SendState!SEND_IDLE!1584983676.49!1584983676.476242
BD_Cycles!147!1584983677.49!1584983677.476609
BD_Cycles!148!1584983678.5!1584983678.477200
SendState!SEND_IDLE!1584983678.5!1584983678.477018
PR_NumPings!37!1584983678.5!1584983678.477173
BD_Cycles!149!1584983679.51!1584983679.477307
BD_Cycles!150!1584983680.51!1584983680.477844
SendState!SEND_IDLE!1584983680.51!1584983680.477831
BD_Cycles!151!1584983681.56!1584983681.481395
BD_Cycles!152!1584983682.52!1584983682.481950
SendState!SEND_IDLE!1584983682.52!1584983682.481839
PR_NumPings!38!1584983682.52!1584983682.481933
BD_Cycles!153!1584983683.52!1584983683.482098
BD_Cycles!154!1584983684.51!1584983684.482225
SendState!SEND_IDLE!1584983684.51!1584983684.482211
BD_Cycles!155!1584983685.51!1584983685.484237
BD_Cycles!156!1584983686.5!1584983686.486936
SendState!SEND_IDLE!1584983686.5!1584983686.486804
PR_NumPings!39!1584983686.5!1584983686.486916
BD_Cycles!157!1584983687.51!1584983687.494883
BD_Cycles!158!1584983688.5!1584983688.495031
SendState!SEND_IDLE!1584983688.5!1584983688.495019
BD_Cycles!159!1584983689.5!1584983689.495961
BD_Cycles!160!1584983690.5!1584983690.496996
SendState!SEND_IDLE!1584983690.5!1584983690.496889
PR_NumPings!40!1584983690.5!1584983690.496972
BD_Cycles!161!1584983691.51!1584983691.497373
BD_Cycles!162!1584983692.51!1584983692.497597
SendState!SEND_IDLE!1584983692.51!1584983692.497587
BD_Cycles!163!1584983693.51!1584983693.497974
BD_Cycles!164!1584983694.52!1584983694.498591
SendState!SEND_IDLE!1584983694.53!1584983694.498491
PR_NumPings!41!1584983694.53!1584983694.498576
BD_Cycles!165!1584983695.51!1584983695.500553
BD_Cycles!166!1584983696.51!1584983696.500819
SendState!SEND_IDLE!1584983696.51!1584983696.500808
BD_Cycles!167!1584983697.51!1584983697.500935
BD_Cycles!168!1584983698.54!1584983698.504246
SendState!SEND_IDLE!1584983698.58!1584983698.504128
PR_NumPings!42!1584983698.58!1584983698.504229
BD_Cycles!169!1584983699.54!1584983699.504596
BD_Cycles!170!1584983700.54!1584983700.505681
SendState!SEND_IDLE!1584983700.54!1584983700.505663
BD_Cycles!171!1584983701.55!1584983701.506031
BD_Cycles!172!1584983702.54!1584983702.507359
SendState!SEND_IDLE!1584983702.55!1584983702.507114
PR_NumPings!43!1584983702.55!1584983702.507331
BD_Cycles!173!1584983703.56!1584983703.508825
BD_Cycles!174!1584983704.54!1584983704.509512
SendState!SEND_IDLE!1584983704.54!1584983704.509499
BD_Cycles!175!1584983705.54!1584983705.510893
BD_Cycles!176!1584983706.53!1584983706.512212
SendState!SEND_IDLE!1584983706.53!1584983706.512119
PR_NumPings!44!1584983706.53!1584983706.512197
BD_Cycles!177!1584983707.54!1584983707.512886
BD_Cycles!178!1584983708.53!1584983708.514117
SendState!SEND_IDLE!1584983708.53!1584983708.514105
BD_Cycles!179!1584983709.54!1584983709.514510
BD_Cycles!180!1584983710.53!1584983710.515220
SendState!SEND_IDLE!1584983710.53!1584983710.515112
PR_NumPings!45!1584983710.53!1584983710.515202
BD_Cycles!181!1584983711.55!1584983711.515866
BD_Cycles!182!1584983712.55!1584983712.516113
SendState!SEND_IDLE!1584983712.55!1584983712.516101
BD_Cycles!183!1584983713.55!1584983713.516579
BD_Cycles!184!1584983714.54!1584983714.517971
SendState!SEND_IDLE!1584983714.54!1584983714.517820
PR_NumPings!46!1584983714.54!1584983714.517947
BD_Cycles!185!1584983715.53!1584983715.518265
BD_Cycles!186!1584983716.53!1584983716.518549
SendState!SEND_IDLE!1584983716.53!1584983716.518536
BD_Cycles!187!1584983718.53!1584983717.520820
PR_NumPings!47!1584983719.53!1584983718.521458
BD_Cycles!188!1584983719.53!1584983718.521479
SendState!SEND_IDLE!1584983719.54!1584983718.521367
BD_Cycles!189!1584983720.53!1584983719.522252
BD_Cycles!190!1584983721.57!1584983720.522452
SendState!SEND_IDLE!1584983721.57!1584983720.522443
BD_Cycles!191!1584983722.57!1584983721.561670
BD_Cycles!192!1584983723.74!1584983722.563615
PR_NumPings!48!1584983723.79!1584983722.563593
SendState!SEND_IDLE!1584983723.82!1584983722.563501
BD_Cycles!194!1584983724.65!1584983724.613370
SendState!SEND_IDLE!1584983724.65!1584983724.613401
BD_Cycles!195!1584983725.63!1584983725.614341
BD_Cycles!196!1584983726.64!1584983726.615823
SendState!SEND_IDLE!1584983726.65!1584983726.615970
PR_NumPings!49!1584983726.65!1584983726.616454
BD_Cycles!197!1584983727.65!1584983727.616388
BD_Cycles!198!1584983728.64!1584983728.616499
SendState!SEND_IDLE!1584983728.64!1584983728.616531
rateGroup1Comp_RgMaxTime!160530!1584983729.97!1584983729.800543
BD_Cycles!199!1584983730.85!1584983729.640030
PR_NumPings!50!1584983731.86!1584983730.802937
BD_Cycles!200!1584983731.94!1584983730.802959
SendState!SEND_IDLE!1584983731.94!1584983730.802837
BD_Cycles!201!1584983732.82!1584983731.815494
BD_Cycles!202!1584983733.92!1584983732.817360
SendState!SEND_IDLE!1584983734.11!1584983732.817349
BD_Cycles!203!1584983734.92!1584983733.843210
PR_NumPings!51!1584983736.01!1584983734.844193
BD_Cycles!204!1584983736.08!1584983734.844251
SendState!SEND_IDLE!1584983736.11!1584983734.843625
BD_Cycles!205!1584983736.89!1584983735.845826
BD_Cycles!206!1584983737.91!1584983736.846575
SendState!SEND_IDLE!1584983737.91!1584983736.846527
BD_Cycles!207!1584983739.0!1584983737.846986
PR_NumPings!52!1584983739.92!1584983738.879501
BD_Cycles!208!1584983739.94!1584983738.905939
SendState!SEND_IDLE!1584983739.96!1584983738.879098
BD_Cycles!209!1584983740.96!1584983739.906095
CommandErrors!2!1584983741.05!1584983739.917629
BD_Cycles!210!1584983741.94!1584983740.913063
SendState!SEND_IDLE!1584983741.94!1584983740.913046
BD_Cycles!211!1584983743.05!1584983741.914265
PR_NumPings!53!1584983744.09!1584983742.915201
BD_Cycles!212!1584983744.11!1584983742.915495
SendState!SEND_IDLE!1584983744.11!1584983742.915059
BD_Cycles!213!1584983745.29!1584983743.916178
BD_Cycles!214!1584983746.09!1584983744.928805
SendState!SEND_IDLE!1584983746.12!1584983744.928780
BD_Cycles!215!1584983747.0!1584983745.951455
PR_NumPings!54!1584983747.98!1584983746.956655
BD_Cycles!216!1584983748.03!1584983746.956745
SendState!SEND_IDLE!1584983748.08!1584983746.955884
BD_Cycles!217!1584983749.07!1584983747.963526
BD_Cycles!218!1584983750.07!1584983748.992414
SendState!SEND_IDLE!1584983750.2!1584983748.992405
BD_Cycles!219!1584983751.03!1584983749.993552
PR_NumPings!55!1584983752.06!1584983750.993995
BD_Cycles!220!1584983752.13!1584983750.994036
SendState!SEND_IDLE!1584983752.13!1584983750.993825
BD_Cycles!221!1584983753.07!1584983751.995287
BD_Cycles!222!1584983754.13!1584983753.001636
SendState!SEND_IDLE!1584983754.13!1584983753.001623
BD_Cycles!223!1584983755.1!1584983754.064992
PR_NumPings!56!1584983756.2!1584983755.065714
BD_Cycles!224!1584983756.29!1584983755.065738
SendState!SEND_IDLE!1584983756.56!1584983755.065610
BD_Cycles!225!1584983757.1!1584983756.065943
BD_Cycles!226!1584983758.11!1584983757.066107
SendState!SEND_IDLE!1584983758.11!1584983757.066096
BD_Cycles!227!1584983759.12!1584983758.070949
PR_NumPings!57!1584983760.34!1584983759.071653
BD_Cycles!228!1584983760.47!1584983759.071683
SendState!SEND_IDLE!1584983760.47!1584983759.071522
BD_Cycles!229!1584983761.14!1584983760.072387
BD_Cycles!230!1584983762.15!1584983761.076681
SendState!SEND_IDLE!1584983762.3!1584983761.076667
BD_Cycles!231!1584983763.24!1584983762.104690
PR_NumPings!58!1584983764.54!1584983763.105218
BD_Cycles!232!1584983764.6!1584983763.105247
SendState!SEND_IDLE!1584983764.61!1584983763.105092
BD_Cycles!233!1584983765.24!1584983764.137190
BD_Cycles!234!1584983766.49!1584983765.143781
SendState!SEND_IDLE!1584983766.54!1584983765.143763
BD_Cycles!235!1584983767.39!1584983766.144027
PR_NumPings!59!1584983768.37!1584983767.144559
BD_Cycles!236!1584983768.81!1584983767.144585
SendState!SEND_IDLE!1584983768.81!1584983767.144446
BD_Cycles!237!1584983769.19!1584983768.146837
BD_Cycles!238!1584983770.26!1584983769.147585
SendState!SEND_IDLE!1584983770.69!1584983769.147572
BD_Cycles!239!1584983771.17!1584983770.149262
PR_NumPings!60!1584983772.24!1584983771.151530
BD_Cycles!240!1584983772.34!1584983771.151563
SendState!SEND_IDLE!1584983772.34!1584983771.150224
BD_Cycles!241!1584983773.2!1584983772.153994
BD_Cycles!242!1584983774.28!1584983773.154714
SendState!SEND_IDLE!1584983774.29!1584983773.154686
BD_Cycles!243!1584983775.22!1584983774.167388
PR_NumPings!61!1584983776.36!1584983775.168028
BD_Cycles!244!1584983776.39!1584983775.168050
SendState!SEND_IDLE!1584983776.39!1584983775.167936
BD_Cycles!245!1584983777.26!1584983776.168637
BD_Cycles!246!1584983778.23!1584983777.176178
SendState!SEND_IDLE!1584983778.24!1584983777.176164
BD_Cycles!247!1584983779.24!1584983778.176687
PR_NumPings!62!1584983780.29!1584983779.179786
BD_Cycles!248!1584983780.35!1584983779.179802
SendState!SEND_IDLE!1584983780.53!1584983779.179261
BD_Cycles!249!1584983781.2!1584983780.181066
BD_Cycles!250!1584983782.26!1584983781.181495
SendState!SEND_IDLE!1584983782.26!1584983781.181484
BD_Cycles!251!1584983783.27!1584983782.193714
PR_NumPings!63!1584983784.35!1584983783.198651
BD_Cycles!252!1584983785.0!1584983783.198697
SendState!SEND_IDLE!1584983785.0!1584983783.197943
BD_Cycles!253!1584983785.26!1584983784.200275
BD_Cycles!255!1584983786.27!1584983786.259169
SendState!SEND_IDLE!1584983786.29!1584983785.257184
rateGroup2Comp_RgMaxTime!56052!1584983786.29!1584983785.257189
BD_Cycles!256!1584983787.33!1584983787.261651
PR_NumPings!64!1584983787.33!1584983787.261890
BD_Cycles!257!1584983788.36!1584983788.261923
SendState!SEND_IDLE!1584983788.43!1584983787.262207
BD_Cycles!258!1584983789.36!1584983789.263427
BD_Cycles!259!1584983790.4!1584983790.264184
SendState!SEND_IDLE!1584983790.47!1584983789.263528
CommandsDispatched!1!1584983790.47!1584983790.005551
CommandErrors!3!1584983790.48!1584983790.005557
BD_Cycles!260!1584983791.34!1584983791.265206
PR_NumPings!65!1584983791.51!1584983791.265352
BD_Cycles!261!1584983792.47!1584983792.266856
SendState!SEND_IDLE!1584983792.62!1584983791.265595
BD_Cycles!263!1584983794.41!1584983794.353511
SendState!SEND_IDLE!1584983794.51!1584983793.269690
BD_Cycles!264!1584983795.42!1584983795.355278
SendState!SEND_IDLE!1584983795.42!1584983795.355314
PR_NumPings!66!1584983795.44!1584983795.355465
BD_Cycles!265!1584983796.47!1584983796.357268
BD_Cycles!266!1584983797.43!1584983797.358077
SendState!SEND_IDLE!1584983797.58!1584983797.358116
BD_Cycles!267!1584983798.45!1584983798.383001
BD_Cycles!268!1584983799.45!1584983799.385985
SendState!SEND_IDLE!1584983799.54!1584983799.386075
PR_NumPings!67!1584983799.54!1584983799.386195
BD_Cycles!269!1584983800.54!1584983800.386174
BD_Cycles!270!1584983801.51!1584983801.390098
SendState!SEND_IDLE!1584983801.56!1584983801.390079
BD_Cycles!271!1584983802.44!1584983802.390240
BD_Cycles!272!1584983803.48!1584983803.395733
SendState!SEND_IDLE!1584983803.53!1584983803.395555
PR_NumPings!68!1584983803.53!1584983803.395705
BD_Cycles!273!1584983804.44!1584983804.396203
BD_Cycles!274!1584983805.41!1584983805.399487
SendState!SEND_IDLE!1584983805.45!1584983805.399470
BD_Cycles!275!1584983806.43!1584983806.410703
BD_Cycles!276!1584983807.42!1584983807.411126
SendState!SEND_IDLE!1584983807.42!1584983807.410981
PR_NumPings!69!1584983807.42!1584983807.411101
BD_Cycles!277!1584983808.43!1584983808.411621
BD_Cycles!278!1584983809.46!1584983809.412635
SendState!SEND_IDLE!1584983809.54!1584983809.412616
BD_Cycles!279!1584983810.47!1584983810.413895
BD_Cycles!280!1584983811.45!1584983811.414695
SendState!SEND_IDLE!1584983811.45!1584983811.414576
PR_NumPings!70!1584983811.45!1584983811.414678
BD_Cycles!281!1584983812.48!1584983812.416264
BD_Cycles!282!1584983813.46!1584983813.416506
SendState!SEND_IDLE!1584983813.46!1584983813.416536
BD_Cycles!283!1584983814.46!1584983814.416925
BD_Cycles!284!1584983815.46!1584983815.418641
PR_NumPings!71!1584983815.52!1584983815.418619
SendState!SEND_IDLE!1584983815.52!1584983815.418501
BD_Cycles!285!1584983816.47!1584983816.420558
BD_Cycles!286!1584983817.45!1584983817.420990
SendState!SEND_IDLE!1584983817.46!1584983817.420940
BD_Cycles!287!1584983818.46!1584983818.423207
BD_Cycles!288!1584983819.51!1584983819.437109
SendState!SEND_IDLE!1584983819.55!1584983819.436416
PR_NumPings!72!1584983819.55!1584983819.437077
BD_Cycles!289!1584983820.56!1584983820.437754
BD_Cycles!290!1584983821.54!1584983821.438137
SendState!SEND_IDLE!1584983821.57!1584983821.438165
BD_Cycles!291!1584983823.53!1584983822.494111
PR_NumPings!73!1584983824.72!1584983823.494642
BD_Cycles!292!1584983824.87!1584983823.494662
SendState!SEND_IDLE!1584983824.87!1584983823.494521
BD_Cycles!293!1584983825.62!1584983824.523882
BD_Cycles!294!1584983826.54!1584983825.527234
SendState!SEND_IDLE!1584983826.63!1584983825.527221
BD_Cycles!295!1584983827.57!1584983826.527686
PR_NumPings!74!1584983828.58!1584983827.538454
BD_Cycles!296!1584983828.58!1584983827.538475
SendState!SEND_IDLE!1584983828.58!1584983827.538365
BD_Cycles!297!1584983829.58!1584983828.539487
BD_Cycles!298!1584983830.59!1584983829.539904
SendState!SEND_IDLE!1584983830.6!1584983829.539895
BD_Cycles!299!1584983831.58!1584983830.540152
PR_NumPings!75!1584983832.55!1584983831.540949
BD_Cycles!300!1584983832.56!1584983831.541034
SendState!SEND_IDLE!1584983832.57!1584983831.540412
BD_Cycles!301!1584983833.67!1584983832.542317
BD_Cycles!302!1584983834.61!1584983833.545796
SendState!SEND_IDLE!1584983834.61!1584983833.545719
BD_Cycles!303!1584983835.58!1584983834.546217
PR_NumPings!76!1584983836.59!1584983835.547019
BD_Cycles!304!1584983836.65!1584983835.547051
SendState!SEND_IDLE!1584983836.65!1584983835.546885
BD_Cycles!305!1584983837.6!1584983836.550283
BD_Cycles!306!1584983838.62!1584983837.550881
SendState!SEND_IDLE!1584983838.74!1584983837.550869
BD_Cycles!307!1584983839.61!1584983838.553448
PR_NumPings!77!1584983840.61!1584983839.556399
BD_Cycles!308!1584983840.69!1584983839.556507
SendState!SEND_IDLE!1584983840.7!1584983839.555993
BD_Cycles!309!1584983841.59!1584983840.557238
BD_Cycles!310!1584983842.6!1584983841.558363
SendState!SEND_IDLE!1584983842.65!1584983841.558351
BD_Cycles!311!1584983843.59!1584983842.559239
PR_NumPings!78!1584983844.6!1584983843.560049
BD_Cycles!312!1584983844.6!1584983843.560067
SendState!SEND_IDLE!1584983844.6!1584983843.559968
BD_Cycles!313!1584983845.63!1584983844.560845
BD_Cycles!314!1584983846.61!1584983845.561103
SendState!SEND_IDLE!1584983846.61!1584983845.561093
BD_Cycles!315!1584983847.61!1584983846.562718
PR_NumPings!79!1584983848.62!1584983847.563239
BD_Cycles!316!1584983848.62!1584983847.563270
SendState!SEND_IDLE!1584983848.64!1584983847.563106
BD_Cycles!317!1584983849.62!1584983848.563806
BD_Cycles!318!1584983850.62!1584983849.565444
SendState!SEND_IDLE!1584983850.66!1584983849.565412
BD_Cycles!319!1584983851.65!1584983850.566844
PR_NumPings!80!1584983852.59!1584983851.567121
BD_Cycles!320!1584983852.63!1584983851.567141
SendState!SEND_IDLE!1584983852.64!1584983851.567039
BD_Cycles!321!1584983853.65!1584983852.567256
BD_Cycles!322!1584983854.65!1584983853.569216
SendState!SEND_IDLE!1584983854.67!1584983853.569199
BD_Cycles!323!1584983855.63!1584983854.569957
PR_NumPings!81!1584983856.64!1584983855.571901
BD_Cycles!325!1584983856.66!1584983856.575433
SendState!SEND_IDLE!1584983856.7!1584983855.571734
BD_Cycles!326!1584983857.66!1584983857.599612
SendState!SEND_IDLE!1584983857.74!1584983857.599600
BD_Cycles!327!1584983858.66!1584983858.599755
BD_Cycles!328!1584983859.63!1584983859.601220
SendState!SEND_IDLE!1584983859.69!1584983859.600920
PR_NumPings!82!1584983859.69!1584983859.601059
BD_Cycles!329!1584983860.72!1584983860.601355
BD_Cycles!330!1584983861.66!1584983861.601543
SendState!SEND_IDLE!1584983861.8!1584983861.601531
BD_Cycles!331!1584983862.8!1584983862.604511
BD_Cycles!332!1584983863.65!1584983863.609644
SendState!SEND_IDLE!1584983863.87!1584983863.609369
PR_NumPings!83!1584983863.87!1584983863.609512
BD_Cycles!333!1584983864.63!1584983864.609828
BD_Cycles!334!1584983865.67!1584983865.612643
SendState!SEND_IDLE!1584983865.69!1584983865.611786
BD_Cycles!335!1584983866.67!1584983866.614592
BD_Cycles!336!1584983867.67!1584983867.615877
SendState!SEND_IDLE!1584983867.77!1584983867.615598
PR_NumPings!84!1584983867.77!1584983867.615848
BD_Cycles!337!1584983868.76!1584983868.618107
SendState!SEND_IDLE!1584983869.71!1584983869.619357
BD_Cycles!338!1584983869.71!1584983869.619378
BD_Cycles!339!1584983870.67!1584983870.620030
BD_Cycles!340!1584983871.64!1584983871.621529
SendState!SEND_IDLE!1584983871.7!1584983871.621302
PR_NumPings!85!1584983871.7!1584983871.621486
BD_Cycles!341!1584983872.68!1584983872.621661
BD_Cycles!342!1584983873.65!1584983873.623081
SendState!SEND_IDLE!1584983873.66!1584983873.623008
BD_Cycles!343!1584983874.65!1584983874.623848
BD_Cycles!344!1584983875.68!1584983875.624783
SendState!SEND_IDLE!1584983875.9!1584983875.624519
PR_NumPings!86!1584983875.9!1584983875.624641
BD_Cycles!345!1584983876.73!1584983876.625124
BD_Cycles!346!1584983877.69!1584983877.626988
SendState!SEND_IDLE!1584983877.72!1584983877.626925
BD_Cycles!347!1584983878.66!1584983878.627390
BD_Cycles!348!1584983879.72!1584983879.631624
SendState!SEND_IDLE!1584983879.79!1584983879.631384
PR_NumPings!87!1584983879.79!1584983879.631585
BD_Cycles!349!1584983880.75!1584983880.632088
BD_Cycles!350!1584983881.69!1584983881.632907
SendState!SEND_IDLE!1584983881.7!1584983881.632892
BD_Cycles!351!1584983882.71!1584983882.649373
BD_Cycles!352!1584983883.67!1584983883.649921
SendState!SEND_IDLE!1584983883.68!1584983883.649800
PR_NumPings!88!1584983883.68!1584983883.649906
BD_Cycles!353!1584983884.78!1584983884.651634
BD_Cycles!354!1584983885.71!1584983885.662728
SendState!SEND_IDLE!1584983885.75!1584983885.662713
BD_Cycles!355!1584983886.7!1584983886.664342
BD_Cycles!356!1584983887.68!1584983887.665962
SendState!SEND_IDLE!1584983887.69!1584983887.664900
PR_NumPings!89!1584983887.69!1584983887.665743
BD_Cycles!357!1584983888.7!1584983888.668587
BD_Cycles!358!1584983889.73!1584983889.670480
SendState!SEND_IDLE!1584983889.87!1584983889.670468
BD_Cycles!359!1584983890.7!1584983890.671895
BD_Cycles!360!1584983891.7!1584983891.672824
SendState!SEND_IDLE!1584983891.8!1584983891.672672
PR_NumPings!90!1584983891.8!1584983891.672802
BD_Cycles!361!1584983892.72!1584983892.673291
BD_Cycles!362!1584983894.7!1584983893.678625
SendState!SEND_IDLE!1584983894.72!1584983893.678589
BD_Cycles!363!1584983895.72!1584983894.683032
PR_NumPings!91!1584983896.84!1584983895.730300
BD_Cycles!365!1584983896.84!1584983896.731912
SendState!SEND_IDLE!1584983896.84!1584983895.728201
rateGroup3Comp_RgMaxTime!44306!1584983896.84!1584983895.730325
BD_Cycles!366!1584983897.84!1584983897.737748
SendState!SEND_IDLE!1584983897.95!1584983897.737778
BD_Cycles!367!1584983898.93!1584983898.774723
BD_Cycles!368!1584983899.81!1584983899.775072
SendState!SEND_IDLE!1584983899.82!1584983899.775104
PR_NumPings!92!1584983899.82!1584983899.775687
BD_Cycles!369!1584983900.81!1584983900.780352
BD_Cycles!370!1584983901.83!1584983901.782127
SendState!SEND_IDLE!1584983901.84!1584983901.782167
BD_Cycles!371!1584983902.86!1584983902.798461
BD_Cycles!372!1584983903.86!1584983903.798766
SendState!SEND_IDLE!1584983903.87!1584983903.798810
PR_NumPings!93!1584983903.87!1584983903.798973
BD_Cycles!373!1584983904.84!1584983904.806053
BD_Cycles!374!1584983905.86!1584983905.806668
SendState!SEND_IDLE!1584983905.89!1584983905.806687
BD_Cycles!375!1584983906.89!1584983906.807738
BD_Cycles!376!1584983907.86!1584983907.807857
SendState!SEND_IDLE!1584983907.86!1584983907.807887
PR_NumPings!94!1584983907.86!1584983907.808022
BD_Cycles!377!1584983908.85!1584983908.808278
BD_Cycles!378!1584983909.83!1584983909.808361
SendState!SEND_IDLE!1584983909.86!1584983909.808385
BD_Cycles!379!1584983910.83!1584983910.808598
BD_Cycles!380!1584983911.83!1584983911.809276
SendState!SEND_IDLE!1584983911.83!1584983911.809455
PR_NumPings!95!1584983911.85!1584983911.810613
BD_Cycles!381!1584983913.05!1584983912.839792
BD_Cycles!382!1584983913.91!1584983913.842601
SendState!SEND_IDLE!1584983913.99!1584983913.842627
BD_Cycles!383!1584983914.9!1584983914.843634
BD_Cycles!384!1584983915.89!1584983915.846282
SendState!SEND_IDLE!1584983915.93!1584983915.846309
PR_NumPings!96!1584983915.93!1584983915.846425
BD_Cycles!385!1584983916.88!1584983916.846754
BD_Cycles!386!1584983917.88!1584983917.846964
SendState!SEND_IDLE!1584983917.88!1584983917.846988
BD_Cycles!387!1584983918.87!1584983918.848121
BD_Cycles!388!1584983919.87!1584983919.848590
SendState!SEND_IDLE!1584983919.88!1584983919.848720
PR_NumPings!97!1584983919.88!1584983919.848838
BD_Cycles!389!1584983920.91!1584983920.855970
BD_Cycles!390!1584983921.92!1584983921.856325
SendState!SEND_IDLE!1584983921.93!1584983921.856347
BD_Cycles!391!1584983922.92!1584983922.859929
BD_Cycles!392!1584983923.9!1584983923.859998
SendState!SEND_IDLE!1584983924.2!1584983923.860018
PR_NumPings!98!1584983924.2!1584983923.860094
BD_Cycles!393!1584983924.93!1584983924.867253
BD_Cycles!394!1584983925.9!1584983925.867835
SendState!SEND_IDLE!1584983925.97!1584983925.867863
BD_Cycles!395!1584983926.91!1584983926.870169
BD_Cycles!396!1584983927.94!1584983927.870487
SendState!SEND_IDLE!1584983928.01!1584983927.870515
PR_NumPings!99!1584983928.17!1584983927.870637
BD_Cycles!397!1584983928.94!1584983928.870863
BD_Cycles!398!1584983930.96!1584983929.907125
SendState!SEND_IDLE!1584983931.17!1584983929.907104
BD_Cycles!399!1584983931.95!1584983930.908200
PR_NumPings!100!1584983932.93!1584983931.909186
BD_Cycles!400!1584983932.97!1584983931.909210
SendState!SEND_IDLE!1584983932.97!1584983931.909097
BD_Cycles!401!1584983933.94!1584983932.909639
BD_Cycles!402!1584983934.98!1584983933.920401
SendState!SEND_IDLE!1584983935.01!1584983933.920355
BD_Cycles!403!1584983935.95!1584983934.921862
PR_NumPings!101!1584983936.98!1584983935.923705
BD_Cycles!404!1584983936.99!1584983935.923747
SendState!SEND_IDLE!1584983936.99!1584983935.922824
BD_Cycles!405!1584983937.96!1584983936.925396
BD_Cycles!406!1584983938.95!1584983937.925685
SendState!SEND_IDLE!1584983938.99!1584983937.925669
BD_Cycles!407!1584983939.99!1584983938.925849
PR_NumPings!102!1584983941.0!1584983939.926959
BD_Cycles!408!1584983941.0!1584983939.927224
SendState!SEND_IDLE!1584983941.01!1584983939.926835
BD_Cycles!409!1584983941.97!1584983940.927567
BD_Cycles!410!1584983942.95!1584983941.927891
SendState!SEND_IDLE!1584983942.95!1584983941.927875
BD_Cycles!411!1584983943.95!1584983942.930836
PR_NumPings!103!1584983944.99!1584983943.953696
BD_Cycles!412!1584983944.99!1584983943.953581
SendState!SEND_IDLE!1584983945.0!1584983943.931955
BD_Cycles!413!1584983945.97!1584983944.954498
BD_Cycles!414!1584983946.98!1584983945.955861
SendState!SEND_IDLE!1584983947.0!1584983945.955846
BD_Cycles!415!1584983947.98!1584983946.961157
PR_NumPings!104!1584983948.99!1584983947.962712
BD_Cycles!416!1584983948.99!1584983947.962607
SendState!SEND_IDLE!1584983948.99!1584983947.962594
BD_Cycles!417!1584983949.99!1584983948.963162
BD_Cycles!418!1584983950.99!1584983949.963344
SendState!SEND_IDLE!1584983951.01!1584983949.963332
BD_Cycles!419!1584983952.0!1584983950.963575
PR_NumPings!105!1584983953.0!1584983951.965501
BD_Cycles!420!1584983953.0!1584983951.965079
SendState!SEND_IDLE!1584983953.02!1584983951.965050
BD_Cycles!421!1584983954.02!1584983952.965838
BD_Cycles!422!1584983955.19!1584983953.969176
SendState!SEND_IDLE!1584983955.2!1584983953.969156
BD_Cycles!423!1584983956.0!1584983954.970248
PR_NumPings!106!1584983957.0!1584983955.970965
BD_Cycles!424!1584983957.0!1584983955.970847
SendState!SEND_IDLE!1584983957.01!1584983955.970833
BD_Cycles!425!1584983958.03!1584983956.972169
BD_Cycles!427!1584983959.1!1584983959.004985
SendState!SEND_IDLE!1584983959.11!1584983958.004150
BD_Cycles!428!1584983960.1!1584983960.005086
SendState!SEND_IDLE!1584983960.13!1584983960.005139
PR_NumPings!107!1584983960.13!1584983960.005275
BD_Cycles!429!1584983961.1!1584983961.005814
BD_Cycles!430!1584983962.1!1584983962.006025
SendState!SEND_IDLE!1584983962.28!1584983962.006117
BD_Cycles!431!1584983963.11!1584983963.006382
BD_Cycles!432!1584983964.11!1584983964.006915
SendState!SEND_IDLE!1584983964.11!1584983964.006949
PR_NumPings!108!1584983964.2!1584983964.007028
BD_Cycles!433!1584983965.13!1584983965.007025
BD_Cycles!434!1584983966.1!1584983966.008397
SendState!SEND_IDLE!1584983966.18!1584983966.008631
BD_Cycles!435!1584983967.05!1584983967.009746
BD_Cycles!436!1584983968.06!1584983968.010448
SendState!SEND_IDLE!1584983968.12!1584983968.010605
PR_NumPings!109!1584983968.12!1584983968.010588
BD_Cycles!437!1584983969.33!1584983969.021168
BD_Cycles!438!1584983970.03!1584983970.021404
SendState!SEND_IDLE!1584983970.14!1584983970.021489
BD_Cycles!439!1584983971.04!1584983971.021677
BD_Cycles!440!1584983972.04!1584983972.022459
SendState!SEND_IDLE!1584983972.08!1584983972.022578
PR_NumPings!110!1584983972.08!1584983972.025644
BD_Cycles!441!1584983973.15!1584983973.056098
BD_Cycles!442!1584983974.19!1584983974.059223
SendState!SEND_IDLE!1584983974.41!1584983974.059406
BD_Cycles!443!1584983975.19!1584983975.059630
BD_Cycles!444!1584983976.11!1584983976.059912
SendState!SEND_IDLE!1584983976.19!1584983976.059941
PR_NumPings!111!1584983976.19!1584983976.060010
BD_Cycles!445!1584983977.19!1584983977.060563
BD_Cycles!446!1584983978.45!1584983978.061276
SendState!SEND_IDLE!1584983978.46!1584983978.061324
BD_Cycles!447!1584983979.08!1584983979.061675
BD_Cycles!448!1584983980.19!1584983980.091463
SendState!SEND_IDLE!1584983980.19!1584983980.091512
PR_NumPings!112!1584983980.32!1584983980.091623
BD_Cycles!449!1584983981.13!1584983981.094024
BD_Cycles!450!1584983982.17!1584983982.094754
SendState!SEND_IDLE!1584983982.23!1584983982.094778
BD_Cycles!451!1584983983.17!1584983983.100391
BD_Cycles!452!1584983984.16!1584983984.106150
SendState!SEND_IDLE!1584983984.17!1584983984.106186
PR_NumPings!113!1584983984.17!1584983984.106512
BD_Cycles!453!1584983985.18!1584983985.107441
BD_Cycles!454!1584983986.13!1584983986.110494
SendState!SEND_IDLE!1584983986.13!1584983986.110529
BD_Cycles!455!1584983987.13!1584983987.111629
BD_Cycles!456!1584983988.37!1584983988.112104
SendState!SEND_IDLE!1584983988.37!1584983988.112255
PR_NumPings!114!1584983988.37!1584983988.112354
BD_Cycles!457!1584983989.17!1584983989.113391
BD_Cycles!458!1584983990.16!1584983990.116649
SendState!SEND_IDLE!1584983990.17!1584983990.116674
BD_Cycles!459!1584983991.16!1584983991.118660
BD_Cycles!460!1584983992.2!1584983992.141802
SendState!SEND_IDLE!1584983992.22!1584983992.141830
PR_NumPings!115!1584983992.22!1584983992.141947
BD_Cycles!461!1584983993.18!1584983993.142514
BD_Cycles!462!1584983994.22!1584983994.142599
SendState!SEND_IDLE!1584983994.22!1584983994.142622
BD_Cycles!463!1584983995.17!1584983995.144542
BD_Cycles!464!1584983996.2!1584983996.150735
SendState!SEND_IDLE!1584983996.2!1584983996.147993
PR_NumPings!116!1584983996.24!1584983996.150922
BD_Cycles!465!1584983997.24!1584983997.155317
BD_Cycles!466!1584983998.21!1584983998.155420
SendState!SEND_IDLE!1584983998.3!1584983998.155449
BD_Cycles!467!1584983999.24!1584983999.155602
BD_Cycles!468!1584984000.23!1584984000.156187
SendState!SEND_IDLE!1584984000.25!1584984000.156229
PR_NumPings!117!1584984000.25!1584984000.158443
BD_Cycles!469!1584984001.2!1584984001.157134
BD_Cycles!470!1584984002.26!1584984002.160356
SendState!SEND_IDLE!1584984002.29!1584984002.160381
BD_Cycles!471!1584984003.21!1584984003.161027
BD_Cycles!472!1584984004.19!1584984004.168322
SendState!SEND_IDLE!1584984004.21!1584984004.168201
PR_NumPings!118!1584984004.22!1584984004.170097
BD_Cycles!473!1584984005.23!1584984005.173652
BD_Cycles!474!1584984006.21!1584984006.174178
SendState!SEND_IDLE!1584984006.26!1584984006.174220
BD_Cycles!475!1584984007.26!1584984007.178585
BD_Cycles!476!1584984008.24!1584984008.186448
SendState!SEND_IDLE!1584984008.33!1584984008.186470
PR_NumPings!119!1584984008.33!1584984008.186710
BD_Cycles!477!1584984009.27!1584984009.190048
BD_Cycles!478!1584984010.32!1584984010.190117
SendState!SEND_IDLE!1584984010.48!1584984010.190154
BD_Cycles!479!1584984011.24!1584984011.190585
BD_Cycles!480!1584984012.31!1584984012.194099
SendState!SEND_IDLE!1584984012.39!1584984012.194135
PR_NumPings!120!1584984012.39!1584984012.194256
BD_Cycles!481!1584984013.26!1584984013.194709
BD_Cycles!482!1584984014.24!1584984014.195064
SendState!SEND_IDLE!1584984014.31!1584984014.195213
BD_Cycles!483!1584984015.25!1584984015.195560
BD_Cycles!484!1584984016.25!1584984016.197903
SendState!SEND_IDLE!1584984016.32!1584984016.197991
PR_NumPings!121!1584984016.32!1584984016.199629
BD_Cycles!485!1584984017.25!1584984017.198203
BD_Cycles!486!1584984018.22!1584984018.199521
SendState!SEND_IDLE!1584984018.22!1584984018.199504
BD_Cycles!487!1584984019.23!1584984019.199936
BD_Cycles!488!1584984020.23!1584984020.200220
SendState!SEND_IDLE!1584984020.3!1584984020.200197
PR_NumPings!122!1584984020.3!1584984020.200327
BD_Cycles!489!1584984021.29!1584984021.203695
BD_Cycles!490!1584984022.25!1584984022.204336
SendState!SEND_IDLE!1584984022.25!1584984022.204322
BD_Cycles!491!1584984023.24!1584984023.206502
BD_Cycles!492!1584984024.26!1584984024.207251
SendState!SEND_IDLE!1584984024.26!1584984024.207150
PR_NumPings!123!1584984024.26!1584984024.207236
BD_Cycles!493!1584984025.25!1584984025.207543
BD_Cycles!494!1584984026.28!1584984026.209679
SendState!SEND_IDLE!1584984026.3!1584984026.209629
BD_Cycles!495!1584984028.28!1584984027.214550
PR_NumPings!124!1584984029.23!1584984028.215065
BD_Cycles!496!1584984029.26!1584984028.215087
SendState!SEND_IDLE!1584984029.27!1584984028.214965
BD_Cycles!497!1584984030.28!1584984029.221780
BD_Cycles!498!1584984031.24!1584984030.222568
SendState!SEND_IDLE!1584984031.25!1584984030.222553
BD_Cycles!499!1584984032.24!1584984031.223947
PR_NumPings!125!1584984033.27!1584984032.245374
BD_Cycles!501!1584984033.31!1584984033.251325
SendState!SEND_IDLE!1584984033.57!1584984032.245233
BD_Cycles!502!1584984034.34!1584984034.252037
SendState!SEND_IDLE!1584984034.34!1584984034.252083
BD_Cycles!503!1584984035.29!1584984035.252538
BD_Cycles!504!1584984036.29!1584984036.255526
SendState!SEND_IDLE!1584984036.31!1584984036.255562
PR_NumPings!126!1584984036.32!1584984036.255663
BD_Cycles!505!1584984037.45!1584984037.255885
BD_Cycles!506!1584984038.45!1584984038.256179
SendState!SEND_IDLE!1584984038.67!1584984038.256222
BD_Cycles!507!1584984039.41!1584984039.256891
BD_Cycles!508!1584984040.31!1584984040.257625
SendState!SEND_IDLE!1584984040.4!1584984040.257678
PR_NumPings!127!1584984040.41!1584984040.257803
BD_Cycles!509!1584984041.36!1584984041.258594
BD_Cycles!510!1584984042.32!1584984042.259143
SendState!SEND_IDLE!1584984042.33!1584984042.259176
BD_Cycles!511!1584984043.32!1584984043.260247
BD_Cycles!512!1584984044.32!1584984044.260665
SendState!SEND_IDLE!1584984044.33!1584984044.260729
PR_NumPings!128!1584984044.47!1584984044.260893
BD_Cycles!513!1584984045.37!1584984045.265763
BD_Cycles!514!1584984046.4!1584984046.266014
SendState!SEND_IDLE!1584984046.9!1584984046.266043
BD_Cycles!515!1584984047.36!1584984047.267573
BD_Cycles!516!1584984048.35!1584984048.267658
SendState!SEND_IDLE!1584984048.37!1584984048.267698
PR_NumPings!129!1584984048.37!1584984048.267793
BD_Cycles!517!1584984049.35!1584984049.267856
BD_Cycles!518!1584984050.33!1584984050.268325
SendState!SEND_IDLE!1584984050.4!1584984050.268370
BD_Cycles!519!1584984051.43!1584984051.268741
BD_Cycles!520!1584984052.36!1584984052.269381
SendState!SEND_IDLE!1584984053.18!1584984052.269424
PR_NumPings!130!1584984053.18!1584984052.269537
BD_Cycles!521!1584984053.4!1584984053.269599
BD_Cycles!522!1584984054.35!1584984054.269643
SendState!SEND_IDLE!1584984054.51!1584984054.269670
BD_Cycles!523!1584984055.34!1584984055.269824
BD_Cycles!524!1584984056.38!1584984056.270368
SendState!SEND_IDLE!1584984056.4!1584984056.270399
PR_NumPings!131!1584984056.4!1584984056.270539
BD_Cycles!525!1584984057.33!1584984057.271023
BD_Cycles!526!1584984058.34!1584984058.272261
SendState!SEND_IDLE!1584984058.35!1584984058.272303
BD_Cycles!527!1584984059.36!1584984059.273258
BD_Cycles!528!1584984060.33!1584984060.273572
SendState!SEND_IDLE!1584984060.33!1584984060.273606
PR_NumPings!132!1584984060.33!1584984060.273760
BD_Cycles!529!1584984061.32!1584984061.273662
BD_Cycles!530!1584984062.58!1584984062.274175
SendState!SEND_IDLE!1584984062.95!1584984062.274194
BD_Cycles!531!1584984063.32!1584984063.274300
BD_Cycles!532!1584984064.41!1584984064.275181
SendState!SEND_IDLE!1584984064.41!1584984064.275237
PR_NumPings!133!1584984064.42!1584984064.275347
BD_Cycles!533!1584984065.3!1584984065.276691
BD_Cycles!534!1584984066.49!1584984066.279639
SendState!SEND_IDLE!1584984066.51!1584984066.279750
BD_Cycles!535!1584984067.63!1584984067.290254
BD_Cycles!536!1584984068.91!1584984068.343504
SendState!SEND_IDLE!1584984069.12!1584984068.343546
PR_NumPings!134!1584984069.12!1584984068.344325
BD_Cycles!537!1584984069.36!1584984069.343940
BD_Cycles!538!1584984070.37!1584984070.344340
SendState!SEND_IDLE!1584984070.65!1584984070.344380
BD_Cycles!539!1584984071.41!1584984071.345588
BD_Cycles!540!1584984072.45!1584984072.351521
SendState!SEND_IDLE!1584984072.59!1584984072.351540
PR_NumPings!135!1584984072.66!1584984072.351629
BD_Cycles!541!1584984073.42!1584984073.352309
BD_Cycles!542!1584984074.45!1584984074.352676
SendState!SEND_IDLE!1584984074.5!1584984074.352776
BD_Cycles!543!1584984075.49!1584984075.357126
BD_Cycles!544!1584984076.47!1584984076.360876
SendState!SEND_IDLE!1584984076.56!1584984076.360983
PR_NumPings!136!1584984076.56!1584984076.361097
BD_Cycles!545!1584984077.42!1584984077.361209
BD_Cycles!546!1584984078.43!1584984078.361782
SendState!SEND_IDLE!1584984078.43!1584984078.361832
BD_Cycles!547!1584984079.45!1584984079.362017
BD_Cycles!548!1584984080.45!1584984080.362133
SendState!SEND_IDLE!1584984080.45!1584984080.362163
PR_NumPings!137!1584984080.45!1584984080.362294
BD_Cycles!549!1584984081.46!1584984081.362423
BD_Cycles!550!1584984082.47!1584984082.363668
SendState!SEND_IDLE!1584984082.56!1584984082.363713
BD_Cycles!551!1584984083.45!1584984083.364322
BD_Cycles!552!1584984084.63!1584984084.364734
SendState!SEND_IDLE!1584984084.65!1584984084.364769
PR_NumPings!138!1584984084.65!1584984084.364860
BD_Cycles!553!1584984085.47!1584984085.364973
BD_Cycles!554!1584984086.4!1584984086.365629
SendState!SEND_IDLE!1584984086.67!1584984086.365685
BD_Cycles!555!1584984087.42!1584984087.366540
BD_Cycles!556!1584984088.44!1584984088.366663
SendState!SEND_IDLE!1584984088.45!1584984088.366696
PR_NumPings!139!1584984088.45!1584984088.366781
BD_Cycles!557!1584984089.42!1584984089.366809
BD_Cycles!558!1584984090.43!1584984090.367093
SendState!SEND_IDLE!1584984090.54!1584984090.367125
BD_Cycles!559!1584984091.43!1584984091.367283
BD_Cycles!560!1584984092.42!1584984092.370492
SendState!SEND_IDLE!1584984092.42!1584984092.370543
PR_NumPings!140!1584984092.43!1584984092.371065
BD_Cycles!561!1584984093.42!1584984093.371019
BD_Cycles!562!1584984094.39!1584984094.371163
SendState!SEND_IDLE!1584984094.39!1584984094.371199
BD_Cycles!563!1584984095.4!1584984095.373596
BD_Cycles!564!1584984096.42!1584984096.374584
PR_NumPings!141!1584984096.45!1584984096.374939
SendState!SEND_IDLE!1584984096.45!1584984096.374682
BD_Cycles!565!1584984097.42!1584984097.375026
BD_Cycles!566!1584984098.45!1584984098.375188
SendState!SEND_IDLE!1584984098.51!1584984098.375225
BD_Cycles!567!1584984099.42!1584984099.375566
BD_Cycles!568!1584984100.43!1584984100.375912
SendState!SEND_IDLE!1584984100.45!1584984100.376024
PR_NumPings!142!1584984100.45!1584984100.376305
BD_Cycles!569!1584984101.44!1584984101.376049
BD_Cycles!570!1584984102.45!1584984102.376151
SendState!SEND_IDLE!1584984102.48!1584984102.376191
BD_Cycles!571!1584984103.39!1584984103.377538
BD_Cycles!572!1584984104.39!1584984104.377673
SendState!SEND_IDLE!1584984104.42!1584984104.377703
PR_NumPings!143!1584984104.42!1584984104.377777
BD_Cycles!573!1584984105.41!1584984105.378078
BD_Cycles!574!1584984106.39!1584984106.379194
SendState!SEND_IDLE!1584984106.39!1584984106.379232
BD_Cycles!575!1584984107.4!1584984107.379366
BD_Cycles!576!1584984108.45!1584984108.394206
SendState!SEND_IDLE!1584984108.46!1584984108.394265
PR_NumPings!144!1584984108.46!1584984108.394428
BD_Cycles!577!1584984109.49!1584984109.394958
BD_Cycles!578!1584984110.6!1584984110.395641
SendState!SEND_IDLE!1584984110.64!1584984110.395856
BD_Cycles!579!1584984111.42!1584984111.396414
BD_Cycles!580!1584984112.52!1584984112.397383
PR_NumPings!145!1584984113.0!1584984112.397630
SendState!SEND_IDLE!1584984113.0!1584984112.397405
BD_Cycles!581!1584984113.46!1584984113.397867
BD_Cycles!582!1584984114.47!1584984114.398920
SendState!SEND_IDLE!1584984114.47!1584984114.398944
BD_Cycles!583!1584984115.44!1584984115.399303
BD_Cycles!584!1584984116.57!1584984116.399603
SendState!SEND_IDLE!1584984116.6!1584984116.399649
PR_NumPings!146!1584984116.6!1584984116.399767
BD_Cycles!585!1584984117.43!1584984117.405804
BD_Cycles!586!1584984118.43!1584984118.407879
SendState!SEND_IDLE!1584984118.43!1584984118.407823
BD_Cycles!587!1584984119.5!1584984119.410285
BD_Cycles!588!1584984120.6!1584984120.410927
SendState!SEND_IDLE!1584984120.96!1584984120.410967
PR_NumPings!147!1584984120.97!1584984120.411076
BD_Cycles!589!1584984121.53!1584984121.418532
BD_Cycles!590!1584984122.69!1584984122.434570
SendState!SEND_IDLE!1584984122.78!1584984122.434628
BD_Cycles!591!1584984123.52!1584984123.434880
BD_Cycles!592!1584984124.44!1584984124.435530
SendState!SEND_IDLE!1584984124.45!1584984124.435568
PR_NumPings!148!1584984124.46!1584984124.435733
BD_Cycles!593!1584984125.54!1584984125.436099
BD_Cycles!594!1584984126.49!1584984126.436682
SendState!SEND_IDLE!1584984126.53!1584984126.436711
BD_Cycles!595!1584984127.48!1584984127.438017
BD_Cycles!596!1584984128.5!1584984128.438141
SendState!SEND_IDLE!1584984128.61!1584984128.453941
PR_NumPings!149!1584984128.61!1584984128.454081
BD_Cycles!597!1584984129.62!1584984129.449167
BD_Cycles!598!1584984130.55!1584984130.449555
SendState!SEND_IDLE!1584984130.78!1584984130.449656
BD_Cycles!599!1584984131.49!1584984131.449750
BD_Cycles!600!1584984132.86!1584984132.472480
PR_NumPings!150!1584984133.43!1584984132.472660
SendState!SEND_IDLE!1584984133.44!1584984132.472684
BD_Cycles!601!1584984133.55!1584984133.473131
BD_Cycles!602!1584984134.59!1584984134.490282
SendState!SEND_IDLE!1584984134.66!1584984134.490336
BD_Cycles!603!1584984135.58!1584984135.491602
BD_Cycles!604!1584984136.51!1584984136.495194
SendState!SEND_IDLE!1584984136.71!1584984136.495223
PR_NumPings!151!1584984136.71!1584984136.495347
BD_Cycles!605!1584984137.68!1584984137.495474
BD_Cycles!606!1584984138.69!1584984138.495766
SendState!SEND_IDLE!1584984139.69!1584984138.556334
rateGroup2Comp_RgMaxTime!60587!1584984139.7!1584984138.556337
BD_Cycles!607!1584984140.65!1584984139.521285
PR_NumPings!152!1584984141.63!1584984140.523121
BD_Cycles!608!1584984141.75!1584984140.523143
SendState!SEND_IDLE!1584984141.77!1584984140.523024
BD_Cycles!609!1584984142.58!1584984141.523781
BD_Cycles!610!1584984143.63!1584984142.525295
SendState!SEND_IDLE!1584984143.71!1584984142.525281
BD_Cycles!611!1584984144.58!1584984143.528521
PR_NumPings!153!1584984145.6!1584984144.529021
BD_Cycles!612!1584984145.71!1584984144.529038
SendState!SEND_IDLE!1584984145.71!1584984144.528942
BD_Cycles!613!1584984146.57!1584984145.529846
BD_Cycles!614!1584984147.58!1584984146.530572
SendState!SEND_IDLE!1584984147.58!1584984146.530558
BD_Cycles!615!1584984148.69!1584984147.530878
PR_NumPings!154!1584984149.56!1584984148.533478
BD_Cycles!616!1584984149.57!1584984148.533503
SendState!SEND_IDLE!1584984149.61!1584984148.533371
BD_Cycles!617!1584984150.71!1584984149.533869
BD_Cycles!618!1584984151.63!1584984150.593083
SendState!SEND_IDLE!1584984151.77!1584984150.592876
BD_Cycles!619!1584984152.67!1584984151.598216
PR_NumPings!155!1584984153.61!1584984152.598553
BD_Cycles!620!1584984153.62!1584984152.598571
SendState!SEND_IDLE!1584984153.62!1584984152.598467
BD_Cycles!621!1584984154.67!1584984153.599212
BD_Cycles!622!1584984155.67!1584984154.602948
SendState!SEND_IDLE!1584984155.67!1584984154.602883
BD_Cycles!623!1584984156.66!1584984155.603704
PR_NumPings!156!1584984157.63!1584984156.604343
BD_Cycles!624!1584984157.64!1584984156.604375
SendState!SEND_IDLE!1584984157.97!1584984156.604249
BD_Cycles!625!1584984158.67!1584984157.605097
BD_Cycles!626!1584984159.67!1584984158.606618
SendState!SEND_IDLE!1584984159.67!1584984158.606600
BD_Cycles!627!1584984160.68!1584984159.608033
PR_NumPings!157!1584984161.66!1584984160.609402
BD_Cycles!628!1584984161.75!1584984160.609437
SendState!SEND_IDLE!1584984161.77!1584984160.609269
BD_Cycles!629!1584984162.65!1584984161.610300
BD_Cycles!630!1584984163.85!1584984162.622397
SendState!SEND_IDLE!1584984163.91!1584984162.622381
BD_Cycles!631!1584984164.72!1584984163.673274
PR_NumPings!158!1584984165.75!1584984164.674835
BD_Cycles!632!1584984165.78!1584984164.674857
SendState!SEND_IDLE!1584984165.78!1584984164.674745
BD_Cycles!633!1584984166.74!1584984165.675412
BD_Cycles!634!1584984167.76!1584984166.678356
SendState!SEND_IDLE!1584984167.77!1584984166.678297
BD_Cycles!635!1584984168.72!1584984167.684873
PR_NumPings!159!1584984169.7!1584984168.685556
BD_Cycles!636!1584984169.7!1584984168.685582
SendState!SEND_IDLE!1584984169.72!1584984168.685458
BD_Cycles!638!1584984170.73!1584984170.695176
SendState!SEND_IDLE!1584984170.85!1584984170.695160
BD_Cycles!639!1584984171.82!1584984171.716131
BD_Cycles!640!1584984172.82!1584984172.722579
SendState!SEND_IDLE!1584984173.23!1584984172.722450
PR_NumPings!160!1584984173.23!1584984172.722563
BD_Cycles!641!1584984173.83!1584984173.724290
BD_Cycles!642!1584984174.81!1584984174.725929
SendState!SEND_IDLE!1584984174.83!1584984174.725910
