BD_Cycles!0!1584925015.22!1584925015.054681
SendState!SEND_IDLE!1584925015.22!1584925015.055274
rateGroup2Comp_RgMaxTime!602!1584925015.22!1584925015.055279
rateGroup3Comp_RgMaxTime!697!1584925015.25!1584925015.055374
PR_NumPings!0!1584925015.27!1584925015.055403
rateGroup1Comp_RgMaxTime!2946!1584925015.27!1584925015.057623
BD_Cycles!1!1584925016.1!1584925016.056574
BD_Cycles!2!1584925017.07!1584925017.058187
SendState!SEND_IDLE!1584925017.07!1584925017.058205
BD_Cycles!3!1584925018.07!1584925018.060764
BD_Cycles!4!1584925019.07!1584925019.061361
SendState!SEND_IDLE!1584925019.07!1584925019.061584
PR_NumPings!1!1584925019.08!1584925019.061570
BD_Cycles!5!1584925020.07!1584925020.062869
BD_Cycles!6!1584925021.08!1584925021.063925
SendState!SEND_IDLE!1584925021.08!1584925021.063942
BD_Cycles!7!1584925022.09!1584925022.064268
CommandErrors!1!1584925022.37!1584925021.126741
BD_Cycles!8!1584925023.09!1584925023.064507
SendState!SEND_IDLE!1584925023.1!1584925023.064532
PR_NumPings!2!1584925023.1!1584925023.064775
BD_Cycles!9!1584925024.09!1584925024.065364
BD_Cycles!11!1584925026.09!1584925026.067768
SendState!SEND_IDLE!1584925026.09!1584925025.067160
BD_Cycles!13!1584925028.09!1584925028.069652
SendState!SEND_IDLE!1584925028.1!1584925027.068310
PR_NumPings!3!1584925028.1!1584925027.068449
BD_Cycles!15!1584925030.11!1584925030.073536
SendState!SEND_IDLE!1584925030.11!1584925029.071670
BD_Cycles!17!1584925032.12!1584925032.075466
SendState!SEND_IDLE!1584925032.12!1584925031.074768
PR_NumPings!4!1584925032.12!1584925031.074855
