BD_Cycles!0!1584915329.31!1584915329.219355
rateGroup3Comp_RgMaxTime!241!1584915329.31!1584915329.219589
PR_NumPings!0!1584915329.31!1584915329.219653
rateGroup1Comp_RgMaxTime!5096!1584915329.31!1584915329.224444
SendState!SEND_IDLE!1584915330.25!1584915329.224709
rateGroup2Comp_RgMaxTime!5366!1584915330.25!1584915329.224713
BD_Cycles!1!1584915330.25!1584915330.221730
BD_Cycles!2!1584915331.24!1584915331.222471
SendState!SEND_IDLE!1584915332.24!1584915331.222543
BD_Cycles!3!1584915332.24!1584915332.228836
BD_Cycles!4!1584915333.26!1584915333.231460
PR_NumPings!1!1584915333.27!1584915333.231716
SendState!SEND_IDLE!1584915334.27!1584915333.232160
BD_Cycles!5!1584915334.27!1584915334.231531
BD_Cycles!6!1584915335.26!1584915335.232173
SendState!SEND_IDLE!1584915336.24!1584915335.232245
BD_Cycles!7!1584915336.24!1584915336.234647
BD_Cycles!8!1584915337.25!1584915337.235863
PR_NumPings!2!1584915337.25!1584915337.235949
SendState!SEND_IDLE!1584915338.25!1584915337.236047
BD_Cycles!9!1584915338.25!1584915338.236874
BD_Cycles!10!1584915339.25!1584915339.238017
SendState!SEND_IDLE!1584915340.24!1584915339.238093
BD_Cycles!11!1584915340.25!1584915340.239072
BD_Cycles!12!1584915341.25!1584915341.239191
PR_NumPings!3!1584915341.26!1584915341.239271
CommandsDispatched!1!1584915341.26!1584915340.920289
MGR_IS_ENABLED!True!1584915341.26!1584915340.920302
SendState!SEND_IDLE!1584915342.27!1584915341.239353
BD_Cycles!13!1584915342.27!1584915342.239278
BD_Cycles!14!1584915343.26!1584915343.242172
SendState!SEND_IDLE!1584915344.25!1584915343.242244
BD_Cycles!15!1584915344.25!1584915344.242319
BD_Cycles!16!1584915345.25!1584915345.242746
PR_NumPings!4!1584915345.26!1584915345.242825
SendState!SEND_IDLE!1584915346.25!1584915345.242892
BD_Cycles!17!1584915346.25!1584915346.242953
BD_Cycles!18!1584915347.26!1584915347.246385
SendState!SEND_IDLE!1584915348.29!1584915347.246459
BD_Cycles!19!1584915348.29!1584915348.246665
BD_Cycles!20!1584915349.3!1584915349.246903
PR_NumPings!5!1584915349.3!1584915349.246985
SendState!SEND_IDLE!1584915350.3!1584915349.247057
BD_Cycles!21!1584915350.3!1584915350.247307
BD_Cycles!22!1584915351.28!1584915351.247420
SendState!SEND_IDLE!1584915352.29!1584915351.247559
BD_Cycles!23!1584915352.29!1584915352.247523
BD_Cycles!24!1584915353.26!1584915353.248324
PR_NumPings!6!1584915353.26!1584915353.248519
CommandsDispatched!2!1584915353.27!1584915352.482190
CommandErrors!1!1584915353.27!1584915352.482196
SendState!SEND_IDLE!1584915354.28!1584915353.248819
BD_Cycles!25!1584915354.28!1584915354.248833
BD_Cycles!26!1584915355.28!1584915355.249371
SendState!SEND_IDLE!1584915355.28!1584915355.249426
BD_Cycles!27!1584915356.28!1584915356.251319
BD_Cycles!28!1584915357.28!1584915357.251810
PR_NumPings!7!1584915357.29!1584915357.252017
SendState!SEND_IDLE!1584915357.29!1584915357.252098
BD_Cycles!29!1584915358.28!1584915358.252646
BD_Cycles!30!1584915359.29!1584915359.253178
SendState!SEND_IDLE!1584915359.29!1584915359.253219
BD_Cycles!31!1584915360.29!1584915360.254149
BD_Cycles!32!1584915361.3!1584915361.258125
PR_NumPings!8!1584915361.3!1584915361.258250
SendState!SEND_IDLE!1584915361.3!1584915361.258318
BD_Cycles!33!1584915362.28!1584915362.261221
BD_Cycles!34!1584915363.29!1584915363.262488
SendState!SEND_IDLE!1584915363.29!1584915363.262620
BD_Cycles!35!1584915364.3!1584915364.263486
BD_Cycles!36!1584915365.3!1584915365.264059
PR_NumPings!9!1584915365.3!1584915365.264026
SendState!SEND_IDLE!1584915365.3!1584915365.263926
BD_Cycles!37!1584915366.3!1584915366.268424
BD_Cycles!38!1584915367.29!1584915367.269649
SendState!SEND_IDLE!1584915367.29!1584915367.269716
BD_Cycles!39!1584915368.29!1584915368.269883
BD_Cycles!40!1584915369.29!1584915369.270170
PR_NumPings!10!1584915369.3!1584915369.270151
SendState!SEND_IDLE!1584915369.3!1584915369.270084
BD_Cycles!41!1584915370.3!1584915370.273142
BD_Cycles!42!1584915371.3!1584915371.274288
SendState!SEND_IDLE!1584915371.3!1584915371.274328
BD_Cycles!43!1584915372.3!1584915372.275041
BD_Cycles!44!1584915373.31!1584915373.275756
rateGroup3Comp_RgMaxTime!551!1584915373.31!1584915373.275676
PR_NumPings!11!1584915373.31!1584915373.275718
SendState!SEND_IDLE!1584915373.32!1584915373.275491
BD_Cycles!45!1584915374.32!1584915374.277952
BD_Cycles!46!1584915375.32!1584915375.278894
SendState!SEND_IDLE!1584915375.32!1584915375.278931
BD_Cycles!47!1584915376.3!1584915376.279953
BD_Cycles!48!1584915377.3!1584915377.280976
PR_NumPings!12!1584915377.3!1584915377.280947
SendState!SEND_IDLE!1584915377.3!1584915377.280879
BD_Cycles!49!1584915378.3!1584915378.282662
BD_Cycles!50!1584915379.3!1584915379.282774
SendState!SEND_IDLE!1584915379.3!1584915379.282813
BD_Cycles!51!1584915380.31!1584915380.283889
BD_Cycles!52!1584915381.31!1584915381.285873
PR_NumPings!13!1584915381.31!1584915381.285858
SendState!SEND_IDLE!1584915381.31!1584915381.285783
BD_Cycles!53!1584915382.32!1584915382.286281
BD_Cycles!54!1584915383.32!1584915383.286730
SendState!SEND_IDLE!1584915383.32!1584915383.286754
BD_Cycles!55!1584915384.32!1584915384.287024
BD_Cycles!56!1584915385.33!1584915385.290790
PR_NumPings!14!1584915385.33!1584915385.290768
SendState!SEND_IDLE!1584915385.33!1584915385.290663
BD_Cycles!57!1584915386.33!1584915386.291685
BD_Cycles!58!1584915387.3!1584915387.292099
SendState!SEND_IDLE!1584915387.3!1584915387.292089
BD_Cycles!59!1584915388.3!1584915388.293719
BD_Cycles!60!1584915389.31!1584915389.295044
rateGroup3Comp_RgMaxTime!832!1584915389.31!1584915389.294842
PR_NumPings!15!1584915389.31!1584915389.294972
SendState!SEND_IDLE!1584915389.31!1584915389.294630
BD_Cycles!61!1584915390.31!1584915390.295397
BD_Cycles!62!1584915391.32!1584915391.297652
SendState!SEND_IDLE!1584915391.32!1584915391.297642
BD_Cycles!63!1584915392.32!1584915392.298840
BD_Cycles!64!1584915393.32!1584915393.299013
PR_NumPings!16!1584915393.32!1584915393.298996
SendState!SEND_IDLE!1584915393.32!1584915393.298910
BD_Cycles!65!1584915394.32!1584915394.300472
SendState!SEND_IDLE!1584915396.33!1584915395.302203
BD_Cycles!66!1584915396.33!1584915395.302285
BD_Cycles!67!1584915397.33!1584915396.302794
SendState!SEND_IDLE!1584915398.33!1584915397.304174
BD_Cycles!68!1584915398.33!1584915397.304277
PR_NumPings!17!1584915398.33!1584915397.304257
BD_Cycles!69!1584915399.32!1584915398.306012
SendState!SEND_IDLE!1584915400.32!1584915399.308810
BD_Cycles!70!1584915400.32!1584915399.308914
BD_Cycles!71!1584915401.33!1584915400.309588
SendState!SEND_IDLE!1584915402.34!1584915401.310094
BD_Cycles!72!1584915402.34!1584915401.310197
PR_NumPings!18!1584915402.34!1584915401.310177
BD_Cycles!73!1584915403.34!1584915402.310768
SendState!SEND_IDLE!1584915404.34!1584915403.312005
BD_Cycles!74!1584915404.39!1584915403.312019
BD_Cycles!75!1584915405.37!1584915404.322870
SendState!SEND_IDLE!1584915406.38!1584915405.324401
BD_Cycles!76!1584915406.38!1584915405.324509
PR_NumPings!19!1584915406.38!1584915405.324482
BD_Cycles!77!1584915407.35!1584915406.325350
SendState!SEND_IDLE!1584915408.35!1584915407.326529
BD_Cycles!78!1584915408.35!1584915407.326540
BD_Cycles!79!1584915409.36!1584915408.327675
SendState!SEND_IDLE!1584915410.36!1584915409.328999
BD_Cycles!80!1584915410.36!1584915409.329097
PR_NumPings!20!1584915410.36!1584915409.329080
BD_Cycles!81!1584915411.37!1584915410.330323
SendState!SEND_IDLE!1584915412.37!1584915411.331583
BD_Cycles!82!1584915412.37!1584915411.331593
BD_Cycles!83!1584915413.37!1584915412.332852
SendState!SEND_IDLE!1584915414.37!1584915413.333901
BD_Cycles!84!1584915414.37!1584915413.334005
PR_NumPings!21!1584915414.37!1584915413.333985
BD_Cycles!85!1584915415.38!1584915414.334669
SendState!SEND_IDLE!1584915416.36!1584915415.336184
BD_Cycles!86!1584915416.36!1584915415.336194
BD_Cycles!87!1584915417.36!1584915416.337328
SendState!SEND_IDLE!1584915418.36!1584915417.338517
BD_Cycles!88!1584915418.36!1584915417.338621
PR_NumPings!22!1584915418.36!1584915417.338601
BD_Cycles!89!1584915419.36!1584915418.338726
SendState!SEND_IDLE!1584915420.37!1584915419.339311
BD_Cycles!90!1584915420.37!1584915419.339331
BD_Cycles!91!1584915421.37!1584915420.342169
SendState!SEND_IDLE!1584915422.37!1584915421.343307
BD_Cycles!92!1584915422.37!1584915421.343412
PR_NumPings!23!1584915422.37!1584915421.343391
BD_Cycles!93!1584915423.38!1584915422.343856
SendState!SEND_IDLE!1584915424.36!1584915423.344366
BD_Cycles!94!1584915424.36!1584915423.344382
BD_Cycles!95!1584915425.37!1584915424.344617
SendState!SEND_IDLE!1584915426.37!1584915425.344837
BD_Cycles!96!1584915426.37!1584915425.345000
PR_NumPings!24!1584915426.37!1584915425.344979
BD_Cycles!97!1584915427.38!1584915426.345329
SendState!SEND_IDLE!1584915428.38!1584915427.345796
BD_Cycles!98!1584915428.38!1584915427.345877
BD_Cycles!99!1584915429.36!1584915428.346095
SendState!SEND_IDLE!1584915430.36!1584915429.346343
BD_Cycles!100!1584915430.37!1584915429.346667
PR_NumPings!25!1584915430.38!1584915429.346573
BD_Cycles!101!1584915431.37!1584915430.347626
SendState!SEND_IDLE!1584915432.38!1584915431.352503
BD_Cycles!102!1584915432.38!1584915431.352512
BD_Cycles!103!1584915433.4!1584915432.353633
SendState!SEND_IDLE!1584915434.4!1584915433.354725
BD_Cycles!104!1584915434.4!1584915433.354842
PR_NumPings!26!1584915434.41!1584915433.354819
BD_Cycles!105!1584915435.38!1584915434.354979
SendState!SEND_IDLE!1584915436.39!1584915435.356601
BD_Cycles!106!1584915436.39!1584915435.356625
BD_Cycles!107!1584915437.4!1584915436.357157
SendState!SEND_IDLE!1584915438.4!1584915437.357815
BD_Cycles!108!1584915438.4!1584915437.357964
PR_NumPings!27!1584915438.4!1584915437.357936
BD_Cycles!109!1584915439.41!1584915438.359134
SendState!SEND_IDLE!1584915440.39!1584915439.360101
BD_Cycles!110!1584915440.39!1584915439.360119
BD_Cycles!111!1584915441.39!1584915440.362144
SendState!SEND_IDLE!1584915442.39!1584915441.364750
BD_Cycles!113!1584915442.4!1584915442.366124
PR_NumPings!28!1584915442.4!1584915441.365862
rateGroup3Comp_RgMaxTime!1528!1584915442.4!1584915441.365497
BD_Cycles!114!1584915443.39!1584915443.366270
SendState!SEND_IDLE!1584915443.4!1584915443.366259
BD_Cycles!115!1584915444.4!1584915444.366786
BD_Cycles!116!1584915445.39!1584915445.367816
PR_NumPings!29!1584915445.43!1584915445.367801
SendState!SEND_IDLE!1584915445.43!1584915445.367718
BD_Cycles!117!1584915446.43!1584915446.368752
BD_Cycles!118!1584915447.4!1584915447.369895
SendState!SEND_IDLE!1584915447.4!1584915447.369885
BD_Cycles!119!1584915448.4!1584915448.370386
BD_Cycles!120!1584915449.41!1584915449.371062
PR_NumPings!30!1584915449.41!1584915449.371043
SendState!SEND_IDLE!1584915449.41!1584915449.370951
BD_Cycles!121!1584915450.4!1584915450.372668
BD_Cycles!122!1584915451.4!1584915451.373485
SendState!SEND_IDLE!1584915451.42!1584915451.373473
BD_Cycles!123!1584915452.41!1584915452.375469
BD_Cycles!124!1584915453.41!1584915453.376353
PR_NumPings!31!1584915453.41!1584915453.376338
SendState!SEND_IDLE!1584915453.42!1584915453.376258
BD_Cycles!125!1584915454.42!1584915454.377303
BD_Cycles!126!1584915455.39!1584915455.378420
SendState!SEND_IDLE!1584915455.4!1584915455.378408
BD_Cycles!127!1584915456.4!1584915456.378781
BD_Cycles!128!1584915457.4!1584915457.379281
PR_NumPings!32!1584915457.4!1584915457.379256
SendState!SEND_IDLE!1584915457.4!1584915457.379106
BD_Cycles!129!1584915458.4!1584915458.381441
BD_Cycles!130!1584915459.4!1584915459.382306
SendState!SEND_IDLE!1584915459.4!1584915459.382294
BD_Cycles!131!1584915460.4!1584915460.382554
BD_Cycles!132!1584915461.4!1584915461.382849
PR_NumPings!33!1584915461.4!1584915461.382834
SendState!SEND_IDLE!1584915461.4!1584915461.382751
BD_Cycles!133!1584915462.4!1584915462.384743
