rateGroup1Comp_RgMaxTime!33!1584928751.17!1584928751.141920
SendState!SEND_IDLE!1584928752.17!1584928751.142006
rateGroup2Comp_RgMaxTime!124!1584928752.17!1584928751.142009
rateGroup3Comp_RgMaxTime!189!1584928752.17!1584928751.142074
PR_NumPings!0!1584928752.17!1584928751.142127
BD_Cycles!0!1584928752.17!1584928751.142140
rateGroup1Comp_RgMaxTime!169!1584928752.17!1584928752.142477
BD_Cycles!1!1584928753.16!1584928752.142717
SendState!SEND_IDLE!1584928754.16!1584928753.143793
rateGroup2Comp_RgMaxTime!151!1584928754.16!1584928753.143796
BD_Cycles!2!1584928754.16!1584928753.143806
BD_Cycles!3!1584928755.16!1584928754.145492
SendState!SEND_IDLE!1584928756.16!1584928755.146614
rateGroup2Comp_RgMaxTime!234!1584928756.16!1584928755.146617
rateGroup3Comp_RgMaxTime!557!1584928756.17!1584928755.146941
PR_NumPings!1!1584928756.18!1584928755.146975
BD_Cycles!4!1584928756.18!1584928755.146993
BD_Cycles!5!1584928757.18!1584928756.147430
SendState!SEND_IDLE!1584928758.18!1584928757.149337
BD_Cycles!6!1584928758.18!1584928757.149347
BD_Cycles!7!1584928759.18!1584928758.155921
SendState!SEND_IDLE!1584928760.16!1584928759.157772
PR_NumPings!2!1584928760.17!1584928759.157885
BD_Cycles!8!1584928760.17!1584928759.157903
CommandErrors!1!1584928760.17!1584928759.370301
BD_Cycles!9!1584928761.17!1584928760.158505
SendState!SEND_IDLE!1584928762.17!1584928761.159656
BD_Cycles!10!1584928762.17!1584928761.159665
BD_Cycles!11!1584928763.17!1584928762.160571
SendState!SEND_IDLE!1584928764.18!1584928763.161649
PR_NumPings!3!1584928764.18!1584928763.161726
BD_Cycles!12!1584928764.19!1584928763.161744
BD_Cycles!13!1584928765.19!1584928764.162752
SendState!SEND_IDLE!1584928766.19!1584928765.163924
BD_Cycles!14!1584928766.19!1584928765.163937
