BD_Cycles!0!1584934121.65!1584934121.579854
rateGroup3Comp_RgMaxTime!126!1584934121.65!1584934121.579977
PR_NumPings!0!1584934121.65!1584934121.580010
SendState!SEND_IDLE!1584934121.65!1584934121.580215
rateGroup2Comp_RgMaxTime!367!1584934121.65!1584934121.580218
rateGroup1Comp_RgMaxTime!428!1584934121.66!1584934121.580279
BD_Cycles!1!1584934122.61!1584934122.580378
BD_Cycles!2!1584934123.62!1584934123.580538
SendState!SEND_IDLE!1584934123.62!1584934123.580565
BD_Cycles!3!1584934124.62!1584934124.580927
BD_Cycles!4!1584934125.63!1584934125.581042
PR_NumPings!1!1584934125.63!1584934125.581144
SendState!SEND_IDLE!1584934125.63!1584934125.581154
BD_Cycles!5!1584934126.59!1584934126.581247
CommandErrors!1!1584934126.59!1584934126.062855
BD_Cycles!6!1584934127.59!1584934127.581424
SendState!SEND_IDLE!1584934127.59!1584934127.581447
BD_Cycles!7!1584934128.59!1584934128.581534
BD_Cycles!8!1584934129.6!1584934129.582883
PR_NumPings!2!1584934129.61!1584934129.583013
SendState!SEND_IDLE!1584934129.62!1584934129.583026
