BD_Cycles!0!1584922612.6!1584922612.515312
SendState!SEND_IDLE!1584922612.61!1584922612.517523
rateGroup2Comp_RgMaxTime!2222!1584922612.61!1584922612.517529
rateGroup3Comp_RgMaxTime!2261!1584922612.63!1584922612.517567
PR_NumPings!0!1584922612.65!1584922612.517593
rateGroup1Comp_RgMaxTime!2421!1584922612.67!1584922612.517728
BD_Cycles!1!1584922613.6!1584922613.516028
BD_Cycles!2!1584922614.59!1584922614.516343
SendState!SEND_IDLE!1584922614.6!1584922614.516362
BD_Cycles!3!1584922615.56!1584922615.516387
BD_Cycles!4!1584922616.56!1584922616.518760
SendState!SEND_IDLE!1584922616.56!1584922616.518778
PR_NumPings!1!1584922616.56!1584922616.518866
BD_Cycles!5!1584922617.55!1584922617.519218
BD_Cycles!6!1584922618.54!1584922618.521955
SendState!SEND_IDLE!1584922618.55!1584922618.521972
BD_Cycles!7!1584922619.54!1584922619.522333
BD_Cycles!8!1584922620.54!1584922620.524043
SendState!SEND_IDLE!1584922620.54!1584922620.524065
PR_NumPings!2!1584922620.54!1584922620.524302
BD_Cycles!9!1584922621.55!1584922621.524466
BD_Cycles!10!1584922622.54!1584922622.528651
SendState!SEND_IDLE!1584922622.56!1584922622.528671
BD_Cycles!11!1584922623.56!1584922623.528702
CommandsDispatched!1!1584922623.57!1584922622.640023
MGR_IS_ENABLED!True!1584922623.57!1584922622.640060
BD_Cycles!12!1584922624.57!1584922624.529103
SendState!SEND_IDLE!1584922624.57!1584922624.529124
PR_NumPings!3!1584922624.57!1584922624.529250
BD_Cycles!13!1584922625.57!1584922625.531412
BD_Cycles!14!1584922626.57!1584922626.531560
SendState!SEND_IDLE!1584922626.73!1584922626.531580
BD_Cycles!15!1584922627.57!1584922627.533389
BD_Cycles!16!1584922628.58!1584922628.534671
SendState!SEND_IDLE!1584922628.58!1584922628.534688
PR_NumPings!4!1584922628.58!1584922628.534766
CommandsDispatched!2!1584922628.58!1584922627.884919
CommandErrors!1!1584922628.59!1584922627.884924
BD_Cycles!17!1584922629.58!1584922629.534980
BD_Cycles!18!1584922630.57!1584922630.535662
SendState!SEND_IDLE!1584922630.57!1584922630.535682
BD_Cycles!19!1584922631.57!1584922631.535979
BD_Cycles!20!1584922632.58!1584922632.536992
SendState!SEND_IDLE!1584922632.58!1584922632.537014
PR_NumPings!5!1584922632.58!1584922632.537091
BD_Cycles!21!1584922633.59!1584922633.537324
BD_Cycles!22!1584922634.56!1584922634.537880
SendState!SEND_IDLE!1584922634.56!1584922634.537897
BD_Cycles!23!1584922635.57!1584922635.540168
BD_Cycles!24!1584922636.57!1584922636.541457
SendState!SEND_IDLE!1584922636.57!1584922636.541485
PR_NumPings!6!1584922636.57!1584922636.541590
BD_Cycles!25!1584922637.58!1584922637.543234
BD_Cycles!26!1584922638.58!1584922638.543587
SendState!SEND_IDLE!1584922638.58!1584922638.543608
BD_Cycles!27!1584922639.58!1584922639.546623
BD_Cycles!28!1584922640.58!1584922640.546795
SendState!SEND_IDLE!1584922640.62!1584922640.546822
PR_NumPings!7!1584922640.62!1584922640.546923
BD_Cycles!29!1584922641.58!1584922641.548037
BD_Cycles!30!1584922642.58!1584922642.550402
SendState!SEND_IDLE!1584922642.58!1584922642.550423
BD_Cycles!31!1584922643.57!1584922643.551479
BD_Cycles!32!1584922644.58!1584922644.551640
SendState!SEND_IDLE!1584922644.58!1584922644.551659
PR_NumPings!8!1584922644.58!1584922644.551734
BD_Cycles!33!1584922645.58!1584922645.555601
BD_Cycles!34!1584922646.57!1584922646.556194
SendState!SEND_IDLE!1584922646.58!1584922646.556161
BD_Cycles!35!1584922647.59!1584922647.556536
BD_Cycles!36!1584922648.59!1584922648.558715
SendState!SEND_IDLE!1584922648.59!1584922648.558619
PR_NumPings!9!1584922648.59!1584922648.558691
BD_Cycles!37!1584922649.6!1584922649.559565
BD_Cycles!38!1584922650.57!1584922650.560509
SendState!SEND_IDLE!1584922650.57!1584922650.560496
BD_Cycles!39!1584922651.57!1584922651.560595
BD_Cycles!40!1584922652.57!1584922652.560774
SendState!SEND_IDLE!1584922652.59!1584922652.560676
PR_NumPings!10!1584922652.61!1584922652.560750
BD_Cycles!41!1584922653.6!1584922653.560878
BD_Cycles!42!1584922654.6!1584922654.561297
SendState!SEND_IDLE!1584922654.61!1584922654.561283
BD_Cycles!43!1584922655.61!1584922655.561683
BD_Cycles!44!1584922656.58!1584922656.562900
SendState!SEND_IDLE!1584922656.58!1584922656.562804
PR_NumPings!11!1584922656.58!1584922656.562876
BD_Cycles!45!1584922657.57!1584922657.564200
BD_Cycles!46!1584922659.58!1584922658.567233
SendState!SEND_IDLE!1584922659.58!1584922658.567191
BD_Cycles!47!1584922660.58!1584922659.568454
BD_Cycles!48!1584922661.58!1584922660.571162
SendState!SEND_IDLE!1584922661.58!1584922660.571060
PR_NumPings!12!1584922661.59!1584922660.571134
BD_Cycles!49!1584922662.59!1584922661.572009
BD_Cycles!50!1584922663.59!1584922662.573166
SendState!SEND_IDLE!1584922663.6!1584922662.573151
BD_Cycles!51!1584922664.6!1584922663.574100
BD_Cycles!52!1584922665.6!1584922664.575070
SendState!SEND_IDLE!1584922665.6!1584922664.574860
PR_NumPings!13!1584922665.6!1584922664.575025
BD_Cycles!53!1584922666.6!1584922665.575488
BD_Cycles!54!1584922667.6!1584922666.576670
SendState!SEND_IDLE!1584922667.61!1584922666.576656
BD_Cycles!55!1584922668.61!1584922667.576955
BD_Cycles!57!1584922669.6!1584922669.579942
SendState!SEND_IDLE!1584922669.6!1584922668.578222
PR_NumPings!14!1584922669.6!1584922668.578555
BD_Cycles!58!1584922670.6!1584922670.582291
SendState!SEND_IDLE!1584922670.6!1584922670.582280
BD_Cycles!59!1584922671.61!1584922671.582701
BD_Cycles!60!1584922672.61!1584922672.584861
SendState!SEND_IDLE!1584922672.61!1584922672.584737
PR_NumPings!15!1584922672.61!1584922672.584843
BD_Cycles!61!1584922673.61!1584922673.585367
BD_Cycles!62!1584922674.62!1584922674.594367
SendState!SEND_IDLE!1584922674.63!1584922674.594352
BD_Cycles!63!1584922675.63!1584922675.599779
BD_Cycles!64!1584922676.61!1584922676.600007
SendState!SEND_IDLE!1584922676.61!1584922676.599908
PR_NumPings!16!1584922676.62!1584922676.599991
BD_Cycles!65!1584922677.63!1584922677.603287
BD_Cycles!66!1584922679.62!1584922678.604228
SendState!SEND_IDLE!1584922679.62!1584922678.604191
BD_Cycles!67!1584922680.62!1584922679.606261
BD_Cycles!68!1584922681.63!1584922680.607263
SendState!SEND_IDLE!1584922681.63!1584922680.607162
PR_NumPings!17!1584922681.63!1584922680.607245
BD_Cycles!69!1584922682.63!1584922681.608213
BD_Cycles!70!1584922683.63!1584922682.615137
SendState!SEND_IDLE!1584922683.63!1584922682.615126
BD_Cycles!71!1584922684.63!1584922683.616259
BD_Cycles!72!1584922685.63!1584922684.617644
SendState!SEND_IDLE!1584922685.64!1584922684.617533
PR_NumPings!18!1584922685.64!1584922684.617625
BD_Cycles!73!1584922686.65!1584922685.618530
BD_Cycles!74!1584922687.65!1584922686.619484
SendState!SEND_IDLE!1584922687.65!1584922686.619475
BD_Cycles!75!1584922688.66!1584922687.620593
BD_Cycles!76!1584922689.66!1584922688.621108
SendState!SEND_IDLE!1584922689.66!1584922688.620928
PR_NumPings!19!1584922689.67!1584922688.621073
BD_Cycles!77!1584922690.66!1584922689.621522
BD_Cycles!78!1584922691.67!1584922690.623897
SendState!SEND_IDLE!1584922691.67!1584922690.623887
BD_Cycles!79!1584922692.64!1584922691.624025
BD_Cycles!80!1584922693.64!1584922692.626313
SendState!SEND_IDLE!1584922693.64!1584922692.626156
PR_NumPings!20!1584922693.64!1584922692.626286
BD_Cycles!81!1584922694.67!1584922693.627014
BD_Cycles!82!1584922695.68!1584922694.645294
SendState!SEND_IDLE!1584922695.68!1584922694.645268
BD_Cycles!83!1584922696.69!1584922695.645997
BD_Cycles!84!1584922697.65!1584922696.648134
SendState!SEND_IDLE!1584922697.66!1584922696.648037
PR_NumPings!21!1584922697.66!1584922696.648116
BD_Cycles!85!1584922698.66!1584922697.648450
BD_Cycles!86!1584922699.67!1584922698.648907
SendState!SEND_IDLE!1584922699.68!1584922698.648890
BD_Cycles!87!1584922700.68!1584922699.649225
BD_Cycles!89!1584922701.69!1584922701.652151
SendState!SEND_IDLE!1584922701.69!1584922700.649881
PR_NumPings!22!1584922701.69!1584922700.650610
BD_Cycles!90!1584922702.69!1584922702.655650
SendState!SEND_IDLE!1584922702.69!1584922702.655637
BD_Cycles!91!1584922703.69!1584922703.656914
BD_Cycles!92!1584922704.7!1584922704.657847
SendState!SEND_IDLE!1584922704.7!1584922704.657750
PR_NumPings!23!1584922704.7!1584922704.657833
BD_Cycles!93!1584922705.67!1584922705.658754
BD_Cycles!94!1584922706.69!1584922706.681981
SendState!SEND_IDLE!1584922706.69!1584922706.681964
BD_Cycles!95!1584922707.69!1584922707.682316
BD_Cycles!96!1584922708.7!1584922708.687261
SendState!SEND_IDLE!1584922708.7!1584922708.687150
PR_NumPings!24!1584922708.7!1584922708.687243
BD_Cycles!97!1584922709.7!1584922709.688107
