BD_Cycles!0!1584912930.65!1584912930.595597
rateGroup3Comp_RgMaxTime!46!1584912930.65!1584912930.595640
PR_NumPings!0!1584912930.66!1584912930.595670
SendState!SEND_IDLE!1584912930.7!1584912930.595687
rateGroup2Comp_RgMaxTime!95!1584912930.7!1584912930.595689
rateGroup1Comp_RgMaxTime!114!1584912930.7!1584912930.595707
BD_Cycles!1!1584912931.67!1584912931.595847
BD_Cycles!2!1584912932.61!1584912932.596086
SendState!SEND_IDLE!1584912932.61!1584912932.596105
BD_Cycles!3!1584912933.61!1584912933.596145
BD_Cycles!4!1584912934.61!1584912934.597916
rateGroup3Comp_RgMaxTime!72!1584912934.61!1584912934.597972
PR_NumPings!1!1584912934.61!1584912934.598009
SendState!SEND_IDLE!1584912934.61!1584912934.598019
rateGroup2Comp_RgMaxTime!122!1584912934.61!1584912934.598021
rateGroup1Comp_RgMaxTime!139!1584912934.62!1584912934.598038
CommandsDispatched!1!1584912934.62!1584912934.444948
MGR_IS_ENABLED!True!1584912934.62!1584912934.444981
BD_Cycles!5!1584912935.61!1584912935.598732
BD_Cycles!6!1584912936.62!1584912936.600948
SendState!SEND_IDLE!1584912936.62!1584912936.600965
BD_Cycles!7!1584912937.62!1584912937.602178
BD_Cycles!8!1584912938.61!1584912938.602489
rateGroup3Comp_RgMaxTime!103!1584912938.62!1584912938.602567
PR_NumPings!2!1584912938.62!1584912938.602617
SendState!SEND_IDLE!1584912938.62!1584912938.602628
rateGroup2Comp_RgMaxTime!167!1584912938.62!1584912938.602631
rateGroup1Comp_RgMaxTime!187!1584912938.63!1584912938.602650
BD_Cycles!9!1584912939.63!1584912939.604318
BD_Cycles!10!1584912940.62!1584912940.604692
SendState!SEND_IDLE!1584912940.63!1584912940.604714
BD_Cycles!11!1584912941.63!1584912941.606520
BD_Cycles!12!1584912942.64!1584912942.606725
PR_NumPings!3!1584912942.64!1584912942.606880
SendState!SEND_IDLE!1584912942.64!1584912942.606892
rateGroup2Comp_RgMaxTime!185!1584912942.64!1584912942.606893
rateGroup1Comp_RgMaxTime!196!1584912942.64!1584912942.606904
BD_Cycles!13!1584912943.64!1584912943.607273
BD_Cycles!14!1584912944.64!1584912944.607497
SendState!SEND_IDLE!1584912944.64!1584912944.607518
BD_Cycles!15!1584912945.64!1584912945.607780
BD_Cycles!16!1584912946.63!1584912946.608323
PR_NumPings!4!1584912946.63!1584912946.608415
SendState!SEND_IDLE!1584912946.63!1584912946.608425
BD_Cycles!17!1584912947.62!1584912947.612608
BD_Cycles!18!1584912948.62!1584912948.613092
SendState!SEND_IDLE!1584912948.62!1584912948.613110
BD_Cycles!19!1584912949.63!1584912949.613430
BD_Cycles!20!1584912950.63!1584912950.615383
PR_NumPings!5!1584912950.63!1584912950.615481
SendState!SEND_IDLE!1584912950.63!1584912950.615399
BD_Cycles!21!1584912951.63!1584912951.616790
BD_Cycles!22!1584912952.63!1584912952.617886
SendState!SEND_IDLE!1584912952.64!1584912952.617903
BD_Cycles!23!1584912953.64!1584912953.618829
BD_Cycles!24!1584912954.64!1584912954.618889
PR_NumPings!6!1584912954.64!1584912954.618988
SendState!SEND_IDLE!1584912954.65!1584912954.618905
BD_Cycles!25!1584912955.65!1584912955.619122
