BD_Cycles!0!1584924670.11!1584924670.067214
SendState!SEND_IDLE!1584924670.12!1584924670.067344
rateGroup2Comp_RgMaxTime!138!1584924670.12!1584924670.067348
rateGroup3Comp_RgMaxTime!462!1584924670.13!1584924670.067671
PR_NumPings!0!1584924670.13!1584924670.067712
rateGroup1Comp_RgMaxTime!622!1584924670.13!1584924670.067831
BD_Cycles!1!1584924671.13!1584924671.067686
BD_Cycles!2!1584924672.13!1584924672.069845
SendState!SEND_IDLE!1584924672.13!1584924672.069863
BD_Cycles!3!1584924673.13!1584924673.073337
BD_Cycles!4!1584924674.14!1584924674.073492
SendState!SEND_IDLE!1584924674.14!1584924674.073511
PR_NumPings!1!1584924674.14!1584924674.073600
BD_Cycles!5!1584924675.09!1584924675.073576
BD_Cycles!6!1584924676.09!1584924676.073699
SendState!SEND_IDLE!1584924676.35!1584924676.073718
BD_Cycles!7!1584924677.11!1584924677.074182
BD_Cycles!8!1584924678.12!1584924678.078210
SendState!SEND_IDLE!1584924678.12!1584924678.078229
PR_NumPings!2!1584924678.12!1584924678.078595
BD_Cycles!9!1584924679.12!1584924679.079686
CommandErrors!1!1584924679.12!1584924678.528152
BD_Cycles!10!1584924680.1!1584924680.080568
SendState!SEND_IDLE!1584924680.11!1584924680.080591
BD_Cycles!11!1584924681.1!1584924681.083774
BD_Cycles!12!1584924682.11!1584924682.083898
SendState!SEND_IDLE!1584924682.11!1584924682.083919
PR_NumPings!3!1584924682.11!1584924682.084009
BD_Cycles!13!1584924683.09!1584924683.084046
BD_Cycles!14!1584924684.1!1584924684.088291
SendState!SEND_IDLE!1584924684.1!1584924684.088307
BD_Cycles!15!1584924685.1!1584924685.088819
BD_Cycles!16!1584924686.1!1584924686.089421
SendState!SEND_IDLE!1584924686.1!1584924686.089522
rateGroup2Comp_RgMaxTime!216!1584924686.1!1584924686.089539
rateGroup3Comp_RgMaxTime!1047!1584924686.11!1584924686.090372
PR_NumPings!4!1584924686.11!1584924686.090683
rateGroup1Comp_RgMaxTime!1404!1584924686.11!1584924686.090726
BD_Cycles!17!1584924687.12!1584924687.091997
BD_Cycles!18!1584924688.12!1584924688.093024
SendState!SEND_IDLE!1584924688.12!1584924688.093040
BD_Cycles!19!1584924689.12!1584924689.093224
BD_Cycles!20!1584924690.11!1584924690.094622
SendState!SEND_IDLE!1584924690.11!1584924690.094640
BD_Cycles!21!1584924691.11!1584924691.095021
PR_NumPings!5!1584924691.11!1584924690.094789
BD_Cycles!22!1584924692.11!1584924692.095461
SendState!SEND_IDLE!1584924692.12!1584924692.095478
BD_Cycles!23!1584924693.12!1584924693.095783
BD_Cycles!25!1584924695.13!1584924695.100752
PR_NumPings!6!1584924695.13!1584924694.097832
SendState!SEND_IDLE!1584924695.13!1584924694.097736
BD_Cycles!26!1584924697.14!1584924696.101543
SendState!SEND_IDLE!1584924697.14!1584924696.101513
rateGroup2Comp_RgMaxTime!723!1584924697.14!1584924696.101522
BD_Cycles!27!1584924698.15!1584924697.102870
BD_Cycles!28!1584924699.12!1584924698.104597
PR_NumPings!7!1584924699.12!1584924698.104751
SendState!SEND_IDLE!1584924699.13!1584924698.104580
BD_Cycles!29!1584924700.13!1584924699.105455
BD_Cycles!31!1584924701.13!1584924701.108685
SendState!SEND_IDLE!1584924701.13!1584924700.107928
rateGroup2Comp_RgMaxTime!1689!1584924701.13!1584924700.107947
BD_Cycles!32!1584924702.13!1584924702.109228
SendState!SEND_IDLE!1584924702.13!1584924702.109114
PR_NumPings!8!1584924702.13!1584924702.109213
BD_Cycles!33!1584924703.13!1584924703.110275
BD_Cycles!34!1584924704.14!1584924704.111587
SendState!SEND_IDLE!1584924704.15!1584924704.111577
BD_Cycles!35!1584924705.15!1584924705.112590
BD_Cycles!36!1584924707.14!1584924706.113884
PR_NumPings!9!1584924707.14!1584924706.113859
SendState!SEND_IDLE!1584924707.14!1584924706.113759
BD_Cycles!37!1584924708.14!1584924707.114303
BD_Cycles!39!1584924709.15!1584924709.117047
SendState!SEND_IDLE!1584924709.15!1584924708.116008
BD_Cycles!40!1584924710.15!1584924710.118264
SendState!SEND_IDLE!1584924710.15!1584924710.118145
PR_NumPings!10!1584924710.15!1584924710.118249
BD_Cycles!41!1584924711.15!1584924711.119173
BD_Cycles!42!1584924712.13!1584924712.120271
SendState!SEND_IDLE!1584924712.13!1584924712.120261
BD_Cycles!43!1584924713.13!1584924713.121655
BD_Cycles!44!1584924714.14!1584924714.122625
SendState!SEND_IDLE!1584924714.14!1584924714.122511
PR_NumPings!11!1584924714.15!1584924714.122610
BD_Cycles!45!1584924715.15!1584924715.123849
BD_Cycles!46!1584924716.16!1584924716.124062
SendState!SEND_IDLE!1584924716.16!1584924716.124052
BD_Cycles!47!1584924717.14!1584924717.124163
BD_Cycles!48!1584924718.15!1584924718.124503
SendState!SEND_IDLE!1584924718.15!1584924718.124388
PR_NumPings!12!1584924718.15!1584924718.124489
BD_Cycles!49!1584924719.16!1584924719.128849
BD_Cycles!50!1584924720.16!1584924720.129029
SendState!SEND_IDLE!1584924720.17!1584924720.129018
BD_Cycles!51!1584924721.14!1584924721.129653
BD_Cycles!52!1584924722.14!1584924722.130447
SendState!SEND_IDLE!1584924722.15!1584924722.130331
PR_NumPings!13!1584924722.15!1584924722.130432
BD_Cycles!53!1584924723.16!1584924723.131123
BD_Cycles!54!1584924724.17!1584924724.133750
SendState!SEND_IDLE!1584924724.17!1584924724.133738
BD_Cycles!55!1584924725.17!1584924725.133949
BD_Cycles!56!1584924726.16!1584924726.135658
SendState!SEND_IDLE!1584924726.16!1584924726.135545
PR_NumPings!14!1584924726.16!1584924726.135644
BD_Cycles!57!1584924727.16!1584924727.136233
BD_Cycles!58!1584924728.16!1584924728.136610
SendState!SEND_IDLE!1584924728.16!1584924728.136540
BD_Cycles!59!1584924729.16!1584924729.140548
BD_Cycles!60!1584924730.17!1584924730.141779
SendState!SEND_IDLE!1584924730.18!1584924730.141687
PR_NumPings!15!1584924730.18!1584924730.141765
BD_Cycles!61!1584924731.16!1584924731.142787
BD_Cycles!62!1584924732.16!1584924732.143419
SendState!SEND_IDLE!1584924732.16!1584924732.143408
BD_Cycles!63!1584924733.17!1584924733.146221
BD_Cycles!64!1584924734.17!1584924734.146554
SendState!SEND_IDLE!1584924734.17!1584924734.146457
PR_NumPings!16!1584924734.17!1584924734.146539
BD_Cycles!65!1584924735.17!1584924735.146876
BD_Cycles!66!1584924736.18!1584924736.147431
SendState!SEND_IDLE!1584924736.18!1584924736.147407
BD_Cycles!67!1584924737.18!1584924737.150553
BD_Cycles!68!1584924738.17!1584924738.150856
SendState!SEND_IDLE!1584924738.17!1584924738.150735
PR_NumPings!17!1584924738.17!1584924738.150836
BD_Cycles!69!1584924739.17!1584924739.151264
BD_Cycles!70!1584924740.16!1584924740.151385
SendState!SEND_IDLE!1584924740.16!1584924740.151374
BD_Cycles!71!1584924741.17!1584924741.153844
BD_Cycles!72!1584924742.17!1584924742.155869
SendState!SEND_IDLE!1584924742.17!1584924742.155725
PR_NumPings!18!1584924742.17!1584924742.155840
BD_Cycles!73!1584924743.18!1584924743.159897
BD_Cycles!74!1584924744.19!1584924744.164644
SendState!SEND_IDLE!1584924744.19!1584924744.164634
BD_Cycles!75!1584924745.19!1584924745.165421
BD_Cycles!76!1584924746.19!1584924746.166217
SendState!SEND_IDLE!1584924746.19!1584924746.166071
PR_NumPings!19!1584924746.19!1584924746.166193
BD_Cycles!77!1584924747.19!1584924747.167647
BD_Cycles!78!1584924748.19!1584924748.171756
SendState!SEND_IDLE!1584924748.19!1584924748.171745
BD_Cycles!79!1584924749.19!1584924749.172840
BD_Cycles!80!1584924750.2!1584924750.174155
SendState!SEND_IDLE!1584924750.2!1584924750.174054
PR_NumPings!20!1584924750.2!1584924750.174139
BD_Cycles!81!1584924751.2!1584924751.175282
BD_Cycles!82!1584924752.2!1584924752.175757
SendState!SEND_IDLE!1584924752.21!1584924752.175742
BD_Cycles!83!1584924753.21!1584924753.177296
BD_Cycles!84!1584924754.21!1584924754.178466
SendState!SEND_IDLE!1584924754.22!1584924754.178374
PR_NumPings!21!1584924754.22!1584924754.178452
BD_Cycles!85!1584924755.22!1584924755.179688
BD_Cycles!86!1584924756.19!1584924756.180455
SendState!SEND_IDLE!1584924756.19!1584924756.180444
BD_Cycles!87!1584924757.2!1584924757.181116
BD_Cycles!88!1584924758.2!1584924758.182183
SendState!SEND_IDLE!1584924758.2!1584924758.181970
PR_NumPings!22!1584924758.21!1584924758.182147
BD_Cycles!89!1584924759.21!1584924759.184536
BD_Cycles!90!1584924760.21!1584924760.185696
SendState!SEND_IDLE!1584924760.21!1584924760.185685
BD_Cycles!91!1584924761.2!1584924761.186665
BD_Cycles!92!1584924762.2!1584924762.187086
SendState!SEND_IDLE!1584924762.21!1584924762.186863
PR_NumPings!23!1584924762.21!1584924762.187045
BD_Cycles!93!1584924763.21!1584924763.187894
BD_Cycles!94!1584924764.2!1584924764.188118
SendState!SEND_IDLE!1584924764.2!1584924764.188102
BD_Cycles!95!1584924765.2!1584924765.188375
BD_Cycles!96!1584924766.2!1584924766.188691
SendState!SEND_IDLE!1584924766.21!1584924766.188593
PR_NumPings!24!1584924766.21!1584924766.188676
BD_Cycles!97!1584924767.21!1584924767.189798
BD_Cycles!98!1584924768.22!1584924768.190266
SendState!SEND_IDLE!1584924768.22!1584924768.190255
BD_Cycles!99!1584924769.22!1584924769.190923
BD_Cycles!100!1584924770.22!1584924770.191563
SendState!SEND_IDLE!1584924770.22!1584924770.191380
PR_NumPings!25!1584924770.22!1584924770.191530
BD_Cycles!101!1584924771.22!1584924771.195147
BD_Cycles!102!1584924772.23!1584924772.195921
SendState!SEND_IDLE!1584924772.23!1584924772.195912
BD_Cycles!103!1584924773.23!1584924773.196287
BD_Cycles!104!1584924775.23!1584924774.198230
PR_NumPings!26!1584924775.24!1584924774.198142
SendState!SEND_IDLE!1584924775.24!1584924774.197618
rateGroup3Comp_RgMaxTime!1170!1584924775.24!1584924774.197978
BD_Cycles!105!1584924776.24!1584924775.199840
BD_Cycles!106!1584924777.22!1584924776.201483
SendState!SEND_IDLE!1584924777.23!1584924776.201473
BD_Cycles!107!1584924778.22!1584924777.205875
BD_Cycles!108!1584924779.22!1584924778.206413
PR_NumPings!27!1584924779.22!1584924778.206395
SendState!SEND_IDLE!1584924779.22!1584924778.206313
BD_Cycles!109!1584924780.23!1584924779.208532
BD_Cycles!110!1584924781.24!1584924780.209379
SendState!SEND_IDLE!1584924781.24!1584924780.209368
BD_Cycles!111!1584924782.25!1584924781.210520
BD_Cycles!112!1584924783.23!1584924782.211788
PR_NumPings!28!1584924783.23!1584924782.211769
SendState!SEND_IDLE!1584924783.23!1584924782.211686
BD_Cycles!113!1584924784.23!1584924783.212794
BD_Cycles!114!1584924785.23!1584924784.213250
SendState!SEND_IDLE!1584924785.23!1584924784.213240
BD_Cycles!115!1584924786.24!1584924785.214249
BD_Cycles!116!1584924787.25!1584924786.214721
PR_NumPings!29!1584924787.25!1584924786.214699
SendState!SEND_IDLE!1584924787.25!1584924786.214578
BD_Cycles!117!1584924788.25!1584924787.215913
BD_Cycles!118!1584924789.25!1584924788.216577
SendState!SEND_IDLE!1584924789.25!1584924788.216566
BD_Cycles!119!1584924790.25!1584924789.218162
BD_Cycles!120!1584924791.26!1584924790.219316
PR_NumPings!30!1584924791.26!1584924790.219295
SendState!SEND_IDLE!1584924791.26!1584924790.219201
BD_Cycles!121!1584924792.26!1584924791.222593
BD_Cycles!122!1584924793.26!1584924792.223075
SendState!SEND_IDLE!1584924793.27!1584924792.223066
BD_Cycles!123!1584924794.27!1584924793.224683
BD_Cycles!124!1584924795.25!1584924794.226534
PR_NumPings!31!1584924795.26!1584924794.226514
SendState!SEND_IDLE!1584924795.26!1584924794.226416
BD_Cycles!125!1584924796.26!1584924795.227051
BD_Cycles!126!1584924797.27!1584924796.227456
SendState!SEND_IDLE!1584924797.27!1584924796.227436
BD_Cycles!127!1584924798.27!1584924797.229155
BD_Cycles!128!1584924799.28!1584924798.230333
PR_NumPings!32!1584924799.28!1584924798.230316
SendState!SEND_IDLE!1584924799.29!1584924798.230234
BD_Cycles!129!1584924800.26!1584924799.231348
BD_Cycles!130!1584924801.26!1584924800.232675
SendState!SEND_IDLE!1584924801.26!1584924800.232662
BD_Cycles!131!1584924802.27!1584924801.233772
BD_Cycles!132!1584924803.28!1584924802.235326
PR_NumPings!33!1584924803.28!1584924802.235299
SendState!SEND_IDLE!1584924803.29!1584924802.235144
BD_Cycles!133!1584924804.28!1584924803.235513
BD_Cycles!134!1584924805.26!1584924804.235846
SendState!SEND_IDLE!1584924805.26!1584924804.235822
BD_Cycles!135!1584924806.26!1584924805.236313
BD_Cycles!136!1584924807.26!1584924806.237504
PR_NumPings!34!1584924807.26!1584924806.237482
SendState!SEND_IDLE!1584924807.26!1584924806.236818
BD_Cycles!137!1584924808.26!1584924807.238011
BD_Cycles!138!1584924809.26!1584924808.241617
SendState!SEND_IDLE!1584924809.27!1584924808.241606
BD_Cycles!139!1584924810.27!1584924809.242188
BD_Cycles!140!1584924811.25!1584924810.243174
PR_NumPings!35!1584924811.26!1584924810.243120
SendState!SEND_IDLE!1584924811.26!1584924810.242794
BD_Cycles!141!1584924812.26!1584924811.244280
BD_Cycles!142!1584924813.29!1584924812.245275
SendState!SEND_IDLE!1584924813.32!1584924812.245254
BD_Cycles!143!1584924814.28!1584924813.249121
BD_Cycles!144!1584924815.28!1584924814.251105
PR_NumPings!36!1584924815.28!1584924814.251086
SendState!SEND_IDLE!1584924815.28!1584924814.250988
BD_Cycles!145!1584924816.29!1584924815.252345
BD_Cycles!146!1584924817.29!1584924816.252708
SendState!SEND_IDLE!1584924817.29!1584924816.252699
BD_Cycles!147!1584924818.29!1584924817.255392
BD_Cycles!148!1584924819.27!1584924818.256579
PR_NumPings!37!1584924819.27!1584924818.256517
SendState!SEND_IDLE!1584924819.28!1584924818.256215
BD_Cycles!149!1584924820.28!1584924819.257865
BD_Cycles!150!1584924821.28!1584924820.258833
SendState!SEND_IDLE!1584924821.28!1584924820.258791
BD_Cycles!151!1584924822.28!1584924821.259066
BD_Cycles!152!1584924823.28!1584924822.259978
PR_NumPings!38!1584924823.28!1584924822.259953
SendState!SEND_IDLE!1584924823.28!1584924822.259841
BD_Cycles!153!1584924824.29!1584924823.260296
BD_Cycles!154!1584924825.29!1584924824.260729
SendState!SEND_IDLE!1584924825.29!1584924824.260711
BD_Cycles!155!1584924826.29!1584924825.261168
BD_Cycles!156!1584924827.3!1584924826.263153
PR_NumPings!39!1584924827.3!1584924826.263136
SendState!SEND_IDLE!1584924827.3!1584924826.263055
BD_Cycles!157!1584924828.31!1584924827.264391
BD_Cycles!158!1584924829.3!1584924828.265135
SendState!SEND_IDLE!1584924829.3!1584924828.265126
BD_Cycles!159!1584924830.3!1584924829.266383
BD_Cycles!160!1584924831.3!1584924830.267887
PR_NumPings!40!1584924831.3!1584924830.267802
SendState!SEND_IDLE!1584924831.3!1584924830.267720
BD_Cycles!161!1584924832.31!1584924831.268838
BD_Cycles!162!1584924833.32!1584924832.269978
SendState!SEND_IDLE!1584924833.32!1584924832.269964
BD_Cycles!163!1584924834.32!1584924833.270172
BD_Cycles!164!1584924835.31!1584924834.273122
PR_NumPings!41!1584924835.31!1584924834.273080
SendState!SEND_IDLE!1584924835.32!1584924834.272737
BD_Cycles!165!1584924836.32!1584924835.273349
BD_Cycles!166!1584924837.32!1584924836.274677
SendState!SEND_IDLE!1584924837.32!1584924836.274667
BD_Cycles!167!1584924838.33!1584924837.275015
BD_Cycles!168!1584924839.28!1584924838.277239
PR_NumPings!42!1584924839.29!1584924838.277222
SendState!SEND_IDLE!1584924839.29!1584924838.277142
BD_Cycles!169!1584924840.29!1584924839.278296
BD_Cycles!170!1584924841.3!1584924840.279697
SendState!SEND_IDLE!1584924841.3!1584924840.279687
BD_Cycles!171!1584924842.3!1584924841.280961
BD_Cycles!172!1584924843.31!1584924842.281920
PR_NumPings!43!1584924843.31!1584924842.281903
SendState!SEND_IDLE!1584924843.31!1584924842.281786
BD_Cycles!173!1584924844.31!1584924843.283350
BD_Cycles!174!1584924845.31!1584924844.284489
SendState!SEND_IDLE!1584924845.33!1584924844.284480
BD_Cycles!175!1584924846.33!1584924845.285502
BD_Cycles!176!1584924847.34!1584924846.286708
PR_NumPings!44!1584924847.34!1584924846.286691
SendState!SEND_IDLE!1584924847.34!1584924846.286609
BD_Cycles!177!1584924848.31!1584924847.286876
BD_Cycles!178!1584924849.32!1584924848.287681
SendState!SEND_IDLE!1584924849.33!1584924848.287669
BD_Cycles!179!1584924850.33!1584924849.287824
BD_Cycles!180!1584924851.33!1584924850.291200
PR_NumPings!45!1584924851.33!1584924850.291183
SendState!SEND_IDLE!1584924851.34!1584924850.291102
BD_Cycles!181!1584924852.34!1584924851.292189
BD_Cycles!182!1584924853.34!1584924852.293329
SendState!SEND_IDLE!1584924853.34!1584924852.293318
BD_Cycles!183!1584924854.34!1584924853.294705
BD_Cycles!184!1584924855.35!1584924854.295853
PR_NumPings!46!1584924855.35!1584924854.295818
SendState!SEND_IDLE!1584924855.35!1584924854.295661
BD_Cycles!185!1584924856.35!1584924855.296612
BD_Cycles!186!1584924857.33!1584924856.297749
SendState!SEND_IDLE!1584924857.33!1584924856.297740
BD_Cycles!187!1584924858.33!1584924857.298811
BD_Cycles!188!1584924859.33!1584924858.302059
PR_NumPings!47!1584924859.34!1584924858.302007
SendState!SEND_IDLE!1584924859.34!1584924858.301634
rateGroup3Comp_RgMaxTime!1593!1584924859.34!1584924858.301920
BD_Cycles!189!1584924860.34!1584924859.303824
BD_Cycles!190!1584924861.35!1584924860.307758
SendState!SEND_IDLE!1584924861.35!1584924860.307749
BD_Cycles!191!1584924862.36!1584924861.313679
BD_Cycles!192!1584924863.36!1584924862.314998
PR_NumPings!48!1584924863.36!1584924862.314981
SendState!SEND_IDLE!1584924863.36!1584924862.314902
