BD_Cycles!0!1584925545.29!1584925545.212540
rateGroup3Comp_RgMaxTime!992!1584925545.3!1584925545.213529
PR_NumPings!0!1584925545.3!1584925545.213597
SendState!SEND_IDLE!1584925545.3!1584925545.215889
rateGroup2Comp_RgMaxTime!3361!1584925545.3!1584925545.215898
rateGroup1Comp_RgMaxTime!8194!1584925545.31!1584925545.220732
BD_Cycles!1!1584925546.26!1584925546.213004
BD_Cycles!2!1584925547.23!1584925547.215502
SendState!SEND_IDLE!1584925547.23!1584925547.215721
BD_Cycles!3!1584925548.23!1584925548.216795
BD_Cycles!4!1584925549.23!1584925549.217254
PR_NumPings!1!1584925549.23!1584925549.217464
SendState!SEND_IDLE!1584925549.23!1584925549.217496
CommandErrors!1!1584925549.23!1584925548.431934
BD_Cycles!5!1584925550.24!1584925550.217868
BD_Cycles!6!1584925551.25!1584925551.219411
SendState!SEND_IDLE!1584925551.25!1584925551.219427
BD_Cycles!7!1584925552.25!1584925552.220815
BD_Cycles!8!1584925553.28!1584925553.221261
PR_NumPings!2!1584925553.28!1584925553.221350
SendState!SEND_IDLE!1584925553.28!1584925553.221363
BD_Cycles!9!1584925554.27!1584925554.221843
BD_Cycles!10!1584925555.25!1584925555.224547
SendState!SEND_IDLE!1584925555.27!1584925555.224570
BD_Cycles!11!1584925556.25!1584925556.224683
BD_Cycles!12!1584925557.27!1584925557.225656
PR_NumPings!3!1584925557.27!1584925557.225739
SendState!SEND_IDLE!1584925557.27!1584925557.225752
BD_Cycles!13!1584925558.26!1584925558.226692
BD_Cycles!14!1584925559.24!1584925559.227132
SendState!SEND_IDLE!1584925559.24!1584925559.227159
BD_Cycles!15!1584925560.25!1584925560.227550
BD_Cycles!16!1584925561.26!1584925561.227672
PR_NumPings!4!1584925561.26!1584925561.227770
SendState!SEND_IDLE!1584925561.26!1584925561.227785
BD_Cycles!17!1584925562.26!1584925562.228006
BD_Cycles!18!1584925563.28!1584925563.229584
SendState!SEND_IDLE!1584925563.28!1584925563.229615
BD_Cycles!19!1584925564.28!1584925564.230618
BD_Cycles!20!1584925565.25!1584925565.231279
PR_NumPings!5!1584925565.25!1584925565.231395
SendState!SEND_IDLE!1584925565.25!1584925565.231413
