BD_Cycles!0!1584978713.57!1584978713.430166
SendState!SEND_IDLE!1584978713.59!1584978713.430202
rateGroup2Comp_RgMaxTime!44!1584978713.59!1584978713.430206
rateGroup3Comp_RgMaxTime!103!1584978713.59!1584978713.430264
PR_NumPings!0!1584978713.59!1584978713.430302
rateGroup1Comp_RgMaxTime!169!1584978713.59!1584978713.430330
BD_Cycles!1!1584978714.47!1584978714.430880
BD_Cycles!2!1584978715.46!1584978715.431916
SendState!SEND_IDLE!1584978715.46!1584978715.431940
rateGroup2Comp_RgMaxTime!45!1584978715.46!1584978715.431944
BD_Cycles!3!1584978716.47!1584978716.432118
BD_Cycles!4!1584978717.45!1584978717.432589
SendState!SEND_IDLE!1584978717.46!1584978717.432765
rateGroup2Comp_RgMaxTime!206!1584978717.46!1584978717.432768
rateGroup3Comp_RgMaxTime!110!1584978717.46!1584978717.432673
PR_NumPings!1!1584978717.46!1584978717.432749
rateGroup1Comp_RgMaxTime!333!1584978717.46!1584978717.432896
BD_Cycles!5!1584978718.46!1584978718.432756
BD_Cycles!6!1584978719.47!1584978719.434093
SendState!SEND_IDLE!1584978719.47!1584978719.434111
BD_Cycles!7!1584978720.47!1584978720.434209
BD_Cycles!8!1584978721.48!1584978721.435606
SendState!SEND_IDLE!1584978721.48!1584978721.435696
PR_NumPings!2!1584978721.48!1584978721.435688
CommandErrors!1!1584978721.48!1584978720.653888
BD_Cycles!9!1584978722.48!1584978722.436127
rateGroup1Comp_RgMaxTime!918!1584978723.49!1584978723.437845
BD_Cycles!11!1584978724.48!1584978724.439326
SendState!SEND_IDLE!1584978724.48!1584978723.438259
rateGroup2Comp_RgMaxTime!1340!1584978724.48!1584978723.438263
BD_Cycles!13!1584978726.46!1584978726.441697
SendState!SEND_IDLE!1584978726.46!1584978725.440379
PR_NumPings!3!1584978726.46!1584978725.440463
BD_Cycles!15!1584978728.54!1584978728.472916
SendState!SEND_IDLE!1584978728.56!1584978727.471848
BD_Cycles!16!1584978730.54!1584978729.474057
SendState!SEND_IDLE!1584978730.54!1584978729.473909
PR_NumPings!4!1584978730.54!1584978729.474025
rateGroup3Comp_RgMaxTime!147!1584978730.54!1584978729.473986
BD_Cycles!17!1584978731.54!1584978730.474634
BD_Cycles!18!1584978732.52!1584978731.475541
SendState!SEND_IDLE!1584978732.52!1584978731.475510
BD_Cycles!19!1584978733.51!1584978732.476524
BD_Cycles!20!1584978734.51!1584978733.477197
SendState!SEND_IDLE!1584978734.52!1584978733.477023
PR_NumPings!5!1584978734.52!1584978733.477161
rateGroup3Comp_RgMaxTime!231!1584978734.53!1584978733.477116
BD_Cycles!21!1584978735.49!1584978734.478951
BD_Cycles!22!1584978736.5!1584978735.479862
SendState!SEND_IDLE!1584978736.5!1584978735.479847
BD_Cycles!23!1584978737.5!1584978736.480521
BD_Cycles!24!1584978738.5!1584978737.481625
SendState!SEND_IDLE!1584978738.5!1584978737.481495
PR_NumPings!6!1584978738.5!1584978737.481600
BD_Cycles!25!1584978739.5!1584978738.481843
BD_Cycles!26!1584978740.51!1584978739.483110
SendState!SEND_IDLE!1584978740.6!1584978739.483092
BD_Cycles!28!1584978741.5!1584978741.485850
SendState!SEND_IDLE!1584978741.5!1584978741.485754
PR_NumPings!7!1584978741.5!1584978741.485835
BD_Cycles!29!1584978742.5!1584978742.485980
BD_Cycles!30!1584978743.52!1584978743.486328
SendState!SEND_IDLE!1584978743.52!1584978743.486318
BD_Cycles!31!1584978744.52!1584978744.487257
BD_Cycles!32!1584978745.53!1584978745.488223
SendState!SEND_IDLE!1584978745.54!1584978745.488123
PR_NumPings!8!1584978745.54!1584978745.488202
BD_Cycles!33!1584978746.54!1584978746.488612
BD_Cycles!34!1584978747.5!1584978747.489446
SendState!SEND_IDLE!1584978747.5!1584978747.489424
BD_Cycles!35!1584978748.5!1584978748.490470
BD_Cycles!36!1584978749.5!1584978749.491726
SendState!SEND_IDLE!1584978749.5!1584978749.491630
PR_NumPings!9!1584978749.5!1584978749.491711
BD_Cycles!37!1584978750.5!1584978750.492491
BD_Cycles!38!1584978751.5!1584978751.492736
SendState!SEND_IDLE!1584978751.52!1584978751.492725
BD_Cycles!39!1584978752.53!1584978752.493623
BD_Cycles!40!1584978753.51!1584978753.494432
SendState!SEND_IDLE!1584978753.52!1584978753.493906
rateGroup3Comp_RgMaxTime!373!1584978753.52!1584978753.494221
PR_NumPings!10!1584978753.53!1584978753.494262
BD_Cycles!41!1584978754.53!1584978754.496068
BD_Cycles!42!1584978755.54!1584978755.496244
SendState!SEND_IDLE!1584978755.54!1584978755.496232
BD_Cycles!43!1584978756.51!1584978756.496670
BD_Cycles!44!1584978757.51!1584978757.497921
SendState!SEND_IDLE!1584978757.52!1584978757.497821
PR_NumPings!11!1584978757.53!1584978757.497906
BD_Cycles!45!1584978758.53!1584978758.498150
BD_Cycles!46!1584978759.53!1584978759.500389
SendState!SEND_IDLE!1584978759.53!1584978759.500375
BD_Cycles!47!1584978760.53!1584978760.500552
BD_Cycles!48!1584978761.53!1584978761.501173
SendState!SEND_IDLE!1584978761.54!1584978761.501070
PR_NumPings!12!1584978761.54!1584978761.501158
BD_Cycles!49!1584978762.53!1584978762.502106
BD_Cycles!50!1584978763.53!1584978763.502557
SendState!SEND_IDLE!1584978763.54!1584978763.502541
BD_Cycles!51!1584978764.54!1584978764.503042
BD_Cycles!52!1584978765.53!1584978765.503996
SendState!SEND_IDLE!1584978765.56!1584978765.503717
PR_NumPings!13!1584978765.56!1584978765.503967
BD_Cycles!53!1584978766.52!1584978766.504157
BD_Cycles!54!1584978767.54!1584978767.520596
SendState!SEND_IDLE!1584978767.56!1584978767.520581
BD_Cycles!55!1584978768.56!1584978768.521809
BD_Cycles!56!1584978769.57!1584978769.522134
SendState!SEND_IDLE!1584978769.57!1584978769.522007
PR_NumPings!14!1584978769.57!1584978769.522114
BD_Cycles!57!1584978770.57!1584978770.522505
BD_Cycles!58!1584978771.54!1584978771.523667
SendState!SEND_IDLE!1584978771.54!1584978771.523653
