Hit Ctrl-C to quit
EVENT: (121) (2:1584979863,40129) DIAGNOSTIC: (CMDDISP) OpCodeRegistered : Opcode 0x0051 registered to port 6 slot 0
EVENT: (121) (2:1584979863,40613) DIAGNOSTIC: (CMDDISP) OpCodeRegistered : Opcode 0x0052 registered to port 6 slot 1
EVENT: (121) (2:1584979863,40635) DIAGNOSTIC: (CMDDISP) OpCodeRegistered : Opcode 0x0053 registered to port 6 slot 2
EVENT: (121) (2:1584979863,40647) DIAGNOSTIC: (CMDDISP) OpCodeRegistered : Opcode 0x0054 registered to port 6 slot 3
EVENT: (121) (2:1584979863,40658) DIAGNOSTIC: (CMDDISP) OpCodeRegistered : Opcode 0x005B registered to port 6 slot 4
EVENT: (121) (2:1584979863,40670) DIAGNOSTIC: (CMDDISP) OpCodeRegistered : Opcode 0x005C registered to port 6 slot 5
EVENT: (121) (2:1584979863,40682) DIAGNOSTIC: (CMDDISP) OpCodeRegistered : Opcode 0x005D registered to port 6 slot 6
EVENT: (121) (2:1584979863,40693) DIAGNOSTIC: (CMDDISP) OpCodeRegistered : Opcode 0x005E registered to port 6 slot 7
EVENT: (121) (2:1584979863,40705) DIAGNOSTIC: (CMDDISP) OpCodeRegistered : Opcode 0x0065 registered to port 10 slot 8
EVENT: (121) (2:1584979863,40716) DIAGNOSTIC: (CMDDISP) OpCodeRegistered : Opcode 0x0066 registered to port 10 slot 9
EVENT: (121) (2:1584979863,40728) DIAGNOSTIC: (CMDDISP) OpCodeRegistered : Opcode 0x0067 registered to port 10 slot 10
EVENT: (121) (2:1584979863,40739) DIAGNOSTIC: (CMDDISP) OpCodeRegistered : Opcode 0x0068 registered to port 10 slot 11
EVENT: (121) (2:1584979863,40751) DIAGNOSTIC: (CMDDISP) OpCodeRegistered : Opcode 0x021D registered to port 13 slot 12
EVENT: (121) (2:1584979863,40763) DIAGNOSTIC: (CMDDISP) OpCodeRegistered : Opcode 0x021E registered to port 13 slot 13
EVENT: (121) (2:1584979863,40774) DIAGNOSTIC: (CMDDISP) OpCodeRegistered : Opcode 0x021F registered to port 13 slot 14
EVENT: (121) (2:1584979863,40785) DIAGNOSTIC: (CMDDISP) OpCodeRegistered : Opcode 0x0220 registered to port 13 slot 15
EVENT: (121) (2:1584979863,40796) DIAGNOSTIC: (CMDDISP) OpCodeRegistered : Opcode 0x0221 registered to port 13 slot 16
EVENT: (121) (2:1584979863,40807) DIAGNOSTIC: (CMDDISP) OpCodeRegistered : Opcode 0x0222 registered to port 13 slot 17
EVENT: (121) (2:1584979863,40818) DIAGNOSTIC: (CMDDISP) OpCodeRegistered : Opcode 0x0223 registered to port 13 slot 18
EVENT: (121) (2:1584979863,40830) DIAGNOSTIC: (CMDDISP) OpCodeRegistered : Opcode 0x0079 registered to port 7 slot 19
EVENT: (121) (2:1584979863,40841) DIAGNOSTIC: (CMDDISP) OpCodeRegistered : Opcode 0x007A registered to port 7 slot 20
EVENT: (121) (2:1584979863,40852) DIAGNOSTIC: (CMDDISP) OpCodeRegistered : Opcode 0x007B registered to port 7 slot 21
EVENT: (121) (2:1584979863,40864) DIAGNOSTIC: (CMDDISP) OpCodeRegistered : Opcode 0x007C registered to port 7 slot 22
EVENT: (121) (2:1584979863,40876) DIAGNOSTIC: (CMDDISP) OpCodeRegistered : Opcode 0x01A5 registered to port 0 slot 23
EVENT: (121) (2:1584979863,40887) DIAGNOSTIC: (CMDDISP) OpCodeRegistered : Opcode 0x01A6 registered to port 0 slot 24
EVENT: (121) (2:1584979863,41653) DIAGNOSTIC: (CMDDISP) OpCodeRegistered : Opcode 0x01A7 registered to port 0 slot 25
EVENT: (121) (2:1584979863,41682) DIAGNOSTIC: (CMDDISP) OpCodeRegistered : Opcode 0x01A8 registered to port 0 slot 26
EVENT: (121) (2:1584979863,41695) DIAGNOSTIC: (CMDDISP) OpCodeRegistered : Opcode 0x01A9 registered to port 0 slot 27
EVENT: (121) (2:1584979863,41708) DIAGNOSTIC: (CMDDISP) OpCodeRegistered : Opcode 0x008D registered to port 12 slot 28
EVENT: (121) (2:1584979863,41721) DIAGNOSTIC: (CMDDISP) OpCodeRegistered : Opcode 0x01F5 registered to port 5 slot 29
EVENT: (121) (2:1584979863,41733) DIAGNOSTIC: (CMDDISP) OpCodeRegistered : Opcode 0x01F6 registered to port 5 slot 30
EVENT: (121) (2:1584979863,41745) DIAGNOSTIC: (CMDDISP) OpCodeRegistered : Opcode 0x00B5 registered to port 2 slot 31
EVENT: (121) (2:1584979863,41757) DIAGNOSTIC: (CMDDISP) OpCodeRegistered : Opcode 0x00B6 registered to port 2 slot 32
EVENT: (121) (2:1584979863,41769) DIAGNOSTIC: (CMDDISP) OpCodeRegistered : Opcode 0x00B7 registered to port 2 slot 33
EVENT: (121) (2:1584979863,41781) DIAGNOSTIC: (CMDDISP) OpCodeRegistered : Opcode 0x00DD registered to port 1 slot 34
EVENT: (121) (2:1584979863,41921) DIAGNOSTIC: (CMDDISP) OpCodeRegistered : Opcode 0x00DE registered to port 1 slot 35
EVENT: (121) (2:1584979863,41936) DIAGNOSTIC: (CMDDISP) OpCodeRegistered : Opcode 0x00DF registered to port 1 slot 36
EVENT: (121) (2:1584979863,41947) DIAGNOSTIC: (CMDDISP) OpCodeRegistered : Opcode 0x00C9 registered to port 8 slot 37
EVENT: (121) (2:1584979863,41958) DIAGNOSTIC: (CMDDISP) OpCodeRegistered : Opcode 0x00CA registered to port 8 slot 38
EVENT: (121) (2:1584979863,41969) DIAGNOSTIC: (CMDDISP) OpCodeRegistered : Opcode 0x00CB registered to port 8 slot 39
EVENT: (121) (2:1584979863,41980) DIAGNOSTIC: (CMDDISP) OpCodeRegistered : Opcode 0x0141 registered to port 3 slot 40
EVENT: (121) (2:1584979863,41993) DIAGNOSTIC: (CMDDISP) OpCodeRegistered : Opcode 0x0142 registered to port 3 slot 41
EVENT: (121) (2:1584979863,42004) DIAGNOSTIC: (CMDDISP) OpCodeRegistered : Opcode 0x0143 registered to port 3 slot 42
EVENT: (121) (2:1584979863,42015) DIAGNOSTIC: (CMDDISP) OpCodeRegistered : Opcode 0x0119 registered to port 11 slot 43
EVENT: (121) (2:1584979863,42025) DIAGNOSTIC: (CMDDISP) OpCodeRegistered : Opcode 0x011A registered to port 11 slot 44
EVENT: (121) (2:1584979863,42039) DIAGNOSTIC: (CMDDISP) OpCodeRegistered : Opcode 0x011B registered to port 11 slot 45
EVENT: (121) (2:1584979863,42051) DIAGNOSTIC: (CMDDISP) OpCodeRegistered : Opcode 0x0169 registered to port 9 slot 46
EVENT: (121) (2:1584979863,42062) DIAGNOSTIC: (CMDDISP) OpCodeRegistered : Opcode 0x016A registered to port 9 slot 47
EVENT: (121) (2:1584979863,42210) DIAGNOSTIC: (CMDDISP) OpCodeRegistered : Opcode 0x016B registered to port 9 slot 48
EVENT: (121) (2:1584979863,42228) DIAGNOSTIC: (CMDDISP) OpCodeRegistered : Opcode 0x0029 registered to port 4 slot 49
EVENT: (121) (2:1584979863,42241) DIAGNOSTIC: (CMDDISP) OpCodeRegistered : Opcode 0x07D0 registered to port 20 slot 50
EVENT: (121) (2:1584979863,42252) DIAGNOSTIC: (CMDDISP) OpCodeRegistered : Opcode 0x07DA registered to port 20 slot 51
EVENT: (121) (2:1584979863,42263) DIAGNOSTIC: (CMDDISP) OpCodeRegistered : Opcode 0x07DB registered to port 20 slot 52
EVENT: (121) (2:1584979863,42276) DIAGNOSTIC: (CMDDISP) OpCodeRegistered : Opcode 0x0834 registered to port 22 slot 53
EVENT: (148) (2:1584979863,42336) ACTIVITY_HI: (PRM) PrmFileLoadComplete : Parameter file load completed. Read 4 records.
EVENT: (381) (2:1584979863,43196) WARNING_LO: (SGIF) NoConnectionToServer : Unable to connect to the socket server on port 50000
EVENT: (382) (2:1584979863,45289) ACTIVITY_HI: (SGIF) ConnectedToServer : Connection made to the socket server on port 50000
EVENT: (241) (2:1584979863,46078) DIAGNOSTIC: (RG3) RateGroupStarted : Rate group started.
EVENT: (161) (2:1584979863,46107) DIAGNOSTIC: (RG2) RateGroupStarted : Rate group started.
EVENT: (21) (2:1584979863,48041) DIAGNOSTIC: (RG1) RateGroupStarted : Rate group started.
EVENT: (126) (2:1584979872,201751) WARNING_HI: (CMDDISP) InvalidCommand : Invalid opcode 0x07D0 received.
EVENT: (126) (2:1584979887,473669) WARNING_HI: (CMDDISP) InvalidCommand : Invalid opcode 0x07DA received.
