BD_Cycles!0!1584924049.4!1584924049.295549
rateGroup3Comp_RgMaxTime!290!1584924049.4!1584924049.295836
PR_NumPings!0!1584924049.4!1584924049.295869
SendState!SEND_IDLE!1584924049.4!1584924049.295891
rateGroup2Comp_RgMaxTime!347!1584924049.4!1584924049.295893
rateGroup1Comp_RgMaxTime!366!1584924049.4!1584924049.295912
BD_Cycles!1!1584924050.32!1584924050.296085
BD_Cycles!2!1584924051.32!1584924051.296884
SendState!SEND_IDLE!1584924051.32!1584924051.296905
BD_Cycles!3!1584924052.32!1584924052.299330
BD_Cycles!4!1584924053.32!1584924053.299439
PR_NumPings!1!1584924053.32!1584924053.299530
SendState!SEND_IDLE!1584924053.32!1584924053.299539
BD_Cycles!5!1584924054.32!1584924054.300999
BD_Cycles!6!1584924055.32!1584924055.302382
SendState!SEND_IDLE!1584924055.32!1584924055.302401
CommandErrors!1!1584924055.33!1584924054.613667
BD_Cycles!7!1584924056.32!1584924056.303376
BD_Cycles!8!1584924057.32!1584924057.304410
PR_NumPings!2!1584924057.32!1584924057.304500
SendState!SEND_IDLE!1584924057.33!1584924057.304510
BD_Cycles!9!1584924058.33!1584924058.304555
BD_Cycles!10!1584924059.33!1584924059.304899
SendState!SEND_IDLE!1584924059.43!1584924059.304923
BD_Cycles!11!1584924060.32!1584924060.305300
BD_Cycles!12!1584924061.32!1584924061.305978
PR_NumPings!3!1584924061.32!1584924061.306076
SendState!SEND_IDLE!1584924061.32!1584924061.306086
BD_Cycles!13!1584924062.33!1584924062.306172
BD_Cycles!14!1584924063.32!1584924063.306343
SendState!SEND_IDLE!1584924063.32!1584924063.306367
BD_Cycles!15!1584924064.32!1584924064.310246
CommandsDispatched!1!1584924064.32!1584924063.978185
CommandErrors!2!1584924064.32!1584924063.978191
BD_Cycles!16!1584924065.33!1584924065.310642
PR_NumPings!4!1584924065.33!1584924065.310736
SendState!SEND_IDLE!1584924065.33!1584924065.310752
BD_Cycles!17!1584924066.32!1584924066.310943
BD_Cycles!18!1584924067.34!1584924067.315111
SendState!SEND_IDLE!1584924067.34!1584924067.315129
BD_Cycles!19!1584924068.34!1584924068.315614
BD_Cycles!20!1584924069.34!1584924069.316397
PR_NumPings!5!1584924069.34!1584924069.316511
SendState!SEND_IDLE!1584924069.34!1584924069.316416
BD_Cycles!21!1584924070.34!1584924070.318364
BD_Cycles!22!1584924071.35!1584924071.319386
SendState!SEND_IDLE!1584924071.38!1584924071.319419
BD_Cycles!23!1584924072.34!1584924072.319956
BD_Cycles!24!1584924073.34!1584924073.320312
PR_NumPings!6!1584924073.34!1584924073.320456
SendState!SEND_IDLE!1584924073.34!1584924073.320340
BD_Cycles!25!1584924074.34!1584924074.320444
BD_Cycles!26!1584924075.35!1584924075.321748
SendState!SEND_IDLE!1584924075.36!1584924075.321848
BD_Cycles!27!1584924076.36!1584924076.325107
BD_Cycles!28!1584924077.37!1584924077.328022
rateGroup3Comp_RgMaxTime!517!1584924077.37!1584924077.327919
PR_NumPings!7!1584924077.37!1584924077.327978
SendState!SEND_IDLE!1584924077.37!1584924077.327546
BD_Cycles!29!1584924078.38!1584924078.328347
