BD_Cycles!0!1584924216.68!1584924216.616745
rateGroup3Comp_RgMaxTime!110!1584924216.71!1584924216.616842
PR_NumPings!0!1584924216.71!1584924216.616885
SendState!SEND_IDLE!1584924216.72!1584924216.616999
rateGroup2Comp_RgMaxTime!269!1584924216.72!1584924216.617001
rateGroup1Comp_RgMaxTime!399!1584924216.75!1584924216.617131
BD_Cycles!1!1584924217.69!1584924217.618077
BD_Cycles!2!1584924218.64!1584924218.618653
SendState!SEND_IDLE!1584924218.64!1584924218.618672
BD_Cycles!3!1584924219.64!1584924219.619037
BD_Cycles!4!1584924220.64!1584924220.619120
PR_NumPings!1!1584924220.64!1584924220.619239
SendState!SEND_IDLE!1584924220.64!1584924220.619261
CommandErrors!1!1584924220.64!1584924220.193873
BD_Cycles!5!1584924221.65!1584924221.620503
BD_Cycles!6!1584924222.65!1584924222.620707
SendState!SEND_IDLE!1584924222.65!1584924222.620729
BD_Cycles!7!1584924223.64!1584924223.621232
BD_Cycles!8!1584924224.64!1584924224.621795
PR_NumPings!2!1584924224.64!1584924224.621876
SendState!SEND_IDLE!1584924224.64!1584924224.621889
BD_Cycles!9!1584924225.64!1584924225.623229
BD_Cycles!10!1584924226.64!1584924226.630052
SendState!SEND_IDLE!1584924226.64!1584924226.630071
BD_Cycles!11!1584924227.65!1584924227.631413
BD_Cycles!12!1584924228.65!1584924228.631869
PR_NumPings!3!1584924228.65!1584924228.631958
SendState!SEND_IDLE!1584924228.65!1584924228.631886
BD_Cycles!13!1584924229.65!1584924229.632025
BD_Cycles!14!1584924230.66!1584924230.633561
SendState!SEND_IDLE!1584924230.66!1584924230.633579
BD_Cycles!15!1584924231.66!1584924231.633757
BD_Cycles!17!1584924233.64!1584924233.635286
SendState!SEND_IDLE!1584924233.64!1584924232.634815
PR_NumPings!4!1584924233.66!1584924232.634896
CommandsDispatched!1!1584924233.66!1584924233.183602
CommandErrors!2!1584924233.66!1584924233.183606
BD_Cycles!19!1584924235.66!1584924235.637996
SendState!SEND_IDLE!1584924235.66!1584924234.637453
BD_Cycles!21!1584924237.67!1584924237.642334
SendState!SEND_IDLE!1584924237.67!1584924236.641784
PR_NumPings!5!1584924237.67!1584924236.641870
rateGroup3Comp_RgMaxTime!118!1584924237.67!1584924236.641847
BD_Cycles!23!1584924239.68!1584924239.642911
SendState!SEND_IDLE!1584924239.68!1584924238.642566
